[ 2016-06-23T11:31:38+08:00 ] 183.14.63.81 /qzApi.php/Currency/activityList
INFO: [ app_init ] --START--
INFO: Run Behavior\BuildLiteBehavior [ RunTime:0.000012s ]
INFO: [ app_init ] --END-- [ RunTime:0.000267s ]
INFO: [ app_begin ] --START--
INFO: Run Behavior\ReadHtmlCacheBehavior [ RunTime:0.000371s ]
INFO: [ app_begin ] --END-- [ RunTime:0.000432s ]
SQL: SHOW COLUMNS FROM `qz_activity` [ RunTime:0.0006s ]
SQL: SELECT `aty_id`,`aty_uid`,`aty_content`,`aty_create_time` FROM `qz_activity` ORDER BY aty_create_time desc LIMIT 0,7   [ RunTime:0.0001s ]
SQL: SHOW COLUMNS FROM `qz_user` [ RunTime:0.0004s ]
SQL: SELECT `user_id`,`user_level`,`user_auth`,`user_name`,`user_sex`,concat("http://qiuxx.com/Uploads/",user_head_img) as head_img FROM `qz_user` WHERE ( 1=1 AND user_id='3' ) LIMIT 1   [ RunTime:0.0002s ]
SQL: SHOW COLUMNS FROM `qz_aty_expand` [ RunTime:0.0004s ]
SQL: SELECT `expand_aty_img`,`expand_aty_thumb_img` FROM `qz_aty_expand` WHERE ( expand_status=1 AND expand_aty_id='6' )  [ RunTime:0.0001s ]
SQL: SELECT `user_id`,`user_level`,`user_auth`,`user_name`,`user_sex`,concat("http://qiuxx.com/Uploads/",user_head_img) as head_img FROM `qz_user` WHERE ( 1=1 AND user_id='3' ) LIMIT 1   [ RunTime:0.0001s ]
SQL: SELECT `expand_aty_img`,`expand_aty_thumb_img` FROM `qz_aty_expand` WHERE ( expand_status=1 AND expand_aty_id='5' )  [ RunTime:0.0001s ]
SQL: SELECT `user_id`,`user_level`,`user_auth`,`user_name`,`user_sex`,concat("http://qiuxx.com/Uploads/",user_head_img) as head_img FROM `qz_user` WHERE ( 1=1 AND user_id='3' ) LIMIT 1   [ RunTime:0.0001s ]
SQL: SELECT `expand_aty_img`,`expand_aty_thumb_img` FROM `qz_aty_expand` WHERE ( expand_status=1 AND expand_aty_id='4' )  [ RunTime:0.0001s ]
SQL: SELECT `user_id`,`user_level`,`user_auth`,`user_name`,`user_sex`,concat("http://qiuxx.com/Uploads/",user_head_img) as head_img FROM `qz_user` WHERE ( 1=1 AND user_id='3' ) LIMIT 1   [ RunTime:0.0001s ]
SQL: SELECT `expand_aty_img`,`expand_aty_thumb_img` FROM `qz_aty_expand` WHERE ( expand_status=1 AND expand_aty_id='3' )  [ RunTime:0.0001s ]
SQL: SELECT `user_id`,`user_level`,`user_auth`,`user_name`,`user_sex`,concat("http://qiuxx.com/Uploads/",user_head_img) as head_img FROM `qz_user` WHERE ( 1=1 AND user_id='3' ) LIMIT 1   [ RunTime:0.0001s ]
SQL: SELECT `expand_aty_img`,`expand_aty_thumb_img` FROM `qz_aty_expand` WHERE ( expand_status=1 AND expand_aty_id='2' )  [ RunTime:0.0001s ]
SQL: SELECT `user_id`,`user_level`,`user_auth`,`user_name`,`user_sex`,concat("http://qiuxx.com/Uploads/",user_head_img) as head_img FROM `qz_user` WHERE ( 1=1 AND user_id='0' ) LIMIT 1   [ RunTime:0.0002s ]
SQL: SELECT `expand_aty_img`,`expand_aty_thumb_img` FROM `qz_aty_expand` WHERE ( expand_status=1 AND expand_aty_id='1' )  [ RunTime:0.0001s ]
SQL: SELECT COUNT(*) AS tp_count FROM `qz_activity` LIMIT 1   [ RunTime:0.0001s ]

[ 2016-06-23T11:39:42+08:00 ] 183.14.63.81 /qzApi.php/Currency/activityList
INFO: [ app_init ] --START--
INFO: Run Behavior\BuildLiteBehavior [ RunTime:0.000013s ]
INFO: [ app_init ] --END-- [ RunTime:0.000271s ]
INFO: [ app_begin ] --START--
INFO: Run Behavior\ReadHtmlCacheBehavior [ RunTime:0.000340s ]
INFO: [ app_begin ] --END-- [ RunTime:0.000388s ]
SQL: SHOW COLUMNS FROM `qz_activity` [ RunTime:0.0005s ]
SQL: SELECT `aty_id`,`aty_uid`,`aty_content`,`aty_create_time` FROM `qz_activity` ORDER BY aty_create_time desc LIMIT 0,7   [ RunTime:0.0001s ]
SQL: SHOW COLUMNS FROM `qz_user` [ RunTime:0.0004s ]
SQL: SELECT `user_id`,`user_level`,`user_auth`,`user_name`,`user_sex`,concat("http://qiuxx.com/Uploads/",user_head_img) as head_img FROM `qz_user` WHERE ( 1=1 AND user_id='3' ) LIMIT 1   [ RunTime:0.0001s ]
SQL: SHOW COLUMNS FROM `qz_aty_expand` [ RunTime:0.0003s ]
SQL: SELECT `expand_aty_img`,`expand_aty_thumb_img` FROM `qz_aty_expand` WHERE ( expand_status=1 AND expand_aty_id='6' )  [ RunTime:0.0001s ]
SQL: SELECT `user_id`,`user_level`,`user_auth`,`user_name`,`user_sex`,concat("http://qiuxx.com/Uploads/",user_head_img) as head_img FROM `qz_user` WHERE ( 1=1 AND user_id='3' ) LIMIT 1   [ RunTime:0.0001s ]
SQL: SELECT `expand_aty_img`,`expand_aty_thumb_img` FROM `qz_aty_expand` WHERE ( expand_status=1 AND expand_aty_id='5' )  [ RunTime:0.0001s ]
SQL: SELECT `user_id`,`user_level`,`user_auth`,`user_name`,`user_sex`,concat("http://qiuxx.com/Uploads/",user_head_img) as head_img FROM `qz_user` WHERE ( 1=1 AND user_id='3' ) LIMIT 1   [ RunTime:0.0001s ]
SQL: SELECT `expand_aty_img`,`expand_aty_thumb_img` FROM `qz_aty_expand` WHERE ( expand_status=1 AND expand_aty_id='4' )  [ RunTime:0.0001s ]
SQL: SELECT `user_id`,`user_level`,`user_auth`,`user_name`,`user_sex`,concat("http://qiuxx.com/Uploads/",user_head_img) as head_img FROM `qz_user` WHERE ( 1=1 AND user_id='3' ) LIMIT 1   [ RunTime:0.0001s ]
SQL: SELECT `expand_aty_img`,`expand_aty_thumb_img` FROM `qz_aty_expand` WHERE ( expand_status=1 AND expand_aty_id='3' )  [ RunTime:0.0001s ]
SQL: SELECT `user_id`,`user_level`,`user_auth`,`user_name`,`user_sex`,concat("http://qiuxx.com/Uploads/",user_head_img) as head_img FROM `qz_user` WHERE ( 1=1 AND user_id='3' ) LIMIT 1   [ RunTime:0.0001s ]
SQL: SELECT `expand_aty_img`,`expand_aty_thumb_img` FROM `qz_aty_expand` WHERE ( expand_status=1 AND expand_aty_id='2' )  [ RunTime:0.0001s ]
SQL: SELECT `user_id`,`user_level`,`user_auth`,`user_name`,`user_sex`,concat("http://qiuxx.com/Uploads/",user_head_img) as head_img FROM `qz_user` WHERE ( 1=1 AND user_id='0' ) LIMIT 1   [ RunTime:0.0001s ]
SQL: SELECT `expand_aty_img`,`expand_aty_thumb_img` FROM `qz_aty_expand` WHERE ( expand_status=1 AND expand_aty_id='1' )  [ RunTime:0.0001s ]
SQL: SELECT COUNT(*) AS tp_count FROM `qz_activity` LIMIT 1   [ RunTime:0.0001s ]

[ 2016-06-23T11:55:10+08:00 ] 183.14.63.81 /qzApi.php/Currency/activityList
INFO: [ app_init ] --START--
INFO: Run Behavior\BuildLiteBehavior [ RunTime:0.000012s ]
INFO: [ app_init ] --END-- [ RunTime:0.000266s ]
INFO: [ app_begin ] --START--
INFO: Run Behavior\ReadHtmlCacheBehavior [ RunTime:0.000411s ]
INFO: [ app_begin ] --END-- [ RunTime:0.000451s ]
SQL: SHOW COLUMNS FROM `qz_activity` [ RunTime:0.0005s ]
SQL: SELECT `aty_id`,`aty_uid`,`aty_content`,`aty_create_time` FROM `qz_activity` ORDER BY aty_create_time desc LIMIT 0,7   [ RunTime:0.0001s ]
SQL: SHOW COLUMNS FROM `qz_user` [ RunTime:0.0004s ]
SQL: SELECT `user_id`,`user_level`,`user_auth`,`user_name`,`user_sex`,concat("http://qiuxx.com/Uploads/",user_head_img) as head_img FROM `qz_user` WHERE ( 1=1 AND user_id='3' ) LIMIT 1   [ RunTime:0.0001s ]
SQL: SHOW COLUMNS FROM `qz_aty_expand` [ RunTime:0.0004s ]
SQL: SELECT `expand_aty_img`,`expand_aty_thumb_img` FROM `qz_aty_expand` WHERE ( expand_status=1 AND expand_aty_id='6' )  [ RunTime:0.0001s ]
SQL: SELECT `user_id`,`user_level`,`user_auth`,`user_name`,`user_sex`,concat("http://qiuxx.com/Uploads/",user_head_img) as head_img FROM `qz_user` WHERE ( 1=1 AND user_id='3' ) LIMIT 1   [ RunTime:0.0001s ]
SQL: SELECT `expand_aty_img`,`expand_aty_thumb_img` FROM `qz_aty_expand` WHERE ( expand_status=1 AND expand_aty_id='5' )  [ RunTime:0.0001s ]
SQL: SELECT `user_id`,`user_level`,`user_auth`,`user_name`,`user_sex`,concat("http://qiuxx.com/Uploads/",user_head_img) as head_img FROM `qz_user` WHERE ( 1=1 AND user_id='3' ) LIMIT 1   [ RunTime:0.0001s ]
SQL: SELECT `expand_aty_img`,`expand_aty_thumb_img` FROM `qz_aty_expand` WHERE ( expand_status=1 AND expand_aty_id='4' )  [ RunTime:0.0001s ]
SQL: SELECT `user_id`,`user_level`,`user_auth`,`user_name`,`user_sex`,concat("http://qiuxx.com/Uploads/",user_head_img) as head_img FROM `qz_user` WHERE ( 1=1 AND user_id='3' ) LIMIT 1   [ RunTime:0.0001s ]
SQL: SELECT `expand_aty_img`,`expand_aty_thumb_img` FROM `qz_aty_expand` WHERE ( expand_status=1 AND expand_aty_id='3' )  [ RunTime:0.0001s ]
SQL: SELECT `user_id`,`user_level`,`user_auth`,`user_name`,`user_sex`,concat("http://qiuxx.com/Uploads/",user_head_img) as head_img FROM `qz_user` WHERE ( 1=1 AND user_id='3' ) LIMIT 1   [ RunTime:0.0001s ]
SQL: SELECT `expand_aty_img`,`expand_aty_thumb_img` FROM `qz_aty_expand` WHERE ( expand_status=1 AND expand_aty_id='2' )  [ RunTime:0.0001s ]
SQL: SELECT `user_id`,`user_level`,`user_auth`,`user_name`,`user_sex`,concat("http://qiuxx.com/Uploads/",user_head_img) as head_img FROM `qz_user` WHERE ( 1=1 AND user_id='0' ) LIMIT 1   [ RunTime:0.0001s ]
SQL: SELECT `expand_aty_img`,`expand_aty_thumb_img` FROM `qz_aty_expand` WHERE ( expand_status=1 AND expand_aty_id='1' )  [ RunTime:0.0001s ]
SQL: SELECT COUNT(*) AS tp_count FROM `qz_activity` LIMIT 1   [ RunTime:0.0001s ]

[ 2016-06-23T12:58:22+08:00 ] 27.38.5.161 /qzApi.php/UserInfo/reg
INFO: [ app_init ] --START--
INFO: Run Behavior\BuildLiteBehavior [ RunTime:0.000012s ]
INFO: [ app_init ] --END-- [ RunTime:0.000293s ]
INFO: [ app_begin ] --START--
INFO: Run Behavior\ReadHtmlCacheBehavior [ RunTime:0.000440s ]
INFO: [ app_begin ] --END-- [ RunTime:0.000481s ]
SQL: SHOW COLUMNS FROM `qz_user` [ RunTime:0.0007s ]

[ 2016-06-23T12:58:57+08:00 ] 27.38.5.161 /qzApi.php/Currency/activityList
INFO: [ app_init ] --START--
INFO: Run Behavior\BuildLiteBehavior [ RunTime:0.000013s ]
INFO: [ app_init ] --END-- [ RunTime:0.000274s ]
INFO: [ app_begin ] --START--
INFO: Run Behavior\ReadHtmlCacheBehavior [ RunTime:0.000330s ]
INFO: [ app_begin ] --END-- [ RunTime:0.000377s ]
SQL: SHOW COLUMNS FROM `qz_activity` [ RunTime:0.0005s ]
SQL: SELECT `aty_id`,`aty_uid`,`aty_content`,`aty_create_time` FROM `qz_activity` ORDER BY aty_create_time desc LIMIT 0,7   [ RunTime:0.0001s ]
SQL: SHOW COLUMNS FROM `qz_user` [ RunTime:0.0004s ]
SQL: SELECT `user_id`,`user_level`,`user_auth`,`user_name`,`user_sex`,concat("http://qiuxx.com/Uploads/",user_head_img) as head_img FROM `qz_user` WHERE ( 1=1 AND user_id='3' ) LIMIT 1   [ RunTime:0.0001s ]
SQL: SHOW COLUMNS FROM `qz_aty_expand` [ RunTime:0.0003s ]
SQL: SELECT `expand_aty_img`,`expand_aty_thumb_img` FROM `qz_aty_expand` WHERE ( expand_status=1 AND expand_aty_id='6' )  [ RunTime:0.0001s ]
SQL: SELECT `user_id`,`user_level`,`user_auth`,`user_name`,`user_sex`,concat("http://qiuxx.com/Uploads/",user_head_img) as head_img FROM `qz_user` WHERE ( 1=1 AND user_id='3' ) LIMIT 1   [ RunTime:0.0001s ]
SQL: SELECT `expand_aty_img`,`expand_aty_thumb_img` FROM `qz_aty_expand` WHERE ( expand_status=1 AND expand_aty_id='5' )  [ RunTime:0.0001s ]
SQL: SELECT `user_id`,`user_level`,`user_auth`,`user_name`,`user_sex`,concat("http://qiuxx.com/Uploads/",user_head_img) as head_img FROM `qz_user` WHERE ( 1=1 AND user_id='3' ) LIMIT 1   [ RunTime:0.0001s ]
SQL: SELECT `expand_aty_img`,`expand_aty_thumb_img` FROM `qz_aty_expand` WHERE ( expand_status=1 AND expand_aty_id='4' )  [ RunTime:0.0001s ]
SQL: SELECT `user_id`,`user_level`,`user_auth`,`user_name`,`user_sex`,concat("http://qiuxx.com/Uploads/",user_head_img) as head_img FROM `qz_user` WHERE ( 1=1 AND user_id='3' ) LIMIT 1   [ RunTime:0.0001s ]
SQL: SELECT `expand_aty_img`,`expand_aty_thumb_img` FROM `qz_aty_expand` WHERE ( expand_status=1 AND expand_aty_id='3' )  [ RunTime:0.0001s ]
SQL: SELECT `user_id`,`user_level`,`user_auth`,`user_name`,`user_sex`,concat("http://qiuxx.com/Uploads/",user_head_img) as head_img FROM `qz_user` WHERE ( 1=1 AND user_id='3' ) LIMIT 1   [ RunTime:0.0001s ]
SQL: SELECT `expand_aty_img`,`expand_aty_thumb_img` FROM `qz_aty_expand` WHERE ( expand_status=1 AND expand_aty_id='2' )  [ RunTime:0.0001s ]
SQL: SELECT `user_id`,`user_level`,`user_auth`,`user_name`,`user_sex`,concat("http://qiuxx.com/Uploads/",user_head_img) as head_img FROM `qz_user` WHERE ( 1=1 AND user_id='0' ) LIMIT 1   [ RunTime:0.0001s ]
SQL: SELECT `expand_aty_img`,`expand_aty_thumb_img` FROM `qz_aty_expand` WHERE ( expand_status=1 AND expand_aty_id='1' )  [ RunTime:0.0001s ]
SQL: SELECT COUNT(*) AS tp_count FROM `qz_activity` LIMIT 1   [ RunTime:0.0001s ]

[ 2016-06-23T12:59:03+08:00 ] 27.38.5.161 /qzApi.php/Currency/activityList%EF%BC%9Fp=1
INFO: [ app_init ] --START--
INFO: Run Behavior\BuildLiteBehavior [ RunTime:0.000012s ]
INFO: [ app_init ] --END-- [ RunTime:0.000277s ]
INFO: [ app_begin ] --START--
INFO: Run Behavior\ReadHtmlCacheBehavior [ RunTime:0.000374s ]
INFO: [ app_begin ] --END-- [ RunTime:0.000419s ]
ERR: 非法操作:activityList？p=1

[ 2016-06-23T12:59:11+08:00 ] 27.38.5.161 /qzApi.php/Currency/activityList?p=1
INFO: [ app_init ] --START--
INFO: Run Behavior\BuildLiteBehavior [ RunTime:0.000013s ]
INFO: [ app_init ] --END-- [ RunTime:0.000273s ]
INFO: [ app_begin ] --START--
INFO: Run Behavior\ReadHtmlCacheBehavior [ RunTime:0.000345s ]
INFO: [ app_begin ] --END-- [ RunTime:0.000385s ]
SQL: SHOW COLUMNS FROM `qz_activity` [ RunTime:0.0006s ]
SQL: SELECT `aty_id`,`aty_uid`,`aty_content`,`aty_create_time` FROM `qz_activity` ORDER BY aty_create_time desc LIMIT 0,7   [ RunTime:0.0001s ]
SQL: SHOW COLUMNS FROM `qz_user` [ RunTime:0.0004s ]
SQL: SELECT `user_id`,`user_level`,`user_auth`,`user_name`,`user_sex`,concat("http://qiuxx.com/Uploads/",user_head_img) as head_img FROM `qz_user` WHERE ( 1=1 AND user_id='3' ) LIMIT 1   [ RunTime:0.0001s ]
SQL: SHOW COLUMNS FROM `qz_aty_expand` [ RunTime:0.0003s ]
SQL: SELECT `expand_aty_img`,`expand_aty_thumb_img` FROM `qz_aty_expand` WHERE ( expand_status=1 AND expand_aty_id='6' )  [ RunTime:0.0001s ]
SQL: SELECT `user_id`,`user_level`,`user_auth`,`user_name`,`user_sex`,concat("http://qiuxx.com/Uploads/",user_head_img) as head_img FROM `qz_user` WHERE ( 1=1 AND user_id='3' ) LIMIT 1   [ RunTime:0.0001s ]
SQL: SELECT `expand_aty_img`,`expand_aty_thumb_img` FROM `qz_aty_expand` WHERE ( expand_status=1 AND expand_aty_id='5' )  [ RunTime:0.0001s ]
SQL: SELECT `user_id`,`user_level`,`user_auth`,`user_name`,`user_sex`,concat("http://qiuxx.com/Uploads/",user_head_img) as head_img FROM `qz_user` WHERE ( 1=1 AND user_id='3' ) LIMIT 1   [ RunTime:0.0001s ]
SQL: SELECT `expand_aty_img`,`expand_aty_thumb_img` FROM `qz_aty_expand` WHERE ( expand_status=1 AND expand_aty_id='4' )  [ RunTime:0.0001s ]
SQL: SELECT `user_id`,`user_level`,`user_auth`,`user_name`,`user_sex`,concat("http://qiuxx.com/Uploads/",user_head_img) as head_img FROM `qz_user` WHERE ( 1=1 AND user_id='3' ) LIMIT 1   [ RunTime:0.0001s ]
SQL: SELECT `expand_aty_img`,`expand_aty_thumb_img` FROM `qz_aty_expand` WHERE ( expand_status=1 AND expand_aty_id='3' )  [ RunTime:0.0001s ]
SQL: SELECT `user_id`,`user_level`,`user_auth`,`user_name`,`user_sex`,concat("http://qiuxx.com/Uploads/",user_head_img) as head_img FROM `qz_user` WHERE ( 1=1 AND user_id='3' ) LIMIT 1   [ RunTime:0.0001s ]
SQL: SELECT `expand_aty_img`,`expand_aty_thumb_img` FROM `qz_aty_expand` WHERE ( expand_status=1 AND expand_aty_id='2' )  [ RunTime:0.0001s ]
SQL: SELECT `user_id`,`user_level`,`user_auth`,`user_name`,`user_sex`,concat("http://qiuxx.com/Uploads/",user_head_img) as head_img FROM `qz_user` WHERE ( 1=1 AND user_id='0' ) LIMIT 1   [ RunTime:0.0001s ]
SQL: SELECT `expand_aty_img`,`expand_aty_thumb_img` FROM `qz_aty_expand` WHERE ( expand_status=1 AND expand_aty_id='1' )  [ RunTime:0.0001s ]
SQL: SELECT COUNT(*) AS tp_count FROM `qz_activity` LIMIT 1   [ RunTime:0.0001s ]

[ 2016-06-23T13:01:53+08:00 ] 27.38.5.161 /qzApi.php/Currency/activityList%EF%BC%9Fp=1
INFO: [ app_init ] --START--
INFO: Run Behavior\BuildLiteBehavior [ RunTime:0.000014s ]
INFO: [ app_init ] --END-- [ RunTime:0.000279s ]
INFO: [ app_begin ] --START--
INFO: Run Behavior\ReadHtmlCacheBehavior [ RunTime:0.000345s ]
INFO: [ app_begin ] --END-- [ RunTime:0.000385s ]
ERR: 非法操作:activityList？p=1

[ 2016-06-23T13:01:57+08:00 ] 27.38.5.161 /qzApi.php/Currency/activityList?p=1
INFO: [ app_init ] --START--
INFO: Run Behavior\BuildLiteBehavior [ RunTime:0.000012s ]
INFO: [ app_init ] --END-- [ RunTime:0.000274s ]
INFO: [ app_begin ] --START--
INFO: Run Behavior\ReadHtmlCacheBehavior [ RunTime:0.000330s ]
INFO: [ app_begin ] --END-- [ RunTime:0.000370s ]
SQL: SHOW COLUMNS FROM `qz_activity` [ RunTime:0.0006s ]
SQL: SELECT `aty_id`,`aty_uid`,`aty_content`,`aty_create_time` FROM `qz_activity` ORDER BY aty_create_time desc LIMIT 0,7   [ RunTime:0.0001s ]
SQL: SHOW COLUMNS FROM `qz_user` [ RunTime:0.0005s ]
SQL: SELECT `user_id`,`user_level`,`user_auth`,`user_name`,`user_sex`,concat("http://qiuxx.com/Uploads/",user_head_img) as head_img FROM `qz_user` WHERE ( 1=1 AND user_id='3' ) LIMIT 1   [ RunTime:0.0001s ]
SQL: SHOW COLUMNS FROM `qz_aty_expand` [ RunTime:0.0004s ]
SQL: SELECT `expand_aty_img`,`expand_aty_thumb_img` FROM `qz_aty_expand` WHERE ( expand_status=1 AND expand_aty_id='6' )  [ RunTime:0.0001s ]
SQL: SELECT `user_id`,`user_level`,`user_auth`,`user_name`,`user_sex`,concat("http://qiuxx.com/Uploads/",user_head_img) as head_img FROM `qz_user` WHERE ( 1=1 AND user_id='3' ) LIMIT 1   [ RunTime:0.0001s ]
SQL: SELECT `expand_aty_img`,`expand_aty_thumb_img` FROM `qz_aty_expand` WHERE ( expand_status=1 AND expand_aty_id='5' )  [ RunTime:0.0001s ]
SQL: SELECT `user_id`,`user_level`,`user_auth`,`user_name`,`user_sex`,concat("http://qiuxx.com/Uploads/",user_head_img) as head_img FROM `qz_user` WHERE ( 1=1 AND user_id='3' ) LIMIT 1   [ RunTime:0.0001s ]
SQL: SELECT `expand_aty_img`,`expand_aty_thumb_img` FROM `qz_aty_expand` WHERE ( expand_status=1 AND expand_aty_id='4' )  [ RunTime:0.0001s ]
SQL: SELECT `user_id`,`user_level`,`user_auth`,`user_name`,`user_sex`,concat("http://qiuxx.com/Uploads/",user_head_img) as head_img FROM `qz_user` WHERE ( 1=1 AND user_id='3' ) LIMIT 1   [ RunTime:0.0001s ]
SQL: SELECT `expand_aty_img`,`expand_aty_thumb_img` FROM `qz_aty_expand` WHERE ( expand_status=1 AND expand_aty_id='3' )  [ RunTime:0.0001s ]
SQL: SELECT `user_id`,`user_level`,`user_auth`,`user_name`,`user_sex`,concat("http://qiuxx.com/Uploads/",user_head_img) as head_img FROM `qz_user` WHERE ( 1=1 AND user_id='3' ) LIMIT 1   [ RunTime:0.0001s ]
SQL: SELECT `expand_aty_img`,`expand_aty_thumb_img` FROM `qz_aty_expand` WHERE ( expand_status=1 AND expand_aty_id='2' )  [ RunTime:0.0001s ]
SQL: SELECT `user_id`,`user_level`,`user_auth`,`user_name`,`user_sex`,concat("http://qiuxx.com/Uploads/",user_head_img) as head_img FROM `qz_user` WHERE ( 1=1 AND user_id='0' ) LIMIT 1   [ RunTime:0.0001s ]
SQL: SELECT `expand_aty_img`,`expand_aty_thumb_img` FROM `qz_aty_expand` WHERE ( expand_status=1 AND expand_aty_id='1' )  [ RunTime:0.0001s ]
SQL: SELECT COUNT(*) AS tp_count FROM `qz_activity` LIMIT 1   [ RunTime:0.0001s ]

[ 2016-06-23T13:02:02+08:00 ] 27.38.5.161 /qzApi.php/Currency/activityList?p=2
INFO: [ app_init ] --START--
INFO: Run Behavior\BuildLiteBehavior [ RunTime:0.000012s ]
INFO: [ app_init ] --END-- [ RunTime:0.000262s ]
INFO: [ app_begin ] --START--
INFO: Run Behavior\ReadHtmlCacheBehavior [ RunTime:0.000332s ]
INFO: [ app_begin ] --END-- [ RunTime:0.000371s ]
SQL: SHOW COLUMNS FROM `qz_activity` [ RunTime:0.0006s ]
SQL: SELECT `aty_id`,`aty_uid`,`aty_content`,`aty_create_time` FROM `qz_activity` ORDER BY aty_create_time desc LIMIT 7,7   [ RunTime:0.0027s ]
SQL: SELECT COUNT(*) AS tp_count FROM `qz_activity` LIMIT 1   [ RunTime:0.0001s ]

[ 2016-06-23T13:02:07+08:00 ] 27.38.5.161 /qzApi.php/Currency/activityList?p=1
INFO: [ app_init ] --START--
INFO: Run Behavior\BuildLiteBehavior [ RunTime:0.000012s ]
INFO: [ app_init ] --END-- [ RunTime:0.000281s ]
INFO: [ app_begin ] --START--
INFO: Run Behavior\ReadHtmlCacheBehavior [ RunTime:0.000356s ]
INFO: [ app_begin ] --END-- [ RunTime:0.000395s ]
SQL: SHOW COLUMNS FROM `qz_activity` [ RunTime:0.0007s ]
SQL: SELECT `aty_id`,`aty_uid`,`aty_content`,`aty_create_time` FROM `qz_activity` ORDER BY aty_create_time desc LIMIT 0,7   [ RunTime:0.0001s ]
SQL: SHOW COLUMNS FROM `qz_user` [ RunTime:0.0005s ]
SQL: SELECT `user_id`,`user_level`,`user_auth`,`user_name`,`user_sex`,concat("http://qiuxx.com/Uploads/",user_head_img) as head_img FROM `qz_user` WHERE ( 1=1 AND user_id='3' ) LIMIT 1   [ RunTime:0.0001s ]
SQL: SHOW COLUMNS FROM `qz_aty_expand` [ RunTime:0.0003s ]
SQL: SELECT `expand_aty_img`,`expand_aty_thumb_img` FROM `qz_aty_expand` WHERE ( expand_status=1 AND expand_aty_id='6' )  [ RunTime:0.0001s ]
SQL: SELECT `user_id`,`user_level`,`user_auth`,`user_name`,`user_sex`,concat("http://qiuxx.com/Uploads/",user_head_img) as head_img FROM `qz_user` WHERE ( 1=1 AND user_id='3' ) LIMIT 1   [ RunTime:0.0001s ]
SQL: SELECT `expand_aty_img`,`expand_aty_thumb_img` FROM `qz_aty_expand` WHERE ( expand_status=1 AND expand_aty_id='5' )  [ RunTime:0.0001s ]
SQL: SELECT `user_id`,`user_level`,`user_auth`,`user_name`,`user_sex`,concat("http://qiuxx.com/Uploads/",user_head_img) as head_img FROM `qz_user` WHERE ( 1=1 AND user_id='3' ) LIMIT 1   [ RunTime:0.0001s ]
SQL: SELECT `expand_aty_img`,`expand_aty_thumb_img` FROM `qz_aty_expand` WHERE ( expand_status=1 AND expand_aty_id='4' )  [ RunTime:0.0001s ]
SQL: SELECT `user_id`,`user_level`,`user_auth`,`user_name`,`user_sex`,concat("http://qiuxx.com/Uploads/",user_head_img) as head_img FROM `qz_user` WHERE ( 1=1 AND user_id='3' ) LIMIT 1   [ RunTime:0.0001s ]
SQL: SELECT `expand_aty_img`,`expand_aty_thumb_img` FROM `qz_aty_expand` WHERE ( expand_status=1 AND expand_aty_id='3' )  [ RunTime:0.0001s ]
SQL: SELECT `user_id`,`user_level`,`user_auth`,`user_name`,`user_sex`,concat("http://qiuxx.com/Uploads/",user_head_img) as head_img FROM `qz_user` WHERE ( 1=1 AND user_id='3' ) LIMIT 1   [ RunTime:0.0001s ]
SQL: SELECT `expand_aty_img`,`expand_aty_thumb_img` FROM `qz_aty_expand` WHERE ( expand_status=1 AND expand_aty_id='2' )  [ RunTime:0.0001s ]
SQL: SELECT `user_id`,`user_level`,`user_auth`,`user_name`,`user_sex`,concat("http://qiuxx.com/Uploads/",user_head_img) as head_img FROM `qz_user` WHERE ( 1=1 AND user_id='0' ) LIMIT 1   [ RunTime:0.0001s ]
SQL: SELECT `expand_aty_img`,`expand_aty_thumb_img` FROM `qz_aty_expand` WHERE ( expand_status=1 AND expand_aty_id='1' )  [ RunTime:0.0001s ]
SQL: SELECT COUNT(*) AS tp_count FROM `qz_activity` LIMIT 1   [ RunTime:0.0001s ]

[ 2016-06-23T13:02:11+08:00 ] 27.38.5.161 /qzApi.php/Currency/activityList?p=1%20and%201=1
INFO: [ app_init ] --START--
INFO: Run Behavior\BuildLiteBehavior [ RunTime:0.000012s ]
INFO: [ app_init ] --END-- [ RunTime:0.000287s ]
INFO: [ app_begin ] --START--
INFO: Run Behavior\ReadHtmlCacheBehavior [ RunTime:0.000533s ]
INFO: [ app_begin ] --END-- [ RunTime:0.000614s ]
SQL: SHOW COLUMNS FROM `qz_activity` [ RunTime:0.0006s ]
SQL: SELECT `aty_id`,`aty_uid`,`aty_content`,`aty_create_time` FROM `qz_activity` ORDER BY aty_create_time desc LIMIT 0,7   [ RunTime:0.0001s ]
SQL: SHOW COLUMNS FROM `qz_user` [ RunTime:0.0004s ]
SQL: SELECT `user_id`,`user_level`,`user_auth`,`user_name`,`user_sex`,concat("http://qiuxx.com/Uploads/",user_head_img) as head_img FROM `qz_user` WHERE ( 1=1 AND user_id='3' ) LIMIT 1   [ RunTime:0.0001s ]
SQL: SHOW COLUMNS FROM `qz_aty_expand` [ RunTime:0.0003s ]
SQL: SELECT `expand_aty_img`,`expand_aty_thumb_img` FROM `qz_aty_expand` WHERE ( expand_status=1 AND expand_aty_id='6' )  [ RunTime:0.0001s ]
SQL: SELECT `user_id`,`user_level`,`user_auth`,`user_name`,`user_sex`,concat("http://qiuxx.com/Uploads/",user_head_img) as head_img FROM `qz_user` WHERE ( 1=1 AND user_id='3' ) LIMIT 1   [ RunTime:0.0002s ]
SQL: SELECT `expand_aty_img`,`expand_aty_thumb_img` FROM `qz_aty_expand` WHERE ( expand_status=1 AND expand_aty_id='5' )  [ RunTime:0.0001s ]
SQL: SELECT `user_id`,`user_level`,`user_auth`,`user_name`,`user_sex`,concat("http://qiuxx.com/Uploads/",user_head_img) as head_img FROM `qz_user` WHERE ( 1=1 AND user_id='3' ) LIMIT 1   [ RunTime:0.0001s ]
SQL: SELECT `expand_aty_img`,`expand_aty_thumb_img` FROM `qz_aty_expand` WHERE ( expand_status=1 AND expand_aty_id='4' )  [ RunTime:0.0001s ]
SQL: SELECT `user_id`,`user_level`,`user_auth`,`user_name`,`user_sex`,concat("http://qiuxx.com/Uploads/",user_head_img) as head_img FROM `qz_user` WHERE ( 1=1 AND user_id='3' ) LIMIT 1   [ RunTime:0.0001s ]
SQL: SELECT `expand_aty_img`,`expand_aty_thumb_img` FROM `qz_aty_expand` WHERE ( expand_status=1 AND expand_aty_id='3' )  [ RunTime:0.0001s ]
SQL: SELECT `user_id`,`user_level`,`user_auth`,`user_name`,`user_sex`,concat("http://qiuxx.com/Uploads/",user_head_img) as head_img FROM `qz_user` WHERE ( 1=1 AND user_id='3' ) LIMIT 1   [ RunTime:0.0001s ]
SQL: SELECT `expand_aty_img`,`expand_aty_thumb_img` FROM `qz_aty_expand` WHERE ( expand_status=1 AND expand_aty_id='2' )  [ RunTime:0.0001s ]
SQL: SELECT `user_id`,`user_level`,`user_auth`,`user_name`,`user_sex`,concat("http://qiuxx.com/Uploads/",user_head_img) as head_img FROM `qz_user` WHERE ( 1=1 AND user_id='0' ) LIMIT 1   [ RunTime:0.0001s ]
SQL: SELECT `expand_aty_img`,`expand_aty_thumb_img` FROM `qz_aty_expand` WHERE ( expand_status=1 AND expand_aty_id='1' )  [ RunTime:0.0001s ]
SQL: SELECT COUNT(*) AS tp_count FROM `qz_activity` LIMIT 1   [ RunTime:0.0001s ]

[ 2016-06-23T13:02:15+08:00 ] 27.38.5.161 /qzApi.php/Currency/activityList?p=1%20and%201=2
INFO: [ app_init ] --START--
INFO: Run Behavior\BuildLiteBehavior [ RunTime:0.000011s ]
INFO: [ app_init ] --END-- [ RunTime:0.000294s ]
INFO: [ app_begin ] --START--
INFO: Run Behavior\ReadHtmlCacheBehavior [ RunTime:0.000448s ]
INFO: [ app_begin ] --END-- [ RunTime:0.000504s ]
SQL: SHOW COLUMNS FROM `qz_activity` [ RunTime:0.0005s ]
SQL: SELECT `aty_id`,`aty_uid`,`aty_content`,`aty_create_time` FROM `qz_activity` ORDER BY aty_create_time desc LIMIT 0,7   [ RunTime:0.0001s ]
SQL: SHOW COLUMNS FROM `qz_user` [ RunTime:0.0004s ]
SQL: SELECT `user_id`,`user_level`,`user_auth`,`user_name`,`user_sex`,concat("http://qiuxx.com/Uploads/",user_head_img) as head_img FROM `qz_user` WHERE ( 1=1 AND user_id='3' ) LIMIT 1   [ RunTime:0.0001s ]
SQL: SHOW COLUMNS FROM `qz_aty_expand` [ RunTime:0.0004s ]
SQL: SELECT `expand_aty_img`,`expand_aty_thumb_img` FROM `qz_aty_expand` WHERE ( expand_status=1 AND expand_aty_id='6' )  [ RunTime:0.0001s ]
SQL: SELECT `user_id`,`user_level`,`user_auth`,`user_name`,`user_sex`,concat("http://qiuxx.com/Uploads/",user_head_img) as head_img FROM `qz_user` WHERE ( 1=1 AND user_id='3' ) LIMIT 1   [ RunTime:0.0001s ]
SQL: SELECT `expand_aty_img`,`expand_aty_thumb_img` FROM `qz_aty_expand` WHERE ( expand_status=1 AND expand_aty_id='5' )  [ RunTime:0.0001s ]
SQL: SELECT `user_id`,`user_level`,`user_auth`,`user_name`,`user_sex`,concat("http://qiuxx.com/Uploads/",user_head_img) as head_img FROM `qz_user` WHERE ( 1=1 AND user_id='3' ) LIMIT 1   [ RunTime:0.0001s ]
SQL: SELECT `expand_aty_img`,`expand_aty_thumb_img` FROM `qz_aty_expand` WHERE ( expand_status=1 AND expand_aty_id='4' )  [ RunTime:0.0001s ]
SQL: SELECT `user_id`,`user_level`,`user_auth`,`user_name`,`user_sex`,concat("http://qiuxx.com/Uploads/",user_head_img) as head_img FROM `qz_user` WHERE ( 1=1 AND user_id='3' ) LIMIT 1   [ RunTime:0.0001s ]
SQL: SELECT `expand_aty_img`,`expand_aty_thumb_img` FROM `qz_aty_expand` WHERE ( expand_status=1 AND expand_aty_id='3' )  [ RunTime:0.0001s ]
SQL: SELECT `user_id`,`user_level`,`user_auth`,`user_name`,`user_sex`,concat("http://qiuxx.com/Uploads/",user_head_img) as head_img FROM `qz_user` WHERE ( 1=1 AND user_id='3' ) LIMIT 1   [ RunTime:0.0001s ]
SQL: SELECT `expand_aty_img`,`expand_aty_thumb_img` FROM `qz_aty_expand` WHERE ( expand_status=1 AND expand_aty_id='2' )  [ RunTime:0.0001s ]
SQL: SELECT `user_id`,`user_level`,`user_auth`,`user_name`,`user_sex`,concat("http://qiuxx.com/Uploads/",user_head_img) as head_img FROM `qz_user` WHERE ( 1=1 AND user_id='0' ) LIMIT 1   [ RunTime:0.0001s ]
SQL: SELECT `expand_aty_img`,`expand_aty_thumb_img` FROM `qz_aty_expand` WHERE ( expand_status=1 AND expand_aty_id='1' )  [ RunTime:0.0001s ]
SQL: SELECT COUNT(*) AS tp_count FROM `qz_activity` LIMIT 1   [ RunTime:0.0001s ]

