[ 2016-07-21T09:46:29+08:00 ] 14.156.171.229 /qzApi.php/UserInfo/login
INFO: [ app_init ] --START--
INFO: Run Behavior\BuildLiteBehavior [ RunTime:0.000030s ]
INFO: [ app_init ] --END-- [ RunTime:0.000303s ]
INFO: [ app_begin ] --START--
INFO: Run Behavior\ReadHtmlCacheBehavior [ RunTime:0.000419s ]
INFO: [ app_begin ] --END-- [ RunTime:0.000460s ]
SQL: SHOW COLUMNS FROM `qz_user` [ RunTime:0.0007s ]
NOTIC: [8] Undefined index: validate /www/web/qiuxx/public_html/ThinkPHP/Library/Think/Model.class.php 第 1185 行.
SQL: SHOW COLUMNS FROM `qz_user` [ RunTime:0.0005s ]
SQL: SELECT * FROM `qz_user` WHERE `user_phone` = '15700790563' AND `user_password` = 'e10adc3949ba59abbe56e057f20f883e' LIMIT 1   [ RunTime:0.0003s ]
NOTIC: [8] Undefined index: auto /www/web/qiuxx/public_html/ThinkPHP/Library/Think/Model.class.php 第 1128 行.
SQL: SELECT `user_id` FROM `qz_user` WHERE `user_phone` = '15700790563' AND `user_password` = 'e10adc3949ba59abbe56e057f20f883e' LIMIT 1   [ RunTime:0.0002s ]
SQL: SHOW COLUMNS FROM `qz_token` [ RunTime:0.0004s ]
SQL: INSERT INTO `qz_token` (`user_id`,`time`,`token`) VALUES ('20','1469065589','6a037699fdc3904281cd416da330ee64') [ RunTime:0.0002s ]

[ 2016-07-21T09:46:29+08:00 ] 14.156.171.229 /qzApi.php/UserInfo/login
INFO: [ app_init ] --START--
INFO: Run Behavior\BuildLiteBehavior [ RunTime:0.000012s ]
INFO: [ app_init ] --END-- [ RunTime:0.000272s ]
INFO: [ app_begin ] --START--
INFO: Run Behavior\ReadHtmlCacheBehavior [ RunTime:0.000348s ]
INFO: [ app_begin ] --END-- [ RunTime:0.000398s ]
SQL: SHOW COLUMNS FROM `qz_user` [ RunTime:0.0007s ]
NOTIC: [8] Undefined index: validate /www/web/qiuxx/public_html/ThinkPHP/Library/Think/Model.class.php 第 1185 行.
SQL: SHOW COLUMNS FROM `qz_user` [ RunTime:0.0005s ]
SQL: SELECT * FROM `qz_user` WHERE `user_phone` = '15700790563' AND `user_password` = 'e10adc3949ba59abbe56e057f20f883e' LIMIT 1   [ RunTime:0.0001s ]
NOTIC: [8] Undefined index: auto /www/web/qiuxx/public_html/ThinkPHP/Library/Think/Model.class.php 第 1128 行.
SQL: SELECT `user_id` FROM `qz_user` WHERE `user_phone` = '15700790563' AND `user_password` = 'e10adc3949ba59abbe56e057f20f883e' LIMIT 1   [ RunTime:0.0001s ]
SQL: SHOW COLUMNS FROM `qz_token` [ RunTime:0.0004s ]
SQL: INSERT INTO `qz_token` (`user_id`,`time`,`token`) VALUES ('20','1469065589','6a037699fdc3904281cd416da330ee64') [ RunTime:0.0002s ]

[ 2016-07-21T09:50:41+08:00 ] 39.86.209.18 /qzApi.php/UserInfo/login
INFO: [ app_init ] --START--
INFO: Run Behavior\BuildLiteBehavior [ RunTime:0.000012s ]
INFO: [ app_init ] --END-- [ RunTime:0.000276s ]
INFO: [ app_begin ] --START--
INFO: Run Behavior\ReadHtmlCacheBehavior [ RunTime:0.000331s ]
INFO: [ app_begin ] --END-- [ RunTime:0.000371s ]
SQL: SHOW COLUMNS FROM `qz_user` [ RunTime:0.0006s ]
NOTIC: [8] Undefined index: validate /www/web/qiuxx/public_html/ThinkPHP/Library/Think/Model.class.php 第 1185 行.
SQL: SHOW COLUMNS FROM `qz_user` [ RunTime:0.0004s ]
SQL: SELECT * FROM `qz_user` WHERE `user_phone` = '18353727887' AND `user_password` = 'e10adc3949ba59abbe56e057f20f883e' LIMIT 1   [ RunTime:0.0001s ]
NOTIC: [8] Undefined index: auto /www/web/qiuxx/public_html/ThinkPHP/Library/Think/Model.class.php 第 1128 行.
SQL: SELECT `user_id` FROM `qz_user` WHERE `user_phone` = '18353727887' AND `user_password` = 'e10adc3949ba59abbe56e057f20f883e' LIMIT 1   [ RunTime:0.0001s ]
SQL: SHOW COLUMNS FROM `qz_token` [ RunTime:0.0003s ]
SQL: INSERT INTO `qz_token` (`user_id`,`time`,`token`) VALUES ('15','1469065841','fe319903062a6a7ecc8e8973d203fb38') [ RunTime:0.0002s ]

[ 2016-07-21T09:56:41+08:00 ] 14.156.171.229 /qzApi.php/UserInfo/login
INFO: [ app_init ] --START--
INFO: Run Behavior\BuildLiteBehavior [ RunTime:0.000018s ]
INFO: [ app_init ] --END-- [ RunTime:0.000282s ]
INFO: [ app_begin ] --START--
INFO: Run Behavior\ReadHtmlCacheBehavior [ RunTime:0.000328s ]
INFO: [ app_begin ] --END-- [ RunTime:0.000380s ]
SQL: SHOW COLUMNS FROM `qz_user` [ RunTime:0.0006s ]
NOTIC: [8] Undefined index: validate /www/web/qiuxx/public_html/ThinkPHP/Library/Think/Model.class.php 第 1185 行.
SQL: SHOW COLUMNS FROM `qz_user` [ RunTime:0.0004s ]
SQL: SELECT * FROM `qz_user` WHERE `user_phone` = '15700790563' AND `user_password` = 'e10adc3949ba59abbe56e057f20f883e' LIMIT 1   [ RunTime:0.0001s ]
NOTIC: [8] Undefined index: auto /www/web/qiuxx/public_html/ThinkPHP/Library/Think/Model.class.php 第 1128 行.
SQL: SELECT `user_id` FROM `qz_user` WHERE `user_phone` = '15700790563' AND `user_password` = 'e10adc3949ba59abbe56e057f20f883e' LIMIT 1   [ RunTime:0.0001s ]
SQL: SHOW COLUMNS FROM `qz_token` [ RunTime:0.0003s ]
SQL: INSERT INTO `qz_token` (`user_id`,`time`,`token`) VALUES ('20','1469066201','e0772ab7e7a5b48b112538fea276a4c3') [ RunTime:0.0002s ]

[ 2016-07-21T09:59:30+08:00 ] 115.171.141.121 /qzApi.php/UserInfo/login
INFO: [ app_init ] --START--
INFO: Run Behavior\BuildLiteBehavior [ RunTime:0.000013s ]
INFO: [ app_init ] --END-- [ RunTime:0.000261s ]
INFO: [ app_begin ] --START--
INFO: Run Behavior\ReadHtmlCacheBehavior [ RunTime:0.000343s ]
INFO: [ app_begin ] --END-- [ RunTime:0.000383s ]
SQL: SHOW COLUMNS FROM `qz_user` [ RunTime:0.0008s ]
NOTIC: [8] Undefined index: validate /www/web/qiuxx/public_html/ThinkPHP/Library/Think/Model.class.php 第 1185 行.
SQL: SHOW COLUMNS FROM `qz_user` [ RunTime:0.0031s ]
SQL: SELECT * FROM `qz_user` WHERE `user_phone` = '13581644632' AND `user_password` = '6de5c55d391f822ef0d93a1a09bf32d7' LIMIT 1   [ RunTime:0.0038s ]
NOTIC: [8] Undefined index: auto /www/web/qiuxx/public_html/ThinkPHP/Library/Think/Model.class.php 第 1128 行.
SQL: SELECT `user_id` FROM `qz_user` WHERE `user_phone` = '13581644632' AND `user_password` = '6de5c55d391f822ef0d93a1a09bf32d7' LIMIT 1   [ RunTime:0.0008s ]
SQL: SHOW COLUMNS FROM `qz_token` [ RunTime:0.0022s ]
SQL: INSERT INTO `qz_token` (`user_id`,`time`,`token`) VALUES ('30','1469066370','f3c92357fc8431d7306675b05623dd1d') [ RunTime:0.0019s ]

[ 2016-07-21T09:59:30+08:00 ] 115.171.141.121 /qzApi.php/UserInfo/login
INFO: [ app_init ] --START--
INFO: Run Behavior\BuildLiteBehavior [ RunTime:0.000012s ]
INFO: [ app_init ] --END-- [ RunTime:0.000259s ]
INFO: [ app_begin ] --START--
INFO: Run Behavior\ReadHtmlCacheBehavior [ RunTime:0.000339s ]
INFO: [ app_begin ] --END-- [ RunTime:0.000378s ]
SQL: SHOW COLUMNS FROM `qz_user` [ RunTime:0.0010s ]
NOTIC: [8] Undefined index: validate /www/web/qiuxx/public_html/ThinkPHP/Library/Think/Model.class.php 第 1185 行.
SQL: SHOW COLUMNS FROM `qz_user` [ RunTime:0.0017s ]
SQL: SELECT * FROM `qz_user` WHERE `user_phone` = '13581644632' AND `user_password` = '6de5c55d391f822ef0d93a1a09bf32d7' LIMIT 1   [ RunTime:0.0037s ]
NOTIC: [8] Undefined index: auto /www/web/qiuxx/public_html/ThinkPHP/Library/Think/Model.class.php 第 1128 行.
SQL: SELECT `user_id` FROM `qz_user` WHERE `user_phone` = '13581644632' AND `user_password` = '6de5c55d391f822ef0d93a1a09bf32d7' LIMIT 1   [ RunTime:0.0008s ]
SQL: SHOW COLUMNS FROM `qz_token` [ RunTime:0.0014s ]
SQL: INSERT INTO `qz_token` (`user_id`,`time`,`token`) VALUES ('30','1469066370','f3c92357fc8431d7306675b05623dd1d') [ RunTime:0.0038s ]

[ 2016-07-21T09:59:30+08:00 ] 115.171.141.121 /qzApi.php/UserInfo/login
INFO: [ app_init ] --START--
INFO: Run Behavior\BuildLiteBehavior [ RunTime:0.000014s ]
INFO: [ app_init ] --END-- [ RunTime:0.000326s ]
INFO: [ app_begin ] --START--
INFO: Run Behavior\ReadHtmlCacheBehavior [ RunTime:0.000350s ]
INFO: [ app_begin ] --END-- [ RunTime:0.000391s ]
SQL: SHOW COLUMNS FROM `qz_user` [ RunTime:0.0013s ]
NOTIC: [8] Undefined index: validate /www/web/qiuxx/public_html/ThinkPHP/Library/Think/Model.class.php 第 1185 行.
SQL: SHOW COLUMNS FROM `qz_user` [ RunTime:0.0013s ]
SQL: SELECT * FROM `qz_user` WHERE `user_phone` = '13581644632' AND `user_password` = '6de5c55d391f822ef0d93a1a09bf32d7' LIMIT 1   [ RunTime:0.0037s ]
NOTIC: [8] Undefined index: auto /www/web/qiuxx/public_html/ThinkPHP/Library/Think/Model.class.php 第 1128 行.
SQL: SELECT `user_id` FROM `qz_user` WHERE `user_phone` = '13581644632' AND `user_password` = '6de5c55d391f822ef0d93a1a09bf32d7' LIMIT 1   [ RunTime:0.0009s ]
SQL: SHOW COLUMNS FROM `qz_token` [ RunTime:0.0017s ]
SQL: INSERT INTO `qz_token` (`user_id`,`time`,`token`) VALUES ('30','1469066370','f3c92357fc8431d7306675b05623dd1d') [ RunTime:0.0046s ]

[ 2016-07-21T09:59:30+08:00 ] 115.171.141.121 /qzApi.php/UserInfo/login
INFO: [ app_init ] --START--
INFO: Run Behavior\BuildLiteBehavior [ RunTime:0.000012s ]
INFO: [ app_init ] --END-- [ RunTime:0.000296s ]
INFO: [ app_begin ] --START--
INFO: Run Behavior\ReadHtmlCacheBehavior [ RunTime:0.000333s ]
INFO: [ app_begin ] --END-- [ RunTime:0.000371s ]
SQL: SHOW COLUMNS FROM `qz_user` [ RunTime:0.0010s ]
NOTIC: [8] Undefined index: validate /www/web/qiuxx/public_html/ThinkPHP/Library/Think/Model.class.php 第 1185 行.
SQL: SHOW COLUMNS FROM `qz_user` [ RunTime:0.0035s ]
SQL: SELECT * FROM `qz_user` WHERE `user_phone` = '13581644632' AND `user_password` = '6de5c55d391f822ef0d93a1a09bf32d7' LIMIT 1   [ RunTime:0.0073s ]
NOTIC: [8] Undefined index: auto /www/web/qiuxx/public_html/ThinkPHP/Library/Think/Model.class.php 第 1128 行.
SQL: SELECT `user_id` FROM `qz_user` WHERE `user_phone` = '13581644632' AND `user_password` = '6de5c55d391f822ef0d93a1a09bf32d7' LIMIT 1   [ RunTime:0.0005s ]
SQL: SHOW COLUMNS FROM `qz_token` [ RunTime:0.0013s ]
SQL: INSERT INTO `qz_token` (`user_id`,`time`,`token`) VALUES ('30','1469066370','f3c92357fc8431d7306675b05623dd1d') [ RunTime:0.0005s ]

[ 2016-07-21T09:59:30+08:00 ] 115.171.141.121 /qzApi.php/UserInfo/login
INFO: [ app_init ] --START--
INFO: Run Behavior\BuildLiteBehavior [ RunTime:0.000013s ]
INFO: [ app_init ] --END-- [ RunTime:0.000290s ]
INFO: [ app_begin ] --START--
INFO: Run Behavior\ReadHtmlCacheBehavior [ RunTime:0.000358s ]
INFO: [ app_begin ] --END-- [ RunTime:0.000397s ]
SQL: SHOW COLUMNS FROM `qz_user` [ RunTime:0.0013s ]
NOTIC: [8] Undefined index: validate /www/web/qiuxx/public_html/ThinkPHP/Library/Think/Model.class.php 第 1185 行.
SQL: SHOW COLUMNS FROM `qz_user` [ RunTime:0.0030s ]
SQL: SELECT * FROM `qz_user` WHERE `user_phone` = '13581644632' AND `user_password` = '6de5c55d391f822ef0d93a1a09bf32d7' LIMIT 1   [ RunTime:0.0074s ]
NOTIC: [8] Undefined index: auto /www/web/qiuxx/public_html/ThinkPHP/Library/Think/Model.class.php 第 1128 行.
SQL: SELECT `user_id` FROM `qz_user` WHERE `user_phone` = '13581644632' AND `user_password` = '6de5c55d391f822ef0d93a1a09bf32d7' LIMIT 1   [ RunTime:0.0006s ]
SQL: SHOW COLUMNS FROM `qz_token` [ RunTime:0.0012s ]
SQL: INSERT INTO `qz_token` (`user_id`,`time`,`token`) VALUES ('30','1469066370','f3c92357fc8431d7306675b05623dd1d') [ RunTime:0.0016s ]

[ 2016-07-21T09:59:30+08:00 ] 115.171.141.121 /qzApi.php/UserInfo/login
INFO: [ app_init ] --START--
INFO: Run Behavior\BuildLiteBehavior [ RunTime:0.000017s ]
INFO: [ app_init ] --END-- [ RunTime:0.000345s ]
INFO: [ app_begin ] --START--
INFO: Run Behavior\ReadHtmlCacheBehavior [ RunTime:0.119065s ]
INFO: [ app_begin ] --END-- [ RunTime:0.119131s ]
SQL: SHOW COLUMNS FROM `qz_user` [ RunTime:0.0005s ]
NOTIC: [8] Undefined index: validate /www/web/qiuxx/public_html/ThinkPHP/Library/Think/Model.class.php 第 1185 行.
SQL: SHOW COLUMNS FROM `qz_user` [ RunTime:0.0067s ]
SQL: SELECT * FROM `qz_user` WHERE `user_phone` = '13581644632' AND `user_password` = '6de5c55d391f822ef0d93a1a09bf32d7' LIMIT 1   [ RunTime:0.0037s ]
NOTIC: [8] Undefined index: auto /www/web/qiuxx/public_html/ThinkPHP/Library/Think/Model.class.php 第 1128 行.
SQL: SELECT `user_id` FROM `qz_user` WHERE `user_phone` = '13581644632' AND `user_password` = '6de5c55d391f822ef0d93a1a09bf32d7' LIMIT 1   [ RunTime:0.0001s ]
SQL: SHOW COLUMNS FROM `qz_token` [ RunTime:0.0004s ]
SQL: INSERT INTO `qz_token` (`user_id`,`time`,`token`) VALUES ('30','1469066370','f3c92357fc8431d7306675b05623dd1d') [ RunTime:0.0008s ]

[ 2016-07-21T09:59:30+08:00 ] 115.171.141.121 /qzApi.php/UserInfo/login
INFO: [ app_init ] --START--
INFO: Run Behavior\BuildLiteBehavior [ RunTime:0.000012s ]
INFO: [ app_init ] --END-- [ RunTime:0.000276s ]
INFO: [ app_begin ] --START--
INFO: Run Behavior\ReadHtmlCacheBehavior [ RunTime:0.000350s ]
INFO: [ app_begin ] --END-- [ RunTime:0.000390s ]
SQL: SHOW COLUMNS FROM `qz_user` [ RunTime:0.0019s ]
NOTIC: [8] Undefined index: validate /www/web/qiuxx/public_html/ThinkPHP/Library/Think/Model.class.php 第 1185 行.
SQL: SHOW COLUMNS FROM `qz_user` [ RunTime:0.0005s ]
SQL: SELECT * FROM `qz_user` WHERE `user_phone` = '13581644632' AND `user_password` = '6de5c55d391f822ef0d93a1a09bf32d7' LIMIT 1   [ RunTime:0.0001s ]
NOTIC: [8] Undefined index: auto /www/web/qiuxx/public_html/ThinkPHP/Library/Think/Model.class.php 第 1128 行.
SQL: SELECT `user_id` FROM `qz_user` WHERE `user_phone` = '13581644632' AND `user_password` = '6de5c55d391f822ef0d93a1a09bf32d7' LIMIT 1   [ RunTime:0.0001s ]
SQL: SHOW COLUMNS FROM `qz_token` [ RunTime:0.0003s ]
SQL: INSERT INTO `qz_token` (`user_id`,`time`,`token`) VALUES ('30','1469066370','f3c92357fc8431d7306675b05623dd1d') [ RunTime:0.0001s ]

[ 2016-07-21T09:59:30+08:00 ] 115.171.141.121 /qzApi.php/UserInfo/login
INFO: [ app_init ] --START--
INFO: Run Behavior\BuildLiteBehavior [ RunTime:0.000014s ]
INFO: [ app_init ] --END-- [ RunTime:0.000318s ]
INFO: [ app_begin ] --START--
INFO: Run Behavior\ReadHtmlCacheBehavior [ RunTime:0.000352s ]
INFO: [ app_begin ] --END-- [ RunTime:0.000417s ]
SQL: SHOW COLUMNS FROM `qz_user` [ RunTime:0.0023s ]
NOTIC: [8] Undefined index: validate /www/web/qiuxx/public_html/ThinkPHP/Library/Think/Model.class.php 第 1185 行.
SQL: SHOW COLUMNS FROM `qz_user` [ RunTime:0.0016s ]
SQL: SELECT * FROM `qz_user` WHERE `user_phone` = '13581644632' AND `user_password` = '6de5c55d391f822ef0d93a1a09bf32d7' LIMIT 1   [ RunTime:0.0030s ]
NOTIC: [8] Undefined index: auto /www/web/qiuxx/public_html/ThinkPHP/Library/Think/Model.class.php 第 1128 行.
SQL: SELECT `user_id` FROM `qz_user` WHERE `user_phone` = '13581644632' AND `user_password` = '6de5c55d391f822ef0d93a1a09bf32d7' LIMIT 1   [ RunTime:0.0001s ]
SQL: SHOW COLUMNS FROM `qz_token` [ RunTime:0.0012s ]
SQL: INSERT INTO `qz_token` (`user_id`,`time`,`token`) VALUES ('30','1469066370','f3c92357fc8431d7306675b05623dd1d') [ RunTime:0.0029s ]

[ 2016-07-21T09:59:30+08:00 ] 115.171.141.121 /qzApi.php/UserInfo/login
INFO: [ app_init ] --START--
INFO: Run Behavior\BuildLiteBehavior [ RunTime:0.000013s ]
INFO: [ app_init ] --END-- [ RunTime:0.000334s ]
INFO: [ app_begin ] --START--
INFO: Run Behavior\ReadHtmlCacheBehavior [ RunTime:0.152472s ]
INFO: [ app_begin ] --END-- [ RunTime:0.152538s ]
SQL: SHOW COLUMNS FROM `qz_user` [ RunTime:0.0031s ]
NOTIC: [8] Undefined index: validate /www/web/qiuxx/public_html/ThinkPHP/Library/Think/Model.class.php 第 1185 行.
SQL: SHOW COLUMNS FROM `qz_user` [ RunTime:0.0021s ]
SQL: SELECT * FROM `qz_user` WHERE `user_phone` = '13581644632' AND `user_password` = '6de5c55d391f822ef0d93a1a09bf32d7' LIMIT 1   [ RunTime:0.0021s ]
NOTIC: [8] Undefined index: auto /www/web/qiuxx/public_html/ThinkPHP/Library/Think/Model.class.php 第 1128 行.
SQL: SELECT `user_id` FROM `qz_user` WHERE `user_phone` = '13581644632' AND `user_password` = '6de5c55d391f822ef0d93a1a09bf32d7' LIMIT 1   [ RunTime:0.0012s ]
SQL: SHOW COLUMNS FROM `qz_token` [ RunTime:0.0013s ]
SQL: INSERT INTO `qz_token` (`user_id`,`time`,`token`) VALUES ('30','1469066370','f3c92357fc8431d7306675b05623dd1d') [ RunTime:0.0028s ]

[ 2016-07-21T09:59:30+08:00 ] 115.171.141.121 /qzApi.php/UserInfo/login
INFO: [ app_init ] --START--
INFO: Run Behavior\BuildLiteBehavior [ RunTime:0.000012s ]
INFO: [ app_init ] --END-- [ RunTime:0.000267s ]
INFO: [ app_begin ] --START--
INFO: Run Behavior\ReadHtmlCacheBehavior [ RunTime:0.000333s ]
INFO: [ app_begin ] --END-- [ RunTime:0.000375s ]
SQL: SHOW COLUMNS FROM `qz_user` [ RunTime:0.0007s ]
NOTIC: [8] Undefined index: validate /www/web/qiuxx/public_html/ThinkPHP/Library/Think/Model.class.php 第 1185 行.
SQL: SHOW COLUMNS FROM `qz_user` [ RunTime:0.0054s ]
SQL: SELECT * FROM `qz_user` WHERE `user_phone` = '13581644632' AND `user_password` = '6de5c55d391f822ef0d93a1a09bf32d7' LIMIT 1   [ RunTime:0.0020s ]
NOTIC: [8] Undefined index: auto /www/web/qiuxx/public_html/ThinkPHP/Library/Think/Model.class.php 第 1128 行.
SQL: SELECT `user_id` FROM `qz_user` WHERE `user_phone` = '13581644632' AND `user_password` = '6de5c55d391f822ef0d93a1a09bf32d7' LIMIT 1   [ RunTime:0.0009s ]
SQL: SHOW COLUMNS FROM `qz_token` [ RunTime:0.0015s ]
SQL: INSERT INTO `qz_token` (`user_id`,`time`,`token`) VALUES ('30','1469066370','f3c92357fc8431d7306675b05623dd1d') [ RunTime:0.0037s ]

[ 2016-07-21T09:59:30+08:00 ] 115.171.141.121 /qzApi.php/UserInfo/login
INFO: [ app_init ] --START--
INFO: Run Behavior\BuildLiteBehavior [ RunTime:0.000013s ]
INFO: [ app_init ] --END-- [ RunTime:0.000270s ]
INFO: [ app_begin ] --START--
INFO: Run Behavior\ReadHtmlCacheBehavior [ RunTime:0.000350s ]
INFO: [ app_begin ] --END-- [ RunTime:0.000391s ]
SQL: SHOW COLUMNS FROM `qz_user` [ RunTime:0.0017s ]
NOTIC: [8] Undefined index: validate /www/web/qiuxx/public_html/ThinkPHP/Library/Think/Model.class.php 第 1185 行.
SQL: SHOW COLUMNS FROM `qz_user` [ RunTime:0.0031s ]
SQL: SELECT * FROM `qz_user` WHERE `user_phone` = '13581644632' AND `user_password` = '6de5c55d391f822ef0d93a1a09bf32d7' LIMIT 1   [ RunTime:0.0031s ]
NOTIC: [8] Undefined index: auto /www/web/qiuxx/public_html/ThinkPHP/Library/Think/Model.class.php 第 1128 行.
SQL: SELECT `user_id` FROM `qz_user` WHERE `user_phone` = '13581644632' AND `user_password` = '6de5c55d391f822ef0d93a1a09bf32d7' LIMIT 1   [ RunTime:0.0010s ]
SQL: SHOW COLUMNS FROM `qz_token` [ RunTime:0.0022s ]
SQL: INSERT INTO `qz_token` (`user_id`,`time`,`token`) VALUES ('30','1469066370','f3c92357fc8431d7306675b05623dd1d') [ RunTime:0.0046s ]

[ 2016-07-21T09:59:30+08:00 ] 115.171.141.121 /qzApi.php/UserInfo/login
INFO: [ app_init ] --START--
INFO: Run Behavior\BuildLiteBehavior [ RunTime:0.000012s ]
INFO: [ app_init ] --END-- [ RunTime:0.000258s ]
INFO: [ app_begin ] --START--
INFO: Run Behavior\ReadHtmlCacheBehavior [ RunTime:0.000362s ]
INFO: [ app_begin ] --END-- [ RunTime:0.000403s ]
SQL: SHOW COLUMNS FROM `qz_user` [ RunTime:0.0032s ]
NOTIC: [8] Undefined index: validate /www/web/qiuxx/public_html/ThinkPHP/Library/Think/Model.class.php 第 1185 行.
SQL: SHOW COLUMNS FROM `qz_user` [ RunTime:0.0028s ]
SQL: SELECT * FROM `qz_user` WHERE `user_phone` = '13581644632' AND `user_password` = '6de5c55d391f822ef0d93a1a09bf32d7' LIMIT 1   [ RunTime:0.0077s ]
NOTIC: [8] Undefined index: auto /www/web/qiuxx/public_html/ThinkPHP/Library/Think/Model.class.php 第 1128 行.
SQL: SELECT `user_id` FROM `qz_user` WHERE `user_phone` = '13581644632' AND `user_password` = '6de5c55d391f822ef0d93a1a09bf32d7' LIMIT 1   [ RunTime:0.0003s ]
SQL: SHOW COLUMNS FROM `qz_token` [ RunTime:0.0004s ]
SQL: INSERT INTO `qz_token` (`user_id`,`time`,`token`) VALUES ('30','1469066370','f3c92357fc8431d7306675b05623dd1d') [ RunTime:0.0001s ]

[ 2016-07-21T09:59:30+08:00 ] 115.171.141.121 /qzApi.php/UserInfo/login
INFO: [ app_init ] --START--
INFO: Run Behavior\BuildLiteBehavior [ RunTime:0.000012s ]
INFO: [ app_init ] --END-- [ RunTime:0.000261s ]
INFO: [ app_begin ] --START--
INFO: Run Behavior\ReadHtmlCacheBehavior [ RunTime:0.000326s ]
INFO: [ app_begin ] --END-- [ RunTime:0.000366s ]
SQL: SHOW COLUMNS FROM `qz_user` [ RunTime:0.0006s ]
NOTIC: [8] Undefined index: validate /www/web/qiuxx/public_html/ThinkPHP/Library/Think/Model.class.php 第 1185 行.
SQL: SHOW COLUMNS FROM `qz_user` [ RunTime:0.0005s ]
SQL: SELECT * FROM `qz_user` WHERE `user_phone` = '13581644632' AND `user_password` = '6de5c55d391f822ef0d93a1a09bf32d7' LIMIT 1   [ RunTime:0.0001s ]
NOTIC: [8] Undefined index: auto /www/web/qiuxx/public_html/ThinkPHP/Library/Think/Model.class.php 第 1128 行.
SQL: SELECT `user_id` FROM `qz_user` WHERE `user_phone` = '13581644632' AND `user_password` = '6de5c55d391f822ef0d93a1a09bf32d7' LIMIT 1   [ RunTime:0.0001s ]
SQL: SHOW COLUMNS FROM `qz_token` [ RunTime:0.0003s ]
SQL: INSERT INTO `qz_token` (`user_id`,`time`,`token`) VALUES ('30','1469066370','f3c92357fc8431d7306675b05623dd1d') [ RunTime:0.0002s ]

[ 2016-07-21T09:59:31+08:00 ] 39.86.209.18 /qzApi.php/UserInfo/login
INFO: [ app_init ] --START--
INFO: Run Behavior\BuildLiteBehavior [ RunTime:0.000019s ]
INFO: [ app_init ] --END-- [ RunTime:0.000417s ]
INFO: [ app_begin ] --START--
INFO: Run Behavior\ReadHtmlCacheBehavior [ RunTime:0.000605s ]
INFO: [ app_begin ] --END-- [ RunTime:0.000669s ]
SQL: SHOW COLUMNS FROM `qz_user` [ RunTime:0.0006s ]
NOTIC: [8] Undefined index: validate /www/web/qiuxx/public_html/ThinkPHP/Library/Think/Model.class.php 第 1185 行.
SQL: SHOW COLUMNS FROM `qz_user` [ RunTime:0.0005s ]
SQL: SELECT * FROM `qz_user` WHERE `user_phone` = '18353727887' AND `user_password` = 'e10adc3949ba59abbe56e057f20f883e' LIMIT 1   [ RunTime:0.0001s ]
NOTIC: [8] Undefined index: auto /www/web/qiuxx/public_html/ThinkPHP/Library/Think/Model.class.php 第 1128 行.
SQL: SELECT `user_id` FROM `qz_user` WHERE `user_phone` = '18353727887' AND `user_password` = 'e10adc3949ba59abbe56e057f20f883e' LIMIT 1   [ RunTime:0.0001s ]
SQL: SHOW COLUMNS FROM `qz_token` [ RunTime:0.0003s ]
SQL: INSERT INTO `qz_token` (`user_id`,`time`,`token`) VALUES ('15','1469066371','1b9a5f1c6d33503e7a9cf54a5cb4ae10') [ RunTime:0.0002s ]

[ 2016-07-21T12:51:53+08:00 ] 124.132.34.202 /qzApi.php/UserInfo/login
INFO: [ app_init ] --START--
INFO: Run Behavior\BuildLiteBehavior [ RunTime:0.000013s ]
INFO: [ app_init ] --END-- [ RunTime:0.000315s ]
INFO: [ app_begin ] --START--
INFO: Run Behavior\ReadHtmlCacheBehavior [ RunTime:0.000483s ]
INFO: [ app_begin ] --END-- [ RunTime:0.000534s ]
SQL: SHOW COLUMNS FROM `qz_user` [ RunTime:0.0008s ]
NOTIC: [8] Undefined index: validate /www/web/qiuxx/public_html/ThinkPHP/Library/Think/Model.class.php 第 1185 行.
SQL: SHOW COLUMNS FROM `qz_user` [ RunTime:0.0005s ]
SQL: SELECT * FROM `qz_user` WHERE `user_phone` = '18353727887' AND `user_password` = 'e10adc3949ba59abbe56e057f20f883e' LIMIT 1   [ RunTime:0.0001s ]
NOTIC: [8] Undefined index: auto /www/web/qiuxx/public_html/ThinkPHP/Library/Think/Model.class.php 第 1128 行.
SQL: SELECT `user_id` FROM `qz_user` WHERE `user_phone` = '18353727887' AND `user_password` = 'e10adc3949ba59abbe56e057f20f883e' LIMIT 1   [ RunTime:0.0001s ]
SQL: SHOW COLUMNS FROM `qz_token` [ RunTime:0.0003s ]
SQL: INSERT INTO `qz_token` (`user_id`,`time`,`token`) VALUES ('15','1469076713','d92c1ac3393c2ed599f2694688fa60df') [ RunTime:0.0002s ]

[ 2016-07-21T12:52:43+08:00 ] 124.132.34.202 /qzApi.php/UserInfo/login
INFO: [ app_init ] --START--
INFO: Run Behavior\BuildLiteBehavior [ RunTime:0.000013s ]
INFO: [ app_init ] --END-- [ RunTime:0.000302s ]
INFO: [ app_begin ] --START--
INFO: Run Behavior\ReadHtmlCacheBehavior [ RunTime:0.000333s ]
INFO: [ app_begin ] --END-- [ RunTime:0.000373s ]
SQL: SHOW COLUMNS FROM `qz_user` [ RunTime:0.0007s ]
NOTIC: [8] Undefined index: validate /www/web/qiuxx/public_html/ThinkPHP/Library/Think/Model.class.php 第 1185 行.
SQL: SHOW COLUMNS FROM `qz_user` [ RunTime:0.0005s ]
SQL: SELECT * FROM `qz_user` WHERE `user_phone` = '18353727887' AND `user_password` = 'e10adc3949ba59abbe56e057f20f883e' LIMIT 1   [ RunTime:0.0001s ]
NOTIC: [8] Undefined index: auto /www/web/qiuxx/public_html/ThinkPHP/Library/Think/Model.class.php 第 1128 行.
SQL: SELECT `user_id` FROM `qz_user` WHERE `user_phone` = '18353727887' AND `user_password` = 'e10adc3949ba59abbe56e057f20f883e' LIMIT 1   [ RunTime:0.0001s ]
SQL: SHOW COLUMNS FROM `qz_token` [ RunTime:0.0003s ]
SQL: INSERT INTO `qz_token` (`user_id`,`time`,`token`) VALUES ('15','1469076763','771a8c5ba1d124a514509f46619557f0') [ RunTime:0.0002s ]

[ 2016-07-21T15:35:38+08:00 ] 14.156.171.229 /qzApi.php/UserInfo/login
INFO: [ app_init ] --START--
INFO: Run Behavior\BuildLiteBehavior [ RunTime:0.000021s ]
INFO: [ app_init ] --END-- [ RunTime:0.000337s ]
INFO: [ app_begin ] --START--
INFO: Run Behavior\ReadHtmlCacheBehavior [ RunTime:0.000329s ]
INFO: [ app_begin ] --END-- [ RunTime:0.000379s ]
SQL: SHOW COLUMNS FROM `qz_user` [ RunTime:0.0007s ]
NOTIC: [8] Undefined index: validate /www/web/qiuxx/public_html/ThinkPHP/Library/Think/Model.class.php 第 1185 行.
SQL: SHOW COLUMNS FROM `qz_user` [ RunTime:0.0004s ]
SQL: SELECT * FROM `qz_user` WHERE `user_phone` = '15700790563' AND `user_password` = 'e10adc3949ba59abbe56e057f20f883e' LIMIT 1   [ RunTime:0.0001s ]
NOTIC: [8] Undefined index: auto /www/web/qiuxx/public_html/ThinkPHP/Library/Think/Model.class.php 第 1128 行.
SQL: SELECT `user_id` FROM `qz_user` WHERE `user_phone` = '15700790563' AND `user_password` = 'e10adc3949ba59abbe56e057f20f883e' LIMIT 1   [ RunTime:0.0001s ]
SQL: SHOW COLUMNS FROM `qz_token` [ RunTime:0.0003s ]
SQL: INSERT INTO `qz_token` (`user_id`,`time`,`token`) VALUES ('20','1469086538','c768cfbf317925ddd1edd68425a46274') [ RunTime:0.0002s ]

[ 2016-07-21T15:37:53+08:00 ] 14.156.171.229 /qzApi.php/UserInfo/login
INFO: [ app_init ] --START--
INFO: Run Behavior\BuildLiteBehavior [ RunTime:0.000013s ]
INFO: [ app_init ] --END-- [ RunTime:0.000276s ]
INFO: [ app_begin ] --START--
INFO: Run Behavior\ReadHtmlCacheBehavior [ RunTime:0.000404s ]
INFO: [ app_begin ] --END-- [ RunTime:0.000445s ]
SQL: SHOW COLUMNS FROM `qz_user` [ RunTime:0.0006s ]
NOTIC: [8] Undefined index: validate /www/web/qiuxx/public_html/ThinkPHP/Library/Think/Model.class.php 第 1185 行.
SQL: SHOW COLUMNS FROM `qz_user` [ RunTime:0.0005s ]
SQL: SELECT * FROM `qz_user` WHERE `user_phone` = '15700790563' AND `user_password` = 'e10adc3949ba59abbe56e057f20f883e' LIMIT 1   [ RunTime:0.0001s ]
NOTIC: [8] Undefined index: auto /www/web/qiuxx/public_html/ThinkPHP/Library/Think/Model.class.php 第 1128 行.
SQL: SELECT `user_id` FROM `qz_user` WHERE `user_phone` = '15700790563' AND `user_password` = 'e10adc3949ba59abbe56e057f20f883e' LIMIT 1   [ RunTime:0.0001s ]
SQL: SHOW COLUMNS FROM `qz_token` [ RunTime:0.0003s ]
SQL: INSERT INTO `qz_token` (`user_id`,`time`,`token`) VALUES ('20','1469086673','0a32fdcc0a5f2bb5db227b4c406c545e') [ RunTime:0.0002s ]

[ 2016-07-21T16:55:27+08:00 ] 14.156.171.229 /qzApi.php/Currency/checkPhone
INFO: [ app_init ] --START--
INFO: Run Behavior\BuildLiteBehavior [ RunTime:0.000012s ]
INFO: [ app_init ] --END-- [ RunTime:0.000263s ]
INFO: [ app_begin ] --START--
INFO: Run Behavior\ReadHtmlCacheBehavior [ RunTime:0.000336s ]
INFO: [ app_begin ] --END-- [ RunTime:0.000376s ]
SQL: SHOW COLUMNS FROM `qz_user` [ RunTime:0.0006s ]
SQL: SELECT * FROM `qz_user` WHERE `user_phone` = '18370857153' LIMIT 1   [ RunTime:0.0002s ]

[ 2016-07-21T16:55:28+08:00 ] 14.156.171.229 /qzApi.php/Currency/submailVerify
INFO: [ app_init ] --START--
INFO: Run Behavior\BuildLiteBehavior [ RunTime:0.000012s ]
INFO: [ app_init ] --END-- [ RunTime:0.000302s ]
INFO: [ app_begin ] --START--
INFO: Run Behavior\ReadHtmlCacheBehavior [ RunTime:0.000362s ]
INFO: [ app_begin ] --END-- [ RunTime:0.000402s ]
SQL: SHOW COLUMNS FROM `qz_verify` [ RunTime:0.0006s ]
SQL: SELECT * FROM `qz_verify` WHERE `status` = 1 AND `phone` = '18370857153' AND `create_time` > 1469091317 LIMIT 1   [ RunTime:0.0002s ]
SQL: INSERT INTO `qz_verify` (`phone`,`verify`,`status`,`create_time`) VALUES ('18370857153','7846','1','1469091328') [ RunTime:0.0003s ]

[ 2016-07-21T16:55:30+08:00 ] 14.156.171.229 /qzApi.php/Currency/checkPhone
INFO: [ app_init ] --START--
INFO: Run Behavior\BuildLiteBehavior [ RunTime:0.000013s ]
INFO: [ app_init ] --END-- [ RunTime:0.000268s ]
INFO: [ app_begin ] --START--
INFO: Run Behavior\ReadHtmlCacheBehavior [ RunTime:0.000342s ]
INFO: [ app_begin ] --END-- [ RunTime:0.000381s ]
SQL: SHOW COLUMNS FROM `qz_user` [ RunTime:0.0006s ]
SQL: SELECT * FROM `qz_user` WHERE `user_phone` = '18370857153' LIMIT 1   [ RunTime:0.0001s ]

[ 2016-07-21T16:55:42+08:00 ] 14.156.171.229 /qzApi.php/Currency/checkPhone
INFO: [ app_init ] --START--
INFO: Run Behavior\BuildLiteBehavior [ RunTime:0.000013s ]
INFO: [ app_init ] --END-- [ RunTime:0.000272s ]
INFO: [ app_begin ] --START--
INFO: Run Behavior\ReadHtmlCacheBehavior [ RunTime:0.000337s ]
INFO: [ app_begin ] --END-- [ RunTime:0.000386s ]
SQL: SHOW COLUMNS FROM `qz_user` [ RunTime:0.0006s ]
SQL: SELECT * FROM `qz_user` WHERE `user_phone` = '18370857153' LIMIT 1   [ RunTime:0.0001s ]

[ 2016-07-21T16:55:49+08:00 ] 14.156.171.229 /qzApi.php/Currency/checkPhone
INFO: [ app_init ] --START--
INFO: Run Behavior\BuildLiteBehavior [ RunTime:0.000013s ]
INFO: [ app_init ] --END-- [ RunTime:0.000292s ]
INFO: [ app_begin ] --START--
INFO: Run Behavior\ReadHtmlCacheBehavior [ RunTime:0.000362s ]
INFO: [ app_begin ] --END-- [ RunTime:0.000403s ]
SQL: SHOW COLUMNS FROM `qz_user` [ RunTime:0.0007s ]
SQL: SELECT * FROM `qz_user` WHERE `user_phone` = '18370857153' LIMIT 1   [ RunTime:0.0002s ]

[ 2016-07-21T16:55:51+08:00 ] 14.156.171.229 /qzApi.php/Currency/checkPhone
INFO: [ app_init ] --START--
INFO: Run Behavior\BuildLiteBehavior [ RunTime:0.000013s ]
INFO: [ app_init ] --END-- [ RunTime:0.000270s ]
INFO: [ app_begin ] --START--
INFO: Run Behavior\ReadHtmlCacheBehavior [ RunTime:0.000334s ]
INFO: [ app_begin ] --END-- [ RunTime:0.000373s ]
SQL: SHOW COLUMNS FROM `qz_user` [ RunTime:0.0006s ]
SQL: SELECT * FROM `qz_user` WHERE `user_phone` = '18370857153' LIMIT 1   [ RunTime:0.0001s ]

[ 2016-07-21T16:56:01+08:00 ] 14.156.171.229 /qzApi.php/Currency/img
INFO: [ app_init ] --START--
INFO: Run Behavior\BuildLiteBehavior [ RunTime:0.000013s ]
INFO: [ app_init ] --END-- [ RunTime:0.000284s ]
INFO: [ app_begin ] --START--
INFO: Run Behavior\ReadHtmlCacheBehavior [ RunTime:0.000356s ]
INFO: [ app_begin ] --END-- [ RunTime:0.000401s ]
NOTIC: [2] call_user_func() expects parameter 1 to be a valid callback, no array or string given /www/web/qiuxx/public_html/ThinkPHP/Library/Think/Upload.class.php 第 170 行.
SQL: SHOW COLUMNS FROM `qz_temp_image` [ RunTime:0.0005s ]
SQL: INSERT INTO `qz_temp_image` (`img`,`thumb_img`,`create_time`,`status`) VALUES ('./Temp/2016-07-21/57908e212854e.jpg','./Temp/2016-07-21/thumb57908e212854e.jpg','1469091361','1') [ RunTime:0.0002s ]

[ 2016-07-21T16:56:08+08:00 ] 14.156.171.229 /qzApi.php/Currency/checkPhone
INFO: [ app_init ] --START--
INFO: Run Behavior\BuildLiteBehavior [ RunTime:0.000012s ]
INFO: [ app_init ] --END-- [ RunTime:0.000275s ]
INFO: [ app_begin ] --START--
INFO: Run Behavior\ReadHtmlCacheBehavior [ RunTime:0.000349s ]
INFO: [ app_begin ] --END-- [ RunTime:0.000388s ]
SQL: SHOW COLUMNS FROM `qz_user` [ RunTime:0.0006s ]
SQL: SELECT * FROM `qz_user` WHERE `user_phone` = '18370857153' LIMIT 1   [ RunTime:0.0001s ]

[ 2016-07-21T16:56:10+08:00 ] 14.156.171.229 /qzApi.php/Currency/checkPhone
INFO: [ app_init ] --START--
INFO: Run Behavior\BuildLiteBehavior [ RunTime:0.000019s ]
INFO: [ app_init ] --END-- [ RunTime:0.000443s ]
INFO: [ app_begin ] --START--
INFO: Run Behavior\ReadHtmlCacheBehavior [ RunTime:0.000544s ]
INFO: [ app_begin ] --END-- [ RunTime:0.000614s ]
SQL: SHOW COLUMNS FROM `qz_user` [ RunTime:0.0006s ]
SQL: SELECT * FROM `qz_user` WHERE `user_phone` = '18370857153' LIMIT 1   [ RunTime:0.0001s ]

[ 2016-07-21T16:56:11+08:00 ] 14.156.171.229 /qzApi.php/Currency/checkPhone
INFO: [ app_init ] --START--
INFO: Run Behavior\BuildLiteBehavior [ RunTime:0.000020s ]
INFO: [ app_init ] --END-- [ RunTime:0.000434s ]
INFO: [ app_begin ] --START--
INFO: Run Behavior\ReadHtmlCacheBehavior [ RunTime:0.000565s ]
INFO: [ app_begin ] --END-- [ RunTime:0.000631s ]
SQL: SHOW COLUMNS FROM `qz_user` [ RunTime:0.0009s ]
SQL: SELECT * FROM `qz_user` WHERE `user_phone` = '18370857153' LIMIT 1   [ RunTime:0.0001s ]

[ 2016-07-21T16:56:13+08:00 ] 14.156.171.229 /qzApi.php/Currency/checkPhone
INFO: [ app_init ] --START--
INFO: Run Behavior\BuildLiteBehavior [ RunTime:0.000013s ]
INFO: [ app_init ] --END-- [ RunTime:0.000264s ]
INFO: [ app_begin ] --START--
INFO: Run Behavior\ReadHtmlCacheBehavior [ RunTime:0.000342s ]
INFO: [ app_begin ] --END-- [ RunTime:0.000381s ]
SQL: SHOW COLUMNS FROM `qz_user` [ RunTime:0.0006s ]
SQL: SELECT * FROM `qz_user` WHERE `user_phone` = '18370857153' LIMIT 1   [ RunTime:0.0001s ]

[ 2016-07-21T16:56:17+08:00 ] 14.156.171.229 /qzApi.php/UserInfo/reg
INFO: [ app_init ] --START--
INFO: Run Behavior\BuildLiteBehavior [ RunTime:0.000012s ]
INFO: [ app_init ] --END-- [ RunTime:0.000273s ]
INFO: [ app_begin ] --START--
INFO: Run Behavior\ReadHtmlCacheBehavior [ RunTime:0.000341s ]
INFO: [ app_begin ] --END-- [ RunTime:0.000381s ]
SQL: SHOW COLUMNS FROM `qz_user` [ RunTime:0.0006s ]
NOTIC: [8] Undefined index: validate /www/web/qiuxx/public_html/ThinkPHP/Library/Think/Model.class.php 第 1185 行.
SQL: SELECT * FROM `qz_user` WHERE `user_phone` = '18370857153' LIMIT 1   [ RunTime:0.0001s ]
SQL: SHOW COLUMNS FROM `qz_verify` [ RunTime:0.0004s ]
SQL: SELECT * FROM `qz_verify` WHERE `phone` = '18370857153' AND `verify` = '7846' AND `status` = 1 LIMIT 1   [ RunTime:0.0002s ]
NOTIC: [8] Undefined index: auto /www/web/qiuxx/public_html/ThinkPHP/Library/Think/Model.class.php 第 1128 行.
SQL: SELECT `user_id`,`user_num` FROM `qz_user` ORDER BY user_id desc LIMIT 1   [ RunTime:0.0001s ]
SQL: SHOW COLUMNS FROM `qz_temp_image` [ RunTime:0.0004s ]
SQL: SELECT `img` FROM `qz_temp_image` WHERE `id` = 29 LIMIT 1   [ RunTime:0.0001s ]
SQL: INSERT INTO `qz_user` (`user_name`,`user_phone`,`user_password`,`user_sex`,`y`,`x`,`create_time`,`update_time`,`user_num`,`user_head_img`,`user_address`) VALUES ('汉堡包的','18370857153','e10adc3949ba59abbe56e057f20f883e','1','113.760311','23.009578','1469091377','1469091377','100020','./Temp/2016-07-21/57908e212854e.jpg','广东省东莞市东莞市市辖区东莞大道') [ RunTime:0.0004s ]
SQL: UPDATE `qz_verify` SET `status`='2' WHERE `phone` = '18370857153' AND `verify` = '7846' AND `status` = 1 [ RunTime:0.0002s ]

[ 2016-07-21T16:56:33+08:00 ] 14.156.171.229 /qzApi.php/UserInfo/login
INFO: [ app_init ] --START--
INFO: Run Behavior\BuildLiteBehavior [ RunTime:0.000013s ]
INFO: [ app_init ] --END-- [ RunTime:0.000324s ]
INFO: [ app_begin ] --START--
INFO: Run Behavior\ReadHtmlCacheBehavior [ RunTime:0.000417s ]
INFO: [ app_begin ] --END-- [ RunTime:0.000457s ]
SQL: SHOW COLUMNS FROM `qz_user` [ RunTime:0.0006s ]
NOTIC: [8] Undefined index: validate /www/web/qiuxx/public_html/ThinkPHP/Library/Think/Model.class.php 第 1185 行.
SQL: SHOW COLUMNS FROM `qz_user` [ RunTime:0.0004s ]
SQL: SELECT * FROM `qz_user` WHERE `user_phone` = '18370857153' AND `user_password` = 'e10adc3949ba59abbe56e057f20f883e' LIMIT 1   [ RunTime:0.0003s ]
NOTIC: [8] Undefined index: auto /www/web/qiuxx/public_html/ThinkPHP/Library/Think/Model.class.php 第 1128 行.
SQL: SELECT `user_id` FROM `qz_user` WHERE `user_phone` = '18370857153' AND `user_password` = 'e10adc3949ba59abbe56e057f20f883e' LIMIT 1   [ RunTime:0.0002s ]
SQL: SHOW COLUMNS FROM `qz_token` [ RunTime:0.0003s ]
SQL: INSERT INTO `qz_token` (`user_id`,`time`,`token`) VALUES ('31','1469091393','b0eca06f22a3a1bfb7ea26690d25a6c1') [ RunTime:0.0002s ]

