[ 2016-06-09T07:30:51+08:00 ] 14.17.34.191 /qzApi.php/Activity/activityDel/token/edfa4c8e7915b05860557cea69b0e916
INFO: [ app_init ] --START--
INFO: Run Behavior\BuildLiteBehavior [ RunTime:0.000013s ]
INFO: [ app_init ] --END-- [ RunTime:0.000267s ]
INFO: [ app_begin ] --START--
INFO: Run Behavior\ReadHtmlCacheBehavior [ RunTime:0.000346s ]
INFO: [ app_begin ] --END-- [ RunTime:0.000397s ]
SQL: SHOW COLUMNS FROM `qz_token` [ RunTime:0.0005s ]
SQL: SELECT user.user_id,`user_num`,`user_level`,`user_auth`,`user_phone`,`user_name`,`user_head_img`,`user_birthday`,`user_address`,`user_sex` FROM `qz_token` left JOIN qz_user as user on qz_token.user_id=user.user_id  WHERE `token` = 'edfa4c8e7915b05860557cea69b0e916' LIMIT 1   [ RunTime:0.0001s ]

[ 2016-06-09T07:37:13+08:00 ] 183.60.35.29 /qzApi.php/Currency/activityList
INFO: [ app_init ] --START--
INFO: Run Behavior\BuildLiteBehavior [ RunTime:0.000013s ]
INFO: [ app_init ] --END-- [ RunTime:0.000302s ]
INFO: [ app_begin ] --START--
INFO: Run Behavior\ReadHtmlCacheBehavior [ RunTime:0.000333s ]
INFO: [ app_begin ] --END-- [ RunTime:0.000372s ]
SQL: SHOW COLUMNS FROM `qz_activity` [ RunTime:0.0006s ]
SQL: SELECT `aty_id`,`aty_uid`,`aty_content`,`aty_create_time` FROM `qz_activity` ORDER BY aty_create_time desc LIMIT 0,7   [ RunTime:0.0001s ]
SQL: SHOW COLUMNS FROM `qz_user` [ RunTime:0.0004s ]
SQL: SELECT `user_id`,`user_level`,`user_auth`,`user_name`,`user_sex`,concat("http://qiuxx.com/Uploads/",user_head_img) as head_img FROM `qz_user` WHERE ( 1=1 AND user_id='3' ) LIMIT 1   [ RunTime:0.0001s ]
SQL: SHOW COLUMNS FROM `qz_aty_expand` [ RunTime:0.0003s ]
SQL: SELECT `expand_aty_img`,`expand_aty_thumb_img` FROM `qz_aty_expand` WHERE ( expand_status=1 AND expand_aty_id='6' )  [ RunTime:0.0001s ]
SQL: SELECT `user_id`,`user_level`,`user_auth`,`user_name`,`user_sex`,concat("http://qiuxx.com/Uploads/",user_head_img) as head_img FROM `qz_user` WHERE ( 1=1 AND user_id='3' ) LIMIT 1   [ RunTime:0.0001s ]
SQL: SELECT `expand_aty_img`,`expand_aty_thumb_img` FROM `qz_aty_expand` WHERE ( expand_status=1 AND expand_aty_id='5' )  [ RunTime:0.0001s ]
SQL: SELECT `user_id`,`user_level`,`user_auth`,`user_name`,`user_sex`,concat("http://qiuxx.com/Uploads/",user_head_img) as head_img FROM `qz_user` WHERE ( 1=1 AND user_id='3' ) LIMIT 1   [ RunTime:0.0001s ]
SQL: SELECT `expand_aty_img`,`expand_aty_thumb_img` FROM `qz_aty_expand` WHERE ( expand_status=1 AND expand_aty_id='4' )  [ RunTime:0.0001s ]
SQL: SELECT `user_id`,`user_level`,`user_auth`,`user_name`,`user_sex`,concat("http://qiuxx.com/Uploads/",user_head_img) as head_img FROM `qz_user` WHERE ( 1=1 AND user_id='3' ) LIMIT 1   [ RunTime:0.0001s ]
SQL: SELECT `expand_aty_img`,`expand_aty_thumb_img` FROM `qz_aty_expand` WHERE ( expand_status=1 AND expand_aty_id='3' )  [ RunTime:0.0001s ]
SQL: SELECT `user_id`,`user_level`,`user_auth`,`user_name`,`user_sex`,concat("http://qiuxx.com/Uploads/",user_head_img) as head_img FROM `qz_user` WHERE ( 1=1 AND user_id='3' ) LIMIT 1   [ RunTime:0.0001s ]
SQL: SELECT `expand_aty_img`,`expand_aty_thumb_img` FROM `qz_aty_expand` WHERE ( expand_status=1 AND expand_aty_id='2' )  [ RunTime:0.0001s ]
SQL: SELECT `user_id`,`user_level`,`user_auth`,`user_name`,`user_sex`,concat("http://qiuxx.com/Uploads/",user_head_img) as head_img FROM `qz_user` WHERE ( 1=1 AND user_id='0' ) LIMIT 1   [ RunTime:0.0001s ]
SQL: SELECT `expand_aty_img`,`expand_aty_thumb_img` FROM `qz_aty_expand` WHERE ( expand_status=1 AND expand_aty_id='1' )  [ RunTime:0.0001s ]
SQL: SELECT COUNT(*) AS tp_count FROM `qz_activity` LIMIT 1   [ RunTime:0.0001s ]

[ 2016-06-09T07:50:39+08:00 ] 101.226.64.174 /qzApi.php/Currency/level
INFO: [ app_init ] --START--
INFO: Run Behavior\BuildLiteBehavior [ RunTime:0.000014s ]
INFO: [ app_init ] --END-- [ RunTime:0.000269s ]
INFO: [ app_begin ] --START--
INFO: Run Behavior\ReadHtmlCacheBehavior [ RunTime:0.000353s ]
INFO: [ app_begin ] --END-- [ RunTime:0.000401s ]
SQL: SHOW COLUMNS FROM `qz_level` [ RunTime:0.0005s ]
SQL: SELECT `level_id`,`level_name` FROM `qz_level` WHERE `status` = 1  [ RunTime:0.0001s ]

[ 2016-06-09T07:50:42+08:00 ] 183.232.120.55 /qzApi.php/Currency/level
INFO: [ app_init ] --START--
INFO: Run Behavior\BuildLiteBehavior [ RunTime:0.000012s ]
INFO: [ app_init ] --END-- [ RunTime:0.000294s ]
INFO: [ app_begin ] --START--
INFO: Run Behavior\ReadHtmlCacheBehavior [ RunTime:0.000361s ]
INFO: [ app_begin ] --END-- [ RunTime:0.000401s ]
SQL: SHOW COLUMNS FROM `qz_level` [ RunTime:0.0406s ]
SQL: SELECT `level_id`,`level_name` FROM `qz_level` WHERE `status` = 1  [ RunTime:0.0002s ]

