[ 2016-05-31T00:53:41+08:00 ] 183.38.69.122 /qzApi.php/Currency
INFO: [ app_init ] --START--
INFO: Run Behavior\BuildLiteBehavior [ RunTime:0.000013s ]
INFO: [ app_init ] --END-- [ RunTime:0.000292s ]
INFO: [ app_begin ] --START--
INFO: Run Behavior\ReadHtmlCacheBehavior [ RunTime:0.000436s ]
INFO: [ app_begin ] --END-- [ RunTime:0.000476s ]
INFO: [ app_end ] --START--
INFO: Run Behavior\ShowPageTraceBehavior [ RunTime:0.000361s ]
INFO: [ app_end ] --END-- [ RunTime:0.000400s ]

[ 2016-05-31T00:53:52+08:00 ] 183.38.69.122 /qzApi.php/Currency/verify
INFO: [ app_init ] --START--
INFO: Run Behavior\BuildLiteBehavior [ RunTime:0.000012s ]
INFO: [ app_init ] --END-- [ RunTime:0.000273s ]
INFO: [ app_begin ] --START--
INFO: Run Behavior\ReadHtmlCacheBehavior [ RunTime:0.000356s ]
INFO: [ app_begin ] --END-- [ RunTime:0.000396s ]
NOTIC: [2] Missing argument 3 for json_out(), called in /www/web/qiuxx/public_html/Application/QzApi/Controller/CurrencyController.class.php on line 18 and defined /www/web/qiuxx/public_html/Application/QzApi/Common/function.php 第 2 行.
NOTIC: [8] Undefined variable: data /www/web/qiuxx/public_html/Application/QzApi/Common/function.php 第 5 行.

[ 2016-05-31T00:55:17+08:00 ] 183.38.69.122 /qzApi.php/Currency/verify
INFO: [ app_init ] --START--
INFO: Run Behavior\BuildLiteBehavior [ RunTime:0.000013s ]
INFO: [ app_init ] --END-- [ RunTime:0.000282s ]
INFO: [ app_begin ] --START--
INFO: Run Behavior\ReadHtmlCacheBehavior [ RunTime:0.000361s ]
INFO: [ app_begin ] --END-- [ RunTime:0.000400s ]
NOTIC: [2] Missing argument 3 for json_out(), called in /www/web/qiuxx/public_html/Application/QzApi/Controller/CurrencyController.class.php on line 18 and defined /www/web/qiuxx/public_html/Application/QzApi/Common/function.php 第 2 行.
NOTIC: [8] Undefined variable: data /www/web/qiuxx/public_html/Application/QzApi/Common/function.php 第 5 行.

[ 2016-05-31T00:55:32+08:00 ] 183.38.69.122 /qzApi.php/Currency/verify
INFO: [ app_init ] --START--
INFO: Run Behavior\BuildLiteBehavior [ RunTime:0.000012s ]
INFO: [ app_init ] --END-- [ RunTime:0.000271s ]
INFO: [ app_begin ] --START--
INFO: Run Behavior\ReadHtmlCacheBehavior [ RunTime:0.000361s ]
INFO: [ app_begin ] --END-- [ RunTime:0.000399s ]

[ 2016-05-31T00:56:35+08:00 ] 103.243.25.218 /qzApi.php/Currency/verify
INFO: [ app_init ] --START--
INFO: Run Behavior\BuildLiteBehavior [ RunTime:0.000014s ]
INFO: [ app_init ] --END-- [ RunTime:0.000291s ]
INFO: [ app_begin ] --START--
INFO: Run Behavior\ReadHtmlCacheBehavior [ RunTime:0.000353s ]
INFO: [ app_begin ] --END-- [ RunTime:0.000394s ]

[ 2016-05-31T01:01:11+08:00 ] 103.243.25.218 /qzApi.php/Currency/verify
INFO: [ app_init ] --START--
INFO: Run Behavior\BuildLiteBehavior [ RunTime:0.000013s ]
INFO: [ app_init ] --END-- [ RunTime:0.000335s ]
INFO: [ app_begin ] --START--
INFO: Run Behavior\ReadHtmlCacheBehavior [ RunTime:0.000351s ]
INFO: [ app_begin ] --END-- [ RunTime:0.000392s ]

[ 2016-05-31T01:01:49+08:00 ] 117.25.139.42 /qzApi.php/Currency/verify
INFO: [ app_init ] --START--
INFO: Run Behavior\BuildLiteBehavior [ RunTime:0.000022s ]
INFO: [ app_init ] --END-- [ RunTime:0.000471s ]
INFO: [ app_begin ] --START--
INFO: Run Behavior\ReadHtmlCacheBehavior [ RunTime:0.000531s ]
INFO: [ app_begin ] --END-- [ RunTime:0.000593s ]

[ 2016-05-31T01:02:27+08:00 ] 117.25.139.42 /qzApi.php/Currency/verify
INFO: [ app_init ] --START--
INFO: Run Behavior\BuildLiteBehavior [ RunTime:0.000013s ]
INFO: [ app_init ] --END-- [ RunTime:0.000286s ]
INFO: [ app_begin ] --START--
INFO: Run Behavior\ReadHtmlCacheBehavior [ RunTime:0.000370s ]
INFO: [ app_begin ] --END-- [ RunTime:0.000411s ]

[ 2016-05-31T01:03:03+08:00 ] 117.25.139.42 /qzApi.php/Currency/verify
INFO: [ app_init ] --START--
INFO: Run Behavior\BuildLiteBehavior [ RunTime:0.000014s ]
INFO: [ app_init ] --END-- [ RunTime:0.000291s ]
INFO: [ app_begin ] --START--
INFO: Run Behavior\ReadHtmlCacheBehavior [ RunTime:0.000347s ]
INFO: [ app_begin ] --END-- [ RunTime:0.000387s ]

[ 2016-05-31T01:03:26+08:00 ] 117.25.139.42 /qzApi.php/Currency/verify
INFO: [ app_init ] --START--
INFO: Run Behavior\BuildLiteBehavior [ RunTime:0.000013s ]
INFO: [ app_init ] --END-- [ RunTime:0.000266s ]
INFO: [ app_begin ] --START--
INFO: Run Behavior\ReadHtmlCacheBehavior [ RunTime:0.000332s ]
INFO: [ app_begin ] --END-- [ RunTime:0.000371s ]

[ 2016-05-31T01:03:45+08:00 ] 117.25.139.42 /qzApi.php/Currency/verify
INFO: [ app_init ] --START--
INFO: Run Behavior\BuildLiteBehavior [ RunTime:0.000012s ]
INFO: [ app_init ] --END-- [ RunTime:0.000265s ]
INFO: [ app_begin ] --START--
INFO: Run Behavior\ReadHtmlCacheBehavior [ RunTime:0.000337s ]
INFO: [ app_begin ] --END-- [ RunTime:0.000377s ]

[ 2016-05-31T01:04:00+08:00 ] 183.38.69.122 /qzApi.php/Currency/verify
INFO: [ app_init ] --START--
INFO: Run Behavior\BuildLiteBehavior [ RunTime:0.000013s ]
INFO: [ app_init ] --END-- [ RunTime:0.000275s ]
INFO: [ app_begin ] --START--
INFO: Run Behavior\ReadHtmlCacheBehavior [ RunTime:0.000347s ]
INFO: [ app_begin ] --END-- [ RunTime:0.000387s ]

[ 2016-05-31T01:04:01+08:00 ] 183.38.69.122 /qzApi.php/Currency/verify
INFO: [ app_init ] --START--
INFO: Run Behavior\BuildLiteBehavior [ RunTime:0.000013s ]
INFO: [ app_init ] --END-- [ RunTime:0.000283s ]
INFO: [ app_begin ] --START--
INFO: Run Behavior\ReadHtmlCacheBehavior [ RunTime:0.000335s ]
INFO: [ app_begin ] --END-- [ RunTime:0.000390s ]

[ 2016-05-31T01:04:02+08:00 ] 183.38.69.122 /qzApi.php/Currency/verify
INFO: [ app_init ] --START--
INFO: Run Behavior\BuildLiteBehavior [ RunTime:0.000013s ]
INFO: [ app_init ] --END-- [ RunTime:0.000265s ]
INFO: [ app_begin ] --START--
INFO: Run Behavior\ReadHtmlCacheBehavior [ RunTime:0.000334s ]
INFO: [ app_begin ] --END-- [ RunTime:0.000373s ]

[ 2016-05-31T01:04:38+08:00 ] 117.25.139.42 /qzApi.php/Currency/verify
INFO: [ app_init ] --START--
INFO: Run Behavior\BuildLiteBehavior [ RunTime:0.000013s ]
INFO: [ app_init ] --END-- [ RunTime:0.000290s ]
INFO: [ app_begin ] --START--
INFO: Run Behavior\ReadHtmlCacheBehavior [ RunTime:0.000353s ]
INFO: [ app_begin ] --END-- [ RunTime:0.000394s ]

[ 2016-05-31T01:05:28+08:00 ] 103.243.25.218 /qzApi.php/Currency/verify
INFO: [ app_init ] --START--
INFO: Run Behavior\BuildLiteBehavior [ RunTime:0.000013s ]
INFO: [ app_init ] --END-- [ RunTime:0.000279s ]
INFO: [ app_begin ] --START--
INFO: Run Behavior\ReadHtmlCacheBehavior [ RunTime:0.000396s ]
INFO: [ app_begin ] --END-- [ RunTime:0.000436s ]
ERR: 1146:Table 'qiuxx.qz_verify' doesn't exist
 [ SQL语句 ] : SHOW COLUMNS FROM `qz_verify`
ERR: 1146:Table 'qiuxx.qz_verify' doesn't exist
 [ SQL语句 ] : SHOW COLUMNS FROM `qz_verify`

[ 2016-05-31T01:06:00+08:00 ] 103.243.25.218 /qzApi.php/Currency/verify
INFO: [ app_init ] --START--
INFO: Run Behavior\BuildLiteBehavior [ RunTime:0.000013s ]
INFO: [ app_init ] --END-- [ RunTime:0.000291s ]
INFO: [ app_begin ] --START--
INFO: Run Behavior\ReadHtmlCacheBehavior [ RunTime:0.000347s ]
INFO: [ app_begin ] --END-- [ RunTime:0.000388s ]
ERR: 1146:Table 'qiuxx.qz_verify' doesn't exist
 [ SQL语句 ] : SHOW COLUMNS FROM `qz_verify`
ERR: 1146:Table 'qiuxx.qz_verify' doesn't exist
 [ SQL语句 ] : SHOW COLUMNS FROM `qz_verify`

[ 2016-05-31T01:06:34+08:00 ] 103.243.25.218 /qzApi.php/Currency/verify
INFO: [ app_init ] --START--
INFO: Run Behavior\BuildLiteBehavior [ RunTime:0.000026s ]
INFO: [ app_init ] --END-- [ RunTime:0.000283s ]
INFO: [ app_begin ] --START--
INFO: Run Behavior\ReadHtmlCacheBehavior [ RunTime:0.000328s ]
INFO: [ app_begin ] --END-- [ RunTime:0.000366s ]
ERR: 1146:Table 'qiuxx.qz_verify' doesn't exist
 [ SQL语句 ] : SHOW COLUMNS FROM `qz_verify`
ERR: 1146:Table 'qiuxx.qz_verify' doesn't exist
 [ SQL语句 ] : SHOW COLUMNS FROM `qz_verify`

[ 2016-05-31T01:07:39+08:00 ] 103.243.25.218 /qzApi.php/Currency/verify
INFO: [ app_init ] --START--
INFO: Run Behavior\BuildLiteBehavior [ RunTime:0.000012s ]
INFO: [ app_init ] --END-- [ RunTime:0.000304s ]
INFO: [ app_begin ] --START--
INFO: Run Behavior\ReadHtmlCacheBehavior [ RunTime:0.000464s ]
INFO: [ app_begin ] --END-- [ RunTime:0.000504s ]
ERR: 1146:Table 'qiuxx.qz_verify' doesn't exist
 [ SQL语句 ] : SHOW COLUMNS FROM `qz_verify`
ERR: 1146:Table 'qiuxx.qz_verify' doesn't exist
 [ SQL语句 ] : SHOW COLUMNS FROM `qz_verify`

[ 2016-05-31T01:09:19+08:00 ] 103.243.25.218 /qzApi.php/Currency/verify
INFO: [ app_init ] --START--
INFO: Run Behavior\BuildLiteBehavior [ RunTime:0.000012s ]
INFO: [ app_init ] --END-- [ RunTime:0.000264s ]
INFO: [ app_begin ] --START--
INFO: Run Behavior\ReadHtmlCacheBehavior [ RunTime:0.000341s ]
INFO: [ app_begin ] --END-- [ RunTime:0.000381s ]
SQL: SHOW COLUMNS FROM `qz_verify` [ RunTime:0.0005s ]
SQL: SELECT * FROM `qz_verify` WHERE `status` = 1 AND `phone` = '18702783614' AND `create_time` < 1464626359 LIMIT 1   [ RunTime:0.0002s ]

[ 2016-05-31T01:09:40+08:00 ] 103.243.25.218 /qzApi.php/Currency/verify
INFO: [ app_init ] --START--
INFO: Run Behavior\BuildLiteBehavior [ RunTime:0.000016s ]
INFO: [ app_init ] --END-- [ RunTime:0.000333s ]
INFO: [ app_begin ] --START--
INFO: Run Behavior\ReadHtmlCacheBehavior [ RunTime:0.000360s ]
INFO: [ app_begin ] --END-- [ RunTime:0.000401s ]
SQL: SHOW COLUMNS FROM `qz_verify` [ RunTime:0.0005s ]
SQL: SELECT * FROM `qz_verify` WHERE `status` = 1 AND `phone` = '18702783614' AND `create_time` < 1464626380 LIMIT 1   [ RunTime:0.0002s ]

[ 2016-05-31T01:10:31+08:00 ] 103.243.25.218 /qzApi.php/Currency/verify
INFO: [ app_init ] --START--
INFO: Run Behavior\BuildLiteBehavior [ RunTime:0.000013s ]
INFO: [ app_init ] --END-- [ RunTime:0.000268s ]
INFO: [ app_begin ] --START--
INFO: Run Behavior\ReadHtmlCacheBehavior [ RunTime:0.000333s ]
INFO: [ app_begin ] --END-- [ RunTime:0.000372s ]
SQL: SHOW COLUMNS FROM `qz_verify` [ RunTime:0.0005s ]
SQL: SELECT * FROM `qz_verify` WHERE `status` = 1 AND `phone` = '18702783614' AND `create_time` < 1464626431 LIMIT 1   [ RunTime:0.0002s ]

[ 2016-05-31T01:11:29+08:00 ] 103.243.25.218 /qzApi.php/Currency/verify
INFO: [ app_init ] --START--
INFO: Run Behavior\BuildLiteBehavior [ RunTime:0.000013s ]
INFO: [ app_init ] --END-- [ RunTime:0.000292s ]
INFO: [ app_begin ] --START--
INFO: Run Behavior\ReadHtmlCacheBehavior [ RunTime:0.000437s ]
INFO: [ app_begin ] --END-- [ RunTime:0.000477s ]
SQL: SHOW COLUMNS FROM `qz_verify` [ RunTime:0.0007s ]
SQL: SELECT * FROM `qz_verify` WHERE `status` = 1 AND `phone` = '18702783614' AND `create_time` < 1464626489 LIMIT 1   [ RunTime:0.0002s ]

[ 2016-05-31T01:11:48+08:00 ] 103.243.25.218 /qzApi.php/Currency/verify
INFO: [ app_init ] --START--
INFO: Run Behavior\BuildLiteBehavior [ RunTime:0.000013s ]
INFO: [ app_init ] --END-- [ RunTime:0.000301s ]
INFO: [ app_begin ] --START--
INFO: Run Behavior\ReadHtmlCacheBehavior [ RunTime:0.000444s ]
INFO: [ app_begin ] --END-- [ RunTime:0.000483s ]
SQL: SHOW COLUMNS FROM `qz_verify` [ RunTime:0.0005s ]
SQL: SELECT * FROM `qz_verify` WHERE `status` = 1 AND `phone` = '18702783614' AND `create_time` < 1464626507 LIMIT 1   [ RunTime:0.0002s ]
SQL: INSERT INTO `qz_verify` (`phone`,`verify`,`status`,`create_time`) VALUES ('18702783614','2418','1','1464628308') [ RunTime:0.0003s ]

[ 2016-05-31T01:12:29+08:00 ] 117.25.139.42 /qzApi.php/Currency/verify
INFO: [ app_init ] --START--
INFO: Run Behavior\BuildLiteBehavior [ RunTime:0.000014s ]
INFO: [ app_init ] --END-- [ RunTime:0.000299s ]
INFO: [ app_begin ] --START--
INFO: Run Behavior\ReadHtmlCacheBehavior [ RunTime:0.000365s ]
INFO: [ app_begin ] --END-- [ RunTime:0.000404s ]

[ 2016-05-31T01:14:39+08:00 ] 103.243.25.218 /qzApi.php/Currency/verify
INFO: [ app_init ] --START--
INFO: Run Behavior\BuildLiteBehavior [ RunTime:0.000015s ]
INFO: [ app_init ] --END-- [ RunTime:0.000284s ]
INFO: [ app_begin ] --START--
INFO: Run Behavior\ReadHtmlCacheBehavior [ RunTime:0.000354s ]
INFO: [ app_begin ] --END-- [ RunTime:0.000394s ]
SQL: SHOW COLUMNS FROM `qz_verify` [ RunTime:0.0007s ]
SQL: SELECT * FROM `qz_verify` WHERE `status` = 1 AND `phone` = '18702783614' AND `create_time` < 1464626679 LIMIT 1   [ RunTime:0.0003s ]

[ 2016-05-31T01:15:38+08:00 ] 103.243.25.218 /qzApi.php/Currency/verify
INFO: [ app_init ] --START--
INFO: Run Behavior\BuildLiteBehavior [ RunTime:0.000014s ]
INFO: [ app_init ] --END-- [ RunTime:0.000286s ]
INFO: [ app_begin ] --START--
INFO: Run Behavior\ReadHtmlCacheBehavior [ RunTime:0.000352s ]
INFO: [ app_begin ] --END-- [ RunTime:0.000402s ]
SQL: SHOW COLUMNS FROM `qz_verify` [ RunTime:0.0006s ]
SQL: SELECT * FROM `qz_verify` WHERE `status` = 1 AND `phone` = '18702783614' AND `create_time` > 1464626738 LIMIT 1   [ RunTime:0.0002s ]
SQL: INSERT INTO `qz_verify` (`phone`,`verify`,`status`,`create_time`) VALUES ('18702783614','4589','1','1464628538') [ RunTime:0.0004s ]

[ 2016-05-31T01:15:55+08:00 ] 103.243.25.218 /qzApi.php/Currency/verify
INFO: [ app_init ] --START--
INFO: Run Behavior\BuildLiteBehavior [ RunTime:0.000041s ]
INFO: [ app_init ] --END-- [ RunTime:0.000450s ]
INFO: [ app_begin ] --START--
INFO: Run Behavior\ReadHtmlCacheBehavior [ RunTime:0.000421s ]
INFO: [ app_begin ] --END-- [ RunTime:0.000462s ]
SQL: SHOW COLUMNS FROM `qz_verify` [ RunTime:0.0412s ]
SQL: SELECT * FROM `qz_verify` WHERE `status` = 1 AND `phone` = '18702783614' AND `create_time` > 1464626755 LIMIT 1   [ RunTime:0.0003s ]

[ 2016-05-31T01:27:17+08:00 ] 183.38.69.122 /qzApi.php/Currency/verify
INFO: [ app_init ] --START--
INFO: Run Behavior\BuildLiteBehavior [ RunTime:0.000012s ]
INFO: [ app_init ] --END-- [ RunTime:0.000268s ]
INFO: [ app_begin ] --START--
INFO: Run Behavior\ReadHtmlCacheBehavior [ RunTime:0.000343s ]
INFO: [ app_begin ] --END-- [ RunTime:0.000383s ]

[ 2016-05-31T01:28:56+08:00 ] 183.38.69.122 /qzApi.php/Currency/verify
INFO: [ app_init ] --START--
INFO: Run Behavior\BuildLiteBehavior [ RunTime:0.000018s ]
INFO: [ app_init ] --END-- [ RunTime:0.000313s ]
INFO: [ app_begin ] --START--
INFO: Run Behavior\ReadHtmlCacheBehavior [ RunTime:0.000357s ]
INFO: [ app_begin ] --END-- [ RunTime:0.000397s ]

[ 2016-05-31T01:32:12+08:00 ] 117.25.139.42 /qzApi.php/Currency/verify
INFO: [ app_init ] --START--
INFO: Run Behavior\BuildLiteBehavior [ RunTime:0.000011s ]
INFO: [ app_init ] --END-- [ RunTime:0.000264s ]
INFO: [ app_begin ] --START--
INFO: Run Behavior\ReadHtmlCacheBehavior [ RunTime:0.000366s ]
INFO: [ app_begin ] --END-- [ RunTime:0.000405s ]

[ 2016-05-31T01:32:47+08:00 ] 103.243.25.218 /qzApi.php/Currency/verify
INFO: [ app_init ] --START--
INFO: Run Behavior\BuildLiteBehavior [ RunTime:0.000013s ]
INFO: [ app_init ] --END-- [ RunTime:0.000307s ]
INFO: [ app_begin ] --START--
INFO: Run Behavior\ReadHtmlCacheBehavior [ RunTime:0.000392s ]
INFO: [ app_begin ] --END-- [ RunTime:0.000441s ]
SQL: SHOW COLUMNS FROM `qz_verify` [ RunTime:0.0005s ]
SQL: SELECT * FROM `qz_verify` WHERE `status` = 1 AND `phone` = '18702783614' AND `create_time` > 1464627767 LIMIT 1   [ RunTime:0.0002s ]

[ 2016-05-31T01:46:05+08:00 ] 117.25.139.42 /qzApi.php/Currency/verify
INFO: [ app_init ] --START--
INFO: Run Behavior\BuildLiteBehavior [ RunTime:0.000012s ]
INFO: [ app_init ] --END-- [ RunTime:0.000293s ]
INFO: [ app_begin ] --START--
INFO: Run Behavior\ReadHtmlCacheBehavior [ RunTime:0.000379s ]
INFO: [ app_begin ] --END-- [ RunTime:0.000420s ]

[ 2016-05-31T01:46:38+08:00 ] 117.25.139.42 /qzApi.php/Currency/verify
INFO: [ app_init ] --START--
INFO: Run Behavior\BuildLiteBehavior [ RunTime:0.000028s ]
INFO: [ app_init ] --END-- [ RunTime:0.000288s ]
INFO: [ app_begin ] --START--
INFO: Run Behavior\ReadHtmlCacheBehavior [ RunTime:0.000331s ]
INFO: [ app_begin ] --END-- [ RunTime:0.000371s ]

[ 2016-05-31T01:46:53+08:00 ] 117.25.139.42 /qzApi.php/Currency/verify
INFO: [ app_init ] --START--
INFO: Run Behavior\BuildLiteBehavior [ RunTime:0.000014s ]
INFO: [ app_init ] --END-- [ RunTime:0.000285s ]
INFO: [ app_begin ] --START--
INFO: Run Behavior\ReadHtmlCacheBehavior [ RunTime:0.000346s ]
INFO: [ app_begin ] --END-- [ RunTime:0.000386s ]

[ 2016-05-31T01:47:39+08:00 ] 103.243.25.218 /qzApi.php/Currency/verify
INFO: [ app_init ] --START--
INFO: Run Behavior\BuildLiteBehavior [ RunTime:0.000014s ]
INFO: [ app_init ] --END-- [ RunTime:0.000294s ]
INFO: [ app_begin ] --START--
INFO: Run Behavior\ReadHtmlCacheBehavior [ RunTime:0.000417s ]
INFO: [ app_begin ] --END-- [ RunTime:0.000457s ]
SQL: SHOW COLUMNS FROM `qz_verify` [ RunTime:0.0005s ]
SQL: SELECT * FROM `qz_verify` WHERE `status` = 1 AND `phone` = '18702783614' AND `create_time` > 1464628659 LIMIT 1   [ RunTime:0.0002s ]
SQL: INSERT INTO `qz_verify` (`phone`,`verify`,`status`,`create_time`) VALUES ('18702783614','21094','1','1464630459') [ RunTime:0.0004s ]

[ 2016-05-31T12:30:44+08:00 ] 119.147.21.145 /qzApi.php/Currency/verify
INFO: [ app_init ] --START--
INFO: Run Behavior\BuildLiteBehavior [ RunTime:0.000013s ]
INFO: [ app_init ] --END-- [ RunTime:0.000283s ]
INFO: [ app_begin ] --START--
INFO: Run Behavior\ReadHtmlCacheBehavior [ RunTime:0.000532s ]
INFO: [ app_begin ] --END-- [ RunTime:0.000594s ]

