[ 2016-06-04T12:45:05+08:00 ] 183.38.69.114 /qzApi.php/UserInfo/login
INFO: [ app_init ] --START--
INFO: Run Behavior\BuildLiteBehavior [ RunTime:0.000012s ]
INFO: [ app_init ] --END-- [ RunTime:0.000274s ]
INFO: [ app_begin ] --START--
INFO: Run Behavior\ReadHtmlCacheBehavior [ RunTime:0.000340s ]
INFO: [ app_begin ] --END-- [ RunTime:0.000380s ]
SQL: SHOW COLUMNS FROM `qz_user` [ RunTime:0.0005s ]
NOTIC: [8] Undefined index: validate /www/web/qiuxx/public_html/ThinkPHP/Library/Think/Model.class.php 第 1185 行.
SQL: SHOW COLUMNS FROM `qz_user` [ RunTime:0.0005s ]
SQL: SELECT * FROM `qz_user` WHERE `user_phone` = '18702783614' AND `user_password` = 'fcea920f7412b5da7be0cf42b8c93759' LIMIT 1   [ RunTime:0.0002s ]

[ 2016-06-04T12:45:11+08:00 ] 183.38.69.114 /qzApi.php/UserInfo/login
INFO: [ app_init ] --START--
INFO: Run Behavior\BuildLiteBehavior [ RunTime:0.000012s ]
INFO: [ app_init ] --END-- [ RunTime:0.000262s ]
INFO: [ app_begin ] --START--
INFO: Run Behavior\ReadHtmlCacheBehavior [ RunTime:0.000343s ]
INFO: [ app_begin ] --END-- [ RunTime:0.000384s ]
SQL: SHOW COLUMNS FROM `qz_user` [ RunTime:0.0006s ]
NOTIC: [8] Undefined index: validate /www/web/qiuxx/public_html/ThinkPHP/Library/Think/Model.class.php 第 1185 行.
SQL: SHOW COLUMNS FROM `qz_user` [ RunTime:0.0004s ]
SQL: SELECT * FROM `qz_user` WHERE `user_phone` = '18702783614' AND `user_password` = 'e10adc3949ba59abbe56e057f20f883e' LIMIT 1   [ RunTime:0.0002s ]
NOTIC: [8] Undefined index: auto /www/web/qiuxx/public_html/ThinkPHP/Library/Think/Model.class.php 第 1128 行.
SQL: SELECT `user_id` FROM `qz_user` WHERE `user_phone` = '18702783614' AND `user_password` = 'e10adc3949ba59abbe56e057f20f883e' LIMIT 1   [ RunTime:0.0001s ]
ERR: 1146:Table 'qiuxx.qz_token' doesn't exist
 [ SQL语句 ] : SHOW COLUMNS FROM `qz_token`
ERR: 1146:Table 'qiuxx.qz_token' doesn't exist
 [ SQL语句 ] : SHOW COLUMNS FROM `qz_token`

[ 2016-06-04T12:45:13+08:00 ] 183.38.69.114 /qzApi.php/UserInfo/login
INFO: [ app_init ] --START--
INFO: Run Behavior\BuildLiteBehavior [ RunTime:0.000013s ]
INFO: [ app_init ] --END-- [ RunTime:0.000276s ]
INFO: [ app_begin ] --START--
INFO: Run Behavior\ReadHtmlCacheBehavior [ RunTime:0.000343s ]
INFO: [ app_begin ] --END-- [ RunTime:0.000383s ]
SQL: SHOW COLUMNS FROM `qz_user` [ RunTime:0.0006s ]
NOTIC: [8] Undefined index: validate /www/web/qiuxx/public_html/ThinkPHP/Library/Think/Model.class.php 第 1185 行.

[ 2016-06-04T12:46:03+08:00 ] 183.38.69.114 /qzApi.php/UserInfo/login
INFO: [ app_init ] --START--
INFO: Run Behavior\BuildLiteBehavior [ RunTime:0.000012s ]
INFO: [ app_init ] --END-- [ RunTime:0.000290s ]
INFO: [ app_begin ] --START--
INFO: Run Behavior\ReadHtmlCacheBehavior [ RunTime:0.000495s ]
INFO: [ app_begin ] --END-- [ RunTime:0.000547s ]
SQL: SHOW COLUMNS FROM `qz_user` [ RunTime:0.0006s ]
NOTIC: [8] Undefined index: validate /www/web/qiuxx/public_html/ThinkPHP/Library/Think/Model.class.php 第 1185 行.
SQL: SHOW COLUMNS FROM `qz_user` [ RunTime:0.0005s ]
SQL: SELECT * FROM `qz_user` WHERE `user_phone` = '18702783614' AND `user_password` = 'e10adc3949ba59abbe56e057f20f883e' LIMIT 1   [ RunTime:0.0001s ]
NOTIC: [8] Undefined index: auto /www/web/qiuxx/public_html/ThinkPHP/Library/Think/Model.class.php 第 1128 行.
SQL: SELECT `user_id` FROM `qz_user` WHERE `user_phone` = '18702783614' AND `user_password` = 'e10adc3949ba59abbe56e057f20f883e' LIMIT 1   [ RunTime:0.0001s ]
SQL: SHOW COLUMNS FROM `qz_token` [ RunTime:0.0004s ]
SQL: INSERT INTO `qz_token` (`user_id`,`time`,`token`) VALUES ('3','1465015563','edfa4c8e7915b05860557cea69b0e916') [ RunTime:0.0002s ]

[ 2016-06-04T12:49:16+08:00 ] 183.38.69.114 /qzApi.php/UserInfo/login
INFO: [ app_init ] --START--
INFO: Run Behavior\BuildLiteBehavior [ RunTime:0.000018s ]
INFO: [ app_init ] --END-- [ RunTime:0.000378s ]
INFO: [ app_begin ] --START--
INFO: Run Behavior\ReadHtmlCacheBehavior [ RunTime:0.000350s ]
INFO: [ app_begin ] --END-- [ RunTime:0.000392s ]
SQL: SHOW COLUMNS FROM `qz_user` [ RunTime:0.0006s ]
NOTIC: [8] Undefined index: validate /www/web/qiuxx/public_html/ThinkPHP/Library/Think/Model.class.php 第 1185 行.
SQL: SHOW COLUMNS FROM `qz_user` [ RunTime:0.0004s ]
SQL: SELECT * FROM `qz_user` WHERE `user_phone` = '18702783614' AND `user_password` = 'e10adc3949ba59abbe56e057f20f883e' LIMIT 1   [ RunTime:0.0001s ]
NOTIC: [8] Undefined index: auto /www/web/qiuxx/public_html/ThinkPHP/Library/Think/Model.class.php 第 1128 行.
SQL: SELECT `user_id` FROM `qz_user` WHERE `user_phone` = '18702783614' AND `user_password` = 'e10adc3949ba59abbe56e057f20f883e' LIMIT 1   [ RunTime:0.0001s ]
SQL: SHOW COLUMNS FROM `qz_token` [ RunTime:0.0003s ]
SQL: INSERT INTO `qz_token` (`user_id`,`time`,`token`) VALUES ('3','1465015756','486c54493688c691486da4ae7c3b65be') [ RunTime:0.0002s ]

[ 2016-06-04T13:36:22+08:00 ] 183.38.69.114 /qzApi.php/UserInfo/forgetPwd
INFO: [ app_init ] --START--
INFO: Run Behavior\BuildLiteBehavior [ RunTime:0.000012s ]
INFO: [ app_init ] --END-- [ RunTime:0.000265s ]
INFO: [ app_begin ] --START--
INFO: Run Behavior\ReadHtmlCacheBehavior [ RunTime:0.000345s ]
INFO: [ app_begin ] --END-- [ RunTime:0.000385s ]
SQL: SHOW COLUMNS FROM `qz_user` [ RunTime:0.0006s ]
NOTIC: [8] Undefined index: validate /www/web/qiuxx/public_html/ThinkPHP/Library/Think/Model.class.php 第 1185 行.
NOTIC: [8] Undefined index: verify /www/web/qiuxx/public_html/ThinkPHP/Library/Think/Model.class.php 第 1303 行.

[ 2016-06-04T13:36:32+08:00 ] 183.38.69.114 /qzApi.php/UserInfo/forgetPwd
INFO: [ app_init ] --START--
INFO: Run Behavior\BuildLiteBehavior [ RunTime:0.000012s ]
INFO: [ app_init ] --END-- [ RunTime:0.000263s ]
INFO: [ app_begin ] --START--
INFO: Run Behavior\ReadHtmlCacheBehavior [ RunTime:0.000341s ]
INFO: [ app_begin ] --END-- [ RunTime:0.000380s ]
SQL: SHOW COLUMNS FROM `qz_user` [ RunTime:0.0006s ]
NOTIC: [8] Undefined index: validate /www/web/qiuxx/public_html/ThinkPHP/Library/Think/Model.class.php 第 1185 行.
NOTIC: [8] Undefined index: re_user_password /www/web/qiuxx/public_html/ThinkPHP/Library/Think/Model.class.php 第 1284 行.

[ 2016-06-04T13:36:45+08:00 ] 183.38.69.114 /qzApi.php/UserInfo/forgetPwd
INFO: [ app_init ] --START--
INFO: Run Behavior\BuildLiteBehavior [ RunTime:0.000013s ]
INFO: [ app_init ] --END-- [ RunTime:0.000281s ]
INFO: [ app_begin ] --START--
INFO: Run Behavior\ReadHtmlCacheBehavior [ RunTime:0.000356s ]
INFO: [ app_begin ] --END-- [ RunTime:0.000423s ]
SQL: SHOW COLUMNS FROM `qz_user` [ RunTime:0.0006s ]
NOTIC: [8] Undefined index: validate /www/web/qiuxx/public_html/ThinkPHP/Library/Think/Model.class.php 第 1185 行.
SQL: SHOW COLUMNS FROM `qz_verify` [ RunTime:0.0004s ]
SQL: SELECT * FROM `qz_verify` WHERE `phone` = '18702783614' AND `verify` = '1234' AND `status` = 1 LIMIT 1   [ RunTime:0.0002s ]

[ 2016-06-04T13:37:14+08:00 ] 183.38.69.114 /qzApi.php/UserInfo/forgetPwd
INFO: [ app_init ] --START--
INFO: Run Behavior\BuildLiteBehavior [ RunTime:0.000012s ]
INFO: [ app_init ] --END-- [ RunTime:0.000276s ]
INFO: [ app_begin ] --START--
INFO: Run Behavior\ReadHtmlCacheBehavior [ RunTime:0.000465s ]
INFO: [ app_begin ] --END-- [ RunTime:0.000505s ]
SQL: SHOW COLUMNS FROM `qz_user` [ RunTime:0.0006s ]
NOTIC: [8] Undefined index: validate /www/web/qiuxx/public_html/ThinkPHP/Library/Think/Model.class.php 第 1185 行.
SQL: SHOW COLUMNS FROM `qz_verify` [ RunTime:0.0004s ]
SQL: SELECT * FROM `qz_verify` WHERE `phone` = '18702783614' AND `verify` = '2418' AND `status` = 1 LIMIT 1   [ RunTime:0.0002s ]
NOTIC: [8] Undefined index: auto /www/web/qiuxx/public_html/ThinkPHP/Library/Think/Model.class.php 第 1128 行.
SQL: SHOW COLUMNS FROM `qz_user` [ RunTime:0.0004s ]
SQL: UPDATE `qz_user` SET `user_password`='fcea920f7412b5da7be0cf42b8c93759' WHERE `user_phone` = '18702783614' [ RunTime:0.0002s ]

[ 2016-06-04T13:37:35+08:00 ] 183.38.69.114 /qzApi.php/UserInfo/login
INFO: [ app_init ] --START--
INFO: Run Behavior\BuildLiteBehavior [ RunTime:0.000012s ]
INFO: [ app_init ] --END-- [ RunTime:0.000296s ]
INFO: [ app_begin ] --START--
INFO: Run Behavior\ReadHtmlCacheBehavior [ RunTime:0.000457s ]
INFO: [ app_begin ] --END-- [ RunTime:0.000499s ]
SQL: SHOW COLUMNS FROM `qz_user` [ RunTime:0.0006s ]
NOTIC: [8] Undefined index: validate /www/web/qiuxx/public_html/ThinkPHP/Library/Think/Model.class.php 第 1185 行.
SQL: SHOW COLUMNS FROM `qz_user` [ RunTime:0.0004s ]
SQL: SELECT * FROM `qz_user` WHERE `user_phone` = '18702783614' AND `user_password` = 'fcea920f7412b5da7be0cf42b8c93759' LIMIT 1   [ RunTime:0.0002s ]
NOTIC: [8] Undefined index: auto /www/web/qiuxx/public_html/ThinkPHP/Library/Think/Model.class.php 第 1128 行.
SQL: SELECT `user_id` FROM `qz_user` WHERE `user_phone` = '18702783614' AND `user_password` = 'fcea920f7412b5da7be0cf42b8c93759' LIMIT 1   [ RunTime:0.0001s ]
SQL: SHOW COLUMNS FROM `qz_token` [ RunTime:0.0004s ]
SQL: INSERT INTO `qz_token` (`user_id`,`time`,`token`) VALUES ('3','1465018655','7fa439b35866afdbeb8bf03eea880684') [ RunTime:0.0002s ]

[ 2016-06-04T13:39:55+08:00 ] 183.38.69.114 /qzApi.php/UserInfo/forgetPwd
INFO: [ app_init ] --START--
INFO: Run Behavior\BuildLiteBehavior [ RunTime:0.000028s ]
INFO: [ app_init ] --END-- [ RunTime:0.000294s ]
INFO: [ app_begin ] --START--
INFO: Run Behavior\ReadHtmlCacheBehavior [ RunTime:0.000417s ]
INFO: [ app_begin ] --END-- [ RunTime:0.000459s ]
SQL: SHOW COLUMNS FROM `qz_user` [ RunTime:0.0006s ]
NOTIC: [8] Undefined index: validate /www/web/qiuxx/public_html/ThinkPHP/Library/Think/Model.class.php 第 1185 行.
SQL: SHOW COLUMNS FROM `qz_verify` [ RunTime:0.0005s ]
SQL: SELECT * FROM `qz_verify` WHERE `phone` = '18702783614' AND `verify` = '2418' AND `status` = 1 LIMIT 1   [ RunTime:0.0001s ]
NOTIC: [8] Undefined index: auto /www/web/qiuxx/public_html/ThinkPHP/Library/Think/Model.class.php 第 1128 行.
SQL: SHOW COLUMNS FROM `qz_user` [ RunTime:0.0004s ]
SQL: UPDATE `qz_user` SET `user_password`='e10adc3949ba59abbe56e057f20f883e' WHERE `user_phone` = '18702783614' [ RunTime:0.0002s ]

[ 2016-06-04T20:16:57+08:00 ] 14.17.34.189 /qzApi.php/UserInfo/login
INFO: [ app_init ] --START--
INFO: Run Behavior\BuildLiteBehavior [ RunTime:0.000014s ]
INFO: [ app_init ] --END-- [ RunTime:0.000273s ]
INFO: [ app_begin ] --START--
INFO: Run Behavior\ReadHtmlCacheBehavior [ RunTime:0.000338s ]
INFO: [ app_begin ] --END-- [ RunTime:0.000377s ]
SQL: SHOW COLUMNS FROM `qz_user` [ RunTime:0.0005s ]

[ 2016-06-04T20:16:57+08:00 ] 119.147.207.158 /qzApi.php/UserInfo/login
INFO: [ app_init ] --START--
INFO: Run Behavior\BuildLiteBehavior [ RunTime:0.000012s ]
INFO: [ app_init ] --END-- [ RunTime:0.000285s ]
INFO: [ app_begin ] --START--
INFO: Run Behavior\ReadHtmlCacheBehavior [ RunTime:0.000349s ]
INFO: [ app_begin ] --END-- [ RunTime:0.000388s ]
SQL: SHOW COLUMNS FROM `qz_user` [ RunTime:0.0006s ]

