[ 2016-06-01T16:46:33+08:00 ] 101.226.64.174 /qzApi.php/Currency/verify
INFO: [ app_init ] --START--
INFO: Run Behavior\BuildLiteBehavior [ RunTime:0.000013s ]
INFO: [ app_init ] --END-- [ RunTime:0.000287s ]
INFO: [ app_begin ] --START--
INFO: Run Behavior\ReadHtmlCacheBehavior [ RunTime:0.000349s ]
INFO: [ app_begin ] --END-- [ RunTime:0.000388s ]

[ 2016-06-01T17:37:38+08:00 ] 113.116.31.29 /qzApi.php
INFO: [ app_init ] --START--
INFO: Run Behavior\BuildLiteBehavior [ RunTime:0.000011s ]
INFO: [ app_init ] --END-- [ RunTime:0.000265s ]
INFO: [ app_begin ] --START--
INFO: Run Behavior\ReadHtmlCacheBehavior [ RunTime:0.000351s ]
INFO: [ app_begin ] --END-- [ RunTime:0.000389s ]
INFO: [ app_end ] --START--
INFO: Run Behavior\ShowPageTraceBehavior [ RunTime:0.000468s ]
INFO: [ app_end ] --END-- [ RunTime:0.000507s ]

[ 2016-06-01T22:00:56+08:00 ] 183.14.60.95 /qzApi.php/Currency/startImg
INFO: [ app_init ] --START--
INFO: Run Behavior\BuildLiteBehavior [ RunTime:0.000012s ]
INFO: [ app_init ] --END-- [ RunTime:0.000273s ]
INFO: [ app_begin ] --START--
INFO: Run Behavior\ReadHtmlCacheBehavior [ RunTime:0.000343s ]
INFO: [ app_begin ] --END-- [ RunTime:0.000381s ]
SQL: SHOW COLUMNS FROM `qz_image` [ RunTime:0.0006s ]
SQL: SELECT img_id as id,`create_time`,concat('http://qiuxx.com/Uploads/',img_url) as image_url FROM `qz_image` WHERE `status` = 1 ORDER BY create_time desc  [ RunTime:0.0001s ]

[ 2016-06-01T22:01:06+08:00 ] 183.14.60.95 /qzApi.php/Currency/img
INFO: [ app_init ] --START--
INFO: Run Behavior\BuildLiteBehavior [ RunTime:0.000012s ]
INFO: [ app_init ] --END-- [ RunTime:0.000286s ]
INFO: [ app_begin ] --START--
INFO: Run Behavior\ReadHtmlCacheBehavior [ RunTime:0.000344s ]
INFO: [ app_begin ] --END-- [ RunTime:0.000384s ]
NOTIC: [2] call_user_func() expects parameter 1 to be a valid callback, no array or string given /www/web/qiuxx/public_html/ThinkPHP/Library/Think/Upload.class.php 第 170 行.
ERR: 不存在的图像文件

[ 2016-06-01T22:04:35+08:00 ] 183.14.60.95 /qzApi.php/Currency/img
INFO: [ app_init ] --START--
INFO: Run Behavior\BuildLiteBehavior [ RunTime:0.000013s ]
INFO: [ app_init ] --END-- [ RunTime:0.000266s ]
INFO: [ app_begin ] --START--
INFO: Run Behavior\ReadHtmlCacheBehavior [ RunTime:0.000379s ]
INFO: [ app_begin ] --END-- [ RunTime:0.000418s ]
NOTIC: [2] finfo_file(): Empty filename or path /www/web/qiuxx/public_html/ThinkPHP/Library/Think/Upload.class.php 第 152 行.

[ 2016-06-01T22:04:48+08:00 ] 183.14.60.95 /qzApi.php/Currency/startImg
INFO: [ app_init ] --START--
INFO: Run Behavior\BuildLiteBehavior [ RunTime:0.000013s ]
INFO: [ app_init ] --END-- [ RunTime:0.000294s ]
INFO: [ app_begin ] --START--
INFO: Run Behavior\ReadHtmlCacheBehavior [ RunTime:0.000352s ]
INFO: [ app_begin ] --END-- [ RunTime:0.000390s ]
SQL: SHOW COLUMNS FROM `qz_image` [ RunTime:0.0006s ]
SQL: SELECT img_id as id,`create_time`,concat('http://qiuxx.com/Uploads/',img_url) as image_url FROM `qz_image` WHERE `status` = 1 ORDER BY create_time desc  [ RunTime:0.0001s ]

[ 2016-06-01T22:05:50+08:00 ] 183.14.60.95 /qzApi.php/Currency/img
INFO: [ app_init ] --START--
INFO: Run Behavior\BuildLiteBehavior [ RunTime:0.000012s ]
INFO: [ app_init ] --END-- [ RunTime:0.000281s ]
INFO: [ app_begin ] --START--
INFO: Run Behavior\ReadHtmlCacheBehavior [ RunTime:0.000346s ]
INFO: [ app_begin ] --END-- [ RunTime:0.000387s ]
NOTIC: [2] finfo_file(): Empty filename or path /www/web/qiuxx/public_html/ThinkPHP/Library/Think/Upload.class.php 第 152 行.

[ 2016-06-01T22:06:50+08:00 ] 183.14.60.95 /qzApi.php/Currency/img
INFO: [ app_init ] --START--
INFO: Run Behavior\BuildLiteBehavior [ RunTime:0.000013s ]
INFO: [ app_init ] --END-- [ RunTime:0.000269s ]
INFO: [ app_begin ] --START--
INFO: Run Behavior\ReadHtmlCacheBehavior [ RunTime:0.000419s ]
INFO: [ app_begin ] --END-- [ RunTime:0.000473s ]
NOTIC: [2] call_user_func() expects parameter 1 to be a valid callback, no array or string given /www/web/qiuxx/public_html/ThinkPHP/Library/Think/Upload.class.php 第 170 行.
SQL: SHOW COLUMNS FROM `qz_temp_image` [ RunTime:0.0007s ]
SQL: INSERT INTO `qz_temp_image` (`img`,`thumb_img`,`create_time`,`status`) VALUES ('./Temp/2016-06-01/574eebfaa407f.jpg','./Temp/2016-06-01/thumb574eebfaa407f.jpg','1464790010','1') [ RunTime:0.0002s ]

[ 2016-06-01T23:45:23+08:00 ] 183.14.60.95 /qzApi.php/UserInfo/reg
INFO: [ app_init ] --START--
INFO: Run Behavior\BuildLiteBehavior [ RunTime:0.000013s ]
INFO: [ app_init ] --END-- [ RunTime:0.000273s ]
INFO: [ app_begin ] --START--
INFO: Run Behavior\ReadHtmlCacheBehavior [ RunTime:0.000337s ]
INFO: [ app_begin ] --END-- [ RunTime:0.000377s ]
ERR: 1146:Table 'qiuxx.qz_user' doesn't exist
 [ SQL语句 ] : SHOW COLUMNS FROM `qz_user`
ERR: 1146:Table 'qiuxx.qz_user' doesn't exist
 [ SQL语句 ] : SHOW COLUMNS FROM `qz_user`

[ 2016-06-01T23:45:52+08:00 ] 183.14.60.95 /qzApi.php/UserInfo/reg
INFO: [ app_init ] --START--
INFO: Run Behavior\BuildLiteBehavior [ RunTime:0.000013s ]
INFO: [ app_init ] --END-- [ RunTime:0.000277s ]
INFO: [ app_begin ] --START--
INFO: Run Behavior\ReadHtmlCacheBehavior [ RunTime:0.000360s ]
INFO: [ app_begin ] --END-- [ RunTime:0.000401s ]
SQL: SHOW COLUMNS FROM `qz_user` [ RunTime:0.0006s ]

[ 2016-06-01T23:46:42+08:00 ] 183.14.60.95 /qzApi.php/UserInfo/reg
INFO: [ app_init ] --START--
INFO: Run Behavior\BuildLiteBehavior [ RunTime:0.000017s ]
INFO: [ app_init ] --END-- [ RunTime:0.000426s ]
INFO: [ app_begin ] --START--
INFO: Run Behavior\ReadHtmlCacheBehavior [ RunTime:0.000471s ]
INFO: [ app_begin ] --END-- [ RunTime:0.000520s ]
SQL: SHOW COLUMNS FROM `qz_user` [ RunTime:0.0006s ]
NOTIC: [8] Undefined index: validate /www/web/qiuxx/public_html/ThinkPHP/Library/Think/Model.class.php 第 1185 行.
SQL: SELECT * FROM `qz_user` WHERE `user_phone` = '18702783614' LIMIT 1   [ RunTime:0.0002s ]
SQL: SHOW COLUMNS FROM `qz_verify` [ RunTime:0.0004s ]
SQL: SELECT * FROM `qz_verify` WHERE `phone` = '18702783614' AND `verify` = '2418' AND `status` = 1 LIMIT 1   [ RunTime:0.0002s ]
NOTIC: [8] Undefined index: auto /www/web/qiuxx/public_html/ThinkPHP/Library/Think/Model.class.php 第 1128 行.
SQL: SELECT `user_id`,`user_num` FROM `qz_user` ORDER BY user_id desc LIMIT 1   [ RunTime:0.0001s ]
SQL: INSERT INTO `qz_user` (`user_phone`,`user_name`,`user_birthday`,`user_address`,`user_sex`,`user_password`,`create_time`,`update_time`,`user_num`) VALUES ('18702783614','沈立华','1234567890','湖北洪湖','1','e10adc3949ba59abbe56e057f20f883e','1464796002','1464796002','100000') [ RunTime:0.0002s ]
SQL: UPDATE `qz_verify` SET `status`='2' WHERE `phone` = '18702783614' AND `verify` = '2418' AND `status` = 1 [ RunTime:0.0001s ]

[ 2016-06-01T23:50:34+08:00 ] 183.14.60.95 /qzApi.php/UserInfo/reg
INFO: [ app_init ] --START--
INFO: Run Behavior\BuildLiteBehavior [ RunTime:0.000012s ]
INFO: [ app_init ] --END-- [ RunTime:0.000264s ]
INFO: [ app_begin ] --START--
INFO: Run Behavior\ReadHtmlCacheBehavior [ RunTime:0.000357s ]
INFO: [ app_begin ] --END-- [ RunTime:0.000397s ]
SQL: SHOW COLUMNS FROM `qz_user` [ RunTime:0.0006s ]
NOTIC: [8] Undefined index: validate /www/web/qiuxx/public_html/ThinkPHP/Library/Think/Model.class.php 第 1185 行.

[ 2016-06-01T23:50:42+08:00 ] 183.14.60.95 /qzApi.php/UserInfo/reg
INFO: [ app_init ] --START--
INFO: Run Behavior\BuildLiteBehavior [ RunTime:0.000012s ]
INFO: [ app_init ] --END-- [ RunTime:0.000260s ]
INFO: [ app_begin ] --START--
INFO: Run Behavior\ReadHtmlCacheBehavior [ RunTime:0.000355s ]
INFO: [ app_begin ] --END-- [ RunTime:0.000394s ]
SQL: SHOW COLUMNS FROM `qz_user` [ RunTime:0.0006s ]
NOTIC: [8] Undefined index: validate /www/web/qiuxx/public_html/ThinkPHP/Library/Think/Model.class.php 第 1185 行.
SQL: SELECT * FROM `qz_user` WHERE `user_phone` = '18702783613' LIMIT 1   [ RunTime:0.0002s ]
SQL: SHOW COLUMNS FROM `qz_verify` [ RunTime:0.0003s ]
SQL: SELECT * FROM `qz_verify` WHERE `phone` = '18702783613' AND `verify` = '4587' AND `status` = 1 LIMIT 1   [ RunTime:0.0002s ]

[ 2016-06-01T23:50:47+08:00 ] 183.14.60.95 /qzApi.php/UserInfo/reg
INFO: [ app_init ] --START--
INFO: Run Behavior\BuildLiteBehavior [ RunTime:0.000013s ]
INFO: [ app_init ] --END-- [ RunTime:0.000284s ]
INFO: [ app_begin ] --START--
INFO: Run Behavior\ReadHtmlCacheBehavior [ RunTime:0.000352s ]
INFO: [ app_begin ] --END-- [ RunTime:0.000403s ]
SQL: SHOW COLUMNS FROM `qz_user` [ RunTime:0.0006s ]
NOTIC: [8] Undefined index: validate /www/web/qiuxx/public_html/ThinkPHP/Library/Think/Model.class.php 第 1185 行.
SQL: SELECT * FROM `qz_user` WHERE `user_phone` = '18702783613' LIMIT 1   [ RunTime:0.0001s ]
SQL: SHOW COLUMNS FROM `qz_verify` [ RunTime:0.0004s ]
SQL: SELECT * FROM `qz_verify` WHERE `phone` = '18702783613' AND `verify` = '4589' AND `status` = 1 LIMIT 1   [ RunTime:0.0002s ]

[ 2016-06-01T23:58:17+08:00 ] 183.14.60.95 /qzApi.php/UserInfo/reg
INFO: [ app_init ] --START--
INFO: Run Behavior\BuildLiteBehavior [ RunTime:0.000012s ]
INFO: [ app_init ] --END-- [ RunTime:0.000272s ]
INFO: [ app_begin ] --START--
INFO: Run Behavior\ReadHtmlCacheBehavior [ RunTime:0.000331s ]
INFO: [ app_begin ] --END-- [ RunTime:0.000372s ]
SQL: SHOW COLUMNS FROM `qz_user` [ RunTime:0.0006s ]
NOTIC: [8] Undefined index: validate /www/web/qiuxx/public_html/ThinkPHP/Library/Think/Model.class.php 第 1185 行.
SQL: SELECT * FROM `qz_user` WHERE `user_phone` = '18702783613' LIMIT 1   [ RunTime:0.0002s ]
SQL: SHOW COLUMNS FROM `qz_verify` [ RunTime:0.0004s ]
SQL: SELECT * FROM `qz_verify` WHERE `phone` = '18702783613' AND `verify` = '4589' AND `status` = 1 LIMIT 1   [ RunTime:0.0002s ]
NOTIC: [8] Undefined index: auto /www/web/qiuxx/public_html/ThinkPHP/Library/Think/Model.class.php 第 1128 行.
SQL: SELECT `user_id`,`user_num` FROM `qz_user` ORDER BY user_id desc LIMIT 1   [ RunTime:0.0001s ]
SQL: SHOW COLUMNS FROM `qz_temp_image` [ RunTime:0.0004s ]
SQL: SELECT `img` FROM `qz_temp_image` WHERE `id` = 10 LIMIT 1   [ RunTime:0.0001s ]
SQL: SELECT `thumb_img` FROM `qz_temp_image` WHERE `id` = 10 LIMIT 1   [ RunTime:0.0001s ]
ERR: 1048:Column 'user_head_img' cannot be null
 [ SQL语句 ] : INSERT INTO `qz_user` (`user_phone`,`user_name`,`user_birthday`,`user_address`,`user_sex`,`user_password`,`create_time`,`update_time`,`user_num`,`user_head_img`,`user_head_thumb_img`) VALUES ('18702783613','张三','1234567890','湖北洪湖','1','e10adc3949ba59abbe56e057f20f883e','1464796697','1464796697','100003',NULL,NULL)
ERR: 1048:Column 'user_head_img' cannot be null
 [ SQL语句 ] : INSERT INTO `qz_user` (`user_phone`,`user_name`,`user_birthday`,`user_address`,`user_sex`,`user_password`,`create_time`,`update_time`,`user_num`,`user_head_img`,`user_head_thumb_img`) VALUES ('18702783613','张三','1234567890','湖北洪湖','1','e10adc3949ba59abbe56e057f20f883e','1464796697','1464796697','100003',NULL,NULL)

[ 2016-06-01T23:59:13+08:00 ] 183.14.60.95 /qzApi.php/UserInfo/reg
INFO: [ app_init ] --START--
INFO: Run Behavior\BuildLiteBehavior [ RunTime:0.000012s ]
INFO: [ app_init ] --END-- [ RunTime:0.000268s ]
INFO: [ app_begin ] --START--
INFO: Run Behavior\ReadHtmlCacheBehavior [ RunTime:0.000331s ]
INFO: [ app_begin ] --END-- [ RunTime:0.000372s ]
SQL: SHOW COLUMNS FROM `qz_user` [ RunTime:0.0006s ]
NOTIC: [8] Undefined index: validate /www/web/qiuxx/public_html/ThinkPHP/Library/Think/Model.class.php 第 1185 行.
SQL: SELECT * FROM `qz_user` WHERE `user_phone` = '18702783613' LIMIT 1   [ RunTime:0.0001s ]
SQL: SHOW COLUMNS FROM `qz_verify` [ RunTime:0.0004s ]
SQL: SELECT * FROM `qz_verify` WHERE `phone` = '18702783613' AND `verify` = '4589' AND `status` = 1 LIMIT 1   [ RunTime:0.0001s ]
NOTIC: [8] Undefined index: auto /www/web/qiuxx/public_html/ThinkPHP/Library/Think/Model.class.php 第 1128 行.
SQL: SELECT `user_id`,`user_num` FROM `qz_user` ORDER BY user_id desc LIMIT 1   [ RunTime:0.0001s ]
SQL: SHOW COLUMNS FROM `qz_temp_image` [ RunTime:0.0004s ]
SQL: SELECT `img` FROM `qz_temp_image` WHERE `id` = 10 LIMIT 1   [ RunTime:0.0001s ]

