[ 2016-07-25T08:42:37+08:00 ] 223.104.38.206 /qzApi.php/UserInfo/login
INFO: [ app_init ] --START--
INFO: Run Behavior\BuildLiteBehavior [ RunTime:0.000012s ]
INFO: [ app_init ] --END-- [ RunTime:0.000279s ]
INFO: [ app_begin ] --START--
INFO: Run Behavior\ReadHtmlCacheBehavior [ RunTime:0.000329s ]
INFO: [ app_begin ] --END-- [ RunTime:0.000370s ]
SQL: SHOW COLUMNS FROM `qz_user` [ RunTime:0.0006s ]
NOTIC: [8] Undefined index: validate /www/web/qiuxx/public_html/ThinkPHP/Library/Think/Model.class.php 第 1185 行.
SQL: SHOW COLUMNS FROM `qz_user` [ RunTime:0.0004s ]
SQL: SELECT * FROM `qz_user` WHERE `user_phone` = '13581644632' AND `user_password` = '55587a910882016321201e6ebbc9f595' LIMIT 1   [ RunTime:0.0002s ]

[ 2016-07-25T08:42:41+08:00 ] 223.104.38.206 /qzApi.php/UserInfo/login
INFO: [ app_init ] --START--
INFO: Run Behavior\BuildLiteBehavior [ RunTime:0.000012s ]
INFO: [ app_init ] --END-- [ RunTime:0.000268s ]
INFO: [ app_begin ] --START--
INFO: Run Behavior\ReadHtmlCacheBehavior [ RunTime:0.000332s ]
INFO: [ app_begin ] --END-- [ RunTime:0.000372s ]
SQL: SHOW COLUMNS FROM `qz_user` [ RunTime:0.0006s ]
NOTIC: [8] Undefined index: validate /www/web/qiuxx/public_html/ThinkPHP/Library/Think/Model.class.php 第 1185 行.
SQL: SHOW COLUMNS FROM `qz_user` [ RunTime:0.0004s ]
SQL: SELECT * FROM `qz_user` WHERE `user_phone` = '13581644632' AND `user_password` = '55587a910882016321201e6ebbc9f595' LIMIT 1   [ RunTime:0.0001s ]

[ 2016-07-25T08:42:46+08:00 ] 223.104.38.206 /qzApi.php/UserInfo/login
INFO: [ app_init ] --START--
INFO: Run Behavior\BuildLiteBehavior [ RunTime:0.000013s ]
INFO: [ app_init ] --END-- [ RunTime:0.000280s ]
INFO: [ app_begin ] --START--
INFO: Run Behavior\ReadHtmlCacheBehavior [ RunTime:0.000362s ]
INFO: [ app_begin ] --END-- [ RunTime:0.000402s ]
SQL: SHOW COLUMNS FROM `qz_user` [ RunTime:0.0006s ]
NOTIC: [8] Undefined index: validate /www/web/qiuxx/public_html/ThinkPHP/Library/Think/Model.class.php 第 1185 行.
SQL: SHOW COLUMNS FROM `qz_user` [ RunTime:0.0005s ]
SQL: SELECT * FROM `qz_user` WHERE `user_phone` = '13581644632' AND `user_password` = '6de5c55d391f822ef0d93a1a09bf32d7' LIMIT 1   [ RunTime:0.0003s ]
NOTIC: [8] Undefined index: auto /www/web/qiuxx/public_html/ThinkPHP/Library/Think/Model.class.php 第 1128 行.
SQL: SELECT `user_id` FROM `qz_user` WHERE `user_phone` = '13581644632' AND `user_password` = '6de5c55d391f822ef0d93a1a09bf32d7' LIMIT 1   [ RunTime:0.0002s ]
SQL: SHOW COLUMNS FROM `qz_token` [ RunTime:0.0004s ]
SQL: INSERT INTO `qz_token` (`user_id`,`time`,`token`) VALUES ('30','1469407366','52d52b7eee3960cb305de216e4e5f3f3') [ RunTime:0.0002s ]

[ 2016-07-25T09:55:47+08:00 ] 113.78.163.44 /qzApi.php/UserInfo/login
INFO: [ app_init ] --START--
INFO: Run Behavior\BuildLiteBehavior [ RunTime:0.000019s ]
INFO: [ app_init ] --END-- [ RunTime:0.000450s ]
INFO: [ app_begin ] --START--
INFO: Run Behavior\ReadHtmlCacheBehavior [ RunTime:0.000582s ]
INFO: [ app_begin ] --END-- [ RunTime:0.000648s ]
SQL: SHOW COLUMNS FROM `qz_user` [ RunTime:0.0006s ]
NOTIC: [8] Undefined index: validate /www/web/qiuxx/public_html/ThinkPHP/Library/Think/Model.class.php 第 1185 行.
SQL: SHOW COLUMNS FROM `qz_user` [ RunTime:0.0005s ]
SQL: SELECT * FROM `qz_user` WHERE `user_phone` = '15700790563' AND `user_password` = 'e10adc3949ba59abbe56e057f20f883e' LIMIT 1   [ RunTime:0.0003s ]
NOTIC: [8] Undefined index: auto /www/web/qiuxx/public_html/ThinkPHP/Library/Think/Model.class.php 第 1128 行.
SQL: SELECT `user_id` FROM `qz_user` WHERE `user_phone` = '15700790563' AND `user_password` = 'e10adc3949ba59abbe56e057f20f883e' LIMIT 1   [ RunTime:0.0001s ]
SQL: SHOW COLUMNS FROM `qz_token` [ RunTime:0.0003s ]
SQL: INSERT INTO `qz_token` (`user_id`,`time`,`token`) VALUES ('20','1469411747','0b7fd2dfa2fa0bfa502fc1d1b7a92187') [ RunTime:0.0002s ]

[ 2016-07-25T16:06:24+08:00 ] 61.141.245.74 /qzApi.php/UserInfo/updateUserInfo
INFO: [ app_init ] --START--
INFO: Run Behavior\BuildLiteBehavior [ RunTime:0.000013s ]
INFO: [ app_init ] --END-- [ RunTime:0.000265s ]
INFO: [ app_begin ] --START--
INFO: Run Behavior\ReadHtmlCacheBehavior [ RunTime:0.000332s ]
INFO: [ app_begin ] --END-- [ RunTime:0.000372s ]
SQL: SHOW COLUMNS FROM `qz_token` [ RunTime:0.0251s ]
SQL: SELECT user.user_id,`user_num`,`user_level`,`user_auth`,`user_phone`,`user_name`,`user_head_img`,`user_birthday`,`user_address`,`user_sex` FROM `qz_token` left JOIN qz_user as user on qz_token.user_id=user.user_id  WHERE `token` = 'edfa4c8e7915b05860557cea69b0e916' LIMIT 1   [ RunTime:0.0003s ]
SQL: SHOW COLUMNS FROM `qz_user` [ RunTime:0.0005s ]
SQL: UPDATE `qz_user` SET `update_time`='1469433984' WHERE `user_id` = 3 [ RunTime:0.0002s ]

[ 2016-07-25T16:08:01+08:00 ] 61.141.245.74 /qzApi.php/UserInfo/updateUserInfo
INFO: [ app_init ] --START--
INFO: Run Behavior\BuildLiteBehavior [ RunTime:0.000013s ]
INFO: [ app_init ] --END-- [ RunTime:0.000281s ]
INFO: [ app_begin ] --START--
INFO: Run Behavior\ReadHtmlCacheBehavior [ RunTime:0.000349s ]
INFO: [ app_begin ] --END-- [ RunTime:0.000390s ]
SQL: SHOW COLUMNS FROM `qz_token` [ RunTime:0.0007s ]
SQL: SELECT user.user_id,`user_num`,`user_level`,`user_auth`,`user_phone`,`user_name`,`user_head_img`,`user_birthday`,`user_address`,`user_sex` FROM `qz_token` left JOIN qz_user as user on qz_token.user_id=user.user_id  WHERE `token` = 'edfa4c8e7915b05860557cea69b0e916' LIMIT 1   [ RunTime:0.0003s ]

[ 2016-07-25T16:08:21+08:00 ] 61.141.245.74 /qzApi.php/UserInfo/updateUserInfo
INFO: [ app_init ] --START--
INFO: Run Behavior\BuildLiteBehavior [ RunTime:0.000012s ]
INFO: [ app_init ] --END-- [ RunTime:0.000400s ]
INFO: [ app_begin ] --START--
INFO: Run Behavior\ReadHtmlCacheBehavior [ RunTime:0.000386s ]
INFO: [ app_begin ] --END-- [ RunTime:0.000427s ]
SQL: SHOW COLUMNS FROM `qz_token` [ RunTime:0.0006s ]
SQL: SELECT user.user_id,`user_num`,`user_level`,`user_auth`,`user_phone`,`user_name`,`user_head_img`,`user_birthday`,`user_address`,`user_sex` FROM `qz_token` left JOIN qz_user as user on qz_token.user_id=user.user_id  WHERE `token` = 'edfa4c8e7915b05860557cea69b0e916' LIMIT 1   [ RunTime:0.0001s ]
SQL: SHOW COLUMNS FROM `qz_user` [ RunTime:0.0005s ]
SQL: UPDATE `qz_user` SET `user_name`='a蒜-修改',`update_time`='1469434101' WHERE `user_id` = 3 [ RunTime:0.0002s ]

[ 2016-07-25T16:11:03+08:00 ] 61.141.245.74 /qzApi.php/UserInfo/updateUserInfo
INFO: [ app_init ] --START--
INFO: Run Behavior\BuildLiteBehavior [ RunTime:0.000012s ]
INFO: [ app_init ] --END-- [ RunTime:0.000271s ]
INFO: [ app_begin ] --START--
INFO: Run Behavior\ReadHtmlCacheBehavior [ RunTime:0.000343s ]
INFO: [ app_begin ] --END-- [ RunTime:0.000383s ]
SQL: SHOW COLUMNS FROM `qz_token` [ RunTime:0.0006s ]
SQL: SELECT user.user_id,`user_num`,`user_level`,`user_auth`,`user_phone`,`user_name`,`user_head_img`,`user_birthday`,`user_address`,`user_sex` FROM `qz_token` left JOIN qz_user as user on qz_token.user_id=user.user_id  WHERE `token` = 'edfa4c8e7915b05860557cea69b0e916' LIMIT 1   [ RunTime:0.0002s ]
SQL: SHOW COLUMNS FROM `qz_user` [ RunTime:0.0005s ]
SQL: UPDATE `qz_user` SET `user_name`='a蒜-修改',`user_birthday`='713462400',`update_time`='1469434263' WHERE `user_id` = 3 [ RunTime:0.0002s ]

[ 2016-07-25T16:11:48+08:00 ] 61.141.245.74 /qzApi.php/UserInfo/updateUserInfo
INFO: [ app_init ] --START--
INFO: Run Behavior\BuildLiteBehavior [ RunTime:0.000022s ]
INFO: [ app_init ] --END-- [ RunTime:0.000338s ]
INFO: [ app_begin ] --START--
INFO: Run Behavior\ReadHtmlCacheBehavior [ RunTime:0.000348s ]
INFO: [ app_begin ] --END-- [ RunTime:0.000388s ]
SQL: SHOW COLUMNS FROM `qz_token` [ RunTime:0.0005s ]
SQL: SELECT user.user_id,`user_num`,`user_level`,`user_auth`,`user_phone`,`user_name`,`user_head_img`,`user_birthday`,`user_address`,`user_sex` FROM `qz_token` left JOIN qz_user as user on qz_token.user_id=user.user_id  WHERE `token` = 'edfa4c8e7915b05860557cea69b0e916' LIMIT 1   [ RunTime:0.0003s ]
SQL: SHOW COLUMNS FROM `qz_user` [ RunTime:0.0005s ]
SQL: UPDATE `qz_user` SET `user_name`='a蒜-修改',`user_email`='1104753531@qq.com',`update_time`='1469434308' WHERE `user_id` = 3 [ RunTime:0.0002s ]

