[ 2016-09-09T09:50:39+08:00 ] ::1 /project/qzApi.php/UserInfo/reg
INFO: [ app_init ] --START--
INFO: Run Behavior\BuildLiteBehavior [ RunTime:0.000000s ]
INFO: [ app_init ] --END-- [ RunTime:0.003000s ]
INFO: [ app_begin ] --START--
INFO: Run Behavior\ReadHtmlCacheBehavior [ RunTime:0.001000s ]
INFO: [ app_begin ] --END-- [ RunTime:0.001000s ]
SQL: SHOW COLUMNS FROM `qz_user` [ RunTime:0.0100s ]
NOTIC: [8] Undefined index: validate D:\WWW\project\ThinkPHP\Library\Think\Model.class.php 第 1185 行.
SQL: SELECT * FROM `qz_user` WHERE `user_phone` = '18702783600' LIMIT 1   [ RunTime:0.0010s ]
SQL: SHOW COLUMNS FROM `qz_verify` [ RunTime:0.0090s ]
SQL: SELECT * FROM `qz_verify` WHERE `phone` = '18702783600' AND `verify` = '68110' AND `status` = 1 LIMIT 1   [ RunTime:0.0000s ]

[ 2016-09-09T09:51:08+08:00 ] ::1 /project/qzApi.php/UserInfo/reg
INFO: [ app_init ] --START--
INFO: Run Behavior\BuildLiteBehavior [ RunTime:0.000000s ]
INFO: [ app_init ] --END-- [ RunTime:0.001000s ]
INFO: [ app_begin ] --START--
INFO: Run Behavior\ReadHtmlCacheBehavior [ RunTime:0.000000s ]
INFO: [ app_begin ] --END-- [ RunTime:0.000000s ]
SQL: SHOW COLUMNS FROM `qz_user` [ RunTime:0.0090s ]
NOTIC: [8] Undefined index: validate D:\WWW\project\ThinkPHP\Library\Think\Model.class.php 第 1185 行.
SQL: SELECT * FROM `qz_user` WHERE `user_phone` = '18702783600' LIMIT 1   [ RunTime:0.0000s ]
SQL: SHOW COLUMNS FROM `qz_verify` [ RunTime:0.0080s ]
SQL: SELECT * FROM `qz_verify` WHERE `phone` = '18702783600' AND `verify` = '68110' AND `status` = 1 LIMIT 1   [ RunTime:0.0010s ]

[ 2016-09-09T09:52:30+08:00 ] ::1 /project/qzApi.php/UserInfo/reg
INFO: [ app_init ] --START--
INFO: Run Behavior\BuildLiteBehavior [ RunTime:0.000000s ]
INFO: [ app_init ] --END-- [ RunTime:0.001000s ]
INFO: [ app_begin ] --START--
INFO: Run Behavior\ReadHtmlCacheBehavior [ RunTime:0.000000s ]
INFO: [ app_begin ] --END-- [ RunTime:0.000000s ]
SQL: SHOW COLUMNS FROM `qz_user` [ RunTime:0.0100s ]
NOTIC: [8] Undefined index: validate D:\WWW\project\ThinkPHP\Library\Think\Model.class.php 第 1185 行.
SQL: SELECT * FROM `qz_user` WHERE `user_phone` = '18702783600' LIMIT 1   [ RunTime:0.0010s ]
SQL: SHOW COLUMNS FROM `qz_verify` [ RunTime:0.0080s ]
SQL: SELECT * FROM `qz_verify` WHERE `phone` = '18702783600' AND `verify` = '68110' AND `status` = 1 LIMIT 1   [ RunTime:0.0010s ]

[ 2016-09-09T09:52:54+08:00 ] ::1 /project/qzApi.php/UserInfo/reg
INFO: [ app_init ] --START--
INFO: Run Behavior\BuildLiteBehavior [ RunTime:0.000000s ]
INFO: [ app_init ] --END-- [ RunTime:0.001000s ]
INFO: [ app_begin ] --START--
INFO: Run Behavior\ReadHtmlCacheBehavior [ RunTime:0.001000s ]
INFO: [ app_begin ] --END-- [ RunTime:0.001000s ]
SQL: SHOW COLUMNS FROM `qz_user` [ RunTime:0.0100s ]
NOTIC: [8] Undefined index: validate D:\WWW\project\ThinkPHP\Library\Think\Model.class.php 第 1185 行.

[ 2016-09-09T09:53:07+08:00 ] ::1 /project/qzApi.php/UserInfo/reg
INFO: [ app_init ] --START--
INFO: Run Behavior\BuildLiteBehavior [ RunTime:0.000000s ]
INFO: [ app_init ] --END-- [ RunTime:0.000000s ]
INFO: [ app_begin ] --START--
INFO: Run Behavior\ReadHtmlCacheBehavior [ RunTime:0.000000s ]
INFO: [ app_begin ] --END-- [ RunTime:0.000000s ]
SQL: SHOW COLUMNS FROM `qz_user` [ RunTime:0.0090s ]
NOTIC: [8] Undefined index: validate D:\WWW\project\ThinkPHP\Library\Think\Model.class.php 第 1185 行.
SQL: SELECT * FROM `qz_user` WHERE `user_phone` = '18702783600' LIMIT 1   [ RunTime:0.0010s ]
SQL: SHOW COLUMNS FROM `qz_verify` [ RunTime:0.0080s ]
SQL: SELECT * FROM `qz_verify` WHERE `phone` = '18702783600' AND `verify` = '68110' AND `status` = 1 LIMIT 1   [ RunTime:0.0010s ]

[ 2016-09-09T09:53:35+08:00 ] ::1 /project/qzApi.php/UserInfo/reg
INFO: [ app_init ] --START--
INFO: Run Behavior\BuildLiteBehavior [ RunTime:0.000000s ]
INFO: [ app_init ] --END-- [ RunTime:0.000000s ]
INFO: [ app_begin ] --START--
INFO: Run Behavior\ReadHtmlCacheBehavior [ RunTime:0.001000s ]
INFO: [ app_begin ] --END-- [ RunTime:0.001000s ]
SQL: SHOW COLUMNS FROM `qz_user` [ RunTime:0.0100s ]
NOTIC: [8] Undefined index: validate D:\WWW\project\ThinkPHP\Library\Think\Model.class.php 第 1185 行.
SQL: SELECT * FROM `qz_user` WHERE `user_phone` = '18702783000' LIMIT 1   [ RunTime:0.0010s ]
SQL: SHOW COLUMNS FROM `qz_verify` [ RunTime:0.0080s ]
SQL: SELECT * FROM `qz_verify` WHERE `phone` = '18702783000' AND `verify` = '68110' AND `status` = 1 LIMIT 1   [ RunTime:0.0010s ]

[ 2016-09-09T10:10:49+08:00 ] ::1 /project/qzapi.php/Ry/test
INFO: [ app_init ] --START--
INFO: Run Behavior\BuildLiteBehavior [ RunTime:0.000000s ]
INFO: [ app_init ] --END-- [ RunTime:0.000000s ]
INFO: [ app_begin ] --START--
INFO: Run Behavior\ReadHtmlCacheBehavior [ RunTime:0.000000s ]
INFO: [ app_begin ] --END-- [ RunTime:0.001000s ]
INFO: [ app_end ] --START--
INFO: Run Behavior\ShowPageTraceBehavior [ RunTime:0.002001s ]
INFO: [ app_end ] --END-- [ RunTime:0.002001s ]

[ 2016-09-09T16:34:31+08:00 ] ::1 /project/qzapi.php/Ry/test
INFO: [ app_init ] --START--
INFO: Run Behavior\BuildLiteBehavior [ RunTime:0.000000s ]
INFO: [ app_init ] --END-- [ RunTime:0.000000s ]
INFO: [ app_begin ] --START--
INFO: Run Behavior\ReadHtmlCacheBehavior [ RunTime:0.001000s ]
INFO: [ app_begin ] --END-- [ RunTime:0.001000s ]
ERR: 非法操作:test

