[ 2016-06-03T14:31:17+08:00 ] 61.158.188.2 /qzApi.php/UserInfo/reg
INFO: [ app_init ] --START--
INFO: Run Behavior\BuildLiteBehavior [ RunTime:0.000014s ]
INFO: [ app_init ] --END-- [ RunTime:0.000281s ]
INFO: [ app_begin ] --START--
INFO: Run Behavior\ReadHtmlCacheBehavior [ RunTime:0.000343s ]
INFO: [ app_begin ] --END-- [ RunTime:0.000383s ]
SQL: SHOW COLUMNS FROM `qz_user` [ RunTime:0.0006s ]

[ 2016-06-03T14:31:19+08:00 ] 101.226.89.121 /qzApi.php/UserInfo/reg
INFO: [ app_init ] --START--
INFO: Run Behavior\BuildLiteBehavior [ RunTime:0.000047s ]
INFO: [ app_init ] --END-- [ RunTime:0.000413s ]
INFO: [ app_begin ] --START--
INFO: Run Behavior\ReadHtmlCacheBehavior [ RunTime:0.000562s ]
INFO: [ app_begin ] --END-- [ RunTime:0.000619s ]
SQL: SHOW COLUMNS FROM `qz_user` [ RunTime:0.0005s ]

[ 2016-06-03T14:31:19+08:00 ] 101.226.227.98 /qzApi.php/UserInfo/reg
INFO: [ app_init ] --START--
INFO: Run Behavior\BuildLiteBehavior [ RunTime:0.000012s ]
INFO: [ app_init ] --END-- [ RunTime:0.000266s ]
INFO: [ app_begin ] --START--
INFO: Run Behavior\ReadHtmlCacheBehavior [ RunTime:0.000371s ]
INFO: [ app_begin ] --END-- [ RunTime:0.000418s ]
SQL: SHOW COLUMNS FROM `qz_user` [ RunTime:0.0005s ]

[ 2016-06-03T15:06:55+08:00 ] 61.158.188.2 /qzApi.php/UserInfo/reg?user_phone=123&user_name=123&user_birthday=1256112010&user_address=abc&user_sex=1&user_password=123&verify=111&img_id=1
INFO: [ app_init ] --START--
INFO: Run Behavior\BuildLiteBehavior [ RunTime:0.000025s ]
INFO: [ app_init ] --END-- [ RunTime:0.000370s ]
INFO: [ app_begin ] --START--
INFO: Run Behavior\ReadHtmlCacheBehavior [ RunTime:0.000355s ]
INFO: [ app_begin ] --END-- [ RunTime:0.000393s ]
SQL: SHOW COLUMNS FROM `qz_user` [ RunTime:0.0006s ]

[ 2016-06-03T15:07:04+08:00 ] 183.60.62.44 /qzApi.php/UserInfo/reg
INFO: [ app_init ] --START--
INFO: Run Behavior\BuildLiteBehavior [ RunTime:0.000013s ]
INFO: [ app_init ] --END-- [ RunTime:0.000266s ]
INFO: [ app_begin ] --START--
INFO: Run Behavior\ReadHtmlCacheBehavior [ RunTime:0.000373s ]
INFO: [ app_begin ] --END-- [ RunTime:0.000422s ]
SQL: SHOW COLUMNS FROM `qz_user` [ RunTime:0.0005s ]

[ 2016-06-03T15:07:05+08:00 ] 119.147.207.158 /qzApi.php/UserInfo/reg
INFO: [ app_init ] --START--
INFO: Run Behavior\BuildLiteBehavior [ RunTime:0.000013s ]
INFO: [ app_init ] --END-- [ RunTime:0.000276s ]
INFO: [ app_begin ] --START--
INFO: Run Behavior\ReadHtmlCacheBehavior [ RunTime:0.000344s ]
INFO: [ app_begin ] --END-- [ RunTime:0.000383s ]
SQL: SHOW COLUMNS FROM `qz_user` [ RunTime:0.0005s ]

[ 2016-06-03T15:23:50+08:00 ] 183.14.61.29 /qzApi.php/UserInfo/reg
INFO: [ app_init ] --START--
INFO: Run Behavior\BuildLiteBehavior [ RunTime:0.000013s ]
INFO: [ app_init ] --END-- [ RunTime:0.000263s ]
INFO: [ app_begin ] --START--
INFO: Run Behavior\ReadHtmlCacheBehavior [ RunTime:0.000332s ]
INFO: [ app_begin ] --END-- [ RunTime:0.000371s ]
SQL: SHOW COLUMNS FROM `qz_user` [ RunTime:0.0005s ]
NOTIC: [8] Undefined index: validate /www/web/qiuxx/public_html/ThinkPHP/Library/Think/Model.class.php 第 1185 行.
NOTIC: [8] Undefined index: auto /www/web/qiuxx/public_html/ThinkPHP/Library/Think/Model.class.php 第 1128 行.
SQL: SELECT `user_id`,`user_num` FROM `qz_user` ORDER BY user_id desc LIMIT 1   [ RunTime:0.0002s ]
SQL: SHOW COLUMNS FROM `qz_temp_image` [ RunTime:0.0003s ]
SQL: SELECT `img` FROM `qz_temp_image` WHERE `id` = 0 LIMIT 1   [ RunTime:0.0002s ]
SQL: SELECT `thumb_img` FROM `qz_temp_image` WHERE `id` = 0 LIMIT 1   [ RunTime:0.0001s ]
ERR: 1048:Column 'user_head_img' cannot be null
 [ SQL语句 ] : INSERT INTO `qz_user` (`user_name`,`user_password`,`create_time`,`update_time`,`user_num`,`user_head_img`,`user_head_thumb_img`) VALUES ('测试','536f868c09cfbc81399401da424e42e6','1464938630','1464938630','100004',NULL,NULL)
ERR: 1048:Column 'user_head_img' cannot be null
 [ SQL语句 ] : INSERT INTO `qz_user` (`user_name`,`user_password`,`create_time`,`update_time`,`user_num`,`user_head_img`,`user_head_thumb_img`) VALUES ('测试','536f868c09cfbc81399401da424e42e6','1464938630','1464938630','100004',NULL,NULL)

[ 2016-06-03T15:24:30+08:00 ] 183.14.61.29 /qzApi.php/UserInfo/reg
INFO: [ app_init ] --START--
INFO: Run Behavior\BuildLiteBehavior [ RunTime:0.000012s ]
INFO: [ app_init ] --END-- [ RunTime:0.000266s ]
INFO: [ app_begin ] --START--
INFO: Run Behavior\ReadHtmlCacheBehavior [ RunTime:0.000333s ]
INFO: [ app_begin ] --END-- [ RunTime:0.000372s ]
SQL: SHOW COLUMNS FROM `qz_user` [ RunTime:0.0006s ]
NOTIC: [8] Undefined index: validate /www/web/qiuxx/public_html/ThinkPHP/Library/Think/Model.class.php 第 1185 行.
NOTIC: [8] Undefined index: auto /www/web/qiuxx/public_html/ThinkPHP/Library/Think/Model.class.php 第 1128 行.
SQL: SELECT `user_id`,`user_num` FROM `qz_user` ORDER BY user_id desc LIMIT 1   [ RunTime:0.0002s ]
SQL: SHOW COLUMNS FROM `qz_temp_image` [ RunTime:0.0004s ]
SQL: SELECT `img` FROM `qz_temp_image` WHERE `id` = 0 LIMIT 1   [ RunTime:0.0001s ]
SQL: SELECT `thumb_img` FROM `qz_temp_image` WHERE `id` = 0 LIMIT 1   [ RunTime:0.0001s ]
SQL: INSERT INTO `qz_user` (`user_name`,`user_password`,`create_time`,`update_time`,`user_num`,`user_head_img`,`user_head_thumb_img`) VALUES ('测试','536f868c09cfbc81399401da424e42e6','1464938670','1464938670','100004',NULL,NULL) [ RunTime:0.0002s ]
SQL: SHOW COLUMNS FROM `qz_verify` [ RunTime:0.0003s ]
SQL: UPDATE `qz_verify` SET `status`='2' WHERE `phone` = '' AND `verify` = '' AND `status` = 1 [ RunTime:0.0001s ]

[ 2016-06-03T15:48:15+08:00 ] 61.158.188.2 /qzApi.php/UserInfo/reg?user_phone=123&user_name=123&user_birthday=1256112010&user_address=abc&user_sex=1&user_password=123&verify=111&img_id=1
INFO: [ app_init ] --START--
INFO: Run Behavior\BuildLiteBehavior [ RunTime:0.000014s ]
INFO: [ app_init ] --END-- [ RunTime:0.000272s ]
INFO: [ app_begin ] --START--
INFO: Run Behavior\ReadHtmlCacheBehavior [ RunTime:0.000362s ]
INFO: [ app_begin ] --END-- [ RunTime:0.000401s ]
SQL: SHOW COLUMNS FROM `qz_user` [ RunTime:0.0006s ]

[ 2016-06-03T15:48:27+08:00 ] 61.158.188.2 /qzApi.php/UserInfo/reg?user_phone=123&user_name=123&user_birthday=1256112010&user_address=abc&user_sex=1&user_password=123&verify=111&img_id=1
INFO: [ app_init ] --START--
INFO: Run Behavior\BuildLiteBehavior [ RunTime:0.000012s ]
INFO: [ app_init ] --END-- [ RunTime:0.000272s ]
INFO: [ app_begin ] --START--
INFO: Run Behavior\ReadHtmlCacheBehavior [ RunTime:0.000341s ]
INFO: [ app_begin ] --END-- [ RunTime:0.000380s ]
SQL: SHOW COLUMNS FROM `qz_user` [ RunTime:0.0006s ]

[ 2016-06-03T15:54:50+08:00 ] 61.158.188.2 /qzApi.php/UserInfo/reg?user_phone=123&user_name=123&user_birthday=1256112010&user_address=abc&user_sex=1&user_password=123&verify=111&img_id=1
INFO: [ app_init ] --START--
INFO: Run Behavior\BuildLiteBehavior [ RunTime:0.000011s ]
INFO: [ app_init ] --END-- [ RunTime:0.000274s ]
INFO: [ app_begin ] --START--
INFO: Run Behavior\ReadHtmlCacheBehavior [ RunTime:0.000345s ]
INFO: [ app_begin ] --END-- [ RunTime:0.000383s ]
SQL: SHOW COLUMNS FROM `qz_user` [ RunTime:0.0005s ]

[ 2016-06-03T16:20:30+08:00 ] 61.158.188.2 /qzApi.php/UserInfo/reg
INFO: [ app_init ] --START--
INFO: Run Behavior\BuildLiteBehavior [ RunTime:0.000013s ]
INFO: [ app_init ] --END-- [ RunTime:0.000268s ]
INFO: [ app_begin ] --START--
INFO: Run Behavior\ReadHtmlCacheBehavior [ RunTime:0.000333s ]
INFO: [ app_begin ] --END-- [ RunTime:0.000372s ]
SQL: SHOW COLUMNS FROM `qz_user` [ RunTime:0.0006s ]
NOTIC: [8] Undefined index: validate /www/web/qiuxx/public_html/ThinkPHP/Library/Think/Model.class.php 第 1185 行.
NOTIC: [8] Undefined index: auto /www/web/qiuxx/public_html/ThinkPHP/Library/Think/Model.class.php 第 1128 行.
SQL: SELECT `user_id`,`user_num` FROM `qz_user` ORDER BY user_id desc LIMIT 1   [ RunTime:0.0002s ]
SQL: SHOW COLUMNS FROM `qz_temp_image` [ RunTime:0.0003s ]
SQL: SELECT `img` FROM `qz_temp_image` WHERE `id` = 111 LIMIT 1   [ RunTime:0.0002s ]
SQL: SELECT `thumb_img` FROM `qz_temp_image` WHERE `id` = 111 LIMIT 1   [ RunTime:0.0001s ]
SQL: INSERT INTO `qz_user` (`user_phone`,`user_name`,`user_birthday`,`user_address`,`user_sex`,`user_password`,`create_time`,`update_time`,`user_num`,`user_head_img`,`user_head_thumb_img`) VALUES ('13311111111','aaa','1256112010','this is post','1','81dc9bdb52d04dc20036dbd8313ed055','1464942030','1464942030','100005',NULL,NULL) [ RunTime:0.0002s ]
SQL: SHOW COLUMNS FROM `qz_verify` [ RunTime:0.0003s ]
SQL: UPDATE `qz_verify` SET `status`='2' WHERE `phone` = '13311111111' AND `verify` = '1111' AND `status` = 1 [ RunTime:0.0001s ]

[ 2016-06-03T16:20:38+08:00 ] 61.158.188.2 /qzApi.php/UserInfo/reg
INFO: [ app_init ] --START--
INFO: Run Behavior\BuildLiteBehavior [ RunTime:0.000018s ]
INFO: [ app_init ] --END-- [ RunTime:0.000640s ]
INFO: [ app_begin ] --START--
INFO: Run Behavior\ReadHtmlCacheBehavior [ RunTime:0.000369s ]
INFO: [ app_begin ] --END-- [ RunTime:0.000418s ]
SQL: SHOW COLUMNS FROM `qz_user` [ RunTime:0.0006s ]
NOTIC: [8] Undefined index: validate /www/web/qiuxx/public_html/ThinkPHP/Library/Think/Model.class.php 第 1185 行.
NOTIC: [8] Undefined index: auto /www/web/qiuxx/public_html/ThinkPHP/Library/Think/Model.class.php 第 1128 行.
SQL: SELECT `user_id`,`user_num` FROM `qz_user` ORDER BY user_id desc LIMIT 1   [ RunTime:0.0002s ]
SQL: SHOW COLUMNS FROM `qz_temp_image` [ RunTime:0.0004s ]
SQL: SELECT `img` FROM `qz_temp_image` WHERE `id` = 111 LIMIT 1   [ RunTime:0.0001s ]
SQL: SELECT `thumb_img` FROM `qz_temp_image` WHERE `id` = 111 LIMIT 1   [ RunTime:0.0001s ]
SQL: INSERT INTO `qz_user` (`user_phone`,`user_name`,`user_birthday`,`user_address`,`user_sex`,`user_password`,`create_time`,`update_time`,`user_num`,`user_head_img`,`user_head_thumb_img`) VALUES ('13311111111','aaa','1256112010','this is post','1','81dc9bdb52d04dc20036dbd8313ed055','1464942038','1464942038','100006',NULL,NULL) [ RunTime:0.0002s ]
SQL: SHOW COLUMNS FROM `qz_verify` [ RunTime:0.0004s ]
SQL: UPDATE `qz_verify` SET `status`='2' WHERE `phone` = '13311111111' AND `verify` = '1111' AND `status` = 1 [ RunTime:0.0001s ]

[ 2016-06-03T16:20:41+08:00 ] 61.158.188.2 /qzApi.php/UserInfo/reg
INFO: [ app_init ] --START--
INFO: Run Behavior\BuildLiteBehavior [ RunTime:0.000014s ]
INFO: [ app_init ] --END-- [ RunTime:0.000276s ]
INFO: [ app_begin ] --START--
INFO: Run Behavior\ReadHtmlCacheBehavior [ RunTime:0.000335s ]
INFO: [ app_begin ] --END-- [ RunTime:0.000374s ]
SQL: SHOW COLUMNS FROM `qz_user` [ RunTime:0.0006s ]
NOTIC: [8] Undefined index: validate /www/web/qiuxx/public_html/ThinkPHP/Library/Think/Model.class.php 第 1185 行.
NOTIC: [8] Undefined index: auto /www/web/qiuxx/public_html/ThinkPHP/Library/Think/Model.class.php 第 1128 行.
SQL: SELECT `user_id`,`user_num` FROM `qz_user` ORDER BY user_id desc LIMIT 1   [ RunTime:0.0002s ]
SQL: SHOW COLUMNS FROM `qz_temp_image` [ RunTime:0.0004s ]
SQL: SELECT `img` FROM `qz_temp_image` WHERE `id` = 111 LIMIT 1   [ RunTime:0.0001s ]
SQL: SELECT `thumb_img` FROM `qz_temp_image` WHERE `id` = 111 LIMIT 1   [ RunTime:0.0001s ]
SQL: INSERT INTO `qz_user` (`user_phone`,`user_name`,`user_birthday`,`user_address`,`user_sex`,`user_password`,`create_time`,`update_time`,`user_num`,`user_head_img`,`user_head_thumb_img`) VALUES ('13311111111','aaa','1256112010','this is post','1','81dc9bdb52d04dc20036dbd8313ed055','1464942041','1464942041','100007',NULL,NULL) [ RunTime:0.0002s ]
SQL: SHOW COLUMNS FROM `qz_verify` [ RunTime:0.0003s ]
SQL: UPDATE `qz_verify` SET `status`='2' WHERE `phone` = '13311111111' AND `verify` = '1111' AND `status` = 1 [ RunTime:0.0001s ]

[ 2016-06-03T16:20:44+08:00 ] 61.158.188.2 /qzApi.php/UserInfo/reg
INFO: [ app_init ] --START--
INFO: Run Behavior\BuildLiteBehavior [ RunTime:0.000013s ]
INFO: [ app_init ] --END-- [ RunTime:0.000374s ]
INFO: [ app_begin ] --START--
INFO: Run Behavior\ReadHtmlCacheBehavior [ RunTime:0.000368s ]
INFO: [ app_begin ] --END-- [ RunTime:0.000407s ]
SQL: SHOW COLUMNS FROM `qz_user` [ RunTime:0.0006s ]
NOTIC: [8] Undefined index: validate /www/web/qiuxx/public_html/ThinkPHP/Library/Think/Model.class.php 第 1185 行.
NOTIC: [8] Undefined index: auto /www/web/qiuxx/public_html/ThinkPHP/Library/Think/Model.class.php 第 1128 行.
SQL: SELECT `user_id`,`user_num` FROM `qz_user` ORDER BY user_id desc LIMIT 1   [ RunTime:0.0002s ]
SQL: SHOW COLUMNS FROM `qz_temp_image` [ RunTime:0.0004s ]
SQL: SELECT `img` FROM `qz_temp_image` WHERE `id` = 111 LIMIT 1   [ RunTime:0.0001s ]
SQL: SELECT `thumb_img` FROM `qz_temp_image` WHERE `id` = 111 LIMIT 1   [ RunTime:0.0001s ]
SQL: INSERT INTO `qz_user` (`user_phone`,`user_name`,`user_birthday`,`user_address`,`user_sex`,`user_password`,`create_time`,`update_time`,`user_num`,`user_head_img`,`user_head_thumb_img`) VALUES ('13311111111','aaa','1256112010','this is post','1','81dc9bdb52d04dc20036dbd8313ed055','1464942044','1464942044','100008',NULL,NULL) [ RunTime:0.0002s ]
SQL: SHOW COLUMNS FROM `qz_verify` [ RunTime:0.0003s ]
SQL: UPDATE `qz_verify` SET `status`='2' WHERE `phone` = '13311111111' AND `verify` = '1111' AND `status` = 1 [ RunTime:0.0002s ]

[ 2016-06-03T16:29:31+08:00 ] 61.158.188.2 /qzApi.php/UserInfo/reg
INFO: [ app_init ] --START--
INFO: Run Behavior\BuildLiteBehavior [ RunTime:0.000012s ]
INFO: [ app_init ] --END-- [ RunTime:0.000283s ]
INFO: [ app_begin ] --START--
INFO: Run Behavior\ReadHtmlCacheBehavior [ RunTime:0.000334s ]
INFO: [ app_begin ] --END-- [ RunTime:0.000373s ]
SQL: SHOW COLUMNS FROM `qz_user` [ RunTime:0.0005s ]
NOTIC: [8] Undefined index: validate /www/web/qiuxx/public_html/ThinkPHP/Library/Think/Model.class.php 第 1185 行.
SQL: SELECT * FROM `qz_user` WHERE `user_phone` = '13311111111' LIMIT 1   [ RunTime:0.0002s ]

[ 2016-06-03T16:29:35+08:00 ] 61.158.188.2 /qzApi.php/UserInfo/reg
INFO: [ app_init ] --START--
INFO: Run Behavior\BuildLiteBehavior [ RunTime:0.000013s ]
INFO: [ app_init ] --END-- [ RunTime:0.000373s ]
INFO: [ app_begin ] --START--
INFO: Run Behavior\ReadHtmlCacheBehavior [ RunTime:0.000439s ]
INFO: [ app_begin ] --END-- [ RunTime:0.000480s ]
SQL: SHOW COLUMNS FROM `qz_user` [ RunTime:0.0006s ]
NOTIC: [8] Undefined index: validate /www/web/qiuxx/public_html/ThinkPHP/Library/Think/Model.class.php 第 1185 行.
SQL: SELECT * FROM `qz_user` WHERE `user_phone` = '13311111111' LIMIT 1   [ RunTime:0.0001s ]

[ 2016-06-03T16:29:52+08:00 ] 61.158.188.2 /qzApi.php/UserInfo/reg
INFO: [ app_init ] --START--
INFO: Run Behavior\BuildLiteBehavior [ RunTime:0.000012s ]
INFO: [ app_init ] --END-- [ RunTime:0.000265s ]
INFO: [ app_begin ] --START--
INFO: Run Behavior\ReadHtmlCacheBehavior [ RunTime:0.000423s ]
INFO: [ app_begin ] --END-- [ RunTime:0.000481s ]
SQL: SHOW COLUMNS FROM `qz_user` [ RunTime:0.0006s ]
NOTIC: [8] Undefined index: validate /www/web/qiuxx/public_html/ThinkPHP/Library/Think/Model.class.php 第 1185 行.
SQL: SELECT * FROM `qz_user` WHERE `user_phone` = '13311111111' LIMIT 1   [ RunTime:0.0001s ]

[ 2016-06-03T16:30:19+08:00 ] 61.158.188.2 /qzApi.php/UserInfo/reg
INFO: [ app_init ] --START--
INFO: Run Behavior\BuildLiteBehavior [ RunTime:0.000012s ]
INFO: [ app_init ] --END-- [ RunTime:0.000293s ]
INFO: [ app_begin ] --START--
INFO: Run Behavior\ReadHtmlCacheBehavior [ RunTime:0.000439s ]
INFO: [ app_begin ] --END-- [ RunTime:0.000478s ]
SQL: SHOW COLUMNS FROM `qz_user` [ RunTime:0.0005s ]
NOTIC: [8] Undefined index: validate /www/web/qiuxx/public_html/ThinkPHP/Library/Think/Model.class.php 第 1185 行.
SQL: SELECT * FROM `qz_user` WHERE `user_phone` = '13311111111' LIMIT 1   [ RunTime:0.0002s ]
SQL: SHOW COLUMNS FROM `qz_verify` [ RunTime:0.0004s ]
SQL: SELECT * FROM `qz_verify` WHERE `phone` = '13311111111' AND `verify` = '1111' AND `status` = 1 LIMIT 1   [ RunTime:0.0002s ]

[ 2016-06-03T16:30:27+08:00 ] 61.158.188.2 /qzApi.php/UserInfo/reg
INFO: [ app_init ] --START--
INFO: Run Behavior\BuildLiteBehavior [ RunTime:0.000012s ]
INFO: [ app_init ] --END-- [ RunTime:0.000289s ]
INFO: [ app_begin ] --START--
INFO: Run Behavior\ReadHtmlCacheBehavior [ RunTime:0.000345s ]
INFO: [ app_begin ] --END-- [ RunTime:0.000385s ]
SQL: SHOW COLUMNS FROM `qz_user` [ RunTime:0.0005s ]
NOTIC: [8] Undefined index: validate /www/web/qiuxx/public_html/ThinkPHP/Library/Think/Model.class.php 第 1185 行.
SQL: SELECT * FROM `qz_user` WHERE `user_phone` = '13311111111' LIMIT 1   [ RunTime:0.0001s ]
SQL: SHOW COLUMNS FROM `qz_verify` [ RunTime:0.0003s ]
SQL: SELECT * FROM `qz_verify` WHERE `phone` = '13311111111' AND `verify` = '1111' AND `status` = 1 LIMIT 1   [ RunTime:0.0001s ]

[ 2016-06-03T16:42:56+08:00 ] 61.158.188.2 /qzApi.php/UserInfo/reg
INFO: [ app_init ] --START--
INFO: Run Behavior\BuildLiteBehavior [ RunTime:0.000012s ]
INFO: [ app_init ] --END-- [ RunTime:0.000263s ]
INFO: [ app_begin ] --START--
INFO: Run Behavior\ReadHtmlCacheBehavior [ RunTime:0.000360s ]
INFO: [ app_begin ] --END-- [ RunTime:0.000400s ]
SQL: SHOW COLUMNS FROM `qz_user` [ RunTime:0.0005s ]
NOTIC: [8] Undefined index: validate /www/web/qiuxx/public_html/ThinkPHP/Library/Think/Model.class.php 第 1185 行.
SQL: SELECT * FROM `qz_user` WHERE `user_phone` = '13311111111' LIMIT 1   [ RunTime:0.0001s ]
SQL: SHOW COLUMNS FROM `qz_verify` [ RunTime:0.0003s ]
SQL: SELECT * FROM `qz_verify` WHERE `phone` = '13311111111' AND `verify` = '1111' AND `status` = 1 LIMIT 1   [ RunTime:0.0002s ]

[ 2016-06-03T16:43:06+08:00 ] 61.158.188.2 /qzApi.php/UserInfo/reg
INFO: [ app_init ] --START--
INFO: Run Behavior\BuildLiteBehavior [ RunTime:0.000012s ]
INFO: [ app_init ] --END-- [ RunTime:0.000271s ]
INFO: [ app_begin ] --START--
INFO: Run Behavior\ReadHtmlCacheBehavior [ RunTime:0.000338s ]
INFO: [ app_begin ] --END-- [ RunTime:0.000379s ]
SQL: SHOW COLUMNS FROM `qz_user` [ RunTime:0.0006s ]
NOTIC: [8] Undefined index: validate /www/web/qiuxx/public_html/ThinkPHP/Library/Think/Model.class.php 第 1185 行.
SQL: SELECT * FROM `qz_user` WHERE `user_phone` = '13311111111' LIMIT 1   [ RunTime:0.0001s ]
SQL: SHOW COLUMNS FROM `qz_verify` [ RunTime:0.0003s ]
SQL: SELECT * FROM `qz_verify` WHERE `phone` = '13311111111' AND `verify` = '1111' AND `status` = 1 LIMIT 1   [ RunTime:0.0001s ]

[ 2016-06-03T16:43:09+08:00 ] 61.158.188.2 /qzApi.php/UserInfo/reg
INFO: [ app_init ] --START--
INFO: Run Behavior\BuildLiteBehavior [ RunTime:0.000012s ]
INFO: [ app_init ] --END-- [ RunTime:0.000279s ]
INFO: [ app_begin ] --START--
INFO: Run Behavior\ReadHtmlCacheBehavior [ RunTime:0.000393s ]
INFO: [ app_begin ] --END-- [ RunTime:0.000434s ]
SQL: SHOW COLUMNS FROM `qz_user` [ RunTime:0.0005s ]
NOTIC: [8] Undefined index: validate /www/web/qiuxx/public_html/ThinkPHP/Library/Think/Model.class.php 第 1185 行.
SQL: SELECT * FROM `qz_user` WHERE `user_phone` = '13311111111' LIMIT 1   [ RunTime:0.0001s ]
SQL: SHOW COLUMNS FROM `qz_verify` [ RunTime:0.0004s ]
SQL: SELECT * FROM `qz_verify` WHERE `phone` = '13311111111' AND `verify` = '1111' AND `status` = 1 LIMIT 1   [ RunTime:0.0001s ]

[ 2016-06-03T16:43:10+08:00 ] 61.158.188.2 /qzApi.php/UserInfo/reg
INFO: [ app_init ] --START--
INFO: Run Behavior\BuildLiteBehavior [ RunTime:0.000013s ]
INFO: [ app_init ] --END-- [ RunTime:0.000300s ]
INFO: [ app_begin ] --START--
INFO: Run Behavior\ReadHtmlCacheBehavior [ RunTime:0.000394s ]
INFO: [ app_begin ] --END-- [ RunTime:0.000436s ]
SQL: SHOW COLUMNS FROM `qz_user` [ RunTime:0.0006s ]
NOTIC: [8] Undefined index: validate /www/web/qiuxx/public_html/ThinkPHP/Library/Think/Model.class.php 第 1185 行.
SQL: SELECT * FROM `qz_user` WHERE `user_phone` = '13311111111' LIMIT 1   [ RunTime:0.0001s ]
SQL: SHOW COLUMNS FROM `qz_verify` [ RunTime:0.0004s ]
SQL: SELECT * FROM `qz_verify` WHERE `phone` = '13311111111' AND `verify` = '1111' AND `status` = 1 LIMIT 1   [ RunTime:0.0001s ]

[ 2016-06-03T16:44:13+08:00 ] 61.158.188.2 /qzApi.php/UserInfo/reg
INFO: [ app_init ] --START--
INFO: Run Behavior\BuildLiteBehavior [ RunTime:0.000012s ]
INFO: [ app_init ] --END-- [ RunTime:0.000263s ]
INFO: [ app_begin ] --START--
INFO: Run Behavior\ReadHtmlCacheBehavior [ RunTime:0.000330s ]
INFO: [ app_begin ] --END-- [ RunTime:0.000370s ]
SQL: SHOW COLUMNS FROM `qz_user` [ RunTime:0.0005s ]
NOTIC: [8] Undefined index: validate /www/web/qiuxx/public_html/ThinkPHP/Library/Think/Model.class.php 第 1185 行.
SQL: SELECT * FROM `qz_user` WHERE `user_phone` = '13311111111' LIMIT 1   [ RunTime:0.0001s ]
SQL: SHOW COLUMNS FROM `qz_verify` [ RunTime:0.0003s ]
SQL: SELECT * FROM `qz_verify` WHERE `phone` = '13311111111' AND `verify` = '1111' AND `status` = 1 LIMIT 1   [ RunTime:0.0001s ]

[ 2016-06-03T16:44:26+08:00 ] 61.158.188.2 /qzApi.php/UserInfo/reg
INFO: [ app_init ] --START--
INFO: Run Behavior\BuildLiteBehavior [ RunTime:0.000012s ]
INFO: [ app_init ] --END-- [ RunTime:0.000294s ]
INFO: [ app_begin ] --START--
INFO: Run Behavior\ReadHtmlCacheBehavior [ RunTime:0.000352s ]
INFO: [ app_begin ] --END-- [ RunTime:0.000401s ]
SQL: SHOW COLUMNS FROM `qz_user` [ RunTime:0.0006s ]
NOTIC: [8] Undefined index: validate /www/web/qiuxx/public_html/ThinkPHP/Library/Think/Model.class.php 第 1185 行.
SQL: SELECT * FROM `qz_user` WHERE `user_phone` = '13311111111' LIMIT 1   [ RunTime:0.0001s ]
SQL: SHOW COLUMNS FROM `qz_verify` [ RunTime:0.0003s ]
SQL: SELECT * FROM `qz_verify` WHERE `phone` = '13311111111' AND `verify` = '1111' AND `status` = 1 LIMIT 1   [ RunTime:0.0001s ]

[ 2016-06-03T16:44:26+08:00 ] 61.158.188.2 /qzApi.php/UserInfo/reg
INFO: [ app_init ] --START--
INFO: Run Behavior\BuildLiteBehavior [ RunTime:0.000012s ]
INFO: [ app_init ] --END-- [ RunTime:0.000294s ]
INFO: [ app_begin ] --START--
INFO: Run Behavior\ReadHtmlCacheBehavior [ RunTime:0.000361s ]
INFO: [ app_begin ] --END-- [ RunTime:0.000400s ]
SQL: SHOW COLUMNS FROM `qz_user` [ RunTime:0.0006s ]
NOTIC: [8] Undefined index: validate /www/web/qiuxx/public_html/ThinkPHP/Library/Think/Model.class.php 第 1185 行.
SQL: SELECT * FROM `qz_user` WHERE `user_phone` = '13311111111' LIMIT 1   [ RunTime:0.0002s ]
SQL: SHOW COLUMNS FROM `qz_verify` [ RunTime:0.0005s ]
SQL: SELECT * FROM `qz_verify` WHERE `phone` = '13311111111' AND `verify` = '1111' AND `status` = 1 LIMIT 1   [ RunTime:0.0001s ]

[ 2016-06-03T16:44:27+08:00 ] 61.158.188.2 /qzApi.php/UserInfo/reg
INFO: [ app_init ] --START--
INFO: Run Behavior\BuildLiteBehavior [ RunTime:0.000014s ]
INFO: [ app_init ] --END-- [ RunTime:0.000304s ]
INFO: [ app_begin ] --START--
INFO: Run Behavior\ReadHtmlCacheBehavior [ RunTime:0.000365s ]
INFO: [ app_begin ] --END-- [ RunTime:0.000406s ]
SQL: SHOW COLUMNS FROM `qz_user` [ RunTime:0.0006s ]
NOTIC: [8] Undefined index: validate /www/web/qiuxx/public_html/ThinkPHP/Library/Think/Model.class.php 第 1185 行.
SQL: SELECT * FROM `qz_user` WHERE `user_phone` = '13311111111' LIMIT 1   [ RunTime:0.0001s ]
SQL: SHOW COLUMNS FROM `qz_verify` [ RunTime:0.0004s ]
SQL: SELECT * FROM `qz_verify` WHERE `phone` = '13311111111' AND `verify` = '1111' AND `status` = 1 LIMIT 1   [ RunTime:0.0001s ]

[ 2016-06-03T16:44:27+08:00 ] 61.158.188.2 /qzApi.php/UserInfo/reg
INFO: [ app_init ] --START--
INFO: Run Behavior\BuildLiteBehavior [ RunTime:0.000012s ]
INFO: [ app_init ] --END-- [ RunTime:0.000286s ]
INFO: [ app_begin ] --START--
INFO: Run Behavior\ReadHtmlCacheBehavior [ RunTime:0.000332s ]
INFO: [ app_begin ] --END-- [ RunTime:0.000373s ]
SQL: SHOW COLUMNS FROM `qz_user` [ RunTime:0.0005s ]
NOTIC: [8] Undefined index: validate /www/web/qiuxx/public_html/ThinkPHP/Library/Think/Model.class.php 第 1185 行.
SQL: SELECT * FROM `qz_user` WHERE `user_phone` = '13311111111' LIMIT 1   [ RunTime:0.0001s ]
SQL: SHOW COLUMNS FROM `qz_verify` [ RunTime:0.0003s ]
SQL: SELECT * FROM `qz_verify` WHERE `phone` = '13311111111' AND `verify` = '1111' AND `status` = 1 LIMIT 1   [ RunTime:0.0001s ]

[ 2016-06-03T16:51:55+08:00 ] 61.158.188.2 /qzApi.php/UserInfo/reg
INFO: [ app_init ] --START--
INFO: Run Behavior\BuildLiteBehavior [ RunTime:0.000011s ]
INFO: [ app_init ] --END-- [ RunTime:0.000275s ]
INFO: [ app_begin ] --START--
INFO: Run Behavior\ReadHtmlCacheBehavior [ RunTime:0.000392s ]
INFO: [ app_begin ] --END-- [ RunTime:0.000433s ]
SQL: SHOW COLUMNS FROM `qz_user` [ RunTime:0.0005s ]
NOTIC: [8] Undefined index: validate /www/web/qiuxx/public_html/ThinkPHP/Library/Think/Model.class.php 第 1185 行.
SQL: SELECT * FROM `qz_user` WHERE `user_phone` = '13311111111' LIMIT 1   [ RunTime:0.0001s ]
SQL: SHOW COLUMNS FROM `qz_verify` [ RunTime:0.0004s ]
SQL: SELECT * FROM `qz_verify` WHERE `phone` = '13311111111' AND `verify` = '1234' AND `status` = 1 LIMIT 1   [ RunTime:0.0002s ]
NOTIC: [8] Undefined index: auto /www/web/qiuxx/public_html/ThinkPHP/Library/Think/Model.class.php 第 1128 行.
SQL: SELECT `user_id`,`user_num` FROM `qz_user` ORDER BY user_id desc LIMIT 1   [ RunTime:0.0001s ]
SQL: SHOW COLUMNS FROM `qz_temp_image` [ RunTime:0.0003s ]
SQL: SELECT `img` FROM `qz_temp_image` WHERE `id` = 111 LIMIT 1   [ RunTime:0.0001s ]
SQL: SELECT `thumb_img` FROM `qz_temp_image` WHERE `id` = 111 LIMIT 1   [ RunTime:0.0001s ]
SQL: INSERT INTO `qz_user` (`user_phone`,`user_name`,`user_birthday`,`user_address`,`user_sex`,`user_password`,`create_time`,`update_time`,`user_num`,`user_head_img`,`user_head_thumb_img`) VALUES ('13311111111','aaa','1256112010','this is post','1','81dc9bdb52d04dc20036dbd8313ed055','1464943915','1464943915','100005',NULL,NULL) [ RunTime:0.0002s ]
SQL: UPDATE `qz_verify` SET `status`='2' WHERE `phone` = '13311111111' AND `verify` = '1234' AND `status` = 1 [ RunTime:0.0002s ]

