[ 2016-06-08T09:10:59+08:00 ] 183.14.60.28 /qzApi.php/Activity/activityDel
INFO: [ app_init ] --START--
INFO: Run Behavior\BuildLiteBehavior [ RunTime:0.000013s ]
INFO: [ app_init ] --END-- [ RunTime:0.000318s ]
INFO: [ app_begin ] --START--
INFO: Run Behavior\ReadHtmlCacheBehavior [ RunTime:0.000362s ]
INFO: [ app_begin ] --END-- [ RunTime:0.000413s ]

[ 2016-06-08T09:11:27+08:00 ] 183.14.60.28 /qzApi.php/Activity/activityDel/token/edfa4c8e7915b05860557cea69b0e916
INFO: [ app_init ] --START--
INFO: Run Behavior\BuildLiteBehavior [ RunTime:0.000012s ]
INFO: [ app_init ] --END-- [ RunTime:0.000265s ]
INFO: [ app_begin ] --START--
INFO: Run Behavior\ReadHtmlCacheBehavior [ RunTime:0.000369s ]
INFO: [ app_begin ] --END-- [ RunTime:0.000408s ]
SQL: SHOW COLUMNS FROM `qz_token` [ RunTime:0.0005s ]
SQL: SELECT user.user_id,`user_num`,`user_level`,`user_auth`,`user_phone`,`user_name`,`user_head_img`,`user_birthday`,`user_address`,`user_sex` FROM `qz_token` left JOIN qz_user as user on qz_token.user_id=user.user_id  WHERE `token` = 'edfa4c8e7915b05860557cea69b0e916' LIMIT 1   [ RunTime:0.0001s ]

[ 2016-06-08T09:12:30+08:00 ] 183.14.60.28 /qzApi.php/Activity/activityDel/token/edfa4c8e7915b05860557cea69b0e916/id/2
INFO: [ app_init ] --START--
INFO: Run Behavior\BuildLiteBehavior [ RunTime:0.000013s ]
INFO: [ app_init ] --END-- [ RunTime:0.000264s ]
INFO: [ app_begin ] --START--
INFO: Run Behavior\ReadHtmlCacheBehavior [ RunTime:0.000342s ]
INFO: [ app_begin ] --END-- [ RunTime:0.000380s ]
SQL: SHOW COLUMNS FROM `qz_token` [ RunTime:0.0005s ]
SQL: SELECT user.user_id,`user_num`,`user_level`,`user_auth`,`user_phone`,`user_name`,`user_head_img`,`user_birthday`,`user_address`,`user_sex` FROM `qz_token` left JOIN qz_user as user on qz_token.user_id=user.user_id  WHERE `token` = 'edfa4c8e7915b05860557cea69b0e916' LIMIT 1   [ RunTime:0.0001s ]
SQL: SHOW COLUMNS FROM `qz_activity` [ RunTime:0.0004s ]
SQL: UPDATE `qz_activity` SET `aty_status`='0' WHERE `aty_uid` = 3 AND `aty_id` = 2 [ RunTime:0.0002s ]

[ 2016-06-08T09:12:47+08:00 ] 183.14.60.28 /qzApi.php/Activity/activityDel/token/edfa4c8e7915b05860557cea69b0e916/id/2
INFO: [ app_init ] --START--
INFO: Run Behavior\BuildLiteBehavior [ RunTime:0.000013s ]
INFO: [ app_init ] --END-- [ RunTime:0.000280s ]
INFO: [ app_begin ] --START--
INFO: Run Behavior\ReadHtmlCacheBehavior [ RunTime:0.000351s ]
INFO: [ app_begin ] --END-- [ RunTime:0.000391s ]
SQL: SHOW COLUMNS FROM `qz_token` [ RunTime:0.0005s ]
SQL: SELECT user.user_id,`user_num`,`user_level`,`user_auth`,`user_phone`,`user_name`,`user_head_img`,`user_birthday`,`user_address`,`user_sex` FROM `qz_token` left JOIN qz_user as user on qz_token.user_id=user.user_id  WHERE `token` = 'edfa4c8e7915b05860557cea69b0e916' LIMIT 1   [ RunTime:0.0001s ]
SQL: SHOW COLUMNS FROM `qz_activity` [ RunTime:0.0004s ]
SQL: UPDATE `qz_activity` SET `aty_status`='0' WHERE `aty_uid` = 3 AND `aty_id` = 2 [ RunTime:0.0002s ]

[ 2016-06-08T10:00:05+08:00 ] 183.14.60.28 /qzApi.php/Activity/activityDel/token/edfa4c8e7915b05860557cea69b0e916/id/1
INFO: [ app_init ] --START--
INFO: Run Behavior\BuildLiteBehavior [ RunTime:0.000033s ]
INFO: [ app_init ] --END-- [ RunTime:0.000301s ]
INFO: [ app_begin ] --START--
INFO: Run Behavior\ReadHtmlCacheBehavior [ RunTime:0.000398s ]
INFO: [ app_begin ] --END-- [ RunTime:0.000447s ]
SQL: SHOW COLUMNS FROM `qz_token` [ RunTime:0.0005s ]
SQL: SELECT user.user_id,`user_num`,`user_level`,`user_auth`,`user_phone`,`user_name`,`user_head_img`,`user_birthday`,`user_address`,`user_sex` FROM `qz_token` left JOIN qz_user as user on qz_token.user_id=user.user_id  WHERE `token` = 'edfa4c8e7915b05860557cea69b0e916' LIMIT 1   [ RunTime:0.0001s ]
SQL: SHOW COLUMNS FROM `qz_activity` [ RunTime:0.0004s ]
SQL: UPDATE `qz_activity` SET `aty_status`='0' WHERE `aty_uid` = 3 AND `aty_id` = 1 [ RunTime:0.0002s ]

[ 2016-06-08T10:00:07+08:00 ] 101.226.227.94 /qzApi.php/Activity/activityDel/token/edfa4c8e7915b05860557cea69b0e916/id/1
INFO: [ app_init ] --START--
INFO: Run Behavior\BuildLiteBehavior [ RunTime:0.000012s ]
INFO: [ app_init ] --END-- [ RunTime:0.000293s ]
INFO: [ app_begin ] --START--
INFO: Run Behavior\ReadHtmlCacheBehavior [ RunTime:0.000517s ]
INFO: [ app_begin ] --END-- [ RunTime:0.000556s ]
SQL: SHOW COLUMNS FROM `qz_token` [ RunTime:0.0006s ]
SQL: SELECT user.user_id,`user_num`,`user_level`,`user_auth`,`user_phone`,`user_name`,`user_head_img`,`user_birthday`,`user_address`,`user_sex` FROM `qz_token` left JOIN qz_user as user on qz_token.user_id=user.user_id  WHERE `token` = 'edfa4c8e7915b05860557cea69b0e916' LIMIT 1   [ RunTime:0.0001s ]
SQL: SHOW COLUMNS FROM `qz_activity` [ RunTime:0.0004s ]
SQL: UPDATE `qz_activity` SET `aty_status`='0' WHERE `aty_uid` = 3 AND `aty_id` = 1 [ RunTime:0.0002s ]

[ 2016-06-08T10:00:09+08:00 ] 180.153.214.182 /qzApi.php/Activity/activityDel/token/edfa4c8e7915b05860557cea69b0e916/id/1
INFO: [ app_init ] --START--
INFO: Run Behavior\BuildLiteBehavior [ RunTime:0.000027s ]
INFO: [ app_init ] --END-- [ RunTime:0.000293s ]
INFO: [ app_begin ] --START--
INFO: Run Behavior\ReadHtmlCacheBehavior [ RunTime:0.000331s ]
INFO: [ app_begin ] --END-- [ RunTime:0.000371s ]
SQL: SHOW COLUMNS FROM `qz_token` [ RunTime:0.0005s ]
SQL: SELECT user.user_id,`user_num`,`user_level`,`user_auth`,`user_phone`,`user_name`,`user_head_img`,`user_birthday`,`user_address`,`user_sex` FROM `qz_token` left JOIN qz_user as user on qz_token.user_id=user.user_id  WHERE `token` = 'edfa4c8e7915b05860557cea69b0e916' LIMIT 1   [ RunTime:0.0001s ]
SQL: SHOW COLUMNS FROM `qz_activity` [ RunTime:0.0004s ]
SQL: UPDATE `qz_activity` SET `aty_status`='0' WHERE `aty_uid` = 3 AND `aty_id` = 1 [ RunTime:0.0002s ]

[ 2016-06-08T10:00:09+08:00 ] 183.14.60.28 /qzApi.php/Activity/activityDel/token/edfa4c8e7915b05860557cea69b0e916/id/3
INFO: [ app_init ] --START--
INFO: Run Behavior\BuildLiteBehavior [ RunTime:0.000013s ]
INFO: [ app_init ] --END-- [ RunTime:0.000266s ]
INFO: [ app_begin ] --START--
INFO: Run Behavior\ReadHtmlCacheBehavior [ RunTime:0.000340s ]
INFO: [ app_begin ] --END-- [ RunTime:0.000379s ]
SQL: SHOW COLUMNS FROM `qz_token` [ RunTime:0.0005s ]
SQL: SELECT user.user_id,`user_num`,`user_level`,`user_auth`,`user_phone`,`user_name`,`user_head_img`,`user_birthday`,`user_address`,`user_sex` FROM `qz_token` left JOIN qz_user as user on qz_token.user_id=user.user_id  WHERE `token` = 'edfa4c8e7915b05860557cea69b0e916' LIMIT 1   [ RunTime:0.0001s ]
SQL: SHOW COLUMNS FROM `qz_activity` [ RunTime:0.0004s ]
SQL: UPDATE `qz_activity` SET `aty_status`='0' WHERE `aty_uid` = 3 AND `aty_id` = 3 [ RunTime:0.0002s ]

[ 2016-06-08T10:03:26+08:00 ] 183.14.60.28 /qzApi.php/Currency/activityList
INFO: [ app_init ] --START--
INFO: Run Behavior\BuildLiteBehavior [ RunTime:0.000013s ]
INFO: [ app_init ] --END-- [ RunTime:0.000269s ]
INFO: [ app_begin ] --START--
INFO: Run Behavior\ReadHtmlCacheBehavior [ RunTime:0.000360s ]
INFO: [ app_begin ] --END-- [ RunTime:0.000399s ]
ERR: 1146:Table 'qiuxx.qz_aty_user' doesn't exist
 [ SQL语句 ] : SHOW COLUMNS FROM `qz_aty_user`
ERR: 1146:Table 'qiuxx.qz_aty_user' doesn't exist
 [ SQL语句 ] : SHOW COLUMNS FROM `qz_aty_user`

[ 2016-06-08T10:04:52+08:00 ] 183.14.60.28 /qzApi.php/Currency/activityList
INFO: [ app_init ] --START--
INFO: Run Behavior\BuildLiteBehavior [ RunTime:0.000017s ]
INFO: [ app_init ] --END-- [ RunTime:0.000311s ]
INFO: [ app_begin ] --START--
INFO: Run Behavior\ReadHtmlCacheBehavior [ RunTime:0.000372s ]
INFO: [ app_begin ] --END-- [ RunTime:0.000413s ]
SQL: SHOW COLUMNS FROM `qz_activity` [ RunTime:0.0006s ]
SQL: SELECT `aty_id`,`aty_uid`,`aty_content`,`aty_create_time` FROM `qz_activity` ORDER BY aty_create_time desc LIMIT 0,7   [ RunTime:0.0002s ]
SQL: SHOW COLUMNS FROM `qz_user` [ RunTime:0.0004s ]
SQL: SELECT `user_id`,`user_level`,`user_auth`,`user_name`,`user_sex`,concat("http://qiuxx.com/Uploads/",user_head_img) as head_img FROM `qz_user` WHERE ( 1=1 AND user_id='3' ) LIMIT 1   [ RunTime:0.0002s ]
SQL: SHOW COLUMNS FROM `qz_aty_expand` [ RunTime:0.0004s ]
SQL: SELECT `expand_aty_img`,`expand_aty_thumb_img` FROM `qz_aty_expand` WHERE ( expand_status=1 AND expand_aty_id='6' )  [ RunTime:0.0002s ]
SQL: SELECT `user_id`,`user_level`,`user_auth`,`user_name`,`user_sex`,concat("http://qiuxx.com/Uploads/",user_head_img) as head_img FROM `qz_user` WHERE ( 1=1 AND user_id='3' ) LIMIT 1   [ RunTime:0.0001s ]
SQL: SELECT `expand_aty_img`,`expand_aty_thumb_img` FROM `qz_aty_expand` WHERE ( expand_status=1 AND expand_aty_id='5' )  [ RunTime:0.0002s ]
SQL: SELECT `user_id`,`user_level`,`user_auth`,`user_name`,`user_sex`,concat("http://qiuxx.com/Uploads/",user_head_img) as head_img FROM `qz_user` WHERE ( 1=1 AND user_id='3' ) LIMIT 1   [ RunTime:0.0001s ]
SQL: SELECT `expand_aty_img`,`expand_aty_thumb_img` FROM `qz_aty_expand` WHERE ( expand_status=1 AND expand_aty_id='4' )  [ RunTime:0.0001s ]
SQL: SELECT `user_id`,`user_level`,`user_auth`,`user_name`,`user_sex`,concat("http://qiuxx.com/Uploads/",user_head_img) as head_img FROM `qz_user` WHERE ( 1=1 AND user_id='3' ) LIMIT 1   [ RunTime:0.0001s ]
SQL: SELECT `expand_aty_img`,`expand_aty_thumb_img` FROM `qz_aty_expand` WHERE ( expand_status=1 AND expand_aty_id='3' )  [ RunTime:0.0002s ]
SQL: SELECT `user_id`,`user_level`,`user_auth`,`user_name`,`user_sex`,concat("http://qiuxx.com/Uploads/",user_head_img) as head_img FROM `qz_user` WHERE ( 1=1 AND user_id='3' ) LIMIT 1   [ RunTime:0.0001s ]
SQL: SELECT `expand_aty_img`,`expand_aty_thumb_img` FROM `qz_aty_expand` WHERE ( expand_status=1 AND expand_aty_id='2' )  [ RunTime:0.0001s ]
SQL: SELECT `user_id`,`user_level`,`user_auth`,`user_name`,`user_sex`,concat("http://qiuxx.com/Uploads/",user_head_img) as head_img FROM `qz_user` WHERE ( 1=1 AND user_id='0' ) LIMIT 1   [ RunTime:0.0002s ]
SQL: SELECT `expand_aty_img`,`expand_aty_thumb_img` FROM `qz_aty_expand` WHERE ( expand_status=1 AND expand_aty_id='1' )  [ RunTime:0.0001s ]
SQL: SELECT COUNT(*) AS tp_count FROM `qz_activity` LIMIT 1   [ RunTime:0.0001s ]

[ 2016-06-08T10:13:26+08:00 ] 183.14.60.28 /qzApi.php/Currency/level
INFO: [ app_init ] --START--
INFO: Run Behavior\BuildLiteBehavior [ RunTime:0.000012s ]
INFO: [ app_init ] --END-- [ RunTime:0.000274s ]
INFO: [ app_begin ] --START--
INFO: Run Behavior\ReadHtmlCacheBehavior [ RunTime:0.000424s ]
INFO: [ app_begin ] --END-- [ RunTime:0.000463s ]
SQL: SHOW COLUMNS FROM `qz_level` [ RunTime:0.0006s ]
SQL: SELECT `level_id`,`level_name` FROM `qz_level` WHERE `status` = 1  [ RunTime:0.0002s ]

[ 2016-06-08T10:13:28+08:00 ] 180.153.201.215 /qzApi.php/Currency/level
INFO: [ app_init ] --START--
INFO: Run Behavior\BuildLiteBehavior [ RunTime:0.000013s ]
INFO: [ app_init ] --END-- [ RunTime:0.000266s ]
INFO: [ app_begin ] --START--
INFO: Run Behavior\ReadHtmlCacheBehavior [ RunTime:0.000332s ]
INFO: [ app_begin ] --END-- [ RunTime:0.000370s ]
SQL: SHOW COLUMNS FROM `qz_level` [ RunTime:0.0005s ]
SQL: SELECT `level_id`,`level_name` FROM `qz_level` WHERE `status` = 1  [ RunTime:0.0001s ]

[ 2016-06-08T10:13:29+08:00 ] 101.226.227.97 /qzApi.php/Currency/level
INFO: [ app_init ] --START--
INFO: Run Behavior\BuildLiteBehavior [ RunTime:0.000013s ]
INFO: [ app_init ] --END-- [ RunTime:0.000276s ]
INFO: [ app_begin ] --START--
INFO: Run Behavior\ReadHtmlCacheBehavior [ RunTime:0.000418s ]
INFO: [ app_begin ] --END-- [ RunTime:0.000459s ]
SQL: SHOW COLUMNS FROM `qz_level` [ RunTime:0.0005s ]
SQL: SELECT `level_id`,`level_name` FROM `qz_level` WHERE `status` = 1  [ RunTime:0.0001s ]

[ 2016-06-08T10:14:25+08:00 ] 183.14.60.28 /qzApi.php/Currency/level
INFO: [ app_init ] --START--
INFO: Run Behavior\BuildLiteBehavior [ RunTime:0.000014s ]
INFO: [ app_init ] --END-- [ RunTime:0.000290s ]
INFO: [ app_begin ] --START--
INFO: Run Behavior\ReadHtmlCacheBehavior [ RunTime:0.000402s ]
INFO: [ app_begin ] --END-- [ RunTime:0.000442s ]
SQL: SHOW COLUMNS FROM `qz_level` [ RunTime:0.0007s ]
SQL: SELECT `level_id`,`level_name` FROM `qz_level` WHERE `status` = 1  [ RunTime:0.0001s ]

[ 2016-06-08T21:54:11+08:00 ] 101.226.64.174 /qzApi.php/Activity/activityDel/token/edfa4c8e7915b05860557cea69b0e916/id/1
INFO: [ app_init ] --START--
INFO: Run Behavior\BuildLiteBehavior [ RunTime:0.000013s ]
INFO: [ app_init ] --END-- [ RunTime:0.000283s ]
INFO: [ app_begin ] --START--
INFO: Run Behavior\ReadHtmlCacheBehavior [ RunTime:0.000343s ]
INFO: [ app_begin ] --END-- [ RunTime:0.000382s ]
SQL: SHOW COLUMNS FROM `qz_token` [ RunTime:0.0005s ]
SQL: SELECT user.user_id,`user_num`,`user_level`,`user_auth`,`user_phone`,`user_name`,`user_head_img`,`user_birthday`,`user_address`,`user_sex` FROM `qz_token` left JOIN qz_user as user on qz_token.user_id=user.user_id  WHERE `token` = 'edfa4c8e7915b05860557cea69b0e916' LIMIT 1   [ RunTime:0.0001s ]
SQL: SHOW COLUMNS FROM `qz_activity` [ RunTime:0.0004s ]
SQL: UPDATE `qz_activity` SET `aty_status`='0' WHERE `aty_uid` = 3 AND `aty_id` = 1 [ RunTime:0.0002s ]

[ 2016-06-08T21:54:14+08:00 ] 14.17.34.182 /qzApi.php/Activity/activityDel/token/edfa4c8e7915b05860557cea69b0e916/id/1
INFO: [ app_init ] --START--
INFO: Run Behavior\BuildLiteBehavior [ RunTime:0.000012s ]
INFO: [ app_init ] --END-- [ RunTime:0.000285s ]
INFO: [ app_begin ] --START--
INFO: Run Behavior\ReadHtmlCacheBehavior [ RunTime:0.000382s ]
INFO: [ app_begin ] --END-- [ RunTime:0.000422s ]
SQL: SHOW COLUMNS FROM `qz_token` [ RunTime:0.0006s ]
SQL: SELECT user.user_id,`user_num`,`user_level`,`user_auth`,`user_phone`,`user_name`,`user_head_img`,`user_birthday`,`user_address`,`user_sex` FROM `qz_token` left JOIN qz_user as user on qz_token.user_id=user.user_id  WHERE `token` = 'edfa4c8e7915b05860557cea69b0e916' LIMIT 1   [ RunTime:0.0001s ]
SQL: SHOW COLUMNS FROM `qz_activity` [ RunTime:0.0004s ]
SQL: UPDATE `qz_activity` SET `aty_status`='0' WHERE `aty_uid` = 3 AND `aty_id` = 1 [ RunTime:0.0002s ]

