[ 2016-09-20T09:52:36+08:00 ] ::1 /project/qzApi.php/Operate/createUserGroup
INFO: [ app_init ] --START--
INFO: Run Behavior\BuildLiteBehavior [ RunTime:0.000000s ]
INFO: [ app_init ] --END-- [ RunTime:0.002000s ]
INFO: [ app_begin ] --START--
INFO: Run Behavior\ReadHtmlCacheBehavior [ RunTime:0.000000s ]
INFO: [ app_begin ] --END-- [ RunTime:0.000000s ]
SQL: SHOW COLUMNS FROM `qz_token` [ RunTime:0.0110s ]
SQL: SELECT user.user_id,`user_num`,`user_level`,`user_auth`,`user_phone`,`user_name`,`user_head_img`,`user_birthday`,`user_address`,`user_sex` FROM `qz_token` left JOIN qz_user as user on qz_token.user_id=user.user_id  WHERE `token` = 'edfa4c8e7915b05860557cea69b0e916' LIMIT 1   [ RunTime:0.0040s ]
SQL: SHOW COLUMNS FROM `qz_user_group` [ RunTime:0.0110s ]
NOTIC: [8] Undefined index: validate D:\WWW\project\ThinkPHP\Library\Think\Model.class.php 第 1185 行.
NOTIC: [8] Undefined index: auto D:\WWW\project\ThinkPHP\Library\Think\Model.class.php 第 1128 行.
SQL: SELECT `user_id` FROM `qz_token` WHERE `token` = 'edfa4c8e7915b05860557cea69b0e916' LIMIT 1   [ RunTime:0.0010s ]
SQL: SHOW COLUMNS FROM `qz_u_ry` [ RunTime:0.0100s ]
SQL: SELECT * FROM `qz_u_ry` WHERE `user_id` = 3 LIMIT 1   [ RunTime:0.0010s ]

[ 2016-09-20T09:52:58+08:00 ] ::1 /project/qzApi.php/Operate/createUserGroup
INFO: [ app_init ] --START--
INFO: Run Behavior\BuildLiteBehavior [ RunTime:0.000000s ]
INFO: [ app_init ] --END-- [ RunTime:0.001000s ]
INFO: [ app_begin ] --START--
INFO: Run Behavior\ReadHtmlCacheBehavior [ RunTime:0.001000s ]
INFO: [ app_begin ] --END-- [ RunTime:0.001000s ]
SQL: SHOW COLUMNS FROM `qz_token` [ RunTime:0.0120s ]
SQL: SELECT user.user_id,`user_num`,`user_level`,`user_auth`,`user_phone`,`user_name`,`user_head_img`,`user_birthday`,`user_address`,`user_sex` FROM `qz_token` left JOIN qz_user as user on qz_token.user_id=user.user_id  WHERE `token` = 'edfa4c8e7915b05860557cea69b0e916' LIMIT 1   [ RunTime:0.0010s ]
SQL: SHOW COLUMNS FROM `qz_user_group` [ RunTime:0.0090s ]
NOTIC: [8] Undefined index: validate D:\WWW\project\ThinkPHP\Library\Think\Model.class.php 第 1185 行.
NOTIC: [8] Undefined index: auto D:\WWW\project\ThinkPHP\Library\Think\Model.class.php 第 1128 行.
SQL: SELECT `user_id` FROM `qz_token` WHERE `token` = 'edfa4c8e7915b05860557cea69b0e916' LIMIT 1   [ RunTime:0.0000s ]
SQL: SHOW COLUMNS FROM `qz_u_ry` [ RunTime:0.0070s ]
SQL: SELECT * FROM `qz_u_ry` WHERE `user_id` = 3 LIMIT 1   [ RunTime:0.0000s ]
NOTIC: [8] Undefined offset: 0 D:\WWW\project\ThinkPHP\Library\Think\Db\Driver.class.php 第 803 行.
SQL: INSERT INTO `qz_user_group` (`name`,`condition`,`introduce`,`x`,`y`,`update_time`,`create_time`,`status`,`addr`,`level`,`user_count`,`create_user`) VALUES ('群名称','群条件a群条件a群条件a','群介绍a群介绍a群介绍a','113.7602220000','23.0097360000','1474336376','1474336376','1','广东省东莞市东莞市市辖区东莞大道','1','1','3') [ RunTime:0.0010s ]
NOTIC: [8] Undefined index: mapping_name D:\WWW\project\ThinkPHP\Library\Think\Model\RelationModel.class.php 第 259 行.
SQL: SHOW COLUMNS FROM `qz_user_group_relation` [ RunTime:0.0100s ]
SQL: INSERT INTO `qz_user_group_relation` (`user_id`,`group_id`) VALUES ('3','8') [ RunTime:0.0010s ]
SQL: UPDATE `qz_user_group` SET `number`='100008' WHERE `id` = '8' [ RunTime:0.0000s ]
NOTIC: [4096] Argument 1 passed to QzApi\Controller\RyController::groupCreate() must be of the type array, string given, called in D:\WWW\project\Application\QzApi\Controller\OperateController.class.php on line 214 and defined D:\WWW\project\Application\QzApi\Controller\RyController.class.php 第 58 行.

[ 2016-09-20T09:54:49+08:00 ] ::1 /project/qzApi.php/Operate/createUserGroup
INFO: [ app_init ] --START--
INFO: Run Behavior\BuildLiteBehavior [ RunTime:0.000000s ]
INFO: [ app_init ] --END-- [ RunTime:0.001000s ]
INFO: [ app_begin ] --START--
INFO: Run Behavior\ReadHtmlCacheBehavior [ RunTime:0.001000s ]
INFO: [ app_begin ] --END-- [ RunTime:0.001000s ]
SQL: SHOW COLUMNS FROM `qz_token` [ RunTime:0.0090s ]
SQL: SELECT user.user_id,`user_num`,`user_level`,`user_auth`,`user_phone`,`user_name`,`user_head_img`,`user_birthday`,`user_address`,`user_sex` FROM `qz_token` left JOIN qz_user as user on qz_token.user_id=user.user_id  WHERE `token` = 'edfa4c8e7915b05860557cea69b0e916' LIMIT 1   [ RunTime:0.0010s ]
SQL: SHOW COLUMNS FROM `qz_user_group` [ RunTime:0.0070s ]
NOTIC: [8] Undefined index: validate D:\WWW\project\ThinkPHP\Library\Think\Model.class.php 第 1185 行.
NOTIC: [8] Undefined index: auto D:\WWW\project\ThinkPHP\Library\Think\Model.class.php 第 1128 行.
SQL: SELECT `user_id` FROM `qz_token` WHERE `token` = 'edfa4c8e7915b05860557cea69b0e916' LIMIT 1   [ RunTime:0.0010s ]
SQL: SHOW COLUMNS FROM `qz_u_ry` [ RunTime:0.0090s ]
SQL: SELECT * FROM `qz_u_ry` WHERE `user_id` = 3 LIMIT 1   [ RunTime:0.0000s ]
NOTIC: [8] Undefined offset: 0 D:\WWW\project\ThinkPHP\Library\Think\Db\Driver.class.php 第 803 行.
SQL: INSERT INTO `qz_user_group` (`name`,`condition`,`introduce`,`x`,`y`,`update_time`,`create_time`,`status`,`addr`,`level`,`user_count`,`create_user`) VALUES ('群名称','群条件a群条件a群条件a','群介绍a群介绍a群介绍a','113.7602220000','23.0097360000','1474336488','1474336488','1','广东省东莞市东莞市市辖区东莞大道','1','1','3') [ RunTime:0.0000s ]
NOTIC: [8] Undefined index: mapping_name D:\WWW\project\ThinkPHP\Library\Think\Model\RelationModel.class.php 第 259 行.
SQL: SHOW COLUMNS FROM `qz_user_group_relation` [ RunTime:0.0050s ]
SQL: INSERT INTO `qz_user_group_relation` (`user_id`,`group_id`) VALUES ('3','9') [ RunTime:0.0000s ]
NOTIC: [4096] Argument 1 passed to QzApi\Controller\RyController::groupCreate() must be of the type array, string given, called in D:\WWW\project\Application\QzApi\Controller\OperateController.class.php on line 215 and defined D:\WWW\project\Application\QzApi\Controller\RyController.class.php 第 58 行.

[ 2016-09-20T09:56:07+08:00 ] ::1 /project/qzApi.php/Operate/createUserGroup
INFO: [ app_init ] --START--
INFO: Run Behavior\BuildLiteBehavior [ RunTime:0.000000s ]
INFO: [ app_init ] --END-- [ RunTime:0.001000s ]
INFO: [ app_begin ] --START--
INFO: Run Behavior\ReadHtmlCacheBehavior [ RunTime:0.000000s ]
INFO: [ app_begin ] --END-- [ RunTime:0.001000s ]
SQL: SHOW COLUMNS FROM `qz_token` [ RunTime:0.0090s ]
SQL: SELECT user.user_id,`user_num`,`user_level`,`user_auth`,`user_phone`,`user_name`,`user_head_img`,`user_birthday`,`user_address`,`user_sex` FROM `qz_token` left JOIN qz_user as user on qz_token.user_id=user.user_id  WHERE `token` = 'edfa4c8e7915b05860557cea69b0e916' LIMIT 1   [ RunTime:0.0000s ]
SQL: SHOW COLUMNS FROM `qz_user_group` [ RunTime:0.0090s ]
NOTIC: [8] Undefined index: validate D:\WWW\project\ThinkPHP\Library\Think\Model.class.php 第 1185 行.
NOTIC: [8] Undefined index: auto D:\WWW\project\ThinkPHP\Library\Think\Model.class.php 第 1128 行.
SQL: SELECT `user_id` FROM `qz_token` WHERE `token` = 'edfa4c8e7915b05860557cea69b0e916' LIMIT 1   [ RunTime:0.0010s ]
SQL: SHOW COLUMNS FROM `qz_u_ry` [ RunTime:0.0090s ]
SQL: SELECT * FROM `qz_u_ry` WHERE `user_id` = 3 LIMIT 1   [ RunTime:0.0010s ]
NOTIC: [8] Undefined offset: 0 D:\WWW\project\ThinkPHP\Library\Think\Db\Driver.class.php 第 803 行.
SQL: INSERT INTO `qz_user_group` (`name`,`condition`,`introduce`,`x`,`y`,`update_time`,`create_time`,`status`,`addr`,`level`,`user_count`,`create_user`) VALUES ('群名称','群条件a群条件a群条件a','群介绍a群介绍a群介绍a','113.7602220000','23.0097360000','1474336565','1474336565','1','广东省东莞市东莞市市辖区东莞大道','1','1','3') [ RunTime:0.0000s ]
NOTIC: [8] Undefined index: mapping_name D:\WWW\project\ThinkPHP\Library\Think\Model\RelationModel.class.php 第 259 行.
SQL: SHOW COLUMNS FROM `qz_user_group_relation` [ RunTime:0.0090s ]
SQL: INSERT INTO `qz_user_group_relation` (`user_id`,`group_id`) VALUES ('3','10') [ RunTime:0.0010s ]
NOTIC: [4096] Argument 1 passed to QzApi\Controller\RyController::groupCreate() must be of the type array, string given, called in D:\WWW\project\Application\QzApi\Controller\OperateController.class.php on line 215 and defined D:\WWW\project\Application\QzApi\Controller\RyController.class.php 第 58 行.

[ 2016-09-20T09:56:45+08:00 ] ::1 /project/qzApi.php/Operate/createUserGroup
INFO: [ app_init ] --START--
INFO: Run Behavior\BuildLiteBehavior [ RunTime:0.000000s ]
INFO: [ app_init ] --END-- [ RunTime:0.001000s ]
INFO: [ app_begin ] --START--
INFO: Run Behavior\ReadHtmlCacheBehavior [ RunTime:0.001000s ]
INFO: [ app_begin ] --END-- [ RunTime:0.001000s ]
SQL: SHOW COLUMNS FROM `qz_token` [ RunTime:0.0080s ]
SQL: SELECT user.user_id,`user_num`,`user_level`,`user_auth`,`user_phone`,`user_name`,`user_head_img`,`user_birthday`,`user_address`,`user_sex` FROM `qz_token` left JOIN qz_user as user on qz_token.user_id=user.user_id  WHERE `token` = 'edfa4c8e7915b05860557cea69b0e916' LIMIT 1   [ RunTime:0.0010s ]
SQL: SHOW COLUMNS FROM `qz_user_group` [ RunTime:0.0100s ]
NOTIC: [8] Undefined index: validate D:\WWW\project\ThinkPHP\Library\Think\Model.class.php 第 1185 行.
NOTIC: [8] Undefined index: auto D:\WWW\project\ThinkPHP\Library\Think\Model.class.php 第 1128 行.
SQL: SELECT `user_id` FROM `qz_token` WHERE `token` = 'edfa4c8e7915b05860557cea69b0e916' LIMIT 1   [ RunTime:0.0010s ]
SQL: SHOW COLUMNS FROM `qz_u_ry` [ RunTime:0.0100s ]
SQL: SELECT * FROM `qz_u_ry` WHERE `user_id` = 3 LIMIT 1   [ RunTime:0.0010s ]
NOTIC: [8] Undefined offset: 0 D:\WWW\project\ThinkPHP\Library\Think\Db\Driver.class.php 第 803 行.
SQL: INSERT INTO `qz_user_group` (`name`,`condition`,`introduce`,`x`,`y`,`update_time`,`create_time`,`status`,`addr`,`level`,`user_count`,`create_user`) VALUES ('群名称','群条件a群条件a群条件a','群介绍a群介绍a群介绍a','113.7602220000','23.0097360000','1474336604','1474336604','1','广东省东莞市东莞市市辖区东莞大道','1','1','3') [ RunTime:0.0010s ]
NOTIC: [8] Undefined index: mapping_name D:\WWW\project\ThinkPHP\Library\Think\Model\RelationModel.class.php 第 259 行.
SQL: SHOW COLUMNS FROM `qz_user_group_relation` [ RunTime:0.0090s ]
SQL: INSERT INTO `qz_user_group_relation` (`user_id`,`group_id`) VALUES ('3','11') [ RunTime:0.0010s ]
NOTIC: [4096] Argument 1 passed to QzApi\Controller\RyController::groupCreate() must be of the type array, string given, called in D:\WWW\project\Application\QzApi\Controller\OperateController.class.php on line 215 and defined D:\WWW\project\Application\QzApi\Controller\RyController.class.php 第 58 行.
NOTIC: [4096] Argument 1 passed to ServerAPI::groupCreate() must be of the type array, string given, called in D:\WWW\project\Application\QzApi\Controller\RyController.class.php on line 59 and defined D:\WWW\project\ThinkPHP\Library\Vendor\rongyun\ServerAPI.php 第 540 行.

[ 2016-09-20T10:23:21+08:00 ] ::1 /project/qzApi.php/Operate/groupJoin
INFO: [ app_init ] --START--
INFO: Run Behavior\BuildLiteBehavior [ RunTime:0.000000s ]
INFO: [ app_init ] --END-- [ RunTime:0.000000s ]
INFO: [ app_begin ] --START--
INFO: Run Behavior\ReadHtmlCacheBehavior [ RunTime:0.000000s ]
INFO: [ app_begin ] --END-- [ RunTime:0.000000s ]

[ 2016-09-20T10:24:35+08:00 ] ::1 /project/qzApi.php/Operate/createUserGroup
INFO: [ app_init ] --START--
INFO: Run Behavior\BuildLiteBehavior [ RunTime:0.000000s ]
INFO: [ app_init ] --END-- [ RunTime:0.001000s ]
INFO: [ app_begin ] --START--
INFO: Run Behavior\ReadHtmlCacheBehavior [ RunTime:0.001001s ]
INFO: [ app_begin ] --END-- [ RunTime:0.001001s ]
SQL: SHOW COLUMNS FROM `qz_token` [ RunTime:0.0100s ]
SQL: SELECT user.user_id,`user_num`,`user_level`,`user_auth`,`user_phone`,`user_name`,`user_head_img`,`user_birthday`,`user_address`,`user_sex` FROM `qz_token` left JOIN qz_user as user on qz_token.user_id=user.user_id  WHERE `token` = 'edfa4c8e7915b05860557cea69b0e916' LIMIT 1   [ RunTime:0.0000s ]
SQL: SHOW COLUMNS FROM `qz_user_group` [ RunTime:0.0100s ]
NOTIC: [8] Undefined index: validate D:\WWW\project\ThinkPHP\Library\Think\Model.class.php 第 1185 行.
NOTIC: [8] Undefined index: auto D:\WWW\project\ThinkPHP\Library\Think\Model.class.php 第 1128 行.
SQL: SELECT `user_id` FROM `qz_token` WHERE `token` = 'edfa4c8e7915b05860557cea69b0e916' LIMIT 1   [ RunTime:0.0010s ]
SQL: SHOW COLUMNS FROM `qz_u_ry` [ RunTime:0.0100s ]
SQL: SELECT * FROM `qz_u_ry` WHERE `user_id` = 3 LIMIT 1   [ RunTime:0.0010s ]
NOTIC: [8] Undefined offset: 0 D:\WWW\project\ThinkPHP\Library\Think\Db\Driver.class.php 第 803 行.
SQL: INSERT INTO `qz_user_group` (`name`,`condition`,`introduce`,`x`,`y`,`update_time`,`create_time`,`status`,`addr`,`level`,`user_count`,`create_user`) VALUES ('群名称','群条件a群条件a群条件a','群介绍a群介绍a群介绍a','113.7602220000','23.0097360000','1474338274','1474338274','1','广东省东莞市东莞市市辖区东莞大道','1','1','3') [ RunTime:0.0000s ]
NOTIC: [8] Undefined index: mapping_name D:\WWW\project\ThinkPHP\Library\Think\Model\RelationModel.class.php 第 259 行.
SQL: SHOW COLUMNS FROM `qz_user_group_relation` [ RunTime:0.0090s ]
SQL: INSERT INTO `qz_user_group_relation` (`user_id`,`status`,`type`,`update_time`,`create_time`,`group_id`) VALUES ('3','1','1','1474338274','1474338274','1') [ RunTime:0.0010s ]
SQL: UPDATE `qz_user_group` SET `number`='100001' WHERE `id` = '1' [ RunTime:0.0010s ]
NOTIC: [4096] Argument 1 passed to QzApi\Controller\RyController::groupCreate() must be of the type array, string given, called in D:\WWW\project\Application\QzApi\Controller\OperateController.class.php on line 220 and defined D:\WWW\project\Application\QzApi\Controller\RyController.class.php 第 58 行.
NOTIC: [4096] Argument 1 passed to ServerAPI::groupCreate() must be of the type array, string given, called in D:\WWW\project\Application\QzApi\Controller\RyController.class.php on line 59 and defined D:\WWW\project\ThinkPHP\Library\Vendor\rongyun\ServerAPI.php 第 540 行.

[ 2016-09-20T10:27:58+08:00 ] ::1 /project/qzApi.php/Operate/groupJoin
INFO: [ app_init ] --START--
INFO: Run Behavior\BuildLiteBehavior [ RunTime:0.000000s ]
INFO: [ app_init ] --END-- [ RunTime:0.000000s ]
INFO: [ app_begin ] --START--
INFO: Run Behavior\ReadHtmlCacheBehavior [ RunTime:0.000000s ]
INFO: [ app_begin ] --END-- [ RunTime:0.001001s ]
SQL: SHOW COLUMNS FROM `qz_token` [ RunTime:0.0090s ]
SQL: SELECT user.user_id,`user_num`,`user_level`,`user_auth`,`user_phone`,`user_name`,`user_head_img`,`user_birthday`,`user_address`,`user_sex` FROM `qz_token` left JOIN qz_user as user on qz_token.user_id=user.user_id  WHERE `token` = '01cf0035a2b9f72a63f13cf93f0d0a3d' LIMIT 1   [ RunTime:0.0010s ]
SQL: SHOW COLUMNS FROM `qz_user_group_relation` [ RunTime:0.0080s ]
NOTIC: [8] Undefined index: validate D:\WWW\project\ThinkPHP\Library\Think\Model.class.php 第 1185 行.
NOTIC: [8] Undefined index: auto D:\WWW\project\ThinkPHP\Library\Think\Model.class.php 第 1128 行.
ERR: Think\Model:getGroupId方法不存在！

[ 2016-09-20T10:28:14+08:00 ] ::1 /project/qzApi.php/Operate/groupJoin
INFO: [ app_init ] --START--
INFO: Run Behavior\BuildLiteBehavior [ RunTime:0.000000s ]
INFO: [ app_init ] --END-- [ RunTime:0.001000s ]
INFO: [ app_begin ] --START--
INFO: Run Behavior\ReadHtmlCacheBehavior [ RunTime:0.000000s ]
INFO: [ app_begin ] --END-- [ RunTime:0.000000s ]
SQL: SHOW COLUMNS FROM `qz_token` [ RunTime:0.0080s ]
SQL: SELECT user.user_id,`user_num`,`user_level`,`user_auth`,`user_phone`,`user_name`,`user_head_img`,`user_birthday`,`user_address`,`user_sex` FROM `qz_token` left JOIN qz_user as user on qz_token.user_id=user.user_id  WHERE `token` = '01cf0035a2b9f72a63f13cf93f0d0a3d' LIMIT 1   [ RunTime:0.0010s ]
SQL: SHOW COLUMNS FROM `qz_user_group_relation` [ RunTime:0.0080s ]
NOTIC: [8] Undefined index: validate D:\WWW\project\ThinkPHP\Library\Think\Model.class.php 第 1185 行.
NOTIC: [8] Undefined index: auto D:\WWW\project\ThinkPHP\Library\Think\Model.class.php 第 1128 行.
INFO: [ app_end ] --START--
INFO: Run Behavior\ShowPageTraceBehavior [ RunTime:0.001000s ]
INFO: [ app_end ] --END-- [ RunTime:0.001000s ]

[ 2016-09-20T10:28:28+08:00 ] ::1 /project/qzApi.php/Operate/groupJoin
INFO: [ app_init ] --START--
INFO: Run Behavior\BuildLiteBehavior [ RunTime:0.000000s ]
INFO: [ app_init ] --END-- [ RunTime:0.001000s ]
INFO: [ app_begin ] --START--
INFO: Run Behavior\ReadHtmlCacheBehavior [ RunTime:0.000000s ]
INFO: [ app_begin ] --END-- [ RunTime:0.001000s ]

[ 2016-09-20T10:28:33+08:00 ] ::1 /project/qzApi.php/Operate/groupJoin
INFO: [ app_init ] --START--
INFO: Run Behavior\BuildLiteBehavior [ RunTime:0.000000s ]
INFO: [ app_init ] --END-- [ RunTime:0.000000s ]
INFO: [ app_begin ] --START--
INFO: Run Behavior\ReadHtmlCacheBehavior [ RunTime:0.001000s ]
INFO: [ app_begin ] --END-- [ RunTime:0.001000s ]
SQL: SHOW COLUMNS FROM `qz_token` [ RunTime:0.0030s ]
SQL: SELECT user.user_id,`user_num`,`user_level`,`user_auth`,`user_phone`,`user_name`,`user_head_img`,`user_birthday`,`user_address`,`user_sex` FROM `qz_token` left JOIN qz_user as user on qz_token.user_id=user.user_id  WHERE `token` = '01cf0035a2b9f72a63f13cf93f0d0a3d' LIMIT 1   [ RunTime:0.0010s ]
SQL: SHOW COLUMNS FROM `qz_user_group_relation` [ RunTime:0.0030s ]
NOTIC: [8] Undefined index: validate D:\WWW\project\ThinkPHP\Library\Think\Model.class.php 第 1185 行.
NOTIC: [8] Undefined index: group_id D:\WWW\project\ThinkPHP\Library\Think\Model.class.php 第 1303 行.

[ 2016-09-20T10:29:15+08:00 ] ::1 /project/qzApi.php/Operate/groupJoin
INFO: [ app_init ] --START--
INFO: Run Behavior\BuildLiteBehavior [ RunTime:0.000000s ]
INFO: [ app_init ] --END-- [ RunTime:0.001000s ]
INFO: [ app_begin ] --START--
INFO: Run Behavior\ReadHtmlCacheBehavior [ RunTime:0.000000s ]
INFO: [ app_begin ] --END-- [ RunTime:0.000000s ]
SQL: SHOW COLUMNS FROM `qz_token` [ RunTime:0.0090s ]
SQL: SELECT user.user_id,`user_num`,`user_level`,`user_auth`,`user_phone`,`user_name`,`user_head_img`,`user_birthday`,`user_address`,`user_sex` FROM `qz_token` left JOIN qz_user as user on qz_token.user_id=user.user_id  WHERE `token` = '01cf0035a2b9f72a63f13cf93f0d0a3d' LIMIT 1   [ RunTime:0.0020s ]
SQL: SHOW COLUMNS FROM `qz_user_group_relation` [ RunTime:0.0090s ]
NOTIC: [8] Undefined index: validate D:\WWW\project\ThinkPHP\Library\Think\Model.class.php 第 1185 行.
NOTIC: [8] Undefined index: auto D:\WWW\project\ThinkPHP\Library\Think\Model.class.php 第 1128 行.
INFO: [ app_end ] --START--
INFO: Run Behavior\ShowPageTraceBehavior [ RunTime:0.000000s ]
INFO: [ app_end ] --END-- [ RunTime:0.000000s ]

[ 2016-09-20T10:29:53+08:00 ] ::1 /project/qzApi.php/Operate/groupJoin
INFO: [ app_init ] --START--
INFO: Run Behavior\BuildLiteBehavior [ RunTime:0.000000s ]
INFO: [ app_init ] --END-- [ RunTime:0.001000s ]
INFO: [ app_begin ] --START--
INFO: Run Behavior\ReadHtmlCacheBehavior [ RunTime:0.000000s ]
INFO: [ app_begin ] --END-- [ RunTime:0.000000s ]
SQL: SHOW COLUMNS FROM `qz_token` [ RunTime:0.0090s ]
SQL: SELECT user.user_id,`user_num`,`user_level`,`user_auth`,`user_phone`,`user_name`,`user_head_img`,`user_birthday`,`user_address`,`user_sex` FROM `qz_token` left JOIN qz_user as user on qz_token.user_id=user.user_id  WHERE `token` = '01cf0035a2b9f72a63f13cf93f0d0a3d' LIMIT 1   [ RunTime:0.0010s ]
SQL: SHOW COLUMNS FROM `qz_user_group_relation` [ RunTime:0.0100s ]
NOTIC: [8] Undefined index: validate D:\WWW\project\ThinkPHP\Library\Think\Model.class.php 第 1185 行.
NOTIC: [8] Undefined index: auto D:\WWW\project\ThinkPHP\Library\Think\Model.class.php 第 1128 行.
INFO: [ app_end ] --START--
INFO: Run Behavior\ShowPageTraceBehavior [ RunTime:0.001000s ]
INFO: [ app_end ] --END-- [ RunTime:0.001000s ]

[ 2016-09-20T10:49:09+08:00 ] ::1 /project/qzApi.php/UserGroup/groupJoin
INFO: [ app_init ] --START--
INFO: Run Behavior\BuildLiteBehavior [ RunTime:0.000000s ]
INFO: [ app_init ] --END-- [ RunTime:0.000000s ]
INFO: [ app_begin ] --START--
INFO: Run Behavior\ReadHtmlCacheBehavior [ RunTime:0.000000s ]
INFO: [ app_begin ] --END-- [ RunTime:0.000000s ]
SQL: SHOW COLUMNS FROM `qz_token` [ RunTime:0.0090s ]
SQL: SELECT user.user_id,`user_num`,`user_level`,`user_auth`,`user_phone`,`user_name`,`user_head_img`,`user_birthday`,`user_address`,`user_sex` FROM `qz_token` left JOIN qz_user as user on qz_token.user_id=user.user_id  WHERE `token` = '01cf0035a2b9f72a63f13cf93f0d0a3d' LIMIT 1   [ RunTime:0.0010s ]
SQL: SHOW COLUMNS FROM `qz_user_group_relation` [ RunTime:0.0080s ]
NOTIC: [8] Undefined index: validate D:\WWW\project\ThinkPHP\Library\Think\Model.class.php 第 1185 行.
SQL: SHOW COLUMNS FROM `qz_user_group` [ RunTime:0.0070s ]
SQL: SELECT * FROM `qz_user_group` WHERE `id` = 1 LIMIT 1   [ RunTime:0.0010s ]
NOTIC: [8] Undefined index: auto D:\WWW\project\ThinkPHP\Library\Think\Model.class.php 第 1128 行.
SQL: SHOW COLUMNS FROM `qz_u_ry` [ RunTime:0.0090s ]
SQL: INSERT INTO `qz_u_ry` (`user_id`,`ry_id`,`ry_token`,`ry_create_time`,`ry_update_time`) VALUES ('15','1474339748_15','eHRvBbOJw12az0sMCadoqY/bApUp8lHOrYbFlrg2Nz00STdSIaO6Qdjm7OiSbYbTXME40mKzh5/hQKGPBTLaAdtKV3kPvsvV40hYznz7A+A=','1474339748','1474339748') [ RunTime:0.0010s ]
INFO: [ app_end ] --START--
INFO: Run Behavior\ShowPageTraceBehavior [ RunTime:0.001001s ]
INFO: [ app_end ] --END-- [ RunTime:0.001001s ]

[ 2016-09-20T10:49:25+08:00 ] ::1 /project/qzApi.php/UserGroup/groupJoin
INFO: [ app_init ] --START--
INFO: Run Behavior\BuildLiteBehavior [ RunTime:0.000000s ]
INFO: [ app_init ] --END-- [ RunTime:0.001000s ]
INFO: [ app_begin ] --START--
INFO: Run Behavior\ReadHtmlCacheBehavior [ RunTime:0.001000s ]
INFO: [ app_begin ] --END-- [ RunTime:0.001000s ]

[ 2016-09-20T10:49:36+08:00 ] ::1 /project/qzApi.php/UserGroup/groupJoin
INFO: [ app_init ] --START--
INFO: Run Behavior\BuildLiteBehavior [ RunTime:0.000000s ]
INFO: [ app_init ] --END-- [ RunTime:0.001000s ]
INFO: [ app_begin ] --START--
INFO: Run Behavior\ReadHtmlCacheBehavior [ RunTime:0.000000s ]
INFO: [ app_begin ] --END-- [ RunTime:0.000000s ]
SQL: SHOW COLUMNS FROM `qz_token` [ RunTime:2.0041s ]
SQL: SELECT user.user_id,`user_num`,`user_level`,`user_auth`,`user_phone`,`user_name`,`user_head_img`,`user_birthday`,`user_address`,`user_sex` FROM `qz_token` left JOIN qz_user as user on qz_token.user_id=user.user_id  WHERE `token` = '01cf0035a2b9f72a63f13cf93f0d0a3d' LIMIT 1   [ RunTime:0.0010s ]
SQL: SHOW COLUMNS FROM `qz_user_group_relation` [ RunTime:0.0090s ]
NOTIC: [8] Undefined index: validate D:\WWW\project\ThinkPHP\Library\Think\Model.class.php 第 1185 行.
SQL: SHOW COLUMNS FROM `qz_user_group` [ RunTime:0.0090s ]
SQL: SELECT * FROM `qz_user_group` WHERE `id` = 1 LIMIT 1   [ RunTime:0.0000s ]
NOTIC: [8] Undefined index: auto D:\WWW\project\ThinkPHP\Library\Think\Model.class.php 第 1128 行.
SQL: SHOW COLUMNS FROM `qz_u_ry` [ RunTime:0.0090s ]
ERR: 1062:Duplicate entry '15' for key 'userid'
 [ SQL语句 ] : INSERT INTO `qz_u_ry` (`user_id`,`ry_id`,`ry_token`,`ry_create_time`,`ry_update_time`) VALUES ('15','1474339773_15','5K2OnkePzxlv/MHtI9VqEY/bApUp8lHOrYbFlrg2Nz00STdSIaO6Qa46xI++rVtR6tzJGz/btHHlhxrmU4a+HpTGEczTwvSq40hYznz7A+A=','1474339773','1474339773')
ERR: 1062:Duplicate entry '15' for key 'userid'
 [ SQL语句 ] : INSERT INTO `qz_u_ry` (`user_id`,`ry_id`,`ry_token`,`ry_create_time`,`ry_update_time`) VALUES ('15','1474339773_15','5K2OnkePzxlv/MHtI9VqEY/bApUp8lHOrYbFlrg2Nz00STdSIaO6Qa46xI++rVtR6tzJGz/btHHlhxrmU4a+HpTGEczTwvSq40hYznz7A+A=','1474339773','1474339773')

[ 2016-09-20T10:50:23+08:00 ] ::1 /project/qzApi.php/UserGroup/groupJoin
INFO: [ app_init ] --START--
INFO: Run Behavior\BuildLiteBehavior [ RunTime:0.000000s ]
INFO: [ app_init ] --END-- [ RunTime:0.000000s ]
INFO: [ app_begin ] --START--
INFO: Run Behavior\ReadHtmlCacheBehavior [ RunTime:0.000000s ]
INFO: [ app_begin ] --END-- [ RunTime:0.000000s ]
SQL: SHOW COLUMNS FROM `qz_token` [ RunTime:0.0090s ]
SQL: SELECT user.user_id,`user_num`,`user_level`,`user_auth`,`user_phone`,`user_name`,`user_head_img`,`user_birthday`,`user_address`,`user_sex` FROM `qz_token` left JOIN qz_user as user on qz_token.user_id=user.user_id  WHERE `token` = '01cf0035a2b9f72a63f13cf93f0d0a3d' LIMIT 1   [ RunTime:0.0020s ]
SQL: SHOW COLUMNS FROM `qz_user_group_relation` [ RunTime:0.0090s ]
NOTIC: [8] Undefined index: validate D:\WWW\project\ThinkPHP\Library\Think\Model.class.php 第 1185 行.
SQL: SHOW COLUMNS FROM `qz_user_group` [ RunTime:0.0150s ]
SQL: SELECT * FROM `qz_user_group` WHERE `id` = 1 LIMIT 1   [ RunTime:0.0000s ]
NOTIC: [8] Undefined index: auto D:\WWW\project\ThinkPHP\Library\Think\Model.class.php 第 1128 行.
INFO: [ app_end ] --START--
INFO: Run Behavior\ShowPageTraceBehavior [ RunTime:0.001000s ]
INFO: [ app_end ] --END-- [ RunTime:0.001000s ]

[ 2016-09-20T10:55:23+08:00 ] ::1 /project/qzApi.php/UserGroup/groupJoin
INFO: [ app_init ] --START--
INFO: Run Behavior\BuildLiteBehavior [ RunTime:0.000000s ]
INFO: [ app_init ] --END-- [ RunTime:0.000000s ]
INFO: [ app_begin ] --START--
INFO: Run Behavior\ReadHtmlCacheBehavior [ RunTime:0.000000s ]
INFO: [ app_begin ] --END-- [ RunTime:0.000000s ]
SQL: SHOW COLUMNS FROM `qz_token` [ RunTime:0.0090s ]
SQL: SELECT user.user_id,`user_num`,`user_level`,`user_auth`,`user_phone`,`user_name`,`user_head_img`,`user_birthday`,`user_address`,`user_sex` FROM `qz_token` left JOIN qz_user as user on qz_token.user_id=user.user_id  WHERE `token` = '01cf0035a2b9f72a63f13cf93f0d0a3d' LIMIT 1   [ RunTime:0.0010s ]
SQL: SHOW COLUMNS FROM `qz_user_group_relation` [ RunTime:0.0070s ]
NOTIC: [8] Undefined index: validate D:\WWW\project\ThinkPHP\Library\Think\Model.class.php 第 1185 行.
SQL: SHOW COLUMNS FROM `qz_user_group` [ RunTime:0.0080s ]
SQL: SELECT * FROM `qz_user_group` WHERE `id` = 1 LIMIT 1   [ RunTime:0.0010s ]
NOTIC: [8] Undefined index: auto D:\WWW\project\ThinkPHP\Library\Think\Model.class.php 第 1128 行.
SQL: INSERT INTO `qz_user_group_relation` (`group_id`,`update_time`,`create_time`,`status`,`type`,`user_id`) VALUES ('1','1474340122','1474340122','2','0','15') [ RunTime:0.0010s ]

[ 2016-09-20T11:10:23+08:00 ] ::1 /project/qzApi.php/UserGroup/OperateUserAuth
INFO: [ app_init ] --START--
INFO: Run Behavior\BuildLiteBehavior [ RunTime:0.000000s ]
INFO: [ app_init ] --END-- [ RunTime:0.001000s ]
INFO: [ app_begin ] --START--
INFO: Run Behavior\ReadHtmlCacheBehavior [ RunTime:0.000000s ]
INFO: [ app_begin ] --END-- [ RunTime:0.000000s ]

[ 2016-09-20T11:10:55+08:00 ] ::1 /project/qzApi.php/UserGroup/OperateUserAuth
INFO: [ app_init ] --START--
INFO: Run Behavior\BuildLiteBehavior [ RunTime:0.000000s ]
INFO: [ app_init ] --END-- [ RunTime:0.001000s ]
INFO: [ app_begin ] --START--
INFO: Run Behavior\ReadHtmlCacheBehavior [ RunTime:0.000000s ]
INFO: [ app_begin ] --END-- [ RunTime:0.000000s ]
SQL: SHOW COLUMNS FROM `qz_token` [ RunTime:0.0090s ]
SQL: SELECT user.user_id,`user_num`,`user_level`,`user_auth`,`user_phone`,`user_name`,`user_head_img`,`user_birthday`,`user_address`,`user_sex` FROM `qz_token` left JOIN qz_user as user on qz_token.user_id=user.user_id  WHERE `token` = '01cf0035a2b9f72a63f13cf93f0d0a3d' LIMIT 1   [ RunTime:0.0010s ]
SQL: SHOW COLUMNS FROM `qz_user_group_relation` [ RunTime:0.0080s ]
NOTIC: [8] Undefined index: validate D:\WWW\project\ThinkPHP\Library\Think\Model.class.php 第 1185 行.
SQL: SHOW COLUMNS FROM `qz_user_group` [ RunTime:0.0040s ]
NOTIC: [8] Undefined index: auto D:\WWW\project\ThinkPHP\Library\Think\Model.class.php 第 1128 行.
INFO: [ app_end ] --START--
INFO: Run Behavior\ShowPageTraceBehavior [ RunTime:0.001000s ]
INFO: [ app_end ] --END-- [ RunTime:0.001000s ]

[ 2016-09-20T11:12:08+08:00 ] ::1 /project/qzApi.php/UserGroup/OperateUserAuth
INFO: [ app_init ] --START--
INFO: Run Behavior\BuildLiteBehavior [ RunTime:0.000000s ]
INFO: [ app_init ] --END-- [ RunTime:0.000000s ]
INFO: [ app_begin ] --START--
INFO: Run Behavior\ReadHtmlCacheBehavior [ RunTime:0.001000s ]
INFO: [ app_begin ] --END-- [ RunTime:0.001000s ]
SQL: SHOW COLUMNS FROM `qz_token` [ RunTime:0.0090s ]
SQL: SELECT user.user_id,`user_num`,`user_level`,`user_auth`,`user_phone`,`user_name`,`user_head_img`,`user_birthday`,`user_address`,`user_sex` FROM `qz_token` left JOIN qz_user as user on qz_token.user_id=user.user_id  WHERE `token` = '01cf0035a2b9f72a63f13cf93f0d0a3d' LIMIT 1   [ RunTime:0.0010s ]
SQL: SHOW COLUMNS FROM `qz_user_group_relation` [ RunTime:0.0090s ]
NOTIC: [8] Undefined index: validate D:\WWW\project\ThinkPHP\Library\Think\Model.class.php 第 1185 行.
SQL: SHOW COLUMNS FROM `qz_user_group` [ RunTime:0.0090s ]

[ 2016-09-20T11:12:20+08:00 ] ::1 /project/qzApi.php/UserGroup/OperateUserAuth
INFO: [ app_init ] --START--
INFO: Run Behavior\BuildLiteBehavior [ RunTime:0.000000s ]
INFO: [ app_init ] --END-- [ RunTime:0.000000s ]
INFO: [ app_begin ] --START--
INFO: Run Behavior\ReadHtmlCacheBehavior [ RunTime:0.001000s ]
INFO: [ app_begin ] --END-- [ RunTime:0.001000s ]
SQL: SHOW COLUMNS FROM `qz_token` [ RunTime:0.0090s ]
SQL: SELECT user.user_id,`user_num`,`user_level`,`user_auth`,`user_phone`,`user_name`,`user_head_img`,`user_birthday`,`user_address`,`user_sex` FROM `qz_token` left JOIN qz_user as user on qz_token.user_id=user.user_id  WHERE `token` = '01cf0035a2b9f72a63f13cf93f0d0a3d' LIMIT 1   [ RunTime:0.0010s ]
SQL: SHOW COLUMNS FROM `qz_user_group_relation` [ RunTime:0.0090s ]
NOTIC: [8] Undefined index: validate D:\WWW\project\ThinkPHP\Library\Think\Model.class.php 第 1185 行.
SQL: SHOW COLUMNS FROM `qz_user_group` [ RunTime:0.0130s ]
SQL: SELECT * FROM `qz_user_group` WHERE `create_user` = null AND `id` = 1 LIMIT 1   [ RunTime:0.0000s ]

[ 2016-09-20T11:15:49+08:00 ] ::1 /project/qzApi.php/UserGroup/OperateUserAuth
INFO: [ app_init ] --START--
INFO: Run Behavior\BuildLiteBehavior [ RunTime:0.000000s ]
INFO: [ app_init ] --END-- [ RunTime:0.000000s ]
INFO: [ app_begin ] --START--
INFO: Run Behavior\ReadHtmlCacheBehavior [ RunTime:0.001000s ]
INFO: [ app_begin ] --END-- [ RunTime:0.001000s ]

[ 2016-09-20T11:16:00+08:00 ] ::1 /project/qzApi.php/UserGroup/OperateUserAuth
INFO: [ app_init ] --START--
INFO: Run Behavior\BuildLiteBehavior [ RunTime:0.000000s ]
INFO: [ app_init ] --END-- [ RunTime:0.000000s ]
INFO: [ app_begin ] --START--
INFO: Run Behavior\ReadHtmlCacheBehavior [ RunTime:0.000000s ]
INFO: [ app_begin ] --END-- [ RunTime:0.000000s ]
SQL: SHOW COLUMNS FROM `qz_token` [ RunTime:0.0080s ]
SQL: SELECT user.user_id,`user_num`,`user_level`,`user_auth`,`user_phone`,`user_name`,`user_head_img`,`user_birthday`,`user_address`,`user_sex` FROM `qz_token` left JOIN qz_user as user on qz_token.user_id=user.user_id  WHERE `token` = '01cf0035a2b9f72a63f13cf93f0d0a3d' LIMIT 1   [ RunTime:0.0010s ]
SQL: SHOW COLUMNS FROM `qz_user_group_relation` [ RunTime:0.0090s ]
NOTIC: [8] Undefined index: validate D:\WWW\project\ThinkPHP\Library\Think\Model.class.php 第 1185 行.
SQL: SELECT `user_id` FROM `qz_token` WHERE `token` = '01cf0035a2b9f72a63f13cf93f0d0a3d' LIMIT 1   [ RunTime:0.0010s ]
SQL: SHOW COLUMNS FROM `qz_user_group` [ RunTime:0.0050s ]
SQL: SELECT * FROM `qz_user_group` WHERE `create_user` = 15 AND `id` = 1 LIMIT 1   [ RunTime:0.0000s ]

[ 2016-09-20T11:16:08+08:00 ] ::1 /project/qzApi.php/UserGroup/OperateUserAuth
INFO: [ app_init ] --START--
INFO: Run Behavior\BuildLiteBehavior [ RunTime:0.000000s ]
INFO: [ app_init ] --END-- [ RunTime:0.001001s ]
INFO: [ app_begin ] --START--
INFO: Run Behavior\ReadHtmlCacheBehavior [ RunTime:0.001000s ]
INFO: [ app_begin ] --END-- [ RunTime:0.001000s ]
SQL: SHOW COLUMNS FROM `qz_token` [ RunTime:0.0090s ]
SQL: SELECT user.user_id,`user_num`,`user_level`,`user_auth`,`user_phone`,`user_name`,`user_head_img`,`user_birthday`,`user_address`,`user_sex` FROM `qz_token` left JOIN qz_user as user on qz_token.user_id=user.user_id  WHERE `token` = '01cf0035a2b9f72a63f13cf93f0d0a3d' LIMIT 1   [ RunTime:0.0010s ]
SQL: SHOW COLUMNS FROM `qz_user_group_relation` [ RunTime:0.0060s ]
NOTIC: [8] Undefined index: validate D:\WWW\project\ThinkPHP\Library\Think\Model.class.php 第 1185 行.
SQL: SELECT `user_id` FROM `qz_token` WHERE `token` = '01cf0035a2b9f72a63f13cf93f0d0a3d' LIMIT 1   [ RunTime:0.0010s ]
SQL: SHOW COLUMNS FROM `qz_user_group` [ RunTime:0.0050s ]
SQL: SELECT * FROM `qz_user_group` WHERE `create_user` = 15 AND `id` = 1 LIMIT 1   [ RunTime:0.0000s ]

[ 2016-09-20T11:16:25+08:00 ] ::1 /project/qzApi.php/UserGroup/OperateUserAuth
INFO: [ app_init ] --START--
INFO: Run Behavior\BuildLiteBehavior [ RunTime:0.000000s ]
INFO: [ app_init ] --END-- [ RunTime:0.000000s ]
INFO: [ app_begin ] --START--
INFO: Run Behavior\ReadHtmlCacheBehavior [ RunTime:0.001000s ]
INFO: [ app_begin ] --END-- [ RunTime:0.001000s ]
SQL: SHOW COLUMNS FROM `qz_token` [ RunTime:0.0080s ]
SQL: SELECT user.user_id,`user_num`,`user_level`,`user_auth`,`user_phone`,`user_name`,`user_head_img`,`user_birthday`,`user_address`,`user_sex` FROM `qz_token` left JOIN qz_user as user on qz_token.user_id=user.user_id  WHERE `token` = 'edfa4c8e7915b05860557cea69b0e916' LIMIT 1   [ RunTime:0.0010s ]
SQL: SHOW COLUMNS FROM `qz_user_group_relation` [ RunTime:0.0070s ]
NOTIC: [8] Undefined index: validate D:\WWW\project\ThinkPHP\Library\Think\Model.class.php 第 1185 行.
SQL: SELECT `user_id` FROM `qz_token` WHERE `token` = 'edfa4c8e7915b05860557cea69b0e916' LIMIT 1   [ RunTime:0.0000s ]
SQL: SHOW COLUMNS FROM `qz_user_group` [ RunTime:0.0070s ]
SQL: SELECT * FROM `qz_user_group` WHERE `create_user` = 3 AND `id` = 1 LIMIT 1   [ RunTime:0.0010s ]
NOTIC: [8] Undefined index: auto D:\WWW\project\ThinkPHP\Library\Think\Model.class.php 第 1128 行.
INFO: [ app_end ] --START--
INFO: Run Behavior\ShowPageTraceBehavior [ RunTime:0.001000s ]
INFO: [ app_end ] --END-- [ RunTime:0.001000s ]

[ 2016-09-20T11:17:39+08:00 ] ::1 /project/qzApi.php/UserGroup/OperateUserAuth
INFO: [ app_init ] --START--
INFO: Run Behavior\BuildLiteBehavior [ RunTime:0.000000s ]
INFO: [ app_init ] --END-- [ RunTime:0.001000s ]
INFO: [ app_begin ] --START--
INFO: Run Behavior\ReadHtmlCacheBehavior [ RunTime:0.000000s ]
INFO: [ app_begin ] --END-- [ RunTime:0.001000s ]

[ 2016-09-20T11:17:52+08:00 ] ::1 /project/qzApi.php/UserGroup/OperateUserAuth
INFO: [ app_init ] --START--
INFO: Run Behavior\BuildLiteBehavior [ RunTime:0.000000s ]
INFO: [ app_init ] --END-- [ RunTime:0.000000s ]
INFO: [ app_begin ] --START--
INFO: Run Behavior\ReadHtmlCacheBehavior [ RunTime:0.001000s ]
INFO: [ app_begin ] --END-- [ RunTime:0.001000s ]

[ 2016-09-20T11:18:02+08:00 ] ::1 /project/qzApi.php/UserGroup/OperateUserAuth
INFO: [ app_init ] --START--
INFO: Run Behavior\BuildLiteBehavior [ RunTime:0.000000s ]
INFO: [ app_init ] --END-- [ RunTime:0.001000s ]
INFO: [ app_begin ] --START--
INFO: Run Behavior\ReadHtmlCacheBehavior [ RunTime:0.000000s ]
INFO: [ app_begin ] --END-- [ RunTime:0.000000s ]
SQL: SHOW COLUMNS FROM `qz_token` [ RunTime:0.0080s ]
SQL: SELECT user.user_id,`user_num`,`user_level`,`user_auth`,`user_phone`,`user_name`,`user_head_img`,`user_birthday`,`user_address`,`user_sex` FROM `qz_token` left JOIN qz_user as user on qz_token.user_id=user.user_id  WHERE `token` = 'edfa4c8e7915b05860557cea69b0e916' LIMIT 1   [ RunTime:0.0000s ]
SQL: SHOW COLUMNS FROM `qz_user_group_relation` [ RunTime:0.0090s ]
NOTIC: [8] Undefined index: validate D:\WWW\project\ThinkPHP\Library\Think\Model.class.php 第 1185 行.
NOTIC: [8] Undefined index: status D:\WWW\project\ThinkPHP\Library\Think\Model.class.php 第 1303 行.

[ 2016-09-20T11:19:51+08:00 ] ::1 /project/qzApi.php/UserGroup/OperateUserAuth
INFO: [ app_init ] --START--
INFO: Run Behavior\BuildLiteBehavior [ RunTime:0.000000s ]
INFO: [ app_init ] --END-- [ RunTime:0.000000s ]
INFO: [ app_begin ] --START--
INFO: Run Behavior\ReadHtmlCacheBehavior [ RunTime:0.000000s ]
INFO: [ app_begin ] --END-- [ RunTime:0.000000s ]
SQL: SHOW COLUMNS FROM `qz_token` [ RunTime:0.0090s ]
SQL: SELECT user.user_id,`user_num`,`user_level`,`user_auth`,`user_phone`,`user_name`,`user_head_img`,`user_birthday`,`user_address`,`user_sex` FROM `qz_token` left JOIN qz_user as user on qz_token.user_id=user.user_id  WHERE `token` = 'edfa4c8e7915b05860557cea69b0e916' LIMIT 1   [ RunTime:0.0010s ]
SQL: SHOW COLUMNS FROM `qz_user_group_relation` [ RunTime:0.0070s ]
NOTIC: [8] Undefined index: validate D:\WWW\project\ThinkPHP\Library\Think\Model.class.php 第 1185 行.
NOTIC: [8] Undefined index: status D:\WWW\project\ThinkPHP\Library\Think\Model.class.php 第 1303 行.

[ 2016-09-20T11:19:57+08:00 ] ::1 /project/qzApi.php/UserGroup/OperateUserAuth
INFO: [ app_init ] --START--
INFO: Run Behavior\BuildLiteBehavior [ RunTime:0.000000s ]
INFO: [ app_init ] --END-- [ RunTime:0.001000s ]
INFO: [ app_begin ] --START--
INFO: Run Behavior\ReadHtmlCacheBehavior [ RunTime:0.001000s ]
INFO: [ app_begin ] --END-- [ RunTime:0.001000s ]
SQL: SHOW COLUMNS FROM `qz_token` [ RunTime:0.0080s ]
SQL: SELECT user.user_id,`user_num`,`user_level`,`user_auth`,`user_phone`,`user_name`,`user_head_img`,`user_birthday`,`user_address`,`user_sex` FROM `qz_token` left JOIN qz_user as user on qz_token.user_id=user.user_id  WHERE `token` = 'edfa4c8e7915b05860557cea69b0e916' LIMIT 1   [ RunTime:0.0010s ]
SQL: SHOW COLUMNS FROM `qz_user_group_relation` [ RunTime:0.0060s ]
NOTIC: [8] Undefined index: validate D:\WWW\project\ThinkPHP\Library\Think\Model.class.php 第 1185 行.
SQL: SELECT `user_id` FROM `qz_token` WHERE `token` = 'edfa4c8e7915b05860557cea69b0e916' LIMIT 1   [ RunTime:0.0000s ]
SQL: SHOW COLUMNS FROM `qz_user_group` [ RunTime:0.0060s ]
SQL: SELECT * FROM `qz_user_group` WHERE `create_user` = 3 AND `id` = 1 LIMIT 1   [ RunTime:0.0010s ]
NOTIC: [8] Undefined index: auto D:\WWW\project\ThinkPHP\Library\Think\Model.class.php 第 1128 行.

[ 2016-09-20T11:24:07+08:00 ] ::1 /project/qzApi.php/UserGroup/OperateUserAuth
INFO: [ app_init ] --START--
INFO: Run Behavior\BuildLiteBehavior [ RunTime:0.000000s ]
INFO: [ app_init ] --END-- [ RunTime:0.000000s ]
INFO: [ app_begin ] --START--
INFO: Run Behavior\ReadHtmlCacheBehavior [ RunTime:0.001001s ]
INFO: [ app_begin ] --END-- [ RunTime:0.001001s ]
SQL: SHOW COLUMNS FROM `qz_token` [ RunTime:0.0090s ]
SQL: SELECT user.user_id,`user_num`,`user_level`,`user_auth`,`user_phone`,`user_name`,`user_head_img`,`user_birthday`,`user_address`,`user_sex` FROM `qz_token` left JOIN qz_user as user on qz_token.user_id=user.user_id  WHERE `token` = 'edfa4c8e7915b05860557cea69b0e916' LIMIT 1   [ RunTime:0.0020s ]
SQL: SHOW COLUMNS FROM `qz_user_group_relation` [ RunTime:0.0090s ]
NOTIC: [8] Undefined index: validate D:\WWW\project\ThinkPHP\Library\Think\Model.class.php 第 1185 行.
SQL: SELECT `user_id` FROM `qz_token` WHERE `token` = 'edfa4c8e7915b05860557cea69b0e916' LIMIT 1   [ RunTime:0.0000s ]
SQL: SHOW COLUMNS FROM `qz_user_group` [ RunTime:0.0070s ]
SQL: SELECT * FROM `qz_user_group` WHERE `create_user` = 3 AND `id` = 1 LIMIT 1   [ RunTime:0.0000s ]
NOTIC: [8] Undefined index: auto D:\WWW\project\ThinkPHP\Library\Think\Model.class.php 第 1128 行.
SQL: UPDATE `qz_user_group_relation` SET `status`='1' WHERE `group_id` = 1 AND `user_id` = 20 [ RunTime:0.0010s ]

[ 2016-09-20T11:24:45+08:00 ] ::1 /project/qzApi.php/UserGroup/OperateUserAuth
INFO: [ app_init ] --START--
INFO: Run Behavior\BuildLiteBehavior [ RunTime:0.000000s ]
INFO: [ app_init ] --END-- [ RunTime:0.001000s ]
INFO: [ app_begin ] --START--
INFO: Run Behavior\ReadHtmlCacheBehavior [ RunTime:0.001000s ]
INFO: [ app_begin ] --END-- [ RunTime:0.001000s ]
SQL: SHOW COLUMNS FROM `qz_token` [ RunTime:0.0080s ]
SQL: SELECT user.user_id,`user_num`,`user_level`,`user_auth`,`user_phone`,`user_name`,`user_head_img`,`user_birthday`,`user_address`,`user_sex` FROM `qz_token` left JOIN qz_user as user on qz_token.user_id=user.user_id  WHERE `token` = 'edfa4c8e7915b05860557cea69b0e916' LIMIT 1   [ RunTime:0.0010s ]
SQL: SHOW COLUMNS FROM `qz_user_group_relation` [ RunTime:0.0070s ]
NOTIC: [8] Undefined index: validate D:\WWW\project\ThinkPHP\Library\Think\Model.class.php 第 1185 行.
SQL: SELECT `user_id` FROM `qz_token` WHERE `token` = 'edfa4c8e7915b05860557cea69b0e916' LIMIT 1   [ RunTime:0.0000s ]
SQL: SHOW COLUMNS FROM `qz_user_group` [ RunTime:0.0070s ]
SQL: SELECT * FROM `qz_user_group` WHERE `create_user` = 3 AND `id` = 1 LIMIT 1   [ RunTime:0.0000s ]
NOTIC: [8] Undefined index: auto D:\WWW\project\ThinkPHP\Library\Think\Model.class.php 第 1128 行.
SQL: UPDATE `qz_user_group_relation` SET `status`='1' WHERE `group_id` = 1 AND `user_id` = 20 [ RunTime:0.0000s ]

[ 2016-09-20T11:25:03+08:00 ] ::1 /project/qzApi.php/UserGroup/OperateUserAuth
INFO: [ app_init ] --START--
INFO: Run Behavior\BuildLiteBehavior [ RunTime:0.000000s ]
INFO: [ app_init ] --END-- [ RunTime:0.000000s ]
INFO: [ app_begin ] --START--
INFO: Run Behavior\ReadHtmlCacheBehavior [ RunTime:0.001000s ]
INFO: [ app_begin ] --END-- [ RunTime:0.001000s ]
SQL: SHOW COLUMNS FROM `qz_token` [ RunTime:0.0090s ]
SQL: SELECT user.user_id,`user_num`,`user_level`,`user_auth`,`user_phone`,`user_name`,`user_head_img`,`user_birthday`,`user_address`,`user_sex` FROM `qz_token` left JOIN qz_user as user on qz_token.user_id=user.user_id  WHERE `token` = 'edfa4c8e7915b05860557cea69b0e916' LIMIT 1   [ RunTime:0.0010s ]
SQL: SHOW COLUMNS FROM `qz_user_group_relation` [ RunTime:0.0090s ]
NOTIC: [8] Undefined index: validate D:\WWW\project\ThinkPHP\Library\Think\Model.class.php 第 1185 行.
SQL: SELECT `user_id` FROM `qz_token` WHERE `token` = 'edfa4c8e7915b05860557cea69b0e916' LIMIT 1   [ RunTime:0.0010s ]
SQL: SHOW COLUMNS FROM `qz_user_group` [ RunTime:0.0090s ]
SQL: SELECT * FROM `qz_user_group` WHERE `create_user` = 3 AND `id` = 1 LIMIT 1   [ RunTime:0.0000s ]
NOTIC: [8] Undefined index: auto D:\WWW\project\ThinkPHP\Library\Think\Model.class.php 第 1128 行.
SQL: UPDATE `qz_user_group_relation` SET `status`='1' WHERE `group_id` = 1 AND `user_id` = 15 [ RunTime:0.0010s ]

[ 2016-09-20T11:25:20+08:00 ] ::1 /project/qzApi.php/UserGroup/OperateUserAuth
INFO: [ app_init ] --START--
INFO: Run Behavior\BuildLiteBehavior [ RunTime:0.000000s ]
INFO: [ app_init ] --END-- [ RunTime:0.001000s ]
INFO: [ app_begin ] --START--
INFO: Run Behavior\ReadHtmlCacheBehavior [ RunTime:0.001000s ]
INFO: [ app_begin ] --END-- [ RunTime:0.001000s ]
SQL: SHOW COLUMNS FROM `qz_token` [ RunTime:0.0080s ]
SQL: SELECT user.user_id,`user_num`,`user_level`,`user_auth`,`user_phone`,`user_name`,`user_head_img`,`user_birthday`,`user_address`,`user_sex` FROM `qz_token` left JOIN qz_user as user on qz_token.user_id=user.user_id  WHERE `token` = 'edfa4c8e7915b05860557cea69b0e916' LIMIT 1   [ RunTime:0.0010s ]
SQL: SHOW COLUMNS FROM `qz_user_group_relation` [ RunTime:0.0100s ]
NOTIC: [8] Undefined index: validate D:\WWW\project\ThinkPHP\Library\Think\Model.class.php 第 1185 行.
SQL: SELECT `user_id` FROM `qz_token` WHERE `token` = 'edfa4c8e7915b05860557cea69b0e916' LIMIT 1   [ RunTime:0.0000s ]
SQL: SHOW COLUMNS FROM `qz_user_group` [ RunTime:0.0090s ]
SQL: SELECT * FROM `qz_user_group` WHERE `create_user` = 3 AND `id` = 1 LIMIT 1   [ RunTime:0.0010s ]
NOTIC: [8] Undefined index: auto D:\WWW\project\ThinkPHP\Library\Think\Model.class.php 第 1128 行.
SQL: DELETE FROM `qz_user_group_relation` WHERE `group_id` = 1 AND `user_id` = 15 [ RunTime:0.0010s ]

[ 2016-09-20T11:42:33+08:00 ] ::1 /project/qzApi.php/UserGroup/OperateUserAuth
INFO: [ app_init ] --START--
INFO: Run Behavior\BuildLiteBehavior [ RunTime:0.000000s ]
INFO: [ app_init ] --END-- [ RunTime:0.001000s ]
INFO: [ app_begin ] --START--
INFO: Run Behavior\ReadHtmlCacheBehavior [ RunTime:0.000000s ]
INFO: [ app_begin ] --END-- [ RunTime:0.000000s ]
SQL: SHOW COLUMNS FROM `qz_token` [ RunTime:0.0090s ]
SQL: SELECT user.user_id,`user_num`,`user_level`,`user_auth`,`user_phone`,`user_name`,`user_head_img`,`user_birthday`,`user_address`,`user_sex` FROM `qz_token` left JOIN qz_user as user on qz_token.user_id=user.user_id  WHERE `token` = 'edfa4c8e7915b05860557cea69b0e916' LIMIT 1   [ RunTime:0.0000s ]
SQL: SHOW COLUMNS FROM `qz_user_group_relation` [ RunTime:0.0090s ]
NOTIC: [8] Undefined index: validate D:\WWW\project\ThinkPHP\Library\Think\Model.class.php 第 1185 行.
SQL: SELECT `user_id` FROM `qz_token` WHERE `token` = 'edfa4c8e7915b05860557cea69b0e916' LIMIT 1   [ RunTime:0.0010s ]
SQL: SHOW COLUMNS FROM `qz_user_group` [ RunTime:0.0090s ]
SQL: SELECT * FROM `qz_user_group` WHERE `create_user` = 3 AND `id` = 1 LIMIT 1   [ RunTime:0.0010s ]
NOTIC: [8] Undefined index: auto D:\WWW\project\ThinkPHP\Library\Think\Model.class.php 第 1128 行.
SQL: DELETE FROM `qz_user_group_relation` WHERE `group_id` = 1 AND `user_id` = 15 [ RunTime:0.0000s ]

[ 2016-09-20T11:42:43+08:00 ] ::1 /project/qzApi.php/UserGroup/groupJoin
INFO: [ app_init ] --START--
INFO: Run Behavior\BuildLiteBehavior [ RunTime:0.000000s ]
INFO: [ app_init ] --END-- [ RunTime:0.000000s ]
INFO: [ app_begin ] --START--
INFO: Run Behavior\ReadHtmlCacheBehavior [ RunTime:0.001000s ]
INFO: [ app_begin ] --END-- [ RunTime:0.001000s ]
SQL: SHOW COLUMNS FROM `qz_token` [ RunTime:0.0100s ]
SQL: SELECT user.user_id,`user_num`,`user_level`,`user_auth`,`user_phone`,`user_name`,`user_head_img`,`user_birthday`,`user_address`,`user_sex` FROM `qz_token` left JOIN qz_user as user on qz_token.user_id=user.user_id  WHERE `token` = '01cf0035a2b9f72a63f13cf93f0d0a3d' LIMIT 1   [ RunTime:0.0010s ]
SQL: SHOW COLUMNS FROM `qz_user_group_relation` [ RunTime:0.0100s ]
NOTIC: [8] Undefined index: validate D:\WWW\project\ThinkPHP\Library\Think\Model.class.php 第 1185 行.
SQL: SHOW COLUMNS FROM `qz_user_group` [ RunTime:0.0100s ]
SQL: SELECT * FROM `qz_user_group` WHERE `id` = 1 LIMIT 1   [ RunTime:0.0000s ]
NOTIC: [8] Undefined index: auto D:\WWW\project\ThinkPHP\Library\Think\Model.class.php 第 1128 行.
SQL: INSERT INTO `qz_user_group_relation` (`group_id`,`update_time`,`create_time`,`status`,`type`,`user_id`) VALUES ('1','1474342962','1474342962','2','0','15') [ RunTime:0.0000s ]

[ 2016-09-20T11:42:50+08:00 ] ::1 /project/qzApi.php/UserGroup/OperateUserAuth
INFO: [ app_init ] --START--
INFO: Run Behavior\BuildLiteBehavior [ RunTime:0.000000s ]
INFO: [ app_init ] --END-- [ RunTime:0.000000s ]
INFO: [ app_begin ] --START--
INFO: Run Behavior\ReadHtmlCacheBehavior [ RunTime:0.001000s ]
INFO: [ app_begin ] --END-- [ RunTime:0.001000s ]
SQL: SHOW COLUMNS FROM `qz_token` [ RunTime:0.0080s ]
SQL: SELECT user.user_id,`user_num`,`user_level`,`user_auth`,`user_phone`,`user_name`,`user_head_img`,`user_birthday`,`user_address`,`user_sex` FROM `qz_token` left JOIN qz_user as user on qz_token.user_id=user.user_id  WHERE `token` = 'edfa4c8e7915b05860557cea69b0e916' LIMIT 1   [ RunTime:0.0010s ]
SQL: SHOW COLUMNS FROM `qz_user_group_relation` [ RunTime:0.0090s ]
NOTIC: [8] Undefined index: validate D:\WWW\project\ThinkPHP\Library\Think\Model.class.php 第 1185 行.
SQL: SELECT `user_id` FROM `qz_token` WHERE `token` = 'edfa4c8e7915b05860557cea69b0e916' LIMIT 1   [ RunTime:0.0010s ]
SQL: SHOW COLUMNS FROM `qz_user_group` [ RunTime:0.0050s ]
SQL: SELECT * FROM `qz_user_group` WHERE `create_user` = 3 AND `id` = 1 LIMIT 1   [ RunTime:0.0010s ]
NOTIC: [8] Undefined index: auto D:\WWW\project\ThinkPHP\Library\Think\Model.class.php 第 1128 行.
SQL: UPDATE `qz_user_group_relation` SET `status`='1' WHERE `group_id` = 1 AND `user_id` = 15 [ RunTime:0.0000s ]
SQL: SELECT * FROM `qz_user_group` WHERE `id` = 1 LIMIT 1   [ RunTime:0.0000s ]
SQL: SHOW COLUMNS FROM `qz_u_ry` [ RunTime:0.0040s ]
SQL: SELECT * FROM `qz_u_ry` WHERE `user_id` = 15 LIMIT 1   [ RunTime:0.0000s ]

[ 2016-09-20T13:05:50+08:00 ] ::1 /project/qzApi.php/UserGroup/groupList
INFO: [ app_init ] --START--
INFO: Run Behavior\BuildLiteBehavior [ RunTime:0.000000s ]
INFO: [ app_init ] --END-- [ RunTime:0.000000s ]
INFO: [ app_begin ] --START--
INFO: Run Behavior\ReadHtmlCacheBehavior [ RunTime:0.001000s ]
INFO: [ app_begin ] --END-- [ RunTime:0.001000s ]
SQL: SHOW COLUMNS FROM `qz_token` [ RunTime:0.0100s ]
SQL: SELECT user.user_id,`user_num`,`user_level`,`user_auth`,`user_phone`,`user_name`,`user_head_img`,`user_birthday`,`user_address`,`user_sex` FROM `qz_token` left JOIN qz_user as user on qz_token.user_id=user.user_id  WHERE `token` = 'edfa4c8e7915b05860557cea69b0e916' LIMIT 1   [ RunTime:0.0010s ]
SQL: SHOW COLUMNS FROM `qz_user_group` [ RunTime:0.0080s ]
SQL: SELECT `id`,`create_user`,`user_count`,`number`,`name`,`level`,`condition`,`introduce`,`addr`,`create_time` FROM `qz_user_group` WHERE `status` = 1 LIMIT 0,6   [ RunTime:0.0000s ]
INFO: [ app_end ] --START--
INFO: Run Behavior\ShowPageTraceBehavior [ RunTime:0.001000s ]
INFO: [ app_end ] --END-- [ RunTime:0.001000s ]

[ 2016-09-20T13:46:53+08:00 ] ::1 /project/qzApi.php/Currency/groupInfo
INFO: [ app_init ] --START--
INFO: Run Behavior\BuildLiteBehavior [ RunTime:0.000000s ]
INFO: [ app_init ] --END-- [ RunTime:0.000000s ]
INFO: [ app_begin ] --START--
INFO: Run Behavior\ReadHtmlCacheBehavior [ RunTime:0.000000s ]
INFO: [ app_begin ] --END-- [ RunTime:0.000000s ]
SQL: SHOW COLUMNS FROM `qz_user_group` [ RunTime:0.0110s ]
SQL: SELECT `id`,`create_user`,`user_count`,`number`,`name`,`image`,`level`,`condition`,`introduce`,`addr`,`create_time`,`x`,`y` FROM `qz_user_group` LIMIT 1   [ RunTime:0.0000s ]
SQL: SHOW COLUMNS FROM `qz_user_group_relation` [ RunTime:0.0070s ]
SQL: SELECT `user_id` FROM `qz_user_group_relation` WHERE `group_id` = 1  [ RunTime:0.0000s ]
SQL: SHOW COLUMNS FROM `qz_user` [ RunTime:0.0070s ]
ERR: 1064:You have an error in your SQL syntax; check the manual that corresponds to your MySQL server version for the right syntax to use near 'in ) AND (  (  3 ) AND (  15 ) )' at line 1
 [ SQL语句 ] : SELECT `user_id`,`user_name`,`user_head_img` FROM `qz_user` WHERE (  in ) AND (  (  3 ) AND (  15 ) ) 
ERR: 1064:You have an error in your SQL syntax; check the manual that corresponds to your MySQL server version for the right syntax to use near 'in ) AND (  (  3 ) AND (  15 ) )' at line 1
 [ SQL语句 ] : SELECT `user_id`,`user_name`,`user_head_img` FROM `qz_user` WHERE (  in ) AND (  (  3 ) AND (  15 ) ) 

[ 2016-09-20T13:47:19+08:00 ] ::1 /project/qzApi.php/Currency/groupInfo
INFO: [ app_init ] --START--
INFO: Run Behavior\BuildLiteBehavior [ RunTime:0.000000s ]
INFO: [ app_init ] --END-- [ RunTime:0.000000s ]
INFO: [ app_begin ] --START--
INFO: Run Behavior\ReadHtmlCacheBehavior [ RunTime:0.001000s ]
INFO: [ app_begin ] --END-- [ RunTime:0.001000s ]
SQL: SHOW COLUMNS FROM `qz_user_group` [ RunTime:0.0100s ]
SQL: SELECT `id`,`create_user`,`user_count`,`number`,`name`,`image`,`level`,`condition`,`introduce`,`addr`,`create_time`,`x`,`y` FROM `qz_user_group` LIMIT 1   [ RunTime:0.0000s ]
SQL: SHOW COLUMNS FROM `qz_user_group_relation` [ RunTime:0.0080s ]
SQL: SELECT `user_id` FROM `qz_user_group_relation` WHERE `group_id` = 1  [ RunTime:0.0010s ]
SQL: SHOW COLUMNS FROM `qz_user` [ RunTime:0.0100s ]
SQL: SELECT `user_id`,`user_name`,`user_head_img` FROM `qz_user` WHERE `user_id` IN ('3','15')  [ RunTime:0.0010s ]

[ 2016-09-20T13:49:54+08:00 ] ::1 /project/qzApi.php/Currency/groupInfo
INFO: [ app_init ] --START--
INFO: Run Behavior\BuildLiteBehavior [ RunTime:0.000000s ]
INFO: [ app_init ] --END-- [ RunTime:0.000000s ]
INFO: [ app_begin ] --START--
INFO: Run Behavior\ReadHtmlCacheBehavior [ RunTime:0.001000s ]
INFO: [ app_begin ] --END-- [ RunTime:0.001000s ]
SQL: SHOW COLUMNS FROM `qz_user_group` [ RunTime:0.0100s ]
SQL: SELECT `id`,`create_user`,`user_count`,`number`,`name`,`image`,`level`,`condition`,`introduce`,`addr`,`create_time`,`x`,`y` FROM `qz_user_group` LIMIT 1   [ RunTime:0.0010s ]
SQL: SHOW COLUMNS FROM `qz_user_group_relation` [ RunTime:0.0070s ]
SQL: SELECT `user_id` FROM `qz_user_group_relation` WHERE `group_id` = 1  [ RunTime:0.0010s ]
SQL: SHOW COLUMNS FROM `qz_user` [ RunTime:0.0080s ]
ERR: 1064:You have an error in your SQL syntax; check the manual that corresponds to your MySQL server version for the right syntax to use near '://qiuxx.com/Uploads/,user_head_img) as user_head_img FROM `qz_user` WHERE `user' at line 1
 [ SQL语句 ] : SELECT `user_id`,`user_name`,concat(http://qiuxx.com/Uploads/,user_head_img) as user_head_img FROM `qz_user` WHERE `user_id` IN ('3','15') 
ERR: 1064:You have an error in your SQL syntax; check the manual that corresponds to your MySQL server version for the right syntax to use near '://qiuxx.com/Uploads/,user_head_img) as user_head_img FROM `qz_user` WHERE `user' at line 1
 [ SQL语句 ] : SELECT `user_id`,`user_name`,concat(http://qiuxx.com/Uploads/,user_head_img) as user_head_img FROM `qz_user` WHERE `user_id` IN ('3','15') 

[ 2016-09-20T13:50:12+08:00 ] ::1 /project/qzApi.php/Currency/groupInfo
INFO: [ app_init ] --START--
INFO: Run Behavior\BuildLiteBehavior [ RunTime:0.000000s ]
INFO: [ app_init ] --END-- [ RunTime:0.000000s ]
INFO: [ app_begin ] --START--
INFO: Run Behavior\ReadHtmlCacheBehavior [ RunTime:0.000000s ]
INFO: [ app_begin ] --END-- [ RunTime:0.000000s ]
SQL: SHOW COLUMNS FROM `qz_user_group` [ RunTime:0.0100s ]
SQL: SELECT `id`,`create_user`,`user_count`,`number`,`name`,`image`,`level`,`condition`,`introduce`,`addr`,`create_time`,`x`,`y` FROM `qz_user_group` LIMIT 1   [ RunTime:0.0000s ]
SQL: SHOW COLUMNS FROM `qz_user_group_relation` [ RunTime:0.0040s ]
SQL: SELECT `user_id` FROM `qz_user_group_relation` WHERE `group_id` = 1  [ RunTime:0.0000s ]
SQL: SHOW COLUMNS FROM `qz_user` [ RunTime:0.0050s ]
SQL: SELECT `user_id`,`user_name`,concat("http://qiuxx.com/Uploads/",user_head_img) as user_head_img FROM `qz_user` WHERE `user_id` IN ('3','15')  [ RunTime:0.0010s ]

[ 2016-09-20T13:56:19+08:00 ] ::1 /project/qzApi.php/Currency/groupInfo
INFO: [ app_init ] --START--
INFO: Run Behavior\BuildLiteBehavior [ RunTime:0.000000s ]
INFO: [ app_init ] --END-- [ RunTime:0.001000s ]
INFO: [ app_begin ] --START--
INFO: Run Behavior\ReadHtmlCacheBehavior [ RunTime:0.000000s ]
INFO: [ app_begin ] --END-- [ RunTime:0.000000s ]
SQL: SHOW COLUMNS FROM `qz_user_group` [ RunTime:0.0110s ]
SQL: SELECT `id`,`create_user`,`user_count`,`number`,`name`,`image`,`level`,`condition`,`introduce`,`addr`,`create_time`,`x`,`y` FROM `qz_user_group` LIMIT 1   [ RunTime:0.0010s ]
SQL: SHOW COLUMNS FROM `qz_user_group_relation` [ RunTime:0.0100s ]
SQL: SELECT `user_id` FROM `qz_user_group_relation` WHERE `group_id` = 4  [ RunTime:0.0010s ]

[ 2016-09-20T13:56:32+08:00 ] ::1 /project/qzApi.php/Currency/groupInfo
INFO: [ app_init ] --START--
INFO: Run Behavior\BuildLiteBehavior [ RunTime:0.000000s ]
INFO: [ app_init ] --END-- [ RunTime:0.000000s ]
INFO: [ app_begin ] --START--
INFO: Run Behavior\ReadHtmlCacheBehavior [ RunTime:0.000000s ]
INFO: [ app_begin ] --END-- [ RunTime:0.000000s ]

[ 2016-09-20T13:56:54+08:00 ] ::1 /project/qzApi.php/Currency/groupInfo
INFO: [ app_init ] --START--
INFO: Run Behavior\BuildLiteBehavior [ RunTime:0.000000s ]
INFO: [ app_init ] --END-- [ RunTime:0.001000s ]
INFO: [ app_begin ] --START--
INFO: Run Behavior\ReadHtmlCacheBehavior [ RunTime:0.001000s ]
INFO: [ app_begin ] --END-- [ RunTime:0.001000s ]
SQL: SHOW COLUMNS FROM `qz_user_group` [ RunTime:0.0100s ]
SQL: SELECT `id`,`create_user`,`user_count`,`number`,`name`,`image`,`level`,`condition`,`introduce`,`addr`,`create_time`,`x`,`y` FROM `qz_user_group` WHERE `id` = 4 LIMIT 1   [ RunTime:0.0000s ]
SQL: SHOW COLUMNS FROM `qz_user_group_relation` [ RunTime:0.0080s ]
SQL: SELECT `user_id` FROM `qz_user_group_relation` WHERE `group_id` = 4  [ RunTime:0.0000s ]

[ 2016-09-20T14:17:49+08:00 ] ::1 /project/qzApi.php/UserGroup/quiteGroup
INFO: [ app_init ] --START--
INFO: Run Behavior\BuildLiteBehavior [ RunTime:0.000000s ]
INFO: [ app_init ] --END-- [ RunTime:0.000000s ]
INFO: [ app_begin ] --START--
INFO: Run Behavior\ReadHtmlCacheBehavior [ RunTime:0.000000s ]
INFO: [ app_begin ] --END-- [ RunTime:0.000000s ]
SQL: SHOW COLUMNS FROM `qz_token` [ RunTime:0.0070s ]
SQL: SELECT user.user_id,`user_num`,`user_level`,`user_auth`,`user_phone`,`user_name`,`user_head_img`,`user_birthday`,`user_address`,`user_sex` FROM `qz_token` left JOIN qz_user as user on qz_token.user_id=user.user_id  WHERE `token` = 'edfa4c8e7915b05860557cea69b0e916' LIMIT 1   [ RunTime:0.0010s ]
SQL: SHOW COLUMNS FROM `qz_u_ry` [ RunTime:0.0060s ]
SQL: SELECT * FROM `qz_u_ry` WHERE `user_id` = 3 LIMIT 1   [ RunTime:0.0000s ]
SQL: SHOW COLUMNS FROM `qz_user_group` [ RunTime:0.0060s ]
SQL: SELECT * FROM `qz_user_group` WHERE `id` = 1 LIMIT 1   [ RunTime:0.0000s ]

[ 2016-09-20T14:19:14+08:00 ] ::1 /project/qzApi.php/UserGroup/quiteGroup
INFO: [ app_init ] --START--
INFO: Run Behavior\BuildLiteBehavior [ RunTime:0.000000s ]
INFO: [ app_init ] --END-- [ RunTime:0.000000s ]
INFO: [ app_begin ] --START--
INFO: Run Behavior\ReadHtmlCacheBehavior [ RunTime:0.000000s ]
INFO: [ app_begin ] --END-- [ RunTime:0.000000s ]
SQL: SHOW COLUMNS FROM `qz_token` [ RunTime:0.0080s ]
SQL: SELECT user.user_id,`user_num`,`user_level`,`user_auth`,`user_phone`,`user_name`,`user_head_img`,`user_birthday`,`user_address`,`user_sex` FROM `qz_token` left JOIN qz_user as user on qz_token.user_id=user.user_id  WHERE `token` = '01cf0035a2b9f72a63f13cf93f0d0a3d' LIMIT 1   [ RunTime:0.0000s ]
SQL: SHOW COLUMNS FROM `qz_u_ry` [ RunTime:0.0080s ]
SQL: SELECT * FROM `qz_u_ry` WHERE `user_id` = 15 LIMIT 1   [ RunTime:0.0010s ]
SQL: SHOW COLUMNS FROM `qz_user_group` [ RunTime:0.0080s ]
SQL: SELECT * FROM `qz_user_group` WHERE `id` = 1 LIMIT 1   [ RunTime:0.0010s ]
NOTIC: [2] Missing argument 3 for ServerAPI::groupJoin(), called in D:\WWW\project\Application\QzApi\Controller\RyController.class.php on line 86 and defined D:\WWW\project\ThinkPHP\Library\Vendor\rongyun\ServerAPI.php 第 463 行.

[ 2016-09-20T14:19:58+08:00 ] ::1 /project/qzApi.php/UserGroup/quiteGroup
INFO: [ app_init ] --START--
INFO: Run Behavior\BuildLiteBehavior [ RunTime:0.000000s ]
INFO: [ app_init ] --END-- [ RunTime:0.001000s ]
INFO: [ app_begin ] --START--
INFO: Run Behavior\ReadHtmlCacheBehavior [ RunTime:0.000000s ]
INFO: [ app_begin ] --END-- [ RunTime:0.000000s ]
SQL: SHOW COLUMNS FROM `qz_token` [ RunTime:0.0080s ]
SQL: SELECT user.user_id,`user_num`,`user_level`,`user_auth`,`user_phone`,`user_name`,`user_head_img`,`user_birthday`,`user_address`,`user_sex` FROM `qz_token` left JOIN qz_user as user on qz_token.user_id=user.user_id  WHERE `token` = '01cf0035a2b9f72a63f13cf93f0d0a3d' LIMIT 1   [ RunTime:0.0010s ]
SQL: SHOW COLUMNS FROM `qz_u_ry` [ RunTime:0.0080s ]
SQL: SELECT * FROM `qz_u_ry` WHERE `user_id` = 15 LIMIT 1   [ RunTime:0.0000s ]
SQL: SHOW COLUMNS FROM `qz_user_group` [ RunTime:0.0080s ]
SQL: SELECT * FROM `qz_user_group` WHERE `id` = 1 LIMIT 1   [ RunTime:0.0000s ]

[ 2016-09-20T14:20:35+08:00 ] ::1 /project/qzApi.php/UserGroup/quiteGroup
INFO: [ app_init ] --START--
INFO: Run Behavior\BuildLiteBehavior [ RunTime:0.000000s ]
INFO: [ app_init ] --END-- [ RunTime:0.001000s ]
INFO: [ app_begin ] --START--
INFO: Run Behavior\ReadHtmlCacheBehavior [ RunTime:0.001000s ]
INFO: [ app_begin ] --END-- [ RunTime:0.001000s ]
SQL: SHOW COLUMNS FROM `qz_token` [ RunTime:0.2590s ]
SQL: SELECT user.user_id,`user_num`,`user_level`,`user_auth`,`user_phone`,`user_name`,`user_head_img`,`user_birthday`,`user_address`,`user_sex` FROM `qz_token` left JOIN qz_user as user on qz_token.user_id=user.user_id  WHERE `token` = '01cf0035a2b9f72a63f13cf93f0d0a3d' LIMIT 1   [ RunTime:0.0010s ]
SQL: SHOW COLUMNS FROM `qz_u_ry` [ RunTime:0.0130s ]
SQL: SELECT * FROM `qz_u_ry` WHERE `user_id` = 15 LIMIT 1   [ RunTime:0.0010s ]
SQL: SHOW COLUMNS FROM `qz_user_group` [ RunTime:0.0100s ]
SQL: SELECT * FROM `qz_user_group` WHERE `id` = 1 LIMIT 1   [ RunTime:0.0000s ]
SQL: SHOW COLUMNS FROM `qz_user_group_relation` [ RunTime:0.0090s ]
SQL: DELETE FROM `qz_user_group_relation` WHERE `group_id` = 1 AND `user_id` = 15 [ RunTime:0.0010s ]

[ 2016-09-20T14:30:50+08:00 ] ::1 /project/qzApi.php/UserGroup/groupDismiss
INFO: [ app_init ] --START--
INFO: Run Behavior\BuildLiteBehavior [ RunTime:0.000000s ]
INFO: [ app_init ] --END-- [ RunTime:0.000000s ]
INFO: [ app_begin ] --START--
INFO: Run Behavior\ReadHtmlCacheBehavior [ RunTime:0.001000s ]
INFO: [ app_begin ] --END-- [ RunTime:0.001000s ]
SQL: SHOW COLUMNS FROM `qz_token` [ RunTime:0.0100s ]
SQL: SELECT user.user_id,`user_num`,`user_level`,`user_auth`,`user_phone`,`user_name`,`user_head_img`,`user_birthday`,`user_address`,`user_sex` FROM `qz_token` left JOIN qz_user as user on qz_token.user_id=user.user_id  WHERE `token` = '01cf0035a2b9f72a63f13cf93f0d0a3d' LIMIT 1   [ RunTime:0.0010s ]
SQL: SHOW COLUMNS FROM `qz_u_ry` [ RunTime:0.0080s ]
SQL: SELECT * FROM `qz_u_ry` WHERE `user_id` = 15 LIMIT 1   [ RunTime:0.0010s ]
SQL: SHOW COLUMNS FROM `qz_user_group` [ RunTime:0.0080s ]
SQL: SELECT * FROM `qz_user_group` WHERE `id` = 1 LIMIT 1   [ RunTime:0.0000s ]

[ 2016-09-20T14:31:07+08:00 ] ::1 /project/qzApi.php/UserGroup/groupDismiss
INFO: [ app_init ] --START--
INFO: Run Behavior\BuildLiteBehavior [ RunTime:0.000000s ]
INFO: [ app_init ] --END-- [ RunTime:0.000000s ]
INFO: [ app_begin ] --START--
INFO: Run Behavior\ReadHtmlCacheBehavior [ RunTime:0.001000s ]
INFO: [ app_begin ] --END-- [ RunTime:0.001000s ]
SQL: SHOW COLUMNS FROM `qz_token` [ RunTime:0.0070s ]
SQL: SELECT user.user_id,`user_num`,`user_level`,`user_auth`,`user_phone`,`user_name`,`user_head_img`,`user_birthday`,`user_address`,`user_sex` FROM `qz_token` left JOIN qz_user as user on qz_token.user_id=user.user_id  WHERE `token` = 'edfa4c8e7915b05860557cea69b0e916' LIMIT 1   [ RunTime:0.0010s ]
SQL: SHOW COLUMNS FROM `qz_u_ry` [ RunTime:0.0070s ]
SQL: SELECT * FROM `qz_u_ry` WHERE `user_id` = 3 LIMIT 1   [ RunTime:0.0010s ]
SQL: SHOW COLUMNS FROM `qz_user_group` [ RunTime:0.0080s ]
SQL: SELECT * FROM `qz_user_group` WHERE `id` = 1 LIMIT 1   [ RunTime:0.0010s ]
SQL: SHOW COLUMNS FROM `qz_user_group` [ RunTime:0.0070s ]
SQL: DELETE FROM `qz_user_group` WHERE `id` = 1 [ RunTime:0.0010s ]
NOTIC: [8] Undefined index: mapping_name D:\WWW\project\ThinkPHP\Library\Think\Model\RelationModel.class.php 第 259 行.
NOTIC: [8] Undefined index: mapping_name D:\WWW\project\ThinkPHP\Library\Think\Model\RelationModel.class.php 第 259 行.
SQL: SHOW COLUMNS FROM `qz_user_group_relation` [ RunTime:0.0070s ]
SQL: DELETE FROM `qz_user_group_relation` WHERE `group_id` = 1 [ RunTime:0.0000s ]

[ 2016-09-20T14:34:25+08:00 ] ::1 /project/qzApi.php/UserGroup/groupDismiss
INFO: [ app_init ] --START--
INFO: Run Behavior\BuildLiteBehavior [ RunTime:0.000000s ]
INFO: [ app_init ] --END-- [ RunTime:0.000000s ]
INFO: [ app_begin ] --START--
INFO: Run Behavior\ReadHtmlCacheBehavior [ RunTime:0.001000s ]
INFO: [ app_begin ] --END-- [ RunTime:0.001000s ]
SQL: SHOW COLUMNS FROM `qz_token` [ RunTime:0.0080s ]
SQL: SELECT user.user_id,`user_num`,`user_level`,`user_auth`,`user_phone`,`user_name`,`user_head_img`,`user_birthday`,`user_address`,`user_sex` FROM `qz_token` left JOIN qz_user as user on qz_token.user_id=user.user_id  WHERE `token` = 'edfa4c8e7915b05860557cea69b0e916' LIMIT 1   [ RunTime:0.0010s ]
SQL: SHOW COLUMNS FROM `qz_u_ry` [ RunTime:0.0090s ]
SQL: SELECT * FROM `qz_u_ry` WHERE `user_id` = 3 LIMIT 1   [ RunTime:0.0000s ]
SQL: SHOW COLUMNS FROM `qz_user_group` [ RunTime:0.0100s ]
SQL: SELECT * FROM `qz_user_group` WHERE `id` = 1 LIMIT 1   [ RunTime:0.0010s ]

