[ 2016-07-19T10:24:27+08:00 ] 113.78.163.234 /qzApi.php/Currency/checkPhone
INFO: [ app_init ] --START--
INFO: Run Behavior\BuildLiteBehavior [ RunTime:0.000013s ]
INFO: [ app_init ] --END-- [ RunTime:0.000299s ]
INFO: [ app_begin ] --START--
INFO: Run Behavior\ReadHtmlCacheBehavior [ RunTime:0.000371s ]
INFO: [ app_begin ] --END-- [ RunTime:0.000411s ]
SQL: SHOW COLUMNS FROM `qz_user` [ RunTime:0.0006s ]
SQL: SELECT * FROM `qz_user` WHERE `user_phone` = '15700790563' LIMIT 1   [ RunTime:0.0003s ]

[ 2016-07-19T10:24:30+08:00 ] 113.78.163.234 /qzApi.php/Currency/checkPhone
INFO: [ app_init ] --START--
INFO: Run Behavior\BuildLiteBehavior [ RunTime:0.000012s ]
INFO: [ app_init ] --END-- [ RunTime:0.000280s ]
INFO: [ app_begin ] --START--
INFO: Run Behavior\ReadHtmlCacheBehavior [ RunTime:0.000333s ]
INFO: [ app_begin ] --END-- [ RunTime:0.000436s ]
SQL: SHOW COLUMNS FROM `qz_user` [ RunTime:0.0006s ]
SQL: SELECT * FROM `qz_user` WHERE `user_phone` = '15700790564' LIMIT 1   [ RunTime:0.0002s ]

[ 2016-07-19T10:24:31+08:00 ] 113.78.163.234 /qzApi.php/Currency/submailVerify
INFO: [ app_init ] --START--
INFO: Run Behavior\BuildLiteBehavior [ RunTime:0.000012s ]
INFO: [ app_init ] --END-- [ RunTime:0.000266s ]
INFO: [ app_begin ] --START--
INFO: Run Behavior\ReadHtmlCacheBehavior [ RunTime:0.000348s ]
INFO: [ app_begin ] --END-- [ RunTime:0.000387s ]
SQL: SHOW COLUMNS FROM `qz_verify` [ RunTime:0.0005s ]
SQL: SELECT * FROM `qz_verify` WHERE `status` = 1 AND `phone` = '15700790564' AND `create_time` > 1468895061 LIMIT 1   [ RunTime:0.0002s ]
SQL: INSERT INTO `qz_verify` (`phone`,`verify`,`status`,`create_time`) VALUES ('15700790564','10963','1','1468895071') [ RunTime:0.0003s ]

[ 2016-07-19T10:24:50+08:00 ] 113.78.163.234 /qzApi.php/Currency/checkPhone
INFO: [ app_init ] --START--
INFO: Run Behavior\BuildLiteBehavior [ RunTime:0.000014s ]
INFO: [ app_init ] --END-- [ RunTime:0.000278s ]
INFO: [ app_begin ] --START--
INFO: Run Behavior\ReadHtmlCacheBehavior [ RunTime:0.000347s ]
INFO: [ app_begin ] --END-- [ RunTime:0.000387s ]
SQL: SHOW COLUMNS FROM `qz_user` [ RunTime:0.0006s ]
SQL: SELECT * FROM `qz_user` WHERE `user_phone` = '15700790564' LIMIT 1   [ RunTime:0.0001s ]

[ 2016-07-19T10:25:03+08:00 ] 113.78.163.234 /qzApi.php/Currency/checkPhone
INFO: [ app_init ] --START--
INFO: Run Behavior\BuildLiteBehavior [ RunTime:0.000012s ]
INFO: [ app_init ] --END-- [ RunTime:0.000300s ]
INFO: [ app_begin ] --START--
INFO: Run Behavior\ReadHtmlCacheBehavior [ RunTime:0.000369s ]
INFO: [ app_begin ] --END-- [ RunTime:0.000410s ]
SQL: SHOW COLUMNS FROM `qz_user` [ RunTime:0.0006s ]
SQL: SELECT * FROM `qz_user` WHERE `user_phone` = '15700790564' LIMIT 1   [ RunTime:0.0001s ]

[ 2016-07-19T10:25:21+08:00 ] 113.78.163.234 /qzApi.php/Currency/checkPhone
INFO: [ app_init ] --START--
INFO: Run Behavior\BuildLiteBehavior [ RunTime:0.000014s ]
INFO: [ app_init ] --END-- [ RunTime:0.000350s ]
INFO: [ app_begin ] --START--
INFO: Run Behavior\ReadHtmlCacheBehavior [ RunTime:0.000403s ]
INFO: [ app_begin ] --END-- [ RunTime:0.000458s ]
SQL: SHOW COLUMNS FROM `qz_user` [ RunTime:0.0006s ]
SQL: SELECT * FROM `qz_user` WHERE `user_phone` = '15700790564' LIMIT 1   [ RunTime:0.0001s ]

[ 2016-07-19T10:25:26+08:00 ] 113.78.163.234 /qzApi.php/Currency/checkPhone
INFO: [ app_init ] --START--
INFO: Run Behavior\BuildLiteBehavior [ RunTime:0.000012s ]
INFO: [ app_init ] --END-- [ RunTime:0.000285s ]
INFO: [ app_begin ] --START--
INFO: Run Behavior\ReadHtmlCacheBehavior [ RunTime:0.000344s ]
INFO: [ app_begin ] --END-- [ RunTime:0.000467s ]
SQL: SHOW COLUMNS FROM `qz_user` [ RunTime:0.0006s ]
SQL: SELECT * FROM `qz_user` WHERE `user_phone` = '15700790564' LIMIT 1   [ RunTime:0.0001s ]

[ 2016-07-19T10:25:51+08:00 ] 113.78.163.234 /qzApi.php/Currency/img
INFO: [ app_init ] --START--
INFO: Run Behavior\BuildLiteBehavior [ RunTime:0.000012s ]
INFO: [ app_init ] --END-- [ RunTime:0.000287s ]
INFO: [ app_begin ] --START--
INFO: Run Behavior\ReadHtmlCacheBehavior [ RunTime:0.000369s ]
INFO: [ app_begin ] --END-- [ RunTime:0.000409s ]
NOTIC: [8] Undefined index: image /www/web/qiuxx/public_html/Application/QzApi/Controller/CurrencyController.class.php 第 110 行.
NOTIC: [8] Undefined index: tmp_name /www/web/qiuxx/public_html/ThinkPHP/Library/Think/Upload.class.php 第 152 行.
NOTIC: [2] finfo_file(): Empty filename or path /www/web/qiuxx/public_html/ThinkPHP/Library/Think/Upload.class.php 第 152 行.
NOTIC: [8] Undefined index: error /www/web/qiuxx/public_html/ThinkPHP/Library/Think/Upload.class.php 第 269 行.
NOTIC: [8] Undefined index: tmp_name /www/web/qiuxx/public_html/ThinkPHP/Library/Think/Upload.class.php 第 280 行.

[ 2016-07-19T10:33:48+08:00 ] 113.78.163.234 /qzApi.php/Currency/checkPhone
INFO: [ app_init ] --START--
INFO: Run Behavior\BuildLiteBehavior [ RunTime:0.000012s ]
INFO: [ app_init ] --END-- [ RunTime:0.000268s ]
INFO: [ app_begin ] --START--
INFO: Run Behavior\ReadHtmlCacheBehavior [ RunTime:0.000395s ]
INFO: [ app_begin ] --END-- [ RunTime:0.000436s ]
SQL: SHOW COLUMNS FROM `qz_user` [ RunTime:0.0006s ]
SQL: SELECT * FROM `qz_user` WHERE `user_phone` = '15700790524' LIMIT 1   [ RunTime:0.0003s ]

[ 2016-07-19T10:33:49+08:00 ] 113.78.163.234 /qzApi.php/Currency/submailVerify
INFO: [ app_init ] --START--
INFO: Run Behavior\BuildLiteBehavior [ RunTime:0.000013s ]
INFO: [ app_init ] --END-- [ RunTime:0.000299s ]
INFO: [ app_begin ] --START--
INFO: Run Behavior\ReadHtmlCacheBehavior [ RunTime:0.000387s ]
INFO: [ app_begin ] --END-- [ RunTime:0.000428s ]
SQL: SHOW COLUMNS FROM `qz_verify` [ RunTime:0.0005s ]
SQL: SELECT * FROM `qz_verify` WHERE `status` = 1 AND `phone` = '15700790524' AND `create_time` > 1468895618 LIMIT 1   [ RunTime:0.0002s ]
SQL: INSERT INTO `qz_verify` (`phone`,`verify`,`status`,`create_time`) VALUES ('15700790524','7852','1','1468895629') [ RunTime:0.0003s ]

[ 2016-07-19T10:34:07+08:00 ] 113.78.163.234 /qzApi.php/Currency/checkPhone
INFO: [ app_init ] --START--
INFO: Run Behavior\BuildLiteBehavior [ RunTime:0.000012s ]
INFO: [ app_init ] --END-- [ RunTime:0.000286s ]
INFO: [ app_begin ] --START--
INFO: Run Behavior\ReadHtmlCacheBehavior [ RunTime:0.000373s ]
INFO: [ app_begin ] --END-- [ RunTime:0.000413s ]
SQL: SHOW COLUMNS FROM `qz_user` [ RunTime:0.0006s ]
SQL: SELECT * FROM `qz_user` WHERE `user_phone` = '15700790524' LIMIT 1   [ RunTime:0.0001s ]

[ 2016-07-19T10:34:20+08:00 ] 113.78.163.234 /qzApi.php/Currency/checkPhone
INFO: [ app_init ] --START--
INFO: Run Behavior\BuildLiteBehavior [ RunTime:0.000012s ]
INFO: [ app_init ] --END-- [ RunTime:0.000266s ]
INFO: [ app_begin ] --START--
INFO: Run Behavior\ReadHtmlCacheBehavior [ RunTime:0.000348s ]
INFO: [ app_begin ] --END-- [ RunTime:0.000388s ]
SQL: SHOW COLUMNS FROM `qz_user` [ RunTime:0.0006s ]
SQL: SELECT * FROM `qz_user` WHERE `user_phone` = '15700790524' LIMIT 1   [ RunTime:0.0001s ]

[ 2016-07-19T10:34:36+08:00 ] 113.78.163.234 /qzApi.php/Currency/checkPhone
INFO: [ app_init ] --START--
INFO: Run Behavior\BuildLiteBehavior [ RunTime:0.000012s ]
INFO: [ app_init ] --END-- [ RunTime:0.000297s ]
INFO: [ app_begin ] --START--
INFO: Run Behavior\ReadHtmlCacheBehavior [ RunTime:0.000394s ]
INFO: [ app_begin ] --END-- [ RunTime:0.000435s ]
SQL: SHOW COLUMNS FROM `qz_user` [ RunTime:0.0006s ]
SQL: SELECT * FROM `qz_user` WHERE `user_phone` = '15700790524' LIMIT 1   [ RunTime:0.0001s ]

[ 2016-07-19T10:34:42+08:00 ] 113.78.163.234 /qzApi.php/Currency/checkPhone
INFO: [ app_init ] --START--
INFO: Run Behavior\BuildLiteBehavior [ RunTime:0.000013s ]
INFO: [ app_init ] --END-- [ RunTime:0.000270s ]
INFO: [ app_begin ] --START--
INFO: Run Behavior\ReadHtmlCacheBehavior [ RunTime:0.000334s ]
INFO: [ app_begin ] --END-- [ RunTime:0.000374s ]
SQL: SHOW COLUMNS FROM `qz_user` [ RunTime:0.0006s ]
SQL: SELECT * FROM `qz_user` WHERE `user_phone` = '15700790524' LIMIT 1   [ RunTime:0.0001s ]

[ 2016-07-19T10:35:28+08:00 ] 113.78.163.234 /qzApi.php/Currency/img
INFO: [ app_init ] --START--
INFO: Run Behavior\BuildLiteBehavior [ RunTime:0.000012s ]
INFO: [ app_init ] --END-- [ RunTime:0.000285s ]
INFO: [ app_begin ] --START--
INFO: Run Behavior\ReadHtmlCacheBehavior [ RunTime:0.000343s ]
INFO: [ app_begin ] --END-- [ RunTime:0.000382s ]
NOTIC: [8] Undefined index: image /www/web/qiuxx/public_html/Application/QzApi/Controller/CurrencyController.class.php 第 110 行.
NOTIC: [8] Undefined index: tmp_name /www/web/qiuxx/public_html/ThinkPHP/Library/Think/Upload.class.php 第 152 行.
NOTIC: [2] finfo_file(): Empty filename or path /www/web/qiuxx/public_html/ThinkPHP/Library/Think/Upload.class.php 第 152 行.
NOTIC: [8] Undefined index: error /www/web/qiuxx/public_html/ThinkPHP/Library/Think/Upload.class.php 第 269 行.
NOTIC: [8] Undefined index: tmp_name /www/web/qiuxx/public_html/ThinkPHP/Library/Think/Upload.class.php 第 280 行.

[ 2016-07-19T10:59:07+08:00 ] 113.78.163.234 /qzApi.php/Currency/img
INFO: [ app_init ] --START--
INFO: Run Behavior\BuildLiteBehavior [ RunTime:0.000013s ]
INFO: [ app_init ] --END-- [ RunTime:0.000268s ]
INFO: [ app_begin ] --START--
INFO: Run Behavior\ReadHtmlCacheBehavior [ RunTime:0.000351s ]
INFO: [ app_begin ] --END-- [ RunTime:0.000390s ]
NOTIC: [8] Undefined index: image /www/web/qiuxx/public_html/Application/QzApi/Controller/CurrencyController.class.php 第 110 行.
NOTIC: [8] Undefined index: tmp_name /www/web/qiuxx/public_html/ThinkPHP/Library/Think/Upload.class.php 第 152 行.
NOTIC: [2] finfo_file(): Empty filename or path /www/web/qiuxx/public_html/ThinkPHP/Library/Think/Upload.class.php 第 152 行.
NOTIC: [8] Undefined index: error /www/web/qiuxx/public_html/ThinkPHP/Library/Think/Upload.class.php 第 269 行.
NOTIC: [8] Undefined index: tmp_name /www/web/qiuxx/public_html/ThinkPHP/Library/Think/Upload.class.php 第 280 行.

[ 2016-07-19T11:02:16+08:00 ] 113.78.163.234 /qzApi.php/Currency/img
INFO: [ app_init ] --START--
INFO: Run Behavior\BuildLiteBehavior [ RunTime:0.000012s ]
INFO: [ app_init ] --END-- [ RunTime:0.000308s ]
INFO: [ app_begin ] --START--
INFO: Run Behavior\ReadHtmlCacheBehavior [ RunTime:0.000489s ]
INFO: [ app_begin ] --END-- [ RunTime:0.000528s ]
NOTIC: [8] Undefined index: image /www/web/qiuxx/public_html/Application/QzApi/Controller/CurrencyController.class.php 第 110 行.
NOTIC: [8] Undefined index: tmp_name /www/web/qiuxx/public_html/ThinkPHP/Library/Think/Upload.class.php 第 152 行.
NOTIC: [2] finfo_file(): Empty filename or path /www/web/qiuxx/public_html/ThinkPHP/Library/Think/Upload.class.php 第 152 行.
NOTIC: [8] Undefined index: error /www/web/qiuxx/public_html/ThinkPHP/Library/Think/Upload.class.php 第 269 行.
NOTIC: [8] Undefined index: tmp_name /www/web/qiuxx/public_html/ThinkPHP/Library/Think/Upload.class.php 第 280 行.

[ 2016-07-19T11:31:20+08:00 ] 113.78.163.234 /qzApi.php/Currency/checkPhone
INFO: [ app_init ] --START--
INFO: Run Behavior\BuildLiteBehavior [ RunTime:0.000012s ]
INFO: [ app_init ] --END-- [ RunTime:0.000267s ]
INFO: [ app_begin ] --START--
INFO: Run Behavior\ReadHtmlCacheBehavior [ RunTime:0.000361s ]
INFO: [ app_begin ] --END-- [ RunTime:0.000402s ]
SQL: SHOW COLUMNS FROM `qz_user` [ RunTime:0.0006s ]
SQL: SELECT * FROM `qz_user` WHERE `user_phone` = '15700790524' LIMIT 1   [ RunTime:0.0001s ]

[ 2016-07-19T11:31:20+08:00 ] 113.78.163.234 /qzApi.php/Currency/checkPhone
INFO: [ app_init ] --START--
INFO: Run Behavior\BuildLiteBehavior [ RunTime:0.000012s ]
INFO: [ app_init ] --END-- [ RunTime:0.000266s ]
INFO: [ app_begin ] --START--
INFO: Run Behavior\ReadHtmlCacheBehavior [ RunTime:0.000373s ]
INFO: [ app_begin ] --END-- [ RunTime:0.000424s ]
SQL: SHOW COLUMNS FROM `qz_user` [ RunTime:0.0006s ]
SQL: SELECT * FROM `qz_user` WHERE `user_phone` = '15700790524' LIMIT 1   [ RunTime:0.0001s ]

[ 2016-07-19T13:52:21+08:00 ] 119.122.223.95 /qzApi.php/Currency/img
INFO: [ app_init ] --START--
INFO: Run Behavior\BuildLiteBehavior [ RunTime:0.000017s ]
INFO: [ app_init ] --END-- [ RunTime:0.000309s ]
INFO: [ app_begin ] --START--
INFO: Run Behavior\ReadHtmlCacheBehavior [ RunTime:0.000404s ]
INFO: [ app_begin ] --END-- [ RunTime:0.000458s ]

[ 2016-07-19T13:53:31+08:00 ] 119.122.223.95 /qzApi.php/Currency/img
INFO: [ app_init ] --START--
INFO: Run Behavior\BuildLiteBehavior [ RunTime:0.000014s ]
INFO: [ app_init ] --END-- [ RunTime:0.000322s ]
INFO: [ app_begin ] --START--
INFO: Run Behavior\ReadHtmlCacheBehavior [ RunTime:0.000329s ]
INFO: [ app_begin ] --END-- [ RunTime:0.000369s ]
NOTIC: [2] call_user_func() expects parameter 1 to be a valid callback, no array or string given /www/web/qiuxx/public_html/ThinkPHP/Library/Think/Upload.class.php 第 170 行.
NOTIC: [8] Undefined index: savepath /www/web/qiuxx/public_html/Application/QzApi/Controller/CurrencyController.class.php 第 115 行.
NOTIC: [8] Undefined index: savename /www/web/qiuxx/public_html/Application/QzApi/Controller/CurrencyController.class.php 第 115 行.
NOTIC: [8] Undefined index: savepath /www/web/qiuxx/public_html/Application/QzApi/Controller/CurrencyController.class.php 第 116 行.
NOTIC: [8] Undefined index: savename /www/web/qiuxx/public_html/Application/QzApi/Controller/CurrencyController.class.php 第 116 行.
NOTIC: [8] Undefined index: savepath /www/web/qiuxx/public_html/Application/QzApi/Controller/CurrencyController.class.php 第 117 行.
NOTIC: [8] Undefined index: savename /www/web/qiuxx/public_html/Application/QzApi/Controller/CurrencyController.class.php 第 117 行.
ERR: 不存在的图像文件

[ 2016-07-19T13:53:52+08:00 ] 119.122.223.95 /qzApi.php/Currency/img
INFO: [ app_init ] --START--
INFO: Run Behavior\BuildLiteBehavior [ RunTime:0.000012s ]
INFO: [ app_init ] --END-- [ RunTime:0.000290s ]
INFO: [ app_begin ] --START--
INFO: Run Behavior\ReadHtmlCacheBehavior [ RunTime:0.000362s ]
INFO: [ app_begin ] --END-- [ RunTime:0.000402s ]
NOTIC: [2] call_user_func() expects parameter 1 to be a valid callback, no array or string given /www/web/qiuxx/public_html/ThinkPHP/Library/Think/Upload.class.php 第 170 行.
NOTIC: [8] Undefined index: savepath /www/web/qiuxx/public_html/Application/QzApi/Controller/CurrencyController.class.php 第 115 行.
NOTIC: [8] Undefined index: savename /www/web/qiuxx/public_html/Application/QzApi/Controller/CurrencyController.class.php 第 115 行.
NOTIC: [8] Undefined index: savepath /www/web/qiuxx/public_html/Application/QzApi/Controller/CurrencyController.class.php 第 116 行.
NOTIC: [8] Undefined index: savename /www/web/qiuxx/public_html/Application/QzApi/Controller/CurrencyController.class.php 第 116 行.
NOTIC: [8] Undefined index: savepath /www/web/qiuxx/public_html/Application/QzApi/Controller/CurrencyController.class.php 第 117 行.
NOTIC: [8] Undefined index: savename /www/web/qiuxx/public_html/Application/QzApi/Controller/CurrencyController.class.php 第 117 行.
ERR: 不存在的图像文件

[ 2016-07-19T13:54:04+08:00 ] 119.122.223.95 /qzApi.php/Currency/img
INFO: [ app_init ] --START--
INFO: Run Behavior\BuildLiteBehavior [ RunTime:0.000014s ]
INFO: [ app_init ] --END-- [ RunTime:0.000320s ]
INFO: [ app_begin ] --START--
INFO: Run Behavior\ReadHtmlCacheBehavior [ RunTime:0.000426s ]
INFO: [ app_begin ] --END-- [ RunTime:0.000472s ]
NOTIC: [2] call_user_func() expects parameter 1 to be a valid callback, no array or string given /www/web/qiuxx/public_html/ThinkPHP/Library/Think/Upload.class.php 第 170 行.
NOTIC: [8] Undefined index: savepath /www/web/qiuxx/public_html/Application/QzApi/Controller/CurrencyController.class.php 第 115 行.
NOTIC: [8] Undefined index: savename /www/web/qiuxx/public_html/Application/QzApi/Controller/CurrencyController.class.php 第 115 行.
NOTIC: [8] Undefined index: savepath /www/web/qiuxx/public_html/Application/QzApi/Controller/CurrencyController.class.php 第 116 行.
NOTIC: [8] Undefined index: savename /www/web/qiuxx/public_html/Application/QzApi/Controller/CurrencyController.class.php 第 116 行.
NOTIC: [8] Undefined index: savepath /www/web/qiuxx/public_html/Application/QzApi/Controller/CurrencyController.class.php 第 117 行.
NOTIC: [8] Undefined index: savename /www/web/qiuxx/public_html/Application/QzApi/Controller/CurrencyController.class.php 第 117 行.
ERR: 不存在的图像文件

[ 2016-07-19T13:55:33+08:00 ] 119.122.223.95 /qzApi.php/Currency/img
INFO: [ app_init ] --START--
INFO: Run Behavior\BuildLiteBehavior [ RunTime:0.000012s ]
INFO: [ app_init ] --END-- [ RunTime:0.000285s ]
INFO: [ app_begin ] --START--
INFO: Run Behavior\ReadHtmlCacheBehavior [ RunTime:0.000364s ]
INFO: [ app_begin ] --END-- [ RunTime:0.000416s ]
NOTIC: [2] call_user_func() expects parameter 1 to be a valid callback, no array or string given /www/web/qiuxx/public_html/ThinkPHP/Library/Think/Upload.class.php 第 170 行.
NOTIC: [8] Undefined index: savepath /www/web/qiuxx/public_html/Application/QzApi/Controller/CurrencyController.class.php 第 115 行.
NOTIC: [8] Undefined index: savename /www/web/qiuxx/public_html/Application/QzApi/Controller/CurrencyController.class.php 第 115 行.
NOTIC: [8] Undefined index: savepath /www/web/qiuxx/public_html/Application/QzApi/Controller/CurrencyController.class.php 第 116 行.
NOTIC: [8] Undefined index: savename /www/web/qiuxx/public_html/Application/QzApi/Controller/CurrencyController.class.php 第 116 行.
NOTIC: [8] Undefined index: savepath /www/web/qiuxx/public_html/Application/QzApi/Controller/CurrencyController.class.php 第 117 行.
NOTIC: [8] Undefined index: savename /www/web/qiuxx/public_html/Application/QzApi/Controller/CurrencyController.class.php 第 117 行.
ERR: 不存在的图像文件

[ 2016-07-19T13:56:47+08:00 ] 119.122.223.95 /qzApi.php/Currency/img
INFO: [ app_init ] --START--
INFO: Run Behavior\BuildLiteBehavior [ RunTime:0.000013s ]
INFO: [ app_init ] --END-- [ RunTime:0.000274s ]
INFO: [ app_begin ] --START--
INFO: Run Behavior\ReadHtmlCacheBehavior [ RunTime:0.000354s ]
INFO: [ app_begin ] --END-- [ RunTime:0.000394s ]
NOTIC: [2] call_user_func() expects parameter 1 to be a valid callback, no array or string given /www/web/qiuxx/public_html/ThinkPHP/Library/Think/Upload.class.php 第 170 行.
SQL: SHOW COLUMNS FROM `qz_temp_image` [ RunTime:0.0005s ]
SQL: INSERT INTO `qz_temp_image` (`img`,`thumb_img`,`create_time`,`status`) VALUES ('./Temp/2016-07-19/578dc11f3bff2.jpg','./Temp/2016-07-19/thumb578dc11f3bff2.jpg','1468907807','1') [ RunTime:0.0002s ]

[ 2016-07-19T21:46:54+08:00 ] 116.30.240.42 /qzApi.php/Currency/img
INFO: [ app_init ] --START--
INFO: Run Behavior\BuildLiteBehavior [ RunTime:0.000012s ]
INFO: [ app_init ] --END-- [ RunTime:0.000299s ]
INFO: [ app_begin ] --START--
INFO: Run Behavior\ReadHtmlCacheBehavior [ RunTime:0.000339s ]
INFO: [ app_begin ] --END-- [ RunTime:0.000379s ]
NOTIC: [2] call_user_func() expects parameter 1 to be a valid callback, no array or string given /www/web/qiuxx/public_html/ThinkPHP/Library/Think/Upload.class.php 第 170 行.
SQL: SHOW COLUMNS FROM `qz_temp_image` [ RunTime:0.0005s ]
SQL: INSERT INTO `qz_temp_image` (`img`,`thumb_img`,`create_time`,`status`) VALUES ('./Temp/2016-07-19/578e2f4ec7fb1.jpg','./Temp/2016-07-19/thumb578e2f4ec7fb1.jpg','1468936014','1') [ RunTime:0.0002s ]

[ 2016-07-19T21:52:06+08:00 ] 116.30.240.42 /qzApi.php/Currency/img
INFO: [ app_init ] --START--
INFO: Run Behavior\BuildLiteBehavior [ RunTime:0.000012s ]
INFO: [ app_init ] --END-- [ RunTime:0.000321s ]
INFO: [ app_begin ] --START--
INFO: Run Behavior\ReadHtmlCacheBehavior [ RunTime:0.000361s ]
INFO: [ app_begin ] --END-- [ RunTime:0.000407s ]
NOTIC: [2] call_user_func() expects parameter 1 to be a valid callback, no array or string given /www/web/qiuxx/public_html/ThinkPHP/Library/Think/Upload.class.php 第 170 行.
NOTIC: [8] Undefined index: savepath /www/web/qiuxx/public_html/Application/QzApi/Controller/CurrencyController.class.php 第 115 行.
NOTIC: [8] Undefined index: savename /www/web/qiuxx/public_html/Application/QzApi/Controller/CurrencyController.class.php 第 115 行.
NOTIC: [8] Undefined index: savepath /www/web/qiuxx/public_html/Application/QzApi/Controller/CurrencyController.class.php 第 116 行.
NOTIC: [8] Undefined index: savename /www/web/qiuxx/public_html/Application/QzApi/Controller/CurrencyController.class.php 第 116 行.
NOTIC: [8] Undefined index: savepath /www/web/qiuxx/public_html/Application/QzApi/Controller/CurrencyController.class.php 第 117 行.
NOTIC: [8] Undefined index: savename /www/web/qiuxx/public_html/Application/QzApi/Controller/CurrencyController.class.php 第 117 行.
ERR: 不存在的图像文件

[ 2016-07-19T21:52:33+08:00 ] 116.30.240.42 /qzApi.php/Currency/img
INFO: [ app_init ] --START--
INFO: Run Behavior\BuildLiteBehavior [ RunTime:0.000012s ]
INFO: [ app_init ] --END-- [ RunTime:0.000274s ]
INFO: [ app_begin ] --START--
INFO: Run Behavior\ReadHtmlCacheBehavior [ RunTime:0.000331s ]
INFO: [ app_begin ] --END-- [ RunTime:0.000381s ]
NOTIC: [2] call_user_func() expects parameter 1 to be a valid callback, no array or string given /www/web/qiuxx/public_html/ThinkPHP/Library/Think/Upload.class.php 第 170 行.

[ 2016-07-19T21:52:45+08:00 ] 116.30.240.42 /qzApi.php/Currency/img
INFO: [ app_init ] --START--
INFO: Run Behavior\BuildLiteBehavior [ RunTime:0.000012s ]
INFO: [ app_init ] --END-- [ RunTime:0.000333s ]
INFO: [ app_begin ] --START--
INFO: Run Behavior\ReadHtmlCacheBehavior [ RunTime:0.000414s ]
INFO: [ app_begin ] --END-- [ RunTime:0.000455s ]

[ 2016-07-19T22:00:01+08:00 ] 116.30.240.42 /qzApi.php/Currency/img
INFO: [ app_init ] --START--
INFO: Run Behavior\BuildLiteBehavior [ RunTime:0.000019s ]
INFO: [ app_init ] --END-- [ RunTime:0.000432s ]
INFO: [ app_begin ] --START--
INFO: Run Behavior\ReadHtmlCacheBehavior [ RunTime:0.000450s ]
INFO: [ app_begin ] --END-- [ RunTime:0.000492s ]

[ 2016-07-19T22:00:07+08:00 ] 116.30.240.42 /qzApi.php/Currency/img
INFO: [ app_init ] --START--
INFO: Run Behavior\BuildLiteBehavior [ RunTime:0.000013s ]
INFO: [ app_init ] --END-- [ RunTime:0.000273s ]
INFO: [ app_begin ] --START--
INFO: Run Behavior\ReadHtmlCacheBehavior [ RunTime:0.000336s ]
INFO: [ app_begin ] --END-- [ RunTime:0.000377s ]

[ 2016-07-19T22:01:08+08:00 ] 116.30.240.42 /qzApi.php/Currency/img
INFO: [ app_init ] --START--
INFO: Run Behavior\BuildLiteBehavior [ RunTime:0.000015s ]
INFO: [ app_init ] --END-- [ RunTime:0.000315s ]
INFO: [ app_begin ] --START--
INFO: Run Behavior\ReadHtmlCacheBehavior [ RunTime:0.000399s ]
INFO: [ app_begin ] --END-- [ RunTime:0.000440s ]
NOTIC: [8] Undefined index: image /www/web/qiuxx/public_html/Application/QzApi/Controller/CurrencyController.class.php 第 110 行.
NOTIC: [8] Undefined index: tmp_name /www/web/qiuxx/public_html/ThinkPHP/Library/Think/Upload.class.php 第 152 行.
NOTIC: [2] finfo_file(): Empty filename or path /www/web/qiuxx/public_html/ThinkPHP/Library/Think/Upload.class.php 第 152 行.
NOTIC: [8] Undefined index: error /www/web/qiuxx/public_html/ThinkPHP/Library/Think/Upload.class.php 第 269 行.
NOTIC: [8] Undefined index: tmp_name /www/web/qiuxx/public_html/ThinkPHP/Library/Think/Upload.class.php 第 280 行.

[ 2016-07-19T22:01:20+08:00 ] 116.30.240.42 /qzApi.php/Currency/img
INFO: [ app_init ] --START--
INFO: Run Behavior\BuildLiteBehavior [ RunTime:0.000013s ]
INFO: [ app_init ] --END-- [ RunTime:0.000283s ]
INFO: [ app_begin ] --START--
INFO: Run Behavior\ReadHtmlCacheBehavior [ RunTime:0.000348s ]
INFO: [ app_begin ] --END-- [ RunTime:0.000388s ]
NOTIC: [2] call_user_func() expects parameter 1 to be a valid callback, no array or string given /www/web/qiuxx/public_html/ThinkPHP/Library/Think/Upload.class.php 第 170 行.
SQL: SHOW COLUMNS FROM `qz_temp_image` [ RunTime:0.0005s ]
SQL: INSERT INTO `qz_temp_image` (`img`,`thumb_img`,`create_time`,`status`) VALUES ('./Temp/2016-07-19/578e32b03dd45.jpg','./Temp/2016-07-19/thumb578e32b03dd45.jpg','1468936880','1') [ RunTime:0.0002s ]

