[ 2016-06-12T10:34:42+08:00 ] 61.141.246.76 /qzApi.php/Currency/apk/
INFO: [ app_init ] --START--
INFO: Run Behavior\BuildLiteBehavior [ RunTime:0.000011s ]
INFO: [ app_init ] --END-- [ RunTime:0.000266s ]
INFO: [ app_begin ] --START--
INFO: Run Behavior\ReadHtmlCacheBehavior [ RunTime:0.000338s ]
INFO: [ app_begin ] --END-- [ RunTime:0.000378s ]

[ 2016-06-12T10:35:07+08:00 ] 61.141.246.76 /qzApi.php/Currency/apk/
INFO: [ app_init ] --START--
INFO: Run Behavior\BuildLiteBehavior [ RunTime:0.000013s ]
INFO: [ app_init ] --END-- [ RunTime:0.000336s ]
INFO: [ app_begin ] --START--
INFO: Run Behavior\ReadHtmlCacheBehavior [ RunTime:0.000397s ]
INFO: [ app_begin ] --END-- [ RunTime:0.000436s ]
NOTIC: [2] call_user_func() expects parameter 1 to be a valid callback, no array or string given /www/web/qiuxx/public_html/ThinkPHP/Library/Think/Upload.class.php 第 170 行.

[ 2016-06-12T10:35:44+08:00 ] 61.141.246.76 /qzApi.php/Currency/apk/
INFO: [ app_init ] --START--
INFO: Run Behavior\BuildLiteBehavior [ RunTime:0.000012s ]
INFO: [ app_init ] --END-- [ RunTime:0.000304s ]
INFO: [ app_begin ] --START--
INFO: Run Behavior\ReadHtmlCacheBehavior [ RunTime:0.000346s ]
INFO: [ app_begin ] --END-- [ RunTime:0.000387s ]
NOTIC: [2] call_user_func() expects parameter 1 to be a valid callback, no array or string given /www/web/qiuxx/public_html/ThinkPHP/Library/Think/Upload.class.php 第 170 行.

[ 2016-06-12T10:36:01+08:00 ] 61.141.246.76 /qzApi.php/Currency/apk/
INFO: [ app_init ] --START--
INFO: Run Behavior\BuildLiteBehavior [ RunTime:0.000014s ]
INFO: [ app_init ] --END-- [ RunTime:0.000277s ]
INFO: [ app_begin ] --START--
INFO: Run Behavior\ReadHtmlCacheBehavior [ RunTime:0.000337s ]
INFO: [ app_begin ] --END-- [ RunTime:0.000377s ]
NOTIC: [2] call_user_func() expects parameter 1 to be a valid callback, no array or string given /www/web/qiuxx/public_html/ThinkPHP/Library/Think/Upload.class.php 第 170 行.

[ 2016-06-12T10:36:37+08:00 ] 61.141.246.76 /qzApi.php/Currency/apk/
INFO: [ app_init ] --START--
INFO: Run Behavior\BuildLiteBehavior [ RunTime:0.000012s ]
INFO: [ app_init ] --END-- [ RunTime:0.000267s ]
INFO: [ app_begin ] --START--
INFO: Run Behavior\ReadHtmlCacheBehavior [ RunTime:0.000335s ]
INFO: [ app_begin ] --END-- [ RunTime:0.000375s ]
NOTIC: [2] call_user_func() expects parameter 1 to be a valid callback, no array or string given /www/web/qiuxx/public_html/ThinkPHP/Library/Think/Upload.class.php 第 170 行.

[ 2016-06-12T19:41:57+08:00 ] 61.141.246.76 /qzApi.php/Currency/verify
INFO: [ app_init ] --START--
INFO: Run Behavior\BuildLiteBehavior [ RunTime:0.000013s ]
INFO: [ app_init ] --END-- [ RunTime:0.000317s ]
INFO: [ app_begin ] --START--
INFO: Run Behavior\ReadHtmlCacheBehavior [ RunTime:0.000342s ]
INFO: [ app_begin ] --END-- [ RunTime:0.000382s ]

[ 2016-06-12T19:42:11+08:00 ] 61.141.246.76 /qzApi.php/Currency/verify
INFO: [ app_init ] --START--
INFO: Run Behavior\BuildLiteBehavior [ RunTime:0.000013s ]
INFO: [ app_init ] --END-- [ RunTime:0.000291s ]
INFO: [ app_begin ] --START--
INFO: Run Behavior\ReadHtmlCacheBehavior [ RunTime:0.000379s ]
INFO: [ app_begin ] --END-- [ RunTime:0.000420s ]
SQL: SHOW COLUMNS FROM `qz_verify` [ RunTime:0.0006s ]
SQL: SELECT * FROM `qz_verify` WHERE `status` = 1 AND `phone` = '18702783614' AND `create_time` > 1465729930 LIMIT 1   [ RunTime:0.0002s ]
SQL: INSERT INTO `qz_verify` (`phone`,`verify`,`status`,`create_time`) VALUES ('18702783614','6951','1','1465731731') [ RunTime:0.0006s ]

