[ 2016-07-14T10:59:27+08:00 ] 183.49.142.5 /api.php/Interface/interfaceInfo/id/1/cid/1.html
INFO: [ app_init ] --START--
INFO: Run Behavior\BuildLiteBehavior [ RunTime:0.000012s ]
INFO: [ app_init ] --END-- [ RunTime:0.000293s ]
INFO: [ app_begin ] --START--
INFO: Run Behavior\ReadHtmlCacheBehavior [ RunTime:0.000346s ]
INFO: [ app_begin ] --END-- [ RunTime:0.000386s ]
SQL: SHOW COLUMNS FROM `api_category` [ RunTime:0.0005s ]
SQL: SELECT * FROM `api_category` WHERE `status` = 1 ORDER BY rank desc  [ RunTime:0.0001s ]
SQL: SHOW COLUMNS FROM `api_interface` [ RunTime:0.0004s ]
SQL: SELECT * FROM `api_interface` WHERE `cid` = 1 AND `status` = 1 ORDER BY create_time  [ RunTime:0.0001s ]
SQL: SELECT * FROM `api_interface` WHERE `cid` = 2 AND `status` = 1 ORDER BY create_time  [ RunTime:0.0001s ]
SQL: SELECT * FROM `api_interface` WHERE `id` = 1 LIMIT 1   [ RunTime:0.0001s ]
SQL: SELECT `title` FROM `api_category` WHERE `id` = 1 LIMIT 1   [ RunTime:0.0001s ]
SQL: SHOW COLUMNS FROM `api_parameter` [ RunTime:0.0004s ]
SQL: SELECT * FROM `api_parameter` WHERE `iid` = 1 ORDER BY param_rank desc  [ RunTime:0.0001s ]
SQL: SHOW COLUMNS FROM `api_return` [ RunTime:0.0004s ]
SQL: SELECT * FROM `api_return` WHERE `iid` IN ('0','1') ORDER BY return_rank desc  [ RunTime:0.0001s ]
INFO: [ view_parse ] --START--
INFO: [ template_filter ] --START--
INFO: Run Behavior\ContentReplaceBehavior [ RunTime:0.000090s ]
INFO: [ template_filter ] --END-- [ RunTime:0.000137s ]
NOTIC: [8] Undefined index: isLogin /www/web/qiuxx/public_html/Application/Runtime/Cache/Api/976ac8c36f4a7bda0f4bb816ad2dfdac.php 第 36 行.
NOTIC: [8] Undefined variable: like /www/web/qiuxx/public_html/Application/Runtime/Cache/Api/976ac8c36f4a7bda0f4bb816ad2dfdac.php 第 57 行.
NOTIC: [8] Undefined index: isLogin /www/web/qiuxx/public_html/Application/Runtime/Cache/Api/976ac8c36f4a7bda0f4bb816ad2dfdac.php 第 62 行.
NOTIC: [8] Undefined index: isLogin /www/web/qiuxx/public_html/Application/Runtime/Cache/Api/976ac8c36f4a7bda0f4bb816ad2dfdac.php 第 76 行.
NOTIC: [8] Undefined index: isLogin /www/web/qiuxx/public_html/Application/Runtime/Cache/Api/976ac8c36f4a7bda0f4bb816ad2dfdac.php 第 76 行.
NOTIC: [8] Undefined index: isLogin /www/web/qiuxx/public_html/Application/Runtime/Cache/Api/976ac8c36f4a7bda0f4bb816ad2dfdac.php 第 108 行.
NOTIC: [8] Undefined index: isLogin /www/web/qiuxx/public_html/Application/Runtime/Cache/Api/976ac8c36f4a7bda0f4bb816ad2dfdac.php 第 121 行.
INFO: Run Behavior\ParseTemplateBehavior [ RunTime:0.013208s ]
INFO: [ view_parse ] --END-- [ RunTime:0.013244s ]
INFO: [ view_filter ] --START--
INFO: Run Behavior\WriteHtmlCacheBehavior [ RunTime:0.000156s ]
INFO: [ view_filter ] --END-- [ RunTime:0.000188s ]
INFO: [ app_end ] --START--
INFO: Run Behavior\ShowPageTraceBehavior [ RunTime:0.000358s ]
INFO: [ app_end ] --END-- [ RunTime:0.000398s ]

[ 2016-07-14T12:32:58+08:00 ] 183.49.142.5 /api.php/Interface/interfaceInfo/id/4/cid/1.html
INFO: [ app_init ] --START--
INFO: Run Behavior\BuildLiteBehavior [ RunTime:0.000012s ]
INFO: [ app_init ] --END-- [ RunTime:0.000287s ]
INFO: [ app_begin ] --START--
INFO: Run Behavior\ReadHtmlCacheBehavior [ RunTime:0.000350s ]
INFO: [ app_begin ] --END-- [ RunTime:0.000390s ]
SQL: SHOW COLUMNS FROM `api_category` [ RunTime:0.0007s ]
SQL: SELECT * FROM `api_category` WHERE `status` = 1 ORDER BY rank desc  [ RunTime:0.0001s ]
SQL: SHOW COLUMNS FROM `api_interface` [ RunTime:0.0083s ]
SQL: SELECT * FROM `api_interface` WHERE `cid` = 1 AND `status` = 1 ORDER BY create_time  [ RunTime:0.0001s ]
SQL: SELECT * FROM `api_interface` WHERE `cid` = 2 AND `status` = 1 ORDER BY create_time  [ RunTime:0.0001s ]
SQL: SELECT * FROM `api_interface` WHERE `id` = 4 LIMIT 1   [ RunTime:0.0001s ]
SQL: SELECT `title` FROM `api_category` WHERE `id` = 1 LIMIT 1   [ RunTime:0.0001s ]
SQL: SHOW COLUMNS FROM `api_parameter` [ RunTime:0.0004s ]
SQL: SELECT * FROM `api_parameter` WHERE `iid` = 4 ORDER BY param_rank desc  [ RunTime:0.0001s ]
SQL: SHOW COLUMNS FROM `api_return` [ RunTime:0.0003s ]
SQL: SELECT * FROM `api_return` WHERE `iid` IN ('0','4') ORDER BY return_rank desc  [ RunTime:0.0001s ]
INFO: [ view_parse ] --START--
INFO: [ template_filter ] --START--
INFO: Run Behavior\ContentReplaceBehavior [ RunTime:0.000091s ]
INFO: [ template_filter ] --END-- [ RunTime:0.000138s ]
NOTIC: [8] Undefined index: isLogin /www/web/qiuxx/public_html/Application/Runtime/Cache/Api/976ac8c36f4a7bda0f4bb816ad2dfdac.php 第 36 行.
NOTIC: [8] Undefined variable: like /www/web/qiuxx/public_html/Application/Runtime/Cache/Api/976ac8c36f4a7bda0f4bb816ad2dfdac.php 第 57 行.
NOTIC: [8] Undefined index: isLogin /www/web/qiuxx/public_html/Application/Runtime/Cache/Api/976ac8c36f4a7bda0f4bb816ad2dfdac.php 第 62 行.
NOTIC: [8] Undefined index: isLogin /www/web/qiuxx/public_html/Application/Runtime/Cache/Api/976ac8c36f4a7bda0f4bb816ad2dfdac.php 第 76 行.
NOTIC: [8] Undefined index: isLogin /www/web/qiuxx/public_html/Application/Runtime/Cache/Api/976ac8c36f4a7bda0f4bb816ad2dfdac.php 第 76 行.
NOTIC: [8] Undefined index: isLogin /www/web/qiuxx/public_html/Application/Runtime/Cache/Api/976ac8c36f4a7bda0f4bb816ad2dfdac.php 第 108 行.
NOTIC: [8] Undefined index: isLogin /www/web/qiuxx/public_html/Application/Runtime/Cache/Api/976ac8c36f4a7bda0f4bb816ad2dfdac.php 第 121 行.
INFO: Run Behavior\ParseTemplateBehavior [ RunTime:0.013373s ]
INFO: [ view_parse ] --END-- [ RunTime:0.013411s ]
INFO: [ view_filter ] --START--
INFO: Run Behavior\WriteHtmlCacheBehavior [ RunTime:0.000162s ]
INFO: [ view_filter ] --END-- [ RunTime:0.000194s ]
INFO: [ app_end ] --START--
INFO: Run Behavior\ShowPageTraceBehavior [ RunTime:0.000366s ]
INFO: [ app_end ] --END-- [ RunTime:0.000405s ]

[ 2016-07-14T13:20:46+08:00 ] 113.91.165.143 /api.php
INFO: [ app_init ] --START--
INFO: Run Behavior\BuildLiteBehavior [ RunTime:0.000011s ]
INFO: [ app_init ] --END-- [ RunTime:0.000302s ]
INFO: [ app_begin ] --START--
INFO: Run Behavior\ReadHtmlCacheBehavior [ RunTime:0.000362s ]
INFO: [ app_begin ] --END-- [ RunTime:0.000404s ]
SQL: SHOW COLUMNS FROM `api_category` [ RunTime:0.0005s ]
SQL: SELECT * FROM `api_category` WHERE `status` = 1 ORDER BY rank desc  [ RunTime:0.0001s ]
SQL: SHOW COLUMNS FROM `api_interface` [ RunTime:0.0004s ]
SQL: SELECT * FROM `api_interface` WHERE `cid` = 1 AND `status` = 1 ORDER BY create_time  [ RunTime:0.0001s ]
SQL: SELECT * FROM `api_interface` WHERE `cid` = 2 AND `status` = 1 ORDER BY create_time  [ RunTime:0.0001s ]
INFO: [ view_parse ] --START--
INFO: [ template_filter ] --START--
INFO: Run Behavior\ContentReplaceBehavior [ RunTime:0.000062s ]
INFO: [ template_filter ] --END-- [ RunTime:0.000102s ]
NOTIC: [8] Undefined index: isLogin /www/web/qiuxx/public_html/Application/Runtime/Cache/Api/51b31191c7d9f8df7ef9291eadae4e42.php 第 36 行.
NOTIC: [8] Undefined variable: like /www/web/qiuxx/public_html/Application/Runtime/Cache/Api/51b31191c7d9f8df7ef9291eadae4e42.php 第 57 行.
NOTIC: [8] Undefined index: isLogin /www/web/qiuxx/public_html/Application/Runtime/Cache/Api/51b31191c7d9f8df7ef9291eadae4e42.php 第 62 行.
NOTIC: [8] Undefined index: isLogin /www/web/qiuxx/public_html/Application/Runtime/Cache/Api/51b31191c7d9f8df7ef9291eadae4e42.php 第 76 行.
NOTIC: [8] Undefined index: cid /www/web/qiuxx/public_html/Application/Runtime/Cache/Api/51b31191c7d9f8df7ef9291eadae4e42.php 第 80 行.
NOTIC: [8] Undefined index: cid /www/web/qiuxx/public_html/Application/Runtime/Cache/Api/51b31191c7d9f8df7ef9291eadae4e42.php 第 86 行.
NOTIC: [8] Undefined index: isLogin /www/web/qiuxx/public_html/Application/Runtime/Cache/Api/51b31191c7d9f8df7ef9291eadae4e42.php 第 76 行.
NOTIC: [8] Undefined index: cid /www/web/qiuxx/public_html/Application/Runtime/Cache/Api/51b31191c7d9f8df7ef9291eadae4e42.php 第 80 行.
NOTIC: [8] Undefined index: cid /www/web/qiuxx/public_html/Application/Runtime/Cache/Api/51b31191c7d9f8df7ef9291eadae4e42.php 第 86 行.
NOTIC: [8] Undefined index: isLogin /www/web/qiuxx/public_html/Application/Runtime/Cache/Api/51b31191c7d9f8df7ef9291eadae4e42.php 第 108 行.
INFO: Run Behavior\ParseTemplateBehavior [ RunTime:0.011139s ]
INFO: [ view_parse ] --END-- [ RunTime:0.011174s ]
INFO: [ view_filter ] --START--
INFO: Run Behavior\WriteHtmlCacheBehavior [ RunTime:0.000158s ]
INFO: [ view_filter ] --END-- [ RunTime:0.000191s ]
INFO: [ app_end ] --START--
INFO: Run Behavior\ShowPageTraceBehavior [ RunTime:0.000368s ]
INFO: [ app_end ] --END-- [ RunTime:0.000407s ]

[ 2016-07-14T13:22:41+08:00 ] 113.91.165.143 /api.php/Login/login.html
INFO: [ app_init ] --START--
INFO: Run Behavior\BuildLiteBehavior [ RunTime:0.000012s ]
INFO: [ app_init ] --END-- [ RunTime:0.000272s ]
INFO: [ app_begin ] --START--
INFO: Run Behavior\ReadHtmlCacheBehavior [ RunTime:0.000357s ]
INFO: [ app_begin ] --END-- [ RunTime:0.000398s ]
SQL: SHOW COLUMNS FROM `api_category` [ RunTime:0.0006s ]
SQL: SELECT * FROM `api_category` WHERE `status` = 1 ORDER BY rank desc  [ RunTime:0.0001s ]
SQL: SHOW COLUMNS FROM `api_interface` [ RunTime:0.0006s ]
SQL: SELECT * FROM `api_interface` WHERE `cid` = 1 AND `status` = 1 ORDER BY create_time  [ RunTime:0.0001s ]
SQL: SELECT * FROM `api_interface` WHERE `cid` = 2 AND `status` = 1 ORDER BY create_time  [ RunTime:0.0001s ]
INFO: [ view_parse ] --START--
INFO: [ template_filter ] --START--
INFO: Run Behavior\ContentReplaceBehavior [ RunTime:0.000076s ]
INFO: [ template_filter ] --END-- [ RunTime:0.000129s ]
NOTIC: [8] Undefined index: isLogin /www/web/qiuxx/public_html/Application/Runtime/Cache/Api/30aa4fd9eca93d9bd1eea70634211bd0.php 第 36 行.
NOTIC: [8] Undefined variable: like /www/web/qiuxx/public_html/Application/Runtime/Cache/Api/30aa4fd9eca93d9bd1eea70634211bd0.php 第 57 行.
NOTIC: [8] Undefined index: isLogin /www/web/qiuxx/public_html/Application/Runtime/Cache/Api/30aa4fd9eca93d9bd1eea70634211bd0.php 第 62 行.
NOTIC: [8] Undefined index: isLogin /www/web/qiuxx/public_html/Application/Runtime/Cache/Api/30aa4fd9eca93d9bd1eea70634211bd0.php 第 76 行.
NOTIC: [8] Undefined index: cid /www/web/qiuxx/public_html/Application/Runtime/Cache/Api/30aa4fd9eca93d9bd1eea70634211bd0.php 第 80 行.
NOTIC: [8] Undefined index: cid /www/web/qiuxx/public_html/Application/Runtime/Cache/Api/30aa4fd9eca93d9bd1eea70634211bd0.php 第 86 行.
NOTIC: [8] Undefined index: isLogin /www/web/qiuxx/public_html/Application/Runtime/Cache/Api/30aa4fd9eca93d9bd1eea70634211bd0.php 第 76 行.
NOTIC: [8] Undefined index: cid /www/web/qiuxx/public_html/Application/Runtime/Cache/Api/30aa4fd9eca93d9bd1eea70634211bd0.php 第 80 行.
NOTIC: [8] Undefined index: cid /www/web/qiuxx/public_html/Application/Runtime/Cache/Api/30aa4fd9eca93d9bd1eea70634211bd0.php 第 86 行.
NOTIC: [8] Undefined index: isLogin /www/web/qiuxx/public_html/Application/Runtime/Cache/Api/30aa4fd9eca93d9bd1eea70634211bd0.php 第 108 行.
INFO: Run Behavior\ParseTemplateBehavior [ RunTime:0.017872s ]
INFO: [ view_parse ] --END-- [ RunTime:0.017932s ]
INFO: [ view_filter ] --START--
INFO: Run Behavior\WriteHtmlCacheBehavior [ RunTime:0.000281s ]
INFO: [ view_filter ] --END-- [ RunTime:0.000346s ]
INFO: [ app_end ] --START--
INFO: Run Behavior\ShowPageTraceBehavior [ RunTime:0.000702s ]
INFO: [ app_end ] --END-- [ RunTime:0.000768s ]

[ 2016-07-14T13:22:46+08:00 ] 113.91.165.143 /api.php/Login/loginAction.html
INFO: [ app_init ] --START--
INFO: Run Behavior\BuildLiteBehavior [ RunTime:0.000012s ]
INFO: [ app_init ] --END-- [ RunTime:0.000298s ]
INFO: [ app_begin ] --START--
INFO: Run Behavior\ReadHtmlCacheBehavior [ RunTime:0.000367s ]
INFO: [ app_begin ] --END-- [ RunTime:0.000406s ]
SQL: SHOW COLUMNS FROM `api_category` [ RunTime:0.0006s ]
SQL: SELECT * FROM `api_category` WHERE `status` = 1 ORDER BY rank desc  [ RunTime:0.0001s ]
SQL: SHOW COLUMNS FROM `api_interface` [ RunTime:0.0008s ]
SQL: SELECT * FROM `api_interface` WHERE `cid` = 1 AND `status` = 1 ORDER BY create_time  [ RunTime:0.0002s ]
SQL: SELECT * FROM `api_interface` WHERE `cid` = 2 AND `status` = 1 ORDER BY create_time  [ RunTime:0.0001s ]
NOTIC: [2] Missing argument 3 for encryptDecrypt(), called in /www/web/qiuxx/public_html/Application/Api/Controller/LoginController.class.php on line 43 and defined /www/web/qiuxx/public_html/Application/Api/Common/function.php 第 56 行.
NOTIC: [8] Undefined variable: decrypt /www/web/qiuxx/public_html/Application/Api/Common/function.php 第 57 行.
SQL: SHOW COLUMNS FROM `api_account` [ RunTime:0.0004s ]
SQL: SELECT * FROM `api_account` WHERE `account` = 'admin' AND `password` = 'lwY39+2V4Eyqg31yUPFiLZpDBTr3wgTUKEgzy3N0ldI=' LIMIT 1   [ RunTime:0.0001s ]

[ 2016-07-14T13:22:46+08:00 ] 113.91.165.143 /api.php/Index/index.html
INFO: [ app_init ] --START--
INFO: Run Behavior\BuildLiteBehavior [ RunTime:0.000012s ]
INFO: [ app_init ] --END-- [ RunTime:0.000299s ]
INFO: [ app_begin ] --START--
INFO: Run Behavior\ReadHtmlCacheBehavior [ RunTime:0.000341s ]
INFO: [ app_begin ] --END-- [ RunTime:0.000456s ]
SQL: SHOW COLUMNS FROM `api_category` [ RunTime:0.0005s ]
SQL: SELECT * FROM `api_category` WHERE `status` = 1 ORDER BY rank desc  [ RunTime:0.0001s ]
SQL: SHOW COLUMNS FROM `api_interface` [ RunTime:0.0005s ]
SQL: SELECT * FROM `api_interface` WHERE `cid` = 1 AND `status` = 1 ORDER BY create_time  [ RunTime:0.0001s ]
SQL: SELECT * FROM `api_interface` WHERE `cid` = 2 AND `status` = 1 ORDER BY create_time  [ RunTime:0.0001s ]
INFO: [ view_parse ] --START--
INFO: [ template_filter ] --START--
INFO: Run Behavior\ContentReplaceBehavior [ RunTime:0.000062s ]
INFO: [ template_filter ] --END-- [ RunTime:0.000101s ]
NOTIC: [8] Undefined variable: like /www/web/qiuxx/public_html/Application/Runtime/Cache/Api/51b31191c7d9f8df7ef9291eadae4e42.php 第 57 行.
NOTIC: [8] Undefined index: cid /www/web/qiuxx/public_html/Application/Runtime/Cache/Api/51b31191c7d9f8df7ef9291eadae4e42.php 第 80 行.
NOTIC: [8] Undefined index: cid /www/web/qiuxx/public_html/Application/Runtime/Cache/Api/51b31191c7d9f8df7ef9291eadae4e42.php 第 86 行.
NOTIC: [8] Undefined index: cid /www/web/qiuxx/public_html/Application/Runtime/Cache/Api/51b31191c7d9f8df7ef9291eadae4e42.php 第 80 行.
NOTIC: [8] Undefined index: cid /www/web/qiuxx/public_html/Application/Runtime/Cache/Api/51b31191c7d9f8df7ef9291eadae4e42.php 第 86 行.
INFO: Run Behavior\ParseTemplateBehavior [ RunTime:0.009965s ]
INFO: [ view_parse ] --END-- [ RunTime:0.010002s ]
INFO: [ view_filter ] --START--
INFO: Run Behavior\WriteHtmlCacheBehavior [ RunTime:0.000234s ]
INFO: [ view_filter ] --END-- [ RunTime:0.000268s ]
INFO: [ app_end ] --START--
INFO: Run Behavior\ShowPageTraceBehavior [ RunTime:0.000360s ]
INFO: [ app_end ] --END-- [ RunTime:0.000398s ]

[ 2016-07-14T13:22:51+08:00 ] 113.91.165.143 /api.php/Interface/addInterface/cid/1.html
INFO: [ app_init ] --START--
INFO: Run Behavior\BuildLiteBehavior [ RunTime:0.000012s ]
INFO: [ app_init ] --END-- [ RunTime:0.000264s ]
INFO: [ app_begin ] --START--
INFO: Run Behavior\ReadHtmlCacheBehavior [ RunTime:0.000395s ]
INFO: [ app_begin ] --END-- [ RunTime:0.000435s ]
SQL: SHOW COLUMNS FROM `api_category` [ RunTime:0.0006s ]
SQL: SELECT * FROM `api_category` WHERE `status` = 1 ORDER BY rank desc  [ RunTime:0.0001s ]
SQL: SHOW COLUMNS FROM `api_interface` [ RunTime:0.0004s ]
SQL: SELECT * FROM `api_interface` WHERE `cid` = 1 AND `status` = 1 ORDER BY create_time  [ RunTime:0.0001s ]
SQL: SELECT * FROM `api_interface` WHERE `cid` = 2 AND `status` = 1 ORDER BY create_time  [ RunTime:0.0001s ]
SQL: SELECT `title` FROM `api_category` WHERE `id` = 1 LIMIT 1   [ RunTime:0.0001s ]
SQL: SELECT `interface_code` FROM `api_interface` ORDER BY id desc LIMIT 1   [ RunTime:0.0092s ]
INFO: [ view_parse ] --START--
INFO: [ template_filter ] --START--
INFO: Run Behavior\ContentReplaceBehavior [ RunTime:0.000094s ]
INFO: [ template_filter ] --END-- [ RunTime:0.000138s ]
NOTIC: [8] Undefined variable: like /www/web/qiuxx/public_html/Application/Runtime/Cache/Api/efedd96428e903bf709e684d07e9ee9a.php 第 57 行.
INFO: Run Behavior\ParseTemplateBehavior [ RunTime:0.019561s ]
INFO: [ view_parse ] --END-- [ RunTime:0.019611s ]
INFO: [ view_filter ] --START--
INFO: Run Behavior\WriteHtmlCacheBehavior [ RunTime:0.000166s ]
INFO: [ view_filter ] --END-- [ RunTime:0.000199s ]
INFO: [ app_end ] --START--
INFO: Run Behavior\ShowPageTraceBehavior [ RunTime:0.000396s ]
INFO: [ app_end ] --END-- [ RunTime:0.000436s ]

[ 2016-07-14T13:23:12+08:00 ] 113.91.165.143 /api.php/Interface/interfaceInfo/id/1/cid/1.html
INFO: [ app_init ] --START--
INFO: Run Behavior\BuildLiteBehavior [ RunTime:0.000012s ]
INFO: [ app_init ] --END-- [ RunTime:0.000266s ]
INFO: [ app_begin ] --START--
INFO: Run Behavior\ReadHtmlCacheBehavior [ RunTime:0.000335s ]
INFO: [ app_begin ] --END-- [ RunTime:0.000375s ]
SQL: SHOW COLUMNS FROM `api_category` [ RunTime:0.0005s ]
SQL: SELECT * FROM `api_category` WHERE `status` = 1 ORDER BY rank desc  [ RunTime:0.0001s ]
SQL: SHOW COLUMNS FROM `api_interface` [ RunTime:0.0004s ]
SQL: SELECT * FROM `api_interface` WHERE `cid` = 1 AND `status` = 1 ORDER BY create_time  [ RunTime:0.0001s ]
SQL: SELECT * FROM `api_interface` WHERE `cid` = 2 AND `status` = 1 ORDER BY create_time  [ RunTime:0.0001s ]
SQL: SELECT * FROM `api_interface` WHERE `id` = 1 LIMIT 1   [ RunTime:0.0001s ]
SQL: SELECT `title` FROM `api_category` WHERE `id` = 1 LIMIT 1   [ RunTime:0.0001s ]
SQL: SHOW COLUMNS FROM `api_parameter` [ RunTime:0.0003s ]
SQL: SELECT * FROM `api_parameter` WHERE `iid` = 1 ORDER BY param_rank desc  [ RunTime:0.0001s ]
SQL: SHOW COLUMNS FROM `api_return` [ RunTime:0.0003s ]
SQL: SELECT * FROM `api_return` WHERE `iid` IN ('0','1') ORDER BY return_rank desc  [ RunTime:0.0001s ]
INFO: [ view_parse ] --START--
INFO: [ template_filter ] --START--
INFO: Run Behavior\ContentReplaceBehavior [ RunTime:0.000077s ]
INFO: [ template_filter ] --END-- [ RunTime:0.000116s ]
NOTIC: [8] Undefined variable: like /www/web/qiuxx/public_html/Application/Runtime/Cache/Api/976ac8c36f4a7bda0f4bb816ad2dfdac.php 第 57 行.
INFO: Run Behavior\ParseTemplateBehavior [ RunTime:0.012811s ]
INFO: [ view_parse ] --END-- [ RunTime:0.012847s ]
INFO: [ view_filter ] --START--
INFO: Run Behavior\WriteHtmlCacheBehavior [ RunTime:0.000152s ]
INFO: [ view_filter ] --END-- [ RunTime:0.000184s ]
INFO: [ app_end ] --START--
INFO: Run Behavior\ShowPageTraceBehavior [ RunTime:0.000342s ]
INFO: [ app_end ] --END-- [ RunTime:0.000380s ]

[ 2016-07-14T13:23:21+08:00 ] 113.91.165.143 /api.php/Interface/interfaceInfo/id/2/cid/1.html
INFO: [ app_init ] --START--
INFO: Run Behavior\BuildLiteBehavior [ RunTime:0.000012s ]
INFO: [ app_init ] --END-- [ RunTime:0.000280s ]
INFO: [ app_begin ] --START--
INFO: Run Behavior\ReadHtmlCacheBehavior [ RunTime:0.000344s ]
INFO: [ app_begin ] --END-- [ RunTime:0.000384s ]
SQL: SHOW COLUMNS FROM `api_category` [ RunTime:0.0005s ]
SQL: SELECT * FROM `api_category` WHERE `status` = 1 ORDER BY rank desc  [ RunTime:0.0001s ]
SQL: SHOW COLUMNS FROM `api_interface` [ RunTime:0.0004s ]
SQL: SELECT * FROM `api_interface` WHERE `cid` = 1 AND `status` = 1 ORDER BY create_time  [ RunTime:0.0001s ]
SQL: SELECT * FROM `api_interface` WHERE `cid` = 2 AND `status` = 1 ORDER BY create_time  [ RunTime:0.0001s ]
SQL: SELECT * FROM `api_interface` WHERE `id` = 2 LIMIT 1   [ RunTime:0.0001s ]
SQL: SELECT `title` FROM `api_category` WHERE `id` = 1 LIMIT 1   [ RunTime:0.0001s ]
SQL: SHOW COLUMNS FROM `api_parameter` [ RunTime:0.0003s ]
SQL: SELECT * FROM `api_parameter` WHERE `iid` = 2 ORDER BY param_rank desc  [ RunTime:0.0001s ]
SQL: SHOW COLUMNS FROM `api_return` [ RunTime:0.0003s ]
SQL: SELECT * FROM `api_return` WHERE `iid` IN ('0','2') ORDER BY return_rank desc  [ RunTime:0.0001s ]
INFO: [ view_parse ] --START--
INFO: [ template_filter ] --START--
INFO: Run Behavior\ContentReplaceBehavior [ RunTime:0.000077s ]
INFO: [ template_filter ] --END-- [ RunTime:0.000115s ]
NOTIC: [8] Undefined variable: like /www/web/qiuxx/public_html/Application/Runtime/Cache/Api/976ac8c36f4a7bda0f4bb816ad2dfdac.php 第 57 行.
INFO: Run Behavior\ParseTemplateBehavior [ RunTime:0.012614s ]
INFO: [ view_parse ] --END-- [ RunTime:0.012650s ]
INFO: [ view_filter ] --START--
INFO: Run Behavior\WriteHtmlCacheBehavior [ RunTime:0.000151s ]
INFO: [ view_filter ] --END-- [ RunTime:0.000184s ]
INFO: [ app_end ] --START--
INFO: Run Behavior\ShowPageTraceBehavior [ RunTime:0.000351s ]
INFO: [ app_end ] --END-- [ RunTime:0.000389s ]

[ 2016-07-14T13:24:20+08:00 ] 113.91.165.143 /api.php/Interface/addInterfaceAction.html
INFO: [ app_init ] --START--
INFO: Run Behavior\BuildLiteBehavior [ RunTime:0.000011s ]
INFO: [ app_init ] --END-- [ RunTime:0.000264s ]
INFO: [ app_begin ] --START--
INFO: Run Behavior\ReadHtmlCacheBehavior [ RunTime:0.000339s ]
INFO: [ app_begin ] --END-- [ RunTime:0.000437s ]
SQL: SHOW COLUMNS FROM `api_category` [ RunTime:0.0005s ]
SQL: SELECT * FROM `api_category` WHERE `status` = 1 ORDER BY rank desc  [ RunTime:0.0001s ]
SQL: SHOW COLUMNS FROM `api_interface` [ RunTime:0.0004s ]
SQL: SELECT * FROM `api_interface` WHERE `cid` = 1 AND `status` = 1 ORDER BY create_time  [ RunTime:0.0001s ]
SQL: SELECT * FROM `api_interface` WHERE `cid` = 2 AND `status` = 1 ORDER BY create_time  [ RunTime:0.0001s ]
SQL: SHOW COLUMNS FROM `api_interface` [ RunTime:0.0004s ]
NOTIC: [8] Undefined index: validate /www/web/qiuxx/public_html/ThinkPHP/Library/Think/Model.class.php 第 1185 行.
SQL: INSERT INTO `api_interface` (`cid`,`interface_code`,`interface_name`,`interface_detail`,`return_value`,`interface_url`,`ext`,`create_time`) VALUES ('1','00012','判断手机号码是否存在','','','http://qiuxx.com/qzApi.php/Currency/checkPhone','','2016-07-14 13:24:20') [ RunTime:0.0048s ]
SQL: SHOW COLUMNS FROM `api_parameter` [ RunTime:0.0004s ]
NOTIC: [8] Undefined index: validate /www/web/qiuxx/public_html/ThinkPHP/Library/Think/Model.class.php 第 1185 行.
NOTIC: [8] Undefined index: auto /www/web/qiuxx/public_html/ThinkPHP/Library/Think/Model.class.php 第 1128 行.
SQL: INSERT INTO `api_parameter` (`iid`,`param_name`,`param_detail`,`param_needs`,`param_type`,`param_rank`,`create_time`) VALUES ('12','user_phone','判断手机号码是否存在','1','1','0','2016-07-14 13:24:20') [ RunTime:0.0009s ]

[ 2016-07-14T13:24:20+08:00 ] 113.91.165.143 /api.php/Index/index.html
INFO: [ app_init ] --START--
INFO: Run Behavior\BuildLiteBehavior [ RunTime:0.000012s ]
INFO: [ app_init ] --END-- [ RunTime:0.000263s ]
INFO: [ app_begin ] --START--
INFO: Run Behavior\ReadHtmlCacheBehavior [ RunTime:0.000413s ]
INFO: [ app_begin ] --END-- [ RunTime:0.000452s ]
SQL: SHOW COLUMNS FROM `api_category` [ RunTime:0.0005s ]
SQL: SELECT * FROM `api_category` WHERE `status` = 1 ORDER BY rank desc  [ RunTime:0.0001s ]
SQL: SHOW COLUMNS FROM `api_interface` [ RunTime:0.0004s ]
SQL: SELECT * FROM `api_interface` WHERE `cid` = 1 AND `status` = 1 ORDER BY create_time  [ RunTime:0.0007s ]
SQL: SELECT * FROM `api_interface` WHERE `cid` = 2 AND `status` = 1 ORDER BY create_time  [ RunTime:0.0002s ]
INFO: [ view_parse ] --START--
INFO: [ template_filter ] --START--
INFO: Run Behavior\ContentReplaceBehavior [ RunTime:0.000069s ]
INFO: [ template_filter ] --END-- [ RunTime:0.000110s ]
NOTIC: [8] Undefined variable: like /www/web/qiuxx/public_html/Application/Runtime/Cache/Api/51b31191c7d9f8df7ef9291eadae4e42.php 第 57 行.
NOTIC: [8] Undefined index: cid /www/web/qiuxx/public_html/Application/Runtime/Cache/Api/51b31191c7d9f8df7ef9291eadae4e42.php 第 80 行.
NOTIC: [8] Undefined index: cid /www/web/qiuxx/public_html/Application/Runtime/Cache/Api/51b31191c7d9f8df7ef9291eadae4e42.php 第 86 行.
NOTIC: [8] Undefined index: cid /www/web/qiuxx/public_html/Application/Runtime/Cache/Api/51b31191c7d9f8df7ef9291eadae4e42.php 第 80 行.
NOTIC: [8] Undefined index: cid /www/web/qiuxx/public_html/Application/Runtime/Cache/Api/51b31191c7d9f8df7ef9291eadae4e42.php 第 86 行.
INFO: Run Behavior\ParseTemplateBehavior [ RunTime:0.009863s ]
INFO: [ view_parse ] --END-- [ RunTime:0.009900s ]
INFO: [ view_filter ] --START--
INFO: Run Behavior\WriteHtmlCacheBehavior [ RunTime:0.000170s ]
INFO: [ view_filter ] --END-- [ RunTime:0.000203s ]
INFO: [ app_end ] --START--
INFO: Run Behavior\ShowPageTraceBehavior [ RunTime:0.000357s ]
INFO: [ app_end ] --END-- [ RunTime:0.000397s ]

[ 2016-07-14T13:24:23+08:00 ] 113.91.165.143 /api.php/Interface/interfaceInfo/id/12/cid/1.html
INFO: [ app_init ] --START--
INFO: Run Behavior\BuildLiteBehavior [ RunTime:0.000012s ]
INFO: [ app_init ] --END-- [ RunTime:0.000341s ]
INFO: [ app_begin ] --START--
INFO: Run Behavior\ReadHtmlCacheBehavior [ RunTime:0.000471s ]
INFO: [ app_begin ] --END-- [ RunTime:0.000519s ]
SQL: SHOW COLUMNS FROM `api_category` [ RunTime:0.0005s ]
SQL: SELECT * FROM `api_category` WHERE `status` = 1 ORDER BY rank desc  [ RunTime:0.0001s ]
SQL: SHOW COLUMNS FROM `api_interface` [ RunTime:0.0004s ]
SQL: SELECT * FROM `api_interface` WHERE `cid` = 1 AND `status` = 1 ORDER BY create_time  [ RunTime:0.0001s ]
SQL: SELECT * FROM `api_interface` WHERE `cid` = 2 AND `status` = 1 ORDER BY create_time  [ RunTime:0.0001s ]
SQL: SELECT * FROM `api_interface` WHERE `id` = 12 LIMIT 1   [ RunTime:0.0002s ]
SQL: SELECT `title` FROM `api_category` WHERE `id` = 1 LIMIT 1   [ RunTime:0.0001s ]
SQL: SHOW COLUMNS FROM `api_parameter` [ RunTime:0.0004s ]
SQL: SELECT * FROM `api_parameter` WHERE `iid` = 12 ORDER BY param_rank desc  [ RunTime:0.0002s ]
SQL: SHOW COLUMNS FROM `api_return` [ RunTime:0.0004s ]
SQL: SELECT * FROM `api_return` WHERE `iid` IN ('0','12') ORDER BY return_rank desc  [ RunTime:0.0036s ]
INFO: [ view_parse ] --START--
INFO: [ template_filter ] --START--
INFO: Run Behavior\ContentReplaceBehavior [ RunTime:0.000082s ]
INFO: [ template_filter ] --END-- [ RunTime:0.000123s ]
NOTIC: [8] Undefined variable: like /www/web/qiuxx/public_html/Application/Runtime/Cache/Api/976ac8c36f4a7bda0f4bb816ad2dfdac.php 第 57 行.
INFO: Run Behavior\ParseTemplateBehavior [ RunTime:0.013209s ]
INFO: [ view_parse ] --END-- [ RunTime:0.013259s ]
INFO: [ view_filter ] --START--
INFO: Run Behavior\WriteHtmlCacheBehavior [ RunTime:0.000158s ]
INFO: [ view_filter ] --END-- [ RunTime:0.000192s ]
INFO: [ app_end ] --START--
INFO: Run Behavior\ShowPageTraceBehavior [ RunTime:0.000415s ]
INFO: [ app_end ] --END-- [ RunTime:0.000465s ]

[ 2016-07-14T13:24:26+08:00 ] 113.91.165.143 /api.php/Interface/editInterface/id/12/cid/1.html
INFO: [ app_init ] --START--
INFO: Run Behavior\BuildLiteBehavior [ RunTime:0.000012s ]
INFO: [ app_init ] --END-- [ RunTime:0.000282s ]
INFO: [ app_begin ] --START--
INFO: Run Behavior\ReadHtmlCacheBehavior [ RunTime:0.000347s ]
INFO: [ app_begin ] --END-- [ RunTime:0.000387s ]
SQL: SHOW COLUMNS FROM `api_category` [ RunTime:0.0005s ]
SQL: SELECT * FROM `api_category` WHERE `status` = 1 ORDER BY rank desc  [ RunTime:0.0001s ]
SQL: SHOW COLUMNS FROM `api_interface` [ RunTime:0.0004s ]
SQL: SELECT * FROM `api_interface` WHERE `cid` = 1 AND `status` = 1 ORDER BY create_time  [ RunTime:0.0001s ]
SQL: SELECT * FROM `api_interface` WHERE `cid` = 2 AND `status` = 1 ORDER BY create_time  [ RunTime:0.0001s ]
SQL: SELECT * FROM `api_interface` WHERE `id` = 12 LIMIT 1   [ RunTime:0.0001s ]
SQL: SHOW COLUMNS FROM `api_parameter` [ RunTime:0.0004s ]
SQL: SELECT * FROM `api_parameter` WHERE `iid` = 12 ORDER BY param_rank desc  [ RunTime:0.0001s ]
SQL: SHOW COLUMNS FROM `api_return` [ RunTime:0.0003s ]
SQL: SELECT * FROM `api_return` WHERE `iid` IN ('12') ORDER BY return_rank desc  [ RunTime:0.0002s ]
INFO: [ view_parse ] --START--
INFO: [ template_filter ] --START--
INFO: Run Behavior\ContentReplaceBehavior [ RunTime:0.000088s ]
INFO: [ template_filter ] --END-- [ RunTime:0.000127s ]
NOTIC: [8] Undefined variable: like /www/web/qiuxx/public_html/Application/Runtime/Cache/Api/f77d782b9ed33e53a3bd222c072a5fab.php 第 57 行.
INFO: Run Behavior\ParseTemplateBehavior [ RunTime:0.019301s ]
INFO: [ view_parse ] --END-- [ RunTime:0.019355s ]
INFO: [ view_filter ] --START--
INFO: Run Behavior\WriteHtmlCacheBehavior [ RunTime:0.000151s ]
INFO: [ view_filter ] --END-- [ RunTime:0.000184s ]
INFO: [ app_end ] --START--
INFO: Run Behavior\ShowPageTraceBehavior [ RunTime:0.000350s ]
INFO: [ app_end ] --END-- [ RunTime:0.000388s ]

[ 2016-07-14T13:28:05+08:00 ] 113.91.165.143 /api.php/Interface/editInterfaceAction.html
INFO: [ app_init ] --START--
INFO: Run Behavior\BuildLiteBehavior [ RunTime:0.000012s ]
INFO: [ app_init ] --END-- [ RunTime:0.000314s ]
INFO: [ app_begin ] --START--
INFO: Run Behavior\ReadHtmlCacheBehavior [ RunTime:0.000342s ]
INFO: [ app_begin ] --END-- [ RunTime:0.000380s ]
SQL: SHOW COLUMNS FROM `api_category` [ RunTime:0.0005s ]
SQL: SELECT * FROM `api_category` WHERE `status` = 1 ORDER BY rank desc  [ RunTime:0.0001s ]
SQL: SHOW COLUMNS FROM `api_interface` [ RunTime:0.0004s ]
SQL: SELECT * FROM `api_interface` WHERE `cid` = 1 AND `status` = 1 ORDER BY create_time  [ RunTime:0.0001s ]
SQL: SELECT * FROM `api_interface` WHERE `cid` = 2 AND `status` = 1 ORDER BY create_time  [ RunTime:0.0001s ]
SQL: SHOW COLUMNS FROM `api_interface` [ RunTime:0.0004s ]
NOTIC: [8] Undefined index: validate /www/web/qiuxx/public_html/ThinkPHP/Library/Think/Model.class.php 第 1185 行.
SQL: UPDATE `api_interface` SET `interface_code`='00012',`interface_name`='判断手机号码是否存在',`interface_detail`='',`return_value`='{
  &quot;code&quot;: 1,
  &quot;msg&quot;: &quot;可以操作!&quot;
}',`interface_url`='http://qiuxx.com/qzApi.php/Currency/checkPhone',`ext`='',`lastupdate_time`='2016-07-14 13:28:05' WHERE `id` = 12 [ RunTime:0.0002s ]
SQL: SHOW COLUMNS FROM `api_interface` [ RunTime:0.0004s ]
SQL: UPDATE `api_interface` SET `version`=version+1 WHERE `id` = 12 [ RunTime:0.0001s ]
SQL: SHOW COLUMNS FROM `api_parameter` [ RunTime:0.0003s ]
SQL: DELETE FROM `api_parameter` WHERE `iid` = 12 [ RunTime:0.0001s ]
SQL: SHOW COLUMNS FROM `api_parameter` [ RunTime:0.0003s ]
NOTIC: [8] Undefined index: validate /www/web/qiuxx/public_html/ThinkPHP/Library/Think/Model.class.php 第 1185 行.
NOTIC: [8] Undefined index: auto /www/web/qiuxx/public_html/ThinkPHP/Library/Think/Model.class.php 第 1128 行.
SQL: INSERT INTO `api_parameter` (`iid`,`param_name`,`param_detail`,`param_needs`,`param_type`,`param_rank`,`create_time`) VALUES ('12','user_phone','判断手机号码是否存在','1','1','0','2016-07-14 13:28:05') [ RunTime:0.0002s ]
SQL: SHOW COLUMNS FROM `api_return` [ RunTime:0.0003s ]
SQL: DELETE FROM `api_return` WHERE `iid` = 12 [ RunTime:0.0001s ]
SQL: SHOW COLUMNS FROM `api_return` [ RunTime:0.0003s ]
NOTIC: [8] Undefined index: validate /www/web/qiuxx/public_html/ThinkPHP/Library/Think/Model.class.php 第 1185 行.
NOTIC: [8] Undefined index: auto /www/web/qiuxx/public_html/ThinkPHP/Library/Think/Model.class.php 第 1128 行.
SQL: INSERT INTO `api_return` (`iid`,`return_name`,`return_detail`,`return_rank`,`create_time`) VALUES ('12','code','1通过  不等于1验证失败','2','2016-07-14 13:28:05') [ RunTime:0.0079s ]
NOTIC: [8] Undefined index: validate /www/web/qiuxx/public_html/ThinkPHP/Library/Think/Model.class.php 第 1185 行.
NOTIC: [8] Undefined index: auto /www/web/qiuxx/public_html/ThinkPHP/Library/Think/Model.class.php 第 1128 行.
SQL: INSERT INTO `api_return` (`iid`,`return_name`,`return_detail`,`return_rank`,`create_time`) VALUES ('12','msg','返回码说明','1','2016-07-14 13:28:05') [ RunTime:0.0001s ]

[ 2016-07-14T13:28:05+08:00 ] 113.91.165.143 /api.php/Interface/interfaceInfo/id/12/cid/1.html
INFO: [ app_init ] --START--
INFO: Run Behavior\BuildLiteBehavior [ RunTime:0.000012s ]
INFO: [ app_init ] --END-- [ RunTime:0.000292s ]
INFO: [ app_begin ] --START--
INFO: Run Behavior\ReadHtmlCacheBehavior [ RunTime:0.000337s ]
INFO: [ app_begin ] --END-- [ RunTime:0.000377s ]
SQL: SHOW COLUMNS FROM `api_category` [ RunTime:0.0005s ]
SQL: SELECT * FROM `api_category` WHERE `status` = 1 ORDER BY rank desc  [ RunTime:0.0001s ]
SQL: SHOW COLUMNS FROM `api_interface` [ RunTime:0.0004s ]
SQL: SELECT * FROM `api_interface` WHERE `cid` = 1 AND `status` = 1 ORDER BY create_time  [ RunTime:0.0003s ]
SQL: SELECT * FROM `api_interface` WHERE `cid` = 2 AND `status` = 1 ORDER BY create_time  [ RunTime:0.0002s ]
SQL: SELECT * FROM `api_interface` WHERE `id` = 12 LIMIT 1   [ RunTime:0.0002s ]
SQL: SELECT `title` FROM `api_category` WHERE `id` = 1 LIMIT 1   [ RunTime:0.0001s ]
SQL: SHOW COLUMNS FROM `api_parameter` [ RunTime:0.0004s ]
SQL: SELECT * FROM `api_parameter` WHERE `iid` = 12 ORDER BY param_rank desc  [ RunTime:0.0002s ]
SQL: SHOW COLUMNS FROM `api_return` [ RunTime:0.0003s ]
SQL: SELECT * FROM `api_return` WHERE `iid` IN ('0','12') ORDER BY return_rank desc  [ RunTime:0.0002s ]
INFO: [ view_parse ] --START--
INFO: [ template_filter ] --START--
INFO: Run Behavior\ContentReplaceBehavior [ RunTime:0.000078s ]
INFO: [ template_filter ] --END-- [ RunTime:0.000117s ]
NOTIC: [8] Undefined variable: like /www/web/qiuxx/public_html/Application/Runtime/Cache/Api/976ac8c36f4a7bda0f4bb816ad2dfdac.php 第 57 行.
INFO: Run Behavior\ParseTemplateBehavior [ RunTime:0.012775s ]
INFO: [ view_parse ] --END-- [ RunTime:0.012813s ]
INFO: [ view_filter ] --START--
INFO: Run Behavior\WriteHtmlCacheBehavior [ RunTime:0.000154s ]
INFO: [ view_filter ] --END-- [ RunTime:0.000187s ]
INFO: [ app_end ] --START--
INFO: Run Behavior\ShowPageTraceBehavior [ RunTime:0.000371s ]
INFO: [ app_end ] --END-- [ RunTime:0.000410s ]

[ 2016-07-14T13:31:17+08:00 ] 113.91.165.143 /api.php/Interface/interfaceInfo/id/1/cid/1.html
INFO: [ app_init ] --START--
INFO: Run Behavior\BuildLiteBehavior [ RunTime:0.000013s ]
INFO: [ app_init ] --END-- [ RunTime:0.000284s ]
INFO: [ app_begin ] --START--
INFO: Run Behavior\ReadHtmlCacheBehavior [ RunTime:0.000362s ]
INFO: [ app_begin ] --END-- [ RunTime:0.000425s ]
SQL: SHOW COLUMNS FROM `api_category` [ RunTime:0.0006s ]
SQL: SELECT * FROM `api_category` WHERE `status` = 1 ORDER BY rank desc  [ RunTime:0.0001s ]
SQL: SHOW COLUMNS FROM `api_interface` [ RunTime:0.0004s ]
SQL: SELECT * FROM `api_interface` WHERE `cid` = 1 AND `status` = 1 ORDER BY create_time  [ RunTime:0.0001s ]
SQL: SELECT * FROM `api_interface` WHERE `cid` = 2 AND `status` = 1 ORDER BY create_time  [ RunTime:0.0001s ]
SQL: SELECT * FROM `api_interface` WHERE `id` = 1 LIMIT 1   [ RunTime:0.0002s ]
SQL: SELECT `title` FROM `api_category` WHERE `id` = 1 LIMIT 1   [ RunTime:0.0001s ]
SQL: SHOW COLUMNS FROM `api_parameter` [ RunTime:0.0004s ]
SQL: SELECT * FROM `api_parameter` WHERE `iid` = 1 ORDER BY param_rank desc  [ RunTime:0.0002s ]
SQL: SHOW COLUMNS FROM `api_return` [ RunTime:0.0003s ]
SQL: SELECT * FROM `api_return` WHERE `iid` IN ('0','1') ORDER BY return_rank desc  [ RunTime:0.0002s ]
INFO: [ view_parse ] --START--
INFO: [ template_filter ] --START--
INFO: Run Behavior\ContentReplaceBehavior [ RunTime:0.000110s ]
INFO: [ template_filter ] --END-- [ RunTime:0.000170s ]
NOTIC: [8] Undefined variable: like /www/web/qiuxx/public_html/Application/Runtime/Cache/Api/976ac8c36f4a7bda0f4bb816ad2dfdac.php 第 57 行.
INFO: Run Behavior\ParseTemplateBehavior [ RunTime:0.013819s ]
INFO: [ view_parse ] --END-- [ RunTime:0.013876s ]
INFO: [ view_filter ] --START--
INFO: Run Behavior\WriteHtmlCacheBehavior [ RunTime:0.000170s ]
INFO: [ view_filter ] --END-- [ RunTime:0.000203s ]
INFO: [ app_end ] --START--
INFO: Run Behavior\ShowPageTraceBehavior [ RunTime:0.000396s ]
INFO: [ app_end ] --END-- [ RunTime:0.000446s ]

[ 2016-07-14T13:36:00+08:00 ] 183.49.142.5 /api.php/Interface/interfaceInfo/id/1/cid/1.html
INFO: [ app_init ] --START--
INFO: Run Behavior\BuildLiteBehavior [ RunTime:0.000013s ]
INFO: [ app_init ] --END-- [ RunTime:0.000305s ]
INFO: [ app_begin ] --START--
INFO: Run Behavior\ReadHtmlCacheBehavior [ RunTime:0.000416s ]
INFO: [ app_begin ] --END-- [ RunTime:0.000467s ]
SQL: SHOW COLUMNS FROM `api_category` [ RunTime:0.0005s ]
SQL: SELECT * FROM `api_category` WHERE `status` = 1 ORDER BY rank desc  [ RunTime:0.0001s ]
SQL: SHOW COLUMNS FROM `api_interface` [ RunTime:0.0004s ]
SQL: SELECT * FROM `api_interface` WHERE `cid` = 1 AND `status` = 1 ORDER BY create_time  [ RunTime:0.0002s ]
SQL: SELECT * FROM `api_interface` WHERE `cid` = 2 AND `status` = 1 ORDER BY create_time  [ RunTime:0.0001s ]
SQL: SELECT * FROM `api_interface` WHERE `id` = 1 LIMIT 1   [ RunTime:0.0001s ]
SQL: SELECT `title` FROM `api_category` WHERE `id` = 1 LIMIT 1   [ RunTime:0.0001s ]
SQL: SHOW COLUMNS FROM `api_parameter` [ RunTime:0.0004s ]
SQL: SELECT * FROM `api_parameter` WHERE `iid` = 1 ORDER BY param_rank desc  [ RunTime:0.0001s ]
SQL: SHOW COLUMNS FROM `api_return` [ RunTime:0.0003s ]
SQL: SELECT * FROM `api_return` WHERE `iid` IN ('0','1') ORDER BY return_rank desc  [ RunTime:0.0001s ]
INFO: [ view_parse ] --START--
INFO: [ template_filter ] --START--
INFO: Run Behavior\ContentReplaceBehavior [ RunTime:0.000081s ]
INFO: [ template_filter ] --END-- [ RunTime:0.000120s ]
NOTIC: [8] Undefined index: isLogin /www/web/qiuxx/public_html/Application/Runtime/Cache/Api/976ac8c36f4a7bda0f4bb816ad2dfdac.php 第 36 行.
NOTIC: [8] Undefined variable: like /www/web/qiuxx/public_html/Application/Runtime/Cache/Api/976ac8c36f4a7bda0f4bb816ad2dfdac.php 第 57 行.
NOTIC: [8] Undefined index: isLogin /www/web/qiuxx/public_html/Application/Runtime/Cache/Api/976ac8c36f4a7bda0f4bb816ad2dfdac.php 第 62 行.
NOTIC: [8] Undefined index: isLogin /www/web/qiuxx/public_html/Application/Runtime/Cache/Api/976ac8c36f4a7bda0f4bb816ad2dfdac.php 第 76 行.
NOTIC: [8] Undefined index: isLogin /www/web/qiuxx/public_html/Application/Runtime/Cache/Api/976ac8c36f4a7bda0f4bb816ad2dfdac.php 第 76 行.
NOTIC: [8] Undefined index: isLogin /www/web/qiuxx/public_html/Application/Runtime/Cache/Api/976ac8c36f4a7bda0f4bb816ad2dfdac.php 第 108 行.
NOTIC: [8] Undefined index: isLogin /www/web/qiuxx/public_html/Application/Runtime/Cache/Api/976ac8c36f4a7bda0f4bb816ad2dfdac.php 第 121 行.
INFO: Run Behavior\ParseTemplateBehavior [ RunTime:0.013073s ]
INFO: [ view_parse ] --END-- [ RunTime:0.013119s ]
INFO: [ view_filter ] --START--
INFO: Run Behavior\WriteHtmlCacheBehavior [ RunTime:0.000163s ]
INFO: [ view_filter ] --END-- [ RunTime:0.000196s ]
INFO: [ app_end ] --START--
INFO: Run Behavior\ShowPageTraceBehavior [ RunTime:0.000358s ]
INFO: [ app_end ] --END-- [ RunTime:0.000395s ]

[ 2016-07-14T13:50:30+08:00 ] 113.91.165.143 /api.php/Interface/editInterface/id/1/cid/1.html
INFO: [ app_init ] --START--
INFO: Run Behavior\BuildLiteBehavior [ RunTime:0.000017s ]
INFO: [ app_init ] --END-- [ RunTime:0.000447s ]
INFO: [ app_begin ] --START--
INFO: Run Behavior\ReadHtmlCacheBehavior [ RunTime:0.000558s ]
INFO: [ app_begin ] --END-- [ RunTime:0.000619s ]
SQL: SHOW COLUMNS FROM `api_category` [ RunTime:0.0006s ]
SQL: SELECT * FROM `api_category` WHERE `status` = 1 ORDER BY rank desc  [ RunTime:0.0001s ]
SQL: SHOW COLUMNS FROM `api_interface` [ RunTime:0.0004s ]
SQL: SELECT * FROM `api_interface` WHERE `cid` = 1 AND `status` = 1 ORDER BY create_time  [ RunTime:0.0001s ]
SQL: SELECT * FROM `api_interface` WHERE `cid` = 2 AND `status` = 1 ORDER BY create_time  [ RunTime:0.0001s ]
SQL: SELECT * FROM `api_interface` WHERE `id` = 1 LIMIT 1   [ RunTime:0.0001s ]
SQL: SHOW COLUMNS FROM `api_parameter` [ RunTime:0.0004s ]
SQL: SELECT * FROM `api_parameter` WHERE `iid` = 1 ORDER BY param_rank desc  [ RunTime:0.0001s ]
SQL: SHOW COLUMNS FROM `api_return` [ RunTime:0.0004s ]
SQL: SELECT * FROM `api_return` WHERE `iid` IN ('1') ORDER BY return_rank desc  [ RunTime:0.0002s ]
INFO: [ view_parse ] --START--
INFO: [ template_filter ] --START--
INFO: Run Behavior\ContentReplaceBehavior [ RunTime:0.000099s ]
INFO: [ template_filter ] --END-- [ RunTime:0.000149s ]
NOTIC: [8] Undefined variable: like /www/web/qiuxx/public_html/Application/Runtime/Cache/Api/f77d782b9ed33e53a3bd222c072a5fab.php 第 57 行.
INFO: Run Behavior\ParseTemplateBehavior [ RunTime:0.014812s ]
INFO: [ view_parse ] --END-- [ RunTime:0.014853s ]
INFO: [ view_filter ] --START--
INFO: Run Behavior\WriteHtmlCacheBehavior [ RunTime:0.000165s ]
INFO: [ view_filter ] --END-- [ RunTime:0.000198s ]
INFO: [ app_end ] --START--
INFO: Run Behavior\ShowPageTraceBehavior [ RunTime:0.000389s ]
INFO: [ app_end ] --END-- [ RunTime:0.000430s ]

[ 2016-07-14T13:51:38+08:00 ] 113.91.165.143 /api.php/Interface/editInterfaceAction.html
INFO: [ app_init ] --START--
INFO: Run Behavior\BuildLiteBehavior [ RunTime:0.000012s ]
INFO: [ app_init ] --END-- [ RunTime:0.000288s ]
INFO: [ app_begin ] --START--
INFO: Run Behavior\ReadHtmlCacheBehavior [ RunTime:0.000381s ]
INFO: [ app_begin ] --END-- [ RunTime:0.000420s ]
SQL: SHOW COLUMNS FROM `api_category` [ RunTime:0.0006s ]
SQL: SELECT * FROM `api_category` WHERE `status` = 1 ORDER BY rank desc  [ RunTime:0.0001s ]
SQL: SHOW COLUMNS FROM `api_interface` [ RunTime:0.0004s ]
SQL: SELECT * FROM `api_interface` WHERE `cid` = 1 AND `status` = 1 ORDER BY create_time  [ RunTime:0.0001s ]
SQL: SELECT * FROM `api_interface` WHERE `cid` = 2 AND `status` = 1 ORDER BY create_time  [ RunTime:0.0001s ]
SQL: SHOW COLUMNS FROM `api_interface` [ RunTime:0.0004s ]
NOTIC: [8] Undefined index: validate /www/web/qiuxx/public_html/ThinkPHP/Library/Think/Model.class.php 第 1185 行.
SQL: UPDATE `api_interface` SET `interface_code`='0001',`interface_name`='用户注册',`interface_detail`='',`return_value`='{
    &quot;msg&quot; : &quot;注册成功&quot;,
    &quot;code&quot; : 1,
    &quot;data&quot; : {
        &quot;number&quot; : 100007
    }
}',`interface_url`='http://qiuxx.com/qzApi.php/UserInfo/reg',`ext`='',`lastupdate_time`='2016-07-14 13:51:38' WHERE `id` = 1 [ RunTime:0.0002s ]
SQL: SHOW COLUMNS FROM `api_interface` [ RunTime:0.0004s ]
SQL: UPDATE `api_interface` SET `version`=version+1 WHERE `id` = 1 [ RunTime:0.0002s ]
SQL: SHOW COLUMNS FROM `api_parameter` [ RunTime:0.0004s ]
SQL: DELETE FROM `api_parameter` WHERE `iid` = 1 [ RunTime:0.0002s ]
SQL: SHOW COLUMNS FROM `api_parameter` [ RunTime:0.0004s ]
NOTIC: [8] Undefined index: validate /www/web/qiuxx/public_html/ThinkPHP/Library/Think/Model.class.php 第 1185 行.
NOTIC: [8] Undefined index: auto /www/web/qiuxx/public_html/ThinkPHP/Library/Think/Model.class.php 第 1128 行.
SQL: INSERT INTO `api_parameter` (`iid`,`param_name`,`param_detail`,`param_needs`,`param_type`,`param_rank`,`create_time`) VALUES ('1','user_phone','手机号码','1','1','9','2016-07-14 13:51:38') [ RunTime:0.0002s ]
NOTIC: [8] Undefined index: validate /www/web/qiuxx/public_html/ThinkPHP/Library/Think/Model.class.php 第 1185 行.
NOTIC: [8] Undefined index: auto /www/web/qiuxx/public_html/ThinkPHP/Library/Think/Model.class.php 第 1128 行.
SQL: INSERT INTO `api_parameter` (`iid`,`param_name`,`param_detail`,`param_needs`,`param_type`,`param_rank`,`create_time`) VALUES ('1','user_name','用户名称','1','1','8','2016-07-14 13:51:38') [ RunTime:0.0001s ]
NOTIC: [8] Undefined index: validate /www/web/qiuxx/public_html/ThinkPHP/Library/Think/Model.class.php 第 1185 行.
NOTIC: [8] Undefined index: auto /www/web/qiuxx/public_html/ThinkPHP/Library/Think/Model.class.php 第 1128 行.
SQL: INSERT INTO `api_parameter` (`iid`,`param_name`,`param_detail`,`param_needs`,`param_type`,`param_rank`,`create_time`) VALUES ('1','user_birthday','用户生日 （时间戳）','1','1','7','2016-07-14 13:51:38') [ RunTime:0.0001s ]
NOTIC: [8] Undefined index: validate /www/web/qiuxx/public_html/ThinkPHP/Library/Think/Model.class.php 第 1185 行.
NOTIC: [8] Undefined index: auto /www/web/qiuxx/public_html/ThinkPHP/Library/Think/Model.class.php 第 1128 行.
SQL: INSERT INTO `api_parameter` (`iid`,`param_name`,`param_detail`,`param_needs`,`param_type`,`param_rank`,`create_time`) VALUES ('1','user_address','用户地址','2','1','1','2016-07-14 13:51:38') [ RunTime:0.0001s ]
NOTIC: [8] Undefined index: validate /www/web/qiuxx/public_html/ThinkPHP/Library/Think/Model.class.php 第 1185 行.
NOTIC: [8] Undefined index: auto /www/web/qiuxx/public_html/ThinkPHP/Library/Think/Model.class.php 第 1128 行.
SQL: INSERT INTO `api_parameter` (`iid`,`param_name`,`param_detail`,`param_needs`,`param_type`,`param_rank`,`create_time`) VALUES ('1','user_sex','用户性别 1男 2女','1','1','5','2016-07-14 13:51:38') [ RunTime:0.0001s ]
NOTIC: [8] Undefined index: validate /www/web/qiuxx/public_html/ThinkPHP/Library/Think/Model.class.php 第 1185 行.
NOTIC: [8] Undefined index: auto /www/web/qiuxx/public_html/ThinkPHP/Library/Think/Model.class.php 第 1128 行.
SQL: INSERT INTO `api_parameter` (`iid`,`param_name`,`param_detail`,`param_needs`,`param_type`,`param_rank`,`create_time`) VALUES ('1','user_password','用户密码','1','1','4','2016-07-14 13:51:38') [ RunTime:0.0001s ]
NOTIC: [8] Undefined index: validate /www/web/qiuxx/public_html/ThinkPHP/Library/Think/Model.class.php 第 1185 行.
NOTIC: [8] Undefined index: auto /www/web/qiuxx/public_html/ThinkPHP/Library/Think/Model.class.php 第 1128 行.
SQL: INSERT INTO `api_parameter` (`iid`,`param_name`,`param_detail`,`param_needs`,`param_type`,`param_rank`,`create_time`) VALUES ('1','verify','验证码','1','1','3','2016-07-14 13:51:38') [ RunTime:0.0001s ]
NOTIC: [8] Undefined index: validate /www/web/qiuxx/public_html/ThinkPHP/Library/Think/Model.class.php 第 1185 行.
NOTIC: [8] Undefined index: auto /www/web/qiuxx/public_html/ThinkPHP/Library/Think/Model.class.php 第 1128 行.
SQL: INSERT INTO `api_parameter` (`iid`,`param_name`,`param_detail`,`param_needs`,`param_type`,`param_rank`,`create_time`) VALUES ('1','img_id','头像ID','2','1','2','2016-07-14 13:51:38') [ RunTime:0.0001s ]
NOTIC: [8] Undefined index: validate /www/web/qiuxx/public_html/ThinkPHP/Library/Think/Model.class.php 第 1185 行.
NOTIC: [8] Undefined index: auto /www/web/qiuxx/public_html/ThinkPHP/Library/Think/Model.class.php 第 1128 行.
SQL: INSERT INTO `api_parameter` (`iid`,`param_name`,`param_detail`,`param_needs`,`param_type`,`param_rank`,`create_time`) VALUES ('1','x','纬度','1','1','2','2016-07-14 13:51:38') [ RunTime:0.0001s ]
NOTIC: [8] Undefined index: validate /www/web/qiuxx/public_html/ThinkPHP/Library/Think/Model.class.php 第 1185 行.
NOTIC: [8] Undefined index: auto /www/web/qiuxx/public_html/ThinkPHP/Library/Think/Model.class.php 第 1128 行.
SQL: INSERT INTO `api_parameter` (`iid`,`param_name`,`param_detail`,`param_needs`,`param_type`,`param_rank`,`create_time`) VALUES ('1','y','经度','1','1','2','2016-07-14 13:51:38') [ RunTime:0.0001s ]
SQL: SHOW COLUMNS FROM `api_return` [ RunTime:0.0004s ]
SQL: DELETE FROM `api_return` WHERE `iid` = 1 [ RunTime:0.0002s ]
SQL: SHOW COLUMNS FROM `api_return` [ RunTime:0.0004s ]
NOTIC: [8] Undefined index: validate /www/web/qiuxx/public_html/ThinkPHP/Library/Think/Model.class.php 第 1185 行.
NOTIC: [8] Undefined index: auto /www/web/qiuxx/public_html/ThinkPHP/Library/Think/Model.class.php 第 1128 行.
SQL: INSERT INTO `api_return` (`iid`,`return_name`,`return_detail`,`return_rank`,`create_time`) VALUES ('1','number','求子号','0','2016-07-14 13:51:38') [ RunTime:0.0001s ]

[ 2016-07-14T13:51:38+08:00 ] 113.91.165.143 /api.php/Interface/interfaceInfo/id/1/cid/1.html
INFO: [ app_init ] --START--
INFO: Run Behavior\BuildLiteBehavior [ RunTime:0.000013s ]
INFO: [ app_init ] --END-- [ RunTime:0.000289s ]
INFO: [ app_begin ] --START--
INFO: Run Behavior\ReadHtmlCacheBehavior [ RunTime:0.000361s ]
INFO: [ app_begin ] --END-- [ RunTime:0.000400s ]
SQL: SHOW COLUMNS FROM `api_category` [ RunTime:0.0006s ]
SQL: SELECT * FROM `api_category` WHERE `status` = 1 ORDER BY rank desc  [ RunTime:0.0001s ]
SQL: SHOW COLUMNS FROM `api_interface` [ RunTime:0.0004s ]
SQL: SELECT * FROM `api_interface` WHERE `cid` = 1 AND `status` = 1 ORDER BY create_time  [ RunTime:0.0003s ]
SQL: SELECT * FROM `api_interface` WHERE `cid` = 2 AND `status` = 1 ORDER BY create_time  [ RunTime:0.0002s ]
SQL: SELECT * FROM `api_interface` WHERE `id` = 1 LIMIT 1   [ RunTime:0.0002s ]
SQL: SELECT `title` FROM `api_category` WHERE `id` = 1 LIMIT 1   [ RunTime:0.0001s ]
SQL: SHOW COLUMNS FROM `api_parameter` [ RunTime:0.0004s ]
SQL: SELECT * FROM `api_parameter` WHERE `iid` = 1 ORDER BY param_rank desc  [ RunTime:0.0002s ]
SQL: SHOW COLUMNS FROM `api_return` [ RunTime:0.0003s ]
SQL: SELECT * FROM `api_return` WHERE `iid` IN ('0','1') ORDER BY return_rank desc  [ RunTime:0.0002s ]
INFO: [ view_parse ] --START--
INFO: [ template_filter ] --START--
INFO: Run Behavior\ContentReplaceBehavior [ RunTime:0.000082s ]
INFO: [ template_filter ] --END-- [ RunTime:0.000121s ]
NOTIC: [8] Undefined variable: like /www/web/qiuxx/public_html/Application/Runtime/Cache/Api/976ac8c36f4a7bda0f4bb816ad2dfdac.php 第 57 行.
INFO: Run Behavior\ParseTemplateBehavior [ RunTime:0.012887s ]
INFO: [ view_parse ] --END-- [ RunTime:0.012931s ]
INFO: [ view_filter ] --START--
INFO: Run Behavior\WriteHtmlCacheBehavior [ RunTime:0.000153s ]
INFO: [ view_filter ] --END-- [ RunTime:0.000185s ]
INFO: [ app_end ] --START--
INFO: Run Behavior\ShowPageTraceBehavior [ RunTime:0.000375s ]
INFO: [ app_end ] --END-- [ RunTime:0.000413s ]

[ 2016-07-14T13:53:24+08:00 ] 183.49.142.5 /api.php/Interface/interfaceInfo/id/1/cid/1.html
INFO: [ app_init ] --START--
INFO: Run Behavior\BuildLiteBehavior [ RunTime:0.000012s ]
INFO: [ app_init ] --END-- [ RunTime:0.000265s ]
INFO: [ app_begin ] --START--
INFO: Run Behavior\ReadHtmlCacheBehavior [ RunTime:0.000429s ]
INFO: [ app_begin ] --END-- [ RunTime:0.000468s ]
SQL: SHOW COLUMNS FROM `api_category` [ RunTime:0.0006s ]
SQL: SELECT * FROM `api_category` WHERE `status` = 1 ORDER BY rank desc  [ RunTime:0.0001s ]
SQL: SHOW COLUMNS FROM `api_interface` [ RunTime:0.0004s ]
SQL: SELECT * FROM `api_interface` WHERE `cid` = 1 AND `status` = 1 ORDER BY create_time  [ RunTime:0.0001s ]
SQL: SELECT * FROM `api_interface` WHERE `cid` = 2 AND `status` = 1 ORDER BY create_time  [ RunTime:0.0001s ]
SQL: SELECT * FROM `api_interface` WHERE `id` = 1 LIMIT 1   [ RunTime:0.0001s ]
SQL: SELECT `title` FROM `api_category` WHERE `id` = 1 LIMIT 1   [ RunTime:0.0001s ]
SQL: SHOW COLUMNS FROM `api_parameter` [ RunTime:0.0004s ]
SQL: SELECT * FROM `api_parameter` WHERE `iid` = 1 ORDER BY param_rank desc  [ RunTime:0.0001s ]
SQL: SHOW COLUMNS FROM `api_return` [ RunTime:0.0004s ]
SQL: SELECT * FROM `api_return` WHERE `iid` IN ('0','1') ORDER BY return_rank desc  [ RunTime:0.0001s ]
INFO: [ view_parse ] --START--
INFO: [ template_filter ] --START--
INFO: Run Behavior\ContentReplaceBehavior [ RunTime:0.000080s ]
INFO: [ template_filter ] --END-- [ RunTime:0.000118s ]
NOTIC: [8] Undefined index: isLogin /www/web/qiuxx/public_html/Application/Runtime/Cache/Api/976ac8c36f4a7bda0f4bb816ad2dfdac.php 第 36 行.
NOTIC: [8] Undefined variable: like /www/web/qiuxx/public_html/Application/Runtime/Cache/Api/976ac8c36f4a7bda0f4bb816ad2dfdac.php 第 57 行.
NOTIC: [8] Undefined index: isLogin /www/web/qiuxx/public_html/Application/Runtime/Cache/Api/976ac8c36f4a7bda0f4bb816ad2dfdac.php 第 62 行.
NOTIC: [8] Undefined index: isLogin /www/web/qiuxx/public_html/Application/Runtime/Cache/Api/976ac8c36f4a7bda0f4bb816ad2dfdac.php 第 76 行.
NOTIC: [8] Undefined index: isLogin /www/web/qiuxx/public_html/Application/Runtime/Cache/Api/976ac8c36f4a7bda0f4bb816ad2dfdac.php 第 76 行.
NOTIC: [8] Undefined index: isLogin /www/web/qiuxx/public_html/Application/Runtime/Cache/Api/976ac8c36f4a7bda0f4bb816ad2dfdac.php 第 108 行.
NOTIC: [8] Undefined index: isLogin /www/web/qiuxx/public_html/Application/Runtime/Cache/Api/976ac8c36f4a7bda0f4bb816ad2dfdac.php 第 121 行.
INFO: Run Behavior\ParseTemplateBehavior [ RunTime:0.013312s ]
INFO: [ view_parse ] --END-- [ RunTime:0.013352s ]
INFO: [ view_filter ] --START--
INFO: Run Behavior\WriteHtmlCacheBehavior [ RunTime:0.000170s ]
INFO: [ view_filter ] --END-- [ RunTime:0.000205s ]
INFO: [ app_end ] --START--
INFO: Run Behavior\ShowPageTraceBehavior [ RunTime:0.000378s ]
INFO: [ app_end ] --END-- [ RunTime:0.000418s ]

[ 2016-07-14T13:53:26+08:00 ] 183.49.142.5 /api.php/Interface/interfaceInfo/id/1/cid/1.html
INFO: [ app_init ] --START--
INFO: Run Behavior\BuildLiteBehavior [ RunTime:0.000013s ]
INFO: [ app_init ] --END-- [ RunTime:0.000280s ]
INFO: [ app_begin ] --START--
INFO: Run Behavior\ReadHtmlCacheBehavior [ RunTime:0.000355s ]
INFO: [ app_begin ] --END-- [ RunTime:0.000393s ]
SQL: SHOW COLUMNS FROM `api_category` [ RunTime:0.0006s ]
SQL: SELECT * FROM `api_category` WHERE `status` = 1 ORDER BY rank desc  [ RunTime:0.0001s ]
SQL: SHOW COLUMNS FROM `api_interface` [ RunTime:0.0004s ]
SQL: SELECT * FROM `api_interface` WHERE `cid` = 1 AND `status` = 1 ORDER BY create_time  [ RunTime:0.0001s ]
SQL: SELECT * FROM `api_interface` WHERE `cid` = 2 AND `status` = 1 ORDER BY create_time  [ RunTime:0.0001s ]
SQL: SELECT * FROM `api_interface` WHERE `id` = 1 LIMIT 1   [ RunTime:0.0001s ]
SQL: SELECT `title` FROM `api_category` WHERE `id` = 1 LIMIT 1   [ RunTime:0.0001s ]
SQL: SHOW COLUMNS FROM `api_parameter` [ RunTime:0.0004s ]
SQL: SELECT * FROM `api_parameter` WHERE `iid` = 1 ORDER BY param_rank desc  [ RunTime:0.0001s ]
SQL: SHOW COLUMNS FROM `api_return` [ RunTime:0.0003s ]
SQL: SELECT * FROM `api_return` WHERE `iid` IN ('0','1') ORDER BY return_rank desc  [ RunTime:0.0001s ]
INFO: [ view_parse ] --START--
INFO: [ template_filter ] --START--
INFO: Run Behavior\ContentReplaceBehavior [ RunTime:0.000081s ]
INFO: [ template_filter ] --END-- [ RunTime:0.000119s ]
NOTIC: [8] Undefined index: isLogin /www/web/qiuxx/public_html/Application/Runtime/Cache/Api/976ac8c36f4a7bda0f4bb816ad2dfdac.php 第 36 行.
NOTIC: [8] Undefined variable: like /www/web/qiuxx/public_html/Application/Runtime/Cache/Api/976ac8c36f4a7bda0f4bb816ad2dfdac.php 第 57 行.
NOTIC: [8] Undefined index: isLogin /www/web/qiuxx/public_html/Application/Runtime/Cache/Api/976ac8c36f4a7bda0f4bb816ad2dfdac.php 第 62 行.
NOTIC: [8] Undefined index: isLogin /www/web/qiuxx/public_html/Application/Runtime/Cache/Api/976ac8c36f4a7bda0f4bb816ad2dfdac.php 第 76 行.
NOTIC: [8] Undefined index: isLogin /www/web/qiuxx/public_html/Application/Runtime/Cache/Api/976ac8c36f4a7bda0f4bb816ad2dfdac.php 第 76 行.
NOTIC: [8] Undefined index: isLogin /www/web/qiuxx/public_html/Application/Runtime/Cache/Api/976ac8c36f4a7bda0f4bb816ad2dfdac.php 第 108 行.
NOTIC: [8] Undefined index: isLogin /www/web/qiuxx/public_html/Application/Runtime/Cache/Api/976ac8c36f4a7bda0f4bb816ad2dfdac.php 第 121 行.
INFO: Run Behavior\ParseTemplateBehavior [ RunTime:0.013080s ]
INFO: [ view_parse ] --END-- [ RunTime:0.013115s ]
INFO: [ view_filter ] --START--
INFO: Run Behavior\WriteHtmlCacheBehavior [ RunTime:0.000154s ]
INFO: [ view_filter ] --END-- [ RunTime:0.000185s ]
INFO: [ app_end ] --START--
INFO: Run Behavior\ShowPageTraceBehavior [ RunTime:0.000346s ]
INFO: [ app_end ] --END-- [ RunTime:0.000385s ]

[ 2016-07-14T14:05:49+08:00 ] 113.91.165.143 /api.php/Interface/interfaceInfo/id/12/cid/1.html
INFO: [ app_init ] --START--
INFO: Run Behavior\BuildLiteBehavior [ RunTime:0.000012s ]
INFO: [ app_init ] --END-- [ RunTime:0.000279s ]
INFO: [ app_begin ] --START--
INFO: Run Behavior\ReadHtmlCacheBehavior [ RunTime:0.000334s ]
INFO: [ app_begin ] --END-- [ RunTime:0.000373s ]
SQL: SHOW COLUMNS FROM `api_category` [ RunTime:0.0006s ]
SQL: SELECT * FROM `api_category` WHERE `status` = 1 ORDER BY rank desc  [ RunTime:0.0001s ]
SQL: SHOW COLUMNS FROM `api_interface` [ RunTime:0.0004s ]
SQL: SELECT * FROM `api_interface` WHERE `cid` = 1 AND `status` = 1 ORDER BY create_time  [ RunTime:0.0001s ]
SQL: SELECT * FROM `api_interface` WHERE `cid` = 2 AND `status` = 1 ORDER BY create_time  [ RunTime:0.0001s ]
SQL: SELECT * FROM `api_interface` WHERE `id` = 12 LIMIT 1   [ RunTime:0.0002s ]
SQL: SELECT `title` FROM `api_category` WHERE `id` = 1 LIMIT 1   [ RunTime:0.0001s ]
SQL: SHOW COLUMNS FROM `api_parameter` [ RunTime:0.0004s ]
SQL: SELECT * FROM `api_parameter` WHERE `iid` = 12 ORDER BY param_rank desc  [ RunTime:0.0002s ]
SQL: SHOW COLUMNS FROM `api_return` [ RunTime:0.0004s ]
SQL: SELECT * FROM `api_return` WHERE `iid` IN ('0','12') ORDER BY return_rank desc  [ RunTime:0.0002s ]
INFO: [ view_parse ] --START--
INFO: [ template_filter ] --START--
INFO: Run Behavior\ContentReplaceBehavior [ RunTime:0.000086s ]
INFO: [ template_filter ] --END-- [ RunTime:0.000124s ]
NOTIC: [8] Undefined variable: like /www/web/qiuxx/public_html/Application/Runtime/Cache/Api/976ac8c36f4a7bda0f4bb816ad2dfdac.php 第 57 行.
INFO: Run Behavior\ParseTemplateBehavior [ RunTime:0.012955s ]
INFO: [ view_parse ] --END-- [ RunTime:0.012991s ]
INFO: [ view_filter ] --START--
INFO: Run Behavior\WriteHtmlCacheBehavior [ RunTime:0.000152s ]
INFO: [ view_filter ] --END-- [ RunTime:0.000184s ]
INFO: [ app_end ] --START--
INFO: Run Behavior\ShowPageTraceBehavior [ RunTime:0.000343s ]
INFO: [ app_end ] --END-- [ RunTime:0.000383s ]

[ 2016-07-14T14:07:39+08:00 ] 113.91.165.143 /api.php/Interface/interfaceInfo/id/11/cid/1.html
INFO: [ app_init ] --START--
INFO: Run Behavior\BuildLiteBehavior [ RunTime:0.000012s ]
INFO: [ app_init ] --END-- [ RunTime:0.000267s ]
INFO: [ app_begin ] --START--
INFO: Run Behavior\ReadHtmlCacheBehavior [ RunTime:0.000347s ]
INFO: [ app_begin ] --END-- [ RunTime:0.000386s ]
SQL: SHOW COLUMNS FROM `api_category` [ RunTime:0.0005s ]
SQL: SELECT * FROM `api_category` WHERE `status` = 1 ORDER BY rank desc  [ RunTime:0.0001s ]
SQL: SHOW COLUMNS FROM `api_interface` [ RunTime:0.0004s ]
SQL: SELECT * FROM `api_interface` WHERE `cid` = 1 AND `status` = 1 ORDER BY create_time  [ RunTime:0.0001s ]
SQL: SELECT * FROM `api_interface` WHERE `cid` = 2 AND `status` = 1 ORDER BY create_time  [ RunTime:0.0001s ]
SQL: SELECT * FROM `api_interface` WHERE `id` = 11 LIMIT 1   [ RunTime:0.0002s ]
SQL: SELECT `title` FROM `api_category` WHERE `id` = 1 LIMIT 1   [ RunTime:0.0001s ]
SQL: SHOW COLUMNS FROM `api_parameter` [ RunTime:0.0003s ]
SQL: SELECT * FROM `api_parameter` WHERE `iid` = 11 ORDER BY param_rank desc  [ RunTime:0.0002s ]
SQL: SHOW COLUMNS FROM `api_return` [ RunTime:0.0003s ]
SQL: SELECT * FROM `api_return` WHERE `iid` IN ('0','11') ORDER BY return_rank desc  [ RunTime:0.0002s ]
INFO: [ view_parse ] --START--
INFO: [ template_filter ] --START--
INFO: Run Behavior\ContentReplaceBehavior [ RunTime:0.000076s ]
INFO: [ template_filter ] --END-- [ RunTime:0.000116s ]
NOTIC: [8] Undefined variable: like /www/web/qiuxx/public_html/Application/Runtime/Cache/Api/976ac8c36f4a7bda0f4bb816ad2dfdac.php 第 57 行.
INFO: Run Behavior\ParseTemplateBehavior [ RunTime:0.013393s ]
INFO: [ view_parse ] --END-- [ RunTime:0.013429s ]
INFO: [ view_filter ] --START--
INFO: Run Behavior\WriteHtmlCacheBehavior [ RunTime:0.000152s ]
INFO: [ view_filter ] --END-- [ RunTime:0.000184s ]
INFO: [ app_end ] --START--
INFO: Run Behavior\ShowPageTraceBehavior [ RunTime:0.000343s ]
INFO: [ app_end ] --END-- [ RunTime:0.000381s ]

[ 2016-07-14T14:07:41+08:00 ] 113.91.165.143 /api.php/Interface/interfaceInfo/id/5/cid/1.html
INFO: [ app_init ] --START--
INFO: Run Behavior\BuildLiteBehavior [ RunTime:0.000013s ]
INFO: [ app_init ] --END-- [ RunTime:0.000270s ]
INFO: [ app_begin ] --START--
INFO: Run Behavior\ReadHtmlCacheBehavior [ RunTime:0.000397s ]
INFO: [ app_begin ] --END-- [ RunTime:0.000436s ]
SQL: SHOW COLUMNS FROM `api_category` [ RunTime:0.0005s ]
SQL: SELECT * FROM `api_category` WHERE `status` = 1 ORDER BY rank desc  [ RunTime:0.0001s ]
SQL: SHOW COLUMNS FROM `api_interface` [ RunTime:0.0004s ]
SQL: SELECT * FROM `api_interface` WHERE `cid` = 1 AND `status` = 1 ORDER BY create_time  [ RunTime:0.0001s ]
SQL: SELECT * FROM `api_interface` WHERE `cid` = 2 AND `status` = 1 ORDER BY create_time  [ RunTime:0.0001s ]
SQL: SELECT * FROM `api_interface` WHERE `id` = 5 LIMIT 1   [ RunTime:0.0002s ]
SQL: SELECT `title` FROM `api_category` WHERE `id` = 1 LIMIT 1   [ RunTime:0.0001s ]
SQL: SHOW COLUMNS FROM `api_parameter` [ RunTime:0.0004s ]
SQL: SELECT * FROM `api_parameter` WHERE `iid` = 5 ORDER BY param_rank desc  [ RunTime:0.0002s ]
SQL: SHOW COLUMNS FROM `api_return` [ RunTime:0.0004s ]
SQL: SELECT * FROM `api_return` WHERE `iid` IN ('0','5') ORDER BY return_rank desc  [ RunTime:0.0002s ]
INFO: [ view_parse ] --START--
INFO: [ template_filter ] --START--
INFO: Run Behavior\ContentReplaceBehavior [ RunTime:0.000115s ]
INFO: [ template_filter ] --END-- [ RunTime:0.000167s ]
NOTIC: [8] Undefined variable: like /www/web/qiuxx/public_html/Application/Runtime/Cache/Api/976ac8c36f4a7bda0f4bb816ad2dfdac.php 第 57 行.
INFO: Run Behavior\ParseTemplateBehavior [ RunTime:0.014032s ]
INFO: [ view_parse ] --END-- [ RunTime:0.014069s ]
INFO: [ view_filter ] --START--
INFO: Run Behavior\WriteHtmlCacheBehavior [ RunTime:0.000160s ]
INFO: [ view_filter ] --END-- [ RunTime:0.000194s ]
INFO: [ app_end ] --START--
INFO: Run Behavior\ShowPageTraceBehavior [ RunTime:0.000383s ]
INFO: [ app_end ] --END-- [ RunTime:0.000424s ]

[ 2016-07-14T14:07:42+08:00 ] 113.91.165.143 /api.php/Interface/interfaceInfo/id/3/cid/1.html
INFO: [ app_init ] --START--
INFO: Run Behavior\BuildLiteBehavior [ RunTime:0.000012s ]
INFO: [ app_init ] --END-- [ RunTime:0.000294s ]
INFO: [ app_begin ] --START--
INFO: Run Behavior\ReadHtmlCacheBehavior [ RunTime:0.000359s ]
INFO: [ app_begin ] --END-- [ RunTime:0.000404s ]
SQL: SHOW COLUMNS FROM `api_category` [ RunTime:0.0005s ]
SQL: SELECT * FROM `api_category` WHERE `status` = 1 ORDER BY rank desc  [ RunTime:0.0001s ]
SQL: SHOW COLUMNS FROM `api_interface` [ RunTime:0.0004s ]
SQL: SELECT * FROM `api_interface` WHERE `cid` = 1 AND `status` = 1 ORDER BY create_time  [ RunTime:0.0001s ]
SQL: SELECT * FROM `api_interface` WHERE `cid` = 2 AND `status` = 1 ORDER BY create_time  [ RunTime:0.0001s ]
SQL: SELECT * FROM `api_interface` WHERE `id` = 3 LIMIT 1   [ RunTime:0.0002s ]
SQL: SELECT `title` FROM `api_category` WHERE `id` = 1 LIMIT 1   [ RunTime:0.0001s ]
SQL: SHOW COLUMNS FROM `api_parameter` [ RunTime:0.0004s ]
SQL: SELECT * FROM `api_parameter` WHERE `iid` = 3 ORDER BY param_rank desc  [ RunTime:0.0002s ]
SQL: SHOW COLUMNS FROM `api_return` [ RunTime:0.0004s ]
SQL: SELECT * FROM `api_return` WHERE `iid` IN ('0','3') ORDER BY return_rank desc  [ RunTime:0.0002s ]
INFO: [ view_parse ] --START--
INFO: [ template_filter ] --START--
INFO: Run Behavior\ContentReplaceBehavior [ RunTime:0.000158s ]
INFO: [ template_filter ] --END-- [ RunTime:0.000199s ]
NOTIC: [8] Undefined variable: like /www/web/qiuxx/public_html/Application/Runtime/Cache/Api/976ac8c36f4a7bda0f4bb816ad2dfdac.php 第 57 行.
INFO: Run Behavior\ParseTemplateBehavior [ RunTime:0.013126s ]
INFO: [ view_parse ] --END-- [ RunTime:0.013165s ]
INFO: [ view_filter ] --START--
INFO: Run Behavior\WriteHtmlCacheBehavior [ RunTime:0.000169s ]
INFO: [ view_filter ] --END-- [ RunTime:0.000201s ]
INFO: [ app_end ] --START--
INFO: Run Behavior\ShowPageTraceBehavior [ RunTime:0.000346s ]
INFO: [ app_end ] --END-- [ RunTime:0.000383s ]

[ 2016-07-14T14:08:37+08:00 ] 113.91.165.143 /api.php/Interface/interfaceInfo/id/3/cid/1.html
INFO: [ app_init ] --START--
INFO: Run Behavior\BuildLiteBehavior [ RunTime:0.000012s ]
INFO: [ app_init ] --END-- [ RunTime:0.000265s ]
INFO: [ app_begin ] --START--
INFO: Run Behavior\ReadHtmlCacheBehavior [ RunTime:0.000469s ]
INFO: [ app_begin ] --END-- [ RunTime:0.000510s ]
SQL: SHOW COLUMNS FROM `api_category` [ RunTime:0.0006s ]
SQL: SELECT * FROM `api_category` WHERE `status` = 1 ORDER BY rank desc  [ RunTime:0.0001s ]
SQL: SHOW COLUMNS FROM `api_interface` [ RunTime:0.0004s ]
SQL: SELECT * FROM `api_interface` WHERE `cid` = 1 AND `status` = 1 ORDER BY create_time  [ RunTime:0.0001s ]
SQL: SELECT * FROM `api_interface` WHERE `cid` = 2 AND `status` = 1 ORDER BY create_time  [ RunTime:0.0001s ]
SQL: SELECT * FROM `api_interface` WHERE `id` = 3 LIMIT 1   [ RunTime:0.0001s ]
SQL: SELECT `title` FROM `api_category` WHERE `id` = 1 LIMIT 1   [ RunTime:0.0001s ]
SQL: SHOW COLUMNS FROM `api_parameter` [ RunTime:0.0004s ]
SQL: SELECT * FROM `api_parameter` WHERE `iid` = 3 ORDER BY param_rank desc  [ RunTime:0.0001s ]
SQL: SHOW COLUMNS FROM `api_return` [ RunTime:0.0003s ]
SQL: SELECT * FROM `api_return` WHERE `iid` IN ('0','3') ORDER BY return_rank desc  [ RunTime:0.0001s ]
INFO: [ view_parse ] --START--
INFO: [ template_filter ] --START--
INFO: Run Behavior\ContentReplaceBehavior [ RunTime:0.000086s ]
INFO: [ template_filter ] --END-- [ RunTime:0.000127s ]
NOTIC: [8] Undefined variable: like /www/web/qiuxx/public_html/Application/Runtime/Cache/Api/976ac8c36f4a7bda0f4bb816ad2dfdac.php 第 57 行.
INFO: Run Behavior\ParseTemplateBehavior [ RunTime:0.013207s ]
INFO: [ view_parse ] --END-- [ RunTime:0.013244s ]
INFO: [ view_filter ] --START--
INFO: Run Behavior\WriteHtmlCacheBehavior [ RunTime:0.000155s ]
INFO: [ view_filter ] --END-- [ RunTime:0.000186s ]
INFO: [ app_end ] --START--
INFO: Run Behavior\ShowPageTraceBehavior [ RunTime:0.000377s ]
INFO: [ app_end ] --END-- [ RunTime:0.000414s ]

[ 2016-07-14T14:59:11+08:00 ] 183.49.142.5 /api.php/Interface/interfaceInfo/id/12/cid/1.html
INFO: [ app_init ] --START--
INFO: Run Behavior\BuildLiteBehavior [ RunTime:0.000011s ]
INFO: [ app_init ] --END-- [ RunTime:0.000272s ]
INFO: [ app_begin ] --START--
INFO: Run Behavior\ReadHtmlCacheBehavior [ RunTime:0.000335s ]
INFO: [ app_begin ] --END-- [ RunTime:0.000374s ]
SQL: SHOW COLUMNS FROM `api_category` [ RunTime:0.0005s ]
SQL: SELECT * FROM `api_category` WHERE `status` = 1 ORDER BY rank desc  [ RunTime:0.0001s ]
SQL: SHOW COLUMNS FROM `api_interface` [ RunTime:0.0004s ]
SQL: SELECT * FROM `api_interface` WHERE `cid` = 1 AND `status` = 1 ORDER BY create_time  [ RunTime:0.0001s ]
SQL: SELECT * FROM `api_interface` WHERE `cid` = 2 AND `status` = 1 ORDER BY create_time  [ RunTime:0.0001s ]
SQL: SELECT * FROM `api_interface` WHERE `id` = 12 LIMIT 1   [ RunTime:0.0001s ]
SQL: SELECT `title` FROM `api_category` WHERE `id` = 1 LIMIT 1   [ RunTime:0.0001s ]
SQL: SHOW COLUMNS FROM `api_parameter` [ RunTime:0.0004s ]
SQL: SELECT * FROM `api_parameter` WHERE `iid` = 12 ORDER BY param_rank desc  [ RunTime:0.0001s ]
SQL: SHOW COLUMNS FROM `api_return` [ RunTime:0.0003s ]
SQL: SELECT * FROM `api_return` WHERE `iid` IN ('0','12') ORDER BY return_rank desc  [ RunTime:0.0001s ]
INFO: [ view_parse ] --START--
INFO: [ template_filter ] --START--
INFO: Run Behavior\ContentReplaceBehavior [ RunTime:0.000085s ]
INFO: [ template_filter ] --END-- [ RunTime:0.000123s ]
NOTIC: [8] Undefined index: isLogin /www/web/qiuxx/public_html/Application/Runtime/Cache/Api/976ac8c36f4a7bda0f4bb816ad2dfdac.php 第 36 行.
NOTIC: [8] Undefined variable: like /www/web/qiuxx/public_html/Application/Runtime/Cache/Api/976ac8c36f4a7bda0f4bb816ad2dfdac.php 第 57 行.
NOTIC: [8] Undefined index: isLogin /www/web/qiuxx/public_html/Application/Runtime/Cache/Api/976ac8c36f4a7bda0f4bb816ad2dfdac.php 第 62 行.
NOTIC: [8] Undefined index: isLogin /www/web/qiuxx/public_html/Application/Runtime/Cache/Api/976ac8c36f4a7bda0f4bb816ad2dfdac.php 第 76 行.
NOTIC: [8] Undefined index: isLogin /www/web/qiuxx/public_html/Application/Runtime/Cache/Api/976ac8c36f4a7bda0f4bb816ad2dfdac.php 第 76 行.
NOTIC: [8] Undefined index: isLogin /www/web/qiuxx/public_html/Application/Runtime/Cache/Api/976ac8c36f4a7bda0f4bb816ad2dfdac.php 第 108 行.
NOTIC: [8] Undefined index: isLogin /www/web/qiuxx/public_html/Application/Runtime/Cache/Api/976ac8c36f4a7bda0f4bb816ad2dfdac.php 第 121 行.
INFO: Run Behavior\ParseTemplateBehavior [ RunTime:0.013028s ]
INFO: [ view_parse ] --END-- [ RunTime:0.013064s ]
INFO: [ view_filter ] --START--
INFO: Run Behavior\WriteHtmlCacheBehavior [ RunTime:0.000154s ]
INFO: [ view_filter ] --END-- [ RunTime:0.000185s ]
INFO: [ app_end ] --START--
INFO: Run Behavior\ShowPageTraceBehavior [ RunTime:0.000383s ]
INFO: [ app_end ] --END-- [ RunTime:0.000420s ]

