[ 2016-08-10T13:00:59+08:00 ] 119.123.110.191 /api.php
INFO: [ app_init ] --START--
INFO: Run Behavior\BuildLiteBehavior [ RunTime:0.000012s ]
INFO: [ app_init ] --END-- [ RunTime:0.000284s ]
INFO: [ app_begin ] --START--
INFO: Run Behavior\ReadHtmlCacheBehavior [ RunTime:0.000588s ]
INFO: [ app_begin ] --END-- [ RunTime:0.000781s ]
SQL: SHOW COLUMNS FROM `api_category` [ RunTime:0.0053s ]
SQL: SELECT * FROM `api_category` WHERE `status` = 1 ORDER BY rank desc  [ RunTime:0.0001s ]
SQL: SHOW COLUMNS FROM `api_interface` [ RunTime:0.0005s ]
SQL: SELECT * FROM `api_interface` WHERE `cid` = 1 AND `status` = 1 ORDER BY create_time  [ RunTime:0.0001s ]
SQL: SELECT * FROM `api_interface` WHERE `cid` = 2 AND `status` = 1 ORDER BY create_time  [ RunTime:0.0001s ]
SQL: SELECT * FROM `api_interface` WHERE `cid` = 3 AND `status` = 1 ORDER BY create_time  [ RunTime:0.0001s ]
INFO: [ view_parse ] --START--
INFO: [ template_filter ] --START--
INFO: Run Behavior\ContentReplaceBehavior [ RunTime:0.000092s ]
INFO: [ template_filter ] --END-- [ RunTime:0.000141s ]
NOTIC: [8] Undefined index: isLogin /www/web/qiuxx/public_html/Application/Runtime/Cache/Api/51b31191c7d9f8df7ef9291eadae4e42.php 第 36 行.
NOTIC: [8] Undefined variable: like /www/web/qiuxx/public_html/Application/Runtime/Cache/Api/51b31191c7d9f8df7ef9291eadae4e42.php 第 57 行.
NOTIC: [8] Undefined index: isLogin /www/web/qiuxx/public_html/Application/Runtime/Cache/Api/51b31191c7d9f8df7ef9291eadae4e42.php 第 62 行.
NOTIC: [8] Undefined index: isLogin /www/web/qiuxx/public_html/Application/Runtime/Cache/Api/51b31191c7d9f8df7ef9291eadae4e42.php 第 76 行.
NOTIC: [8] Undefined index: cid /www/web/qiuxx/public_html/Application/Runtime/Cache/Api/51b31191c7d9f8df7ef9291eadae4e42.php 第 80 行.
NOTIC: [8] Undefined index: cid /www/web/qiuxx/public_html/Application/Runtime/Cache/Api/51b31191c7d9f8df7ef9291eadae4e42.php 第 86 行.
NOTIC: [8] Undefined index: isLogin /www/web/qiuxx/public_html/Application/Runtime/Cache/Api/51b31191c7d9f8df7ef9291eadae4e42.php 第 76 行.
NOTIC: [8] Undefined index: cid /www/web/qiuxx/public_html/Application/Runtime/Cache/Api/51b31191c7d9f8df7ef9291eadae4e42.php 第 80 行.
NOTIC: [8] Undefined index: cid /www/web/qiuxx/public_html/Application/Runtime/Cache/Api/51b31191c7d9f8df7ef9291eadae4e42.php 第 86 行.
NOTIC: [8] Undefined index: isLogin /www/web/qiuxx/public_html/Application/Runtime/Cache/Api/51b31191c7d9f8df7ef9291eadae4e42.php 第 76 行.
NOTIC: [8] Undefined index: cid /www/web/qiuxx/public_html/Application/Runtime/Cache/Api/51b31191c7d9f8df7ef9291eadae4e42.php 第 80 行.
NOTIC: [8] Undefined index: cid /www/web/qiuxx/public_html/Application/Runtime/Cache/Api/51b31191c7d9f8df7ef9291eadae4e42.php 第 86 行.
NOTIC: [8] Undefined index: isLogin /www/web/qiuxx/public_html/Application/Runtime/Cache/Api/51b31191c7d9f8df7ef9291eadae4e42.php 第 108 行.
INFO: Run Behavior\ParseTemplateBehavior [ RunTime:0.048132s ]
INFO: [ view_parse ] --END-- [ RunTime:0.048169s ]
INFO: [ view_filter ] --START--
INFO: Run Behavior\WriteHtmlCacheBehavior [ RunTime:0.000149s ]
INFO: [ view_filter ] --END-- [ RunTime:0.000182s ]
INFO: [ app_end ] --START--
INFO: Run Behavior\ShowPageTraceBehavior [ RunTime:0.000377s ]
INFO: [ app_end ] --END-- [ RunTime:0.000417s ]

[ 2016-08-10T13:01:04+08:00 ] 119.123.110.191 /api.php/Interface/interfaceInfo/id/6/cid/2.html
INFO: [ app_init ] --START--
INFO: Run Behavior\BuildLiteBehavior [ RunTime:0.000012s ]
INFO: [ app_init ] --END-- [ RunTime:0.000270s ]
INFO: [ app_begin ] --START--
INFO: Run Behavior\ReadHtmlCacheBehavior [ RunTime:0.000361s ]
INFO: [ app_begin ] --END-- [ RunTime:0.000400s ]
SQL: SHOW COLUMNS FROM `api_category` [ RunTime:0.0007s ]
SQL: SELECT * FROM `api_category` WHERE `status` = 1 ORDER BY rank desc  [ RunTime:0.0001s ]
SQL: SHOW COLUMNS FROM `api_interface` [ RunTime:0.0004s ]
SQL: SELECT * FROM `api_interface` WHERE `cid` = 1 AND `status` = 1 ORDER BY create_time  [ RunTime:0.0001s ]
SQL: SELECT * FROM `api_interface` WHERE `cid` = 2 AND `status` = 1 ORDER BY create_time  [ RunTime:0.0001s ]
SQL: SELECT * FROM `api_interface` WHERE `cid` = 3 AND `status` = 1 ORDER BY create_time  [ RunTime:0.0001s ]
SQL: SELECT * FROM `api_interface` WHERE `id` = 6 LIMIT 1   [ RunTime:0.0001s ]
SQL: SELECT `title` FROM `api_category` WHERE `id` = 2 LIMIT 1   [ RunTime:0.0001s ]
SQL: SHOW COLUMNS FROM `api_parameter` [ RunTime:0.0356s ]
SQL: SELECT * FROM `api_parameter` WHERE `iid` = 6 ORDER BY param_rank desc  [ RunTime:0.0001s ]
SQL: SHOW COLUMNS FROM `api_return` [ RunTime:0.0008s ]
SQL: SELECT * FROM `api_return` WHERE `iid` IN ('0','6') ORDER BY return_rank desc  [ RunTime:0.0001s ]
INFO: [ view_parse ] --START--
INFO: [ template_filter ] --START--
INFO: Run Behavior\ContentReplaceBehavior [ RunTime:0.000080s ]
INFO: [ template_filter ] --END-- [ RunTime:0.000120s ]
NOTIC: [8] Undefined index: isLogin /www/web/qiuxx/public_html/Application/Runtime/Cache/Api/976ac8c36f4a7bda0f4bb816ad2dfdac.php 第 36 行.
NOTIC: [8] Undefined variable: like /www/web/qiuxx/public_html/Application/Runtime/Cache/Api/976ac8c36f4a7bda0f4bb816ad2dfdac.php 第 57 行.
NOTIC: [8] Undefined index: isLogin /www/web/qiuxx/public_html/Application/Runtime/Cache/Api/976ac8c36f4a7bda0f4bb816ad2dfdac.php 第 62 行.
NOTIC: [8] Undefined index: isLogin /www/web/qiuxx/public_html/Application/Runtime/Cache/Api/976ac8c36f4a7bda0f4bb816ad2dfdac.php 第 76 行.
NOTIC: [8] Undefined index: isLogin /www/web/qiuxx/public_html/Application/Runtime/Cache/Api/976ac8c36f4a7bda0f4bb816ad2dfdac.php 第 76 行.
NOTIC: [8] Undefined index: isLogin /www/web/qiuxx/public_html/Application/Runtime/Cache/Api/976ac8c36f4a7bda0f4bb816ad2dfdac.php 第 76 行.
NOTIC: [8] Undefined index: isLogin /www/web/qiuxx/public_html/Application/Runtime/Cache/Api/976ac8c36f4a7bda0f4bb816ad2dfdac.php 第 108 行.
NOTIC: [8] Undefined index: isLogin /www/web/qiuxx/public_html/Application/Runtime/Cache/Api/976ac8c36f4a7bda0f4bb816ad2dfdac.php 第 121 行.
INFO: Run Behavior\ParseTemplateBehavior [ RunTime:0.015301s ]
INFO: [ view_parse ] --END-- [ RunTime:0.015338s ]
INFO: [ view_filter ] --START--
INFO: Run Behavior\WriteHtmlCacheBehavior [ RunTime:0.000152s ]
INFO: [ view_filter ] --END-- [ RunTime:0.000202s ]
INFO: [ app_end ] --START--
INFO: Run Behavior\ShowPageTraceBehavior [ RunTime:0.000376s ]
INFO: [ app_end ] --END-- [ RunTime:0.000414s ]

[ 2016-08-10T13:04:07+08:00 ] 180.163.2.119 /api.php
INFO: [ app_init ] --START--
INFO: Run Behavior\BuildLiteBehavior [ RunTime:0.000012s ]
INFO: [ app_init ] --END-- [ RunTime:0.000268s ]
INFO: [ app_begin ] --START--
INFO: Run Behavior\ReadHtmlCacheBehavior [ RunTime:0.000349s ]
INFO: [ app_begin ] --END-- [ RunTime:0.000392s ]
SQL: SHOW COLUMNS FROM `api_category` [ RunTime:0.0006s ]
SQL: SELECT * FROM `api_category` WHERE `status` = 1 ORDER BY rank desc  [ RunTime:0.0001s ]
SQL: SHOW COLUMNS FROM `api_interface` [ RunTime:0.0004s ]
SQL: SELECT * FROM `api_interface` WHERE `cid` = 1 AND `status` = 1 ORDER BY create_time  [ RunTime:0.0001s ]
SQL: SELECT * FROM `api_interface` WHERE `cid` = 2 AND `status` = 1 ORDER BY create_time  [ RunTime:0.0001s ]
SQL: SELECT * FROM `api_interface` WHERE `cid` = 3 AND `status` = 1 ORDER BY create_time  [ RunTime:0.0001s ]
INFO: [ view_parse ] --START--
INFO: [ template_filter ] --START--
INFO: Run Behavior\ContentReplaceBehavior [ RunTime:0.000065s ]
INFO: [ template_filter ] --END-- [ RunTime:0.000103s ]
NOTIC: [8] Undefined index: isLogin /www/web/qiuxx/public_html/Application/Runtime/Cache/Api/51b31191c7d9f8df7ef9291eadae4e42.php 第 36 行.
NOTIC: [8] Undefined variable: like /www/web/qiuxx/public_html/Application/Runtime/Cache/Api/51b31191c7d9f8df7ef9291eadae4e42.php 第 57 行.
NOTIC: [8] Undefined index: isLogin /www/web/qiuxx/public_html/Application/Runtime/Cache/Api/51b31191c7d9f8df7ef9291eadae4e42.php 第 62 行.
NOTIC: [8] Undefined index: isLogin /www/web/qiuxx/public_html/Application/Runtime/Cache/Api/51b31191c7d9f8df7ef9291eadae4e42.php 第 76 行.
NOTIC: [8] Undefined index: cid /www/web/qiuxx/public_html/Application/Runtime/Cache/Api/51b31191c7d9f8df7ef9291eadae4e42.php 第 80 行.
NOTIC: [8] Undefined index: cid /www/web/qiuxx/public_html/Application/Runtime/Cache/Api/51b31191c7d9f8df7ef9291eadae4e42.php 第 86 行.
NOTIC: [8] Undefined index: isLogin /www/web/qiuxx/public_html/Application/Runtime/Cache/Api/51b31191c7d9f8df7ef9291eadae4e42.php 第 76 行.
NOTIC: [8] Undefined index: cid /www/web/qiuxx/public_html/Application/Runtime/Cache/Api/51b31191c7d9f8df7ef9291eadae4e42.php 第 80 行.
NOTIC: [8] Undefined index: cid /www/web/qiuxx/public_html/Application/Runtime/Cache/Api/51b31191c7d9f8df7ef9291eadae4e42.php 第 86 行.
NOTIC: [8] Undefined index: isLogin /www/web/qiuxx/public_html/Application/Runtime/Cache/Api/51b31191c7d9f8df7ef9291eadae4e42.php 第 76 行.
NOTIC: [8] Undefined index: cid /www/web/qiuxx/public_html/Application/Runtime/Cache/Api/51b31191c7d9f8df7ef9291eadae4e42.php 第 80 行.
NOTIC: [8] Undefined index: cid /www/web/qiuxx/public_html/Application/Runtime/Cache/Api/51b31191c7d9f8df7ef9291eadae4e42.php 第 86 行.
NOTIC: [8] Undefined index: isLogin /www/web/qiuxx/public_html/Application/Runtime/Cache/Api/51b31191c7d9f8df7ef9291eadae4e42.php 第 108 行.
INFO: Run Behavior\ParseTemplateBehavior [ RunTime:0.009896s ]
INFO: [ view_parse ] --END-- [ RunTime:0.009932s ]
INFO: [ view_filter ] --START--
INFO: Run Behavior\WriteHtmlCacheBehavior [ RunTime:0.000225s ]
INFO: [ view_filter ] --END-- [ RunTime:0.000259s ]
INFO: [ app_end ] --START--
INFO: Run Behavior\ShowPageTraceBehavior [ RunTime:0.000347s ]
INFO: [ app_end ] --END-- [ RunTime:0.000384s ]

[ 2016-08-10T13:04:10+08:00 ] 101.226.51.229 /api.php/Interface/interfaceInfo/id/6/cid/2.html
INFO: [ app_init ] --START--
INFO: Run Behavior\BuildLiteBehavior [ RunTime:0.000012s ]
INFO: [ app_init ] --END-- [ RunTime:0.000272s ]
INFO: [ app_begin ] --START--
INFO: Run Behavior\ReadHtmlCacheBehavior [ RunTime:0.000335s ]
INFO: [ app_begin ] --END-- [ RunTime:0.000388s ]
SQL: SHOW COLUMNS FROM `api_category` [ RunTime:0.0006s ]
SQL: SELECT * FROM `api_category` WHERE `status` = 1 ORDER BY rank desc  [ RunTime:0.0001s ]
SQL: SHOW COLUMNS FROM `api_interface` [ RunTime:0.0004s ]
SQL: SELECT * FROM `api_interface` WHERE `cid` = 1 AND `status` = 1 ORDER BY create_time  [ RunTime:0.0001s ]
SQL: SELECT * FROM `api_interface` WHERE `cid` = 2 AND `status` = 1 ORDER BY create_time  [ RunTime:0.0001s ]
SQL: SELECT * FROM `api_interface` WHERE `cid` = 3 AND `status` = 1 ORDER BY create_time  [ RunTime:0.0001s ]
SQL: SELECT * FROM `api_interface` WHERE `id` = 6 LIMIT 1   [ RunTime:0.0001s ]
SQL: SELECT `title` FROM `api_category` WHERE `id` = 2 LIMIT 1   [ RunTime:0.0001s ]
SQL: SHOW COLUMNS FROM `api_parameter` [ RunTime:0.0004s ]
SQL: SELECT * FROM `api_parameter` WHERE `iid` = 6 ORDER BY param_rank desc  [ RunTime:0.0001s ]
SQL: SHOW COLUMNS FROM `api_return` [ RunTime:0.0004s ]
SQL: SELECT * FROM `api_return` WHERE `iid` IN ('0','6') ORDER BY return_rank desc  [ RunTime:0.0001s ]
INFO: [ view_parse ] --START--
INFO: [ template_filter ] --START--
INFO: Run Behavior\ContentReplaceBehavior [ RunTime:0.000134s ]
INFO: [ template_filter ] --END-- [ RunTime:0.000175s ]
NOTIC: [8] Undefined index: isLogin /www/web/qiuxx/public_html/Application/Runtime/Cache/Api/976ac8c36f4a7bda0f4bb816ad2dfdac.php 第 36 行.
NOTIC: [8] Undefined variable: like /www/web/qiuxx/public_html/Application/Runtime/Cache/Api/976ac8c36f4a7bda0f4bb816ad2dfdac.php 第 57 行.
NOTIC: [8] Undefined index: isLogin /www/web/qiuxx/public_html/Application/Runtime/Cache/Api/976ac8c36f4a7bda0f4bb816ad2dfdac.php 第 62 行.
NOTIC: [8] Undefined index: isLogin /www/web/qiuxx/public_html/Application/Runtime/Cache/Api/976ac8c36f4a7bda0f4bb816ad2dfdac.php 第 76 行.
NOTIC: [8] Undefined index: isLogin /www/web/qiuxx/public_html/Application/Runtime/Cache/Api/976ac8c36f4a7bda0f4bb816ad2dfdac.php 第 76 行.
NOTIC: [8] Undefined index: isLogin /www/web/qiuxx/public_html/Application/Runtime/Cache/Api/976ac8c36f4a7bda0f4bb816ad2dfdac.php 第 76 行.
NOTIC: [8] Undefined index: isLogin /www/web/qiuxx/public_html/Application/Runtime/Cache/Api/976ac8c36f4a7bda0f4bb816ad2dfdac.php 第 108 行.
NOTIC: [8] Undefined index: isLogin /www/web/qiuxx/public_html/Application/Runtime/Cache/Api/976ac8c36f4a7bda0f4bb816ad2dfdac.php 第 121 行.
INFO: Run Behavior\ParseTemplateBehavior [ RunTime:0.013307s ]
INFO: [ view_parse ] --END-- [ RunTime:0.013342s ]
INFO: [ view_filter ] --START--
INFO: Run Behavior\WriteHtmlCacheBehavior [ RunTime:0.000184s ]
INFO: [ view_filter ] --END-- [ RunTime:0.000217s ]
INFO: [ app_end ] --START--
INFO: Run Behavior\ShowPageTraceBehavior [ RunTime:0.000372s ]
INFO: [ app_end ] --END-- [ RunTime:0.000425s ]

[ 2016-08-10T16:05:09+08:00 ] 119.123.110.191 /api.php
INFO: [ app_init ] --START--
INFO: Run Behavior\BuildLiteBehavior [ RunTime:0.000013s ]
INFO: [ app_init ] --END-- [ RunTime:0.000264s ]
INFO: [ app_begin ] --START--
INFO: Run Behavior\ReadHtmlCacheBehavior [ RunTime:0.000389s ]
INFO: [ app_begin ] --END-- [ RunTime:0.000430s ]
SQL: SHOW COLUMNS FROM `api_category` [ RunTime:0.0006s ]
SQL: SELECT * FROM `api_category` WHERE `status` = 1 ORDER BY rank desc  [ RunTime:0.0001s ]
SQL: SHOW COLUMNS FROM `api_interface` [ RunTime:0.0004s ]
SQL: SELECT * FROM `api_interface` WHERE `cid` = 1 AND `status` = 1 ORDER BY create_time  [ RunTime:0.0001s ]
SQL: SELECT * FROM `api_interface` WHERE `cid` = 2 AND `status` = 1 ORDER BY create_time  [ RunTime:0.0001s ]
SQL: SELECT * FROM `api_interface` WHERE `cid` = 3 AND `status` = 1 ORDER BY create_time  [ RunTime:0.0001s ]
INFO: [ view_parse ] --START--
INFO: [ template_filter ] --START--
INFO: Run Behavior\ContentReplaceBehavior [ RunTime:0.000067s ]
INFO: [ template_filter ] --END-- [ RunTime:0.000105s ]
NOTIC: [8] Undefined index: isLogin /www/web/qiuxx/public_html/Application/Runtime/Cache/Api/51b31191c7d9f8df7ef9291eadae4e42.php 第 36 行.
NOTIC: [8] Undefined variable: like /www/web/qiuxx/public_html/Application/Runtime/Cache/Api/51b31191c7d9f8df7ef9291eadae4e42.php 第 57 行.
NOTIC: [8] Undefined index: isLogin /www/web/qiuxx/public_html/Application/Runtime/Cache/Api/51b31191c7d9f8df7ef9291eadae4e42.php 第 62 行.
NOTIC: [8] Undefined index: isLogin /www/web/qiuxx/public_html/Application/Runtime/Cache/Api/51b31191c7d9f8df7ef9291eadae4e42.php 第 76 行.
NOTIC: [8] Undefined index: cid /www/web/qiuxx/public_html/Application/Runtime/Cache/Api/51b31191c7d9f8df7ef9291eadae4e42.php 第 80 行.
NOTIC: [8] Undefined index: cid /www/web/qiuxx/public_html/Application/Runtime/Cache/Api/51b31191c7d9f8df7ef9291eadae4e42.php 第 86 行.
NOTIC: [8] Undefined index: isLogin /www/web/qiuxx/public_html/Application/Runtime/Cache/Api/51b31191c7d9f8df7ef9291eadae4e42.php 第 76 行.
NOTIC: [8] Undefined index: cid /www/web/qiuxx/public_html/Application/Runtime/Cache/Api/51b31191c7d9f8df7ef9291eadae4e42.php 第 80 行.
NOTIC: [8] Undefined index: cid /www/web/qiuxx/public_html/Application/Runtime/Cache/Api/51b31191c7d9f8df7ef9291eadae4e42.php 第 86 行.
NOTIC: [8] Undefined index: isLogin /www/web/qiuxx/public_html/Application/Runtime/Cache/Api/51b31191c7d9f8df7ef9291eadae4e42.php 第 76 行.
NOTIC: [8] Undefined index: cid /www/web/qiuxx/public_html/Application/Runtime/Cache/Api/51b31191c7d9f8df7ef9291eadae4e42.php 第 80 行.
NOTIC: [8] Undefined index: cid /www/web/qiuxx/public_html/Application/Runtime/Cache/Api/51b31191c7d9f8df7ef9291eadae4e42.php 第 86 行.
NOTIC: [8] Undefined index: isLogin /www/web/qiuxx/public_html/Application/Runtime/Cache/Api/51b31191c7d9f8df7ef9291eadae4e42.php 第 108 行.
INFO: Run Behavior\ParseTemplateBehavior [ RunTime:0.010076s ]
INFO: [ view_parse ] --END-- [ RunTime:0.010112s ]
INFO: [ view_filter ] --START--
INFO: Run Behavior\WriteHtmlCacheBehavior [ RunTime:0.000148s ]
INFO: [ view_filter ] --END-- [ RunTime:0.000181s ]
INFO: [ app_end ] --START--
INFO: Run Behavior\ShowPageTraceBehavior [ RunTime:0.000345s ]
INFO: [ app_end ] --END-- [ RunTime:0.000383s ]

[ 2016-08-10T16:05:10+08:00 ] 119.123.110.191 /api.php
INFO: [ app_init ] --START--
INFO: Run Behavior\BuildLiteBehavior [ RunTime:0.000013s ]
INFO: [ app_init ] --END-- [ RunTime:0.000264s ]
INFO: [ app_begin ] --START--
INFO: Run Behavior\ReadHtmlCacheBehavior [ RunTime:0.000337s ]
INFO: [ app_begin ] --END-- [ RunTime:0.000376s ]
SQL: SHOW COLUMNS FROM `api_category` [ RunTime:0.0006s ]
SQL: SELECT * FROM `api_category` WHERE `status` = 1 ORDER BY rank desc  [ RunTime:0.0001s ]
SQL: SHOW COLUMNS FROM `api_interface` [ RunTime:0.0004s ]
SQL: SELECT * FROM `api_interface` WHERE `cid` = 1 AND `status` = 1 ORDER BY create_time  [ RunTime:0.0001s ]
SQL: SELECT * FROM `api_interface` WHERE `cid` = 2 AND `status` = 1 ORDER BY create_time  [ RunTime:0.0001s ]
SQL: SELECT * FROM `api_interface` WHERE `cid` = 3 AND `status` = 1 ORDER BY create_time  [ RunTime:0.0001s ]
INFO: [ view_parse ] --START--
INFO: [ template_filter ] --START--
INFO: Run Behavior\ContentReplaceBehavior [ RunTime:0.000063s ]
INFO: [ template_filter ] --END-- [ RunTime:0.000101s ]
NOTIC: [8] Undefined index: isLogin /www/web/qiuxx/public_html/Application/Runtime/Cache/Api/51b31191c7d9f8df7ef9291eadae4e42.php 第 36 行.
NOTIC: [8] Undefined variable: like /www/web/qiuxx/public_html/Application/Runtime/Cache/Api/51b31191c7d9f8df7ef9291eadae4e42.php 第 57 行.
NOTIC: [8] Undefined index: isLogin /www/web/qiuxx/public_html/Application/Runtime/Cache/Api/51b31191c7d9f8df7ef9291eadae4e42.php 第 62 行.
NOTIC: [8] Undefined index: isLogin /www/web/qiuxx/public_html/Application/Runtime/Cache/Api/51b31191c7d9f8df7ef9291eadae4e42.php 第 76 行.
NOTIC: [8] Undefined index: cid /www/web/qiuxx/public_html/Application/Runtime/Cache/Api/51b31191c7d9f8df7ef9291eadae4e42.php 第 80 行.
NOTIC: [8] Undefined index: cid /www/web/qiuxx/public_html/Application/Runtime/Cache/Api/51b31191c7d9f8df7ef9291eadae4e42.php 第 86 行.
NOTIC: [8] Undefined index: isLogin /www/web/qiuxx/public_html/Application/Runtime/Cache/Api/51b31191c7d9f8df7ef9291eadae4e42.php 第 76 行.
NOTIC: [8] Undefined index: cid /www/web/qiuxx/public_html/Application/Runtime/Cache/Api/51b31191c7d9f8df7ef9291eadae4e42.php 第 80 行.
NOTIC: [8] Undefined index: cid /www/web/qiuxx/public_html/Application/Runtime/Cache/Api/51b31191c7d9f8df7ef9291eadae4e42.php 第 86 行.
NOTIC: [8] Undefined index: isLogin /www/web/qiuxx/public_html/Application/Runtime/Cache/Api/51b31191c7d9f8df7ef9291eadae4e42.php 第 76 行.
NOTIC: [8] Undefined index: cid /www/web/qiuxx/public_html/Application/Runtime/Cache/Api/51b31191c7d9f8df7ef9291eadae4e42.php 第 80 行.
NOTIC: [8] Undefined index: cid /www/web/qiuxx/public_html/Application/Runtime/Cache/Api/51b31191c7d9f8df7ef9291eadae4e42.php 第 86 行.
NOTIC: [8] Undefined index: isLogin /www/web/qiuxx/public_html/Application/Runtime/Cache/Api/51b31191c7d9f8df7ef9291eadae4e42.php 第 108 行.
INFO: Run Behavior\ParseTemplateBehavior [ RunTime:0.010017s ]
INFO: [ view_parse ] --END-- [ RunTime:0.010055s ]
INFO: [ view_filter ] --START--
INFO: Run Behavior\WriteHtmlCacheBehavior [ RunTime:0.000149s ]
INFO: [ view_filter ] --END-- [ RunTime:0.000182s ]
INFO: [ app_end ] --START--
INFO: Run Behavior\ShowPageTraceBehavior [ RunTime:0.000357s ]
INFO: [ app_end ] --END-- [ RunTime:0.000396s ]

[ 2016-08-10T16:21:27+08:00 ] 14.122.223.123 /api.php
INFO: [ app_init ] --START--
INFO: Run Behavior\BuildLiteBehavior [ RunTime:0.000013s ]
INFO: [ app_init ] --END-- [ RunTime:0.000267s ]
INFO: [ app_begin ] --START--
INFO: Run Behavior\ReadHtmlCacheBehavior [ RunTime:0.000372s ]
INFO: [ app_begin ] --END-- [ RunTime:0.000414s ]
SQL: SHOW COLUMNS FROM `api_category` [ RunTime:0.0006s ]
SQL: SELECT * FROM `api_category` WHERE `status` = 1 ORDER BY rank desc  [ RunTime:0.0001s ]
SQL: SHOW COLUMNS FROM `api_interface` [ RunTime:0.0004s ]
SQL: SELECT * FROM `api_interface` WHERE `cid` = 1 AND `status` = 1 ORDER BY create_time  [ RunTime:0.0001s ]
SQL: SELECT * FROM `api_interface` WHERE `cid` = 2 AND `status` = 1 ORDER BY create_time  [ RunTime:0.0001s ]
SQL: SELECT * FROM `api_interface` WHERE `cid` = 3 AND `status` = 1 ORDER BY create_time  [ RunTime:0.0001s ]
INFO: [ view_parse ] --START--
INFO: [ template_filter ] --START--
INFO: Run Behavior\ContentReplaceBehavior [ RunTime:0.000090s ]
INFO: [ template_filter ] --END-- [ RunTime:0.000133s ]
NOTIC: [8] Undefined index: isLogin /www/web/qiuxx/public_html/Application/Runtime/Cache/Api/51b31191c7d9f8df7ef9291eadae4e42.php 第 36 行.
NOTIC: [8] Undefined variable: like /www/web/qiuxx/public_html/Application/Runtime/Cache/Api/51b31191c7d9f8df7ef9291eadae4e42.php 第 57 行.
NOTIC: [8] Undefined index: isLogin /www/web/qiuxx/public_html/Application/Runtime/Cache/Api/51b31191c7d9f8df7ef9291eadae4e42.php 第 62 行.
NOTIC: [8] Undefined index: isLogin /www/web/qiuxx/public_html/Application/Runtime/Cache/Api/51b31191c7d9f8df7ef9291eadae4e42.php 第 76 行.
NOTIC: [8] Undefined index: cid /www/web/qiuxx/public_html/Application/Runtime/Cache/Api/51b31191c7d9f8df7ef9291eadae4e42.php 第 80 行.
NOTIC: [8] Undefined index: cid /www/web/qiuxx/public_html/Application/Runtime/Cache/Api/51b31191c7d9f8df7ef9291eadae4e42.php 第 86 行.
NOTIC: [8] Undefined index: isLogin /www/web/qiuxx/public_html/Application/Runtime/Cache/Api/51b31191c7d9f8df7ef9291eadae4e42.php 第 76 行.
NOTIC: [8] Undefined index: cid /www/web/qiuxx/public_html/Application/Runtime/Cache/Api/51b31191c7d9f8df7ef9291eadae4e42.php 第 80 行.
NOTIC: [8] Undefined index: cid /www/web/qiuxx/public_html/Application/Runtime/Cache/Api/51b31191c7d9f8df7ef9291eadae4e42.php 第 86 行.
NOTIC: [8] Undefined index: isLogin /www/web/qiuxx/public_html/Application/Runtime/Cache/Api/51b31191c7d9f8df7ef9291eadae4e42.php 第 76 行.
NOTIC: [8] Undefined index: cid /www/web/qiuxx/public_html/Application/Runtime/Cache/Api/51b31191c7d9f8df7ef9291eadae4e42.php 第 80 行.
NOTIC: [8] Undefined index: cid /www/web/qiuxx/public_html/Application/Runtime/Cache/Api/51b31191c7d9f8df7ef9291eadae4e42.php 第 86 行.
NOTIC: [8] Undefined index: isLogin /www/web/qiuxx/public_html/Application/Runtime/Cache/Api/51b31191c7d9f8df7ef9291eadae4e42.php 第 108 行.
INFO: Run Behavior\ParseTemplateBehavior [ RunTime:0.010076s ]
INFO: [ view_parse ] --END-- [ RunTime:0.010113s ]
INFO: [ view_filter ] --START--
INFO: Run Behavior\WriteHtmlCacheBehavior [ RunTime:0.000159s ]
INFO: [ view_filter ] --END-- [ RunTime:0.000198s ]
INFO: [ app_end ] --START--
INFO: Run Behavior\ShowPageTraceBehavior [ RunTime:0.000384s ]
INFO: [ app_end ] --END-- [ RunTime:0.000432s ]

