[ 2016-05-31T01:16:12+08:00 ] 183.38.69.122 /api.php
INFO: [ app_init ] --START--
INFO: Run Behavior\BuildLiteBehavior [ RunTime:0.000012s ]
INFO: [ app_init ] --END-- [ RunTime:0.000287s ]
INFO: [ app_begin ] --START--
INFO: Run Behavior\ReadHtmlCacheBehavior [ RunTime:0.000335s ]
INFO: [ app_begin ] --END-- [ RunTime:0.000376s ]
SQL: SHOW COLUMNS FROM `api_category` [ RunTime:0.0005s ]
SQL: SELECT * FROM `api_category` WHERE `status` = 1 ORDER BY rank desc  [ RunTime:0.0001s ]
SQL: SHOW COLUMNS FROM `api_interface` [ RunTime:0.0004s ]
SQL: SELECT * FROM `api_interface` WHERE `cid` = 1 AND `status` = 1 ORDER BY create_time  [ RunTime:0.0001s ]
INFO: [ view_parse ] --START--
INFO: [ template_filter ] --START--
INFO: Run Behavior\ContentReplaceBehavior [ RunTime:0.000070s ]
INFO: [ template_filter ] --END-- [ RunTime:0.000121s ]
NOTIC: [8] Undefined index: isLogin /www/web/qiuxx/public_html/Application/Runtime/Cache/Api/51b31191c7d9f8df7ef9291eadae4e42.php 第 36 行.
NOTIC: [8] Undefined variable: like /www/web/qiuxx/public_html/Application/Runtime/Cache/Api/51b31191c7d9f8df7ef9291eadae4e42.php 第 57 行.
NOTIC: [8] Undefined index: isLogin /www/web/qiuxx/public_html/Application/Runtime/Cache/Api/51b31191c7d9f8df7ef9291eadae4e42.php 第 62 行.
NOTIC: [8] Undefined index: isLogin /www/web/qiuxx/public_html/Application/Runtime/Cache/Api/51b31191c7d9f8df7ef9291eadae4e42.php 第 76 行.
NOTIC: [8] Undefined index: cid /www/web/qiuxx/public_html/Application/Runtime/Cache/Api/51b31191c7d9f8df7ef9291eadae4e42.php 第 80 行.
NOTIC: [8] Undefined index: cid /www/web/qiuxx/public_html/Application/Runtime/Cache/Api/51b31191c7d9f8df7ef9291eadae4e42.php 第 86 行.
NOTIC: [8] Undefined index: isLogin /www/web/qiuxx/public_html/Application/Runtime/Cache/Api/51b31191c7d9f8df7ef9291eadae4e42.php 第 108 行.
INFO: Run Behavior\ParseTemplateBehavior [ RunTime:0.009629s ]
INFO: [ view_parse ] --END-- [ RunTime:0.009668s ]
INFO: [ view_filter ] --START--
INFO: Run Behavior\WriteHtmlCacheBehavior [ RunTime:0.000152s ]
INFO: [ view_filter ] --END-- [ RunTime:0.000183s ]
INFO: [ app_end ] --START--
INFO: Run Behavior\ShowPageTraceBehavior [ RunTime:0.000478s ]
INFO: [ app_end ] --END-- [ RunTime:0.000514s ]

[ 2016-05-31T01:16:13+08:00 ] 183.38.69.122 /api.php/Login/login.html
INFO: [ app_init ] --START--
INFO: Run Behavior\BuildLiteBehavior [ RunTime:0.000014s ]
INFO: [ app_init ] --END-- [ RunTime:0.000277s ]
INFO: [ app_begin ] --START--
INFO: Run Behavior\ReadHtmlCacheBehavior [ RunTime:0.000368s ]
INFO: [ app_begin ] --END-- [ RunTime:0.000408s ]
SQL: SHOW COLUMNS FROM `api_category` [ RunTime:0.0006s ]
SQL: SELECT * FROM `api_category` WHERE `status` = 1 ORDER BY rank desc  [ RunTime:0.0001s ]
SQL: SHOW COLUMNS FROM `api_interface` [ RunTime:0.0004s ]
SQL: SELECT * FROM `api_interface` WHERE `cid` = 1 AND `status` = 1 ORDER BY create_time  [ RunTime:0.0001s ]
INFO: [ view_parse ] --START--
INFO: [ template_filter ] --START--
INFO: Run Behavior\ContentReplaceBehavior [ RunTime:0.000087s ]
INFO: [ template_filter ] --END-- [ RunTime:0.000148s ]
NOTIC: [8] Undefined index: isLogin /www/web/qiuxx/public_html/Application/Runtime/Cache/Api/30aa4fd9eca93d9bd1eea70634211bd0.php 第 36 行.
NOTIC: [8] Undefined variable: like /www/web/qiuxx/public_html/Application/Runtime/Cache/Api/30aa4fd9eca93d9bd1eea70634211bd0.php 第 57 行.
NOTIC: [8] Undefined index: isLogin /www/web/qiuxx/public_html/Application/Runtime/Cache/Api/30aa4fd9eca93d9bd1eea70634211bd0.php 第 62 行.
NOTIC: [8] Undefined index: isLogin /www/web/qiuxx/public_html/Application/Runtime/Cache/Api/30aa4fd9eca93d9bd1eea70634211bd0.php 第 76 行.
NOTIC: [8] Undefined index: cid /www/web/qiuxx/public_html/Application/Runtime/Cache/Api/30aa4fd9eca93d9bd1eea70634211bd0.php 第 80 行.
NOTIC: [8] Undefined index: cid /www/web/qiuxx/public_html/Application/Runtime/Cache/Api/30aa4fd9eca93d9bd1eea70634211bd0.php 第 86 行.
NOTIC: [8] Undefined index: isLogin /www/web/qiuxx/public_html/Application/Runtime/Cache/Api/30aa4fd9eca93d9bd1eea70634211bd0.php 第 108 行.
INFO: Run Behavior\ParseTemplateBehavior [ RunTime:0.011399s ]
INFO: [ view_parse ] --END-- [ RunTime:0.011436s ]
INFO: [ view_filter ] --START--
INFO: Run Behavior\WriteHtmlCacheBehavior [ RunTime:0.000180s ]
INFO: [ view_filter ] --END-- [ RunTime:0.000213s ]
INFO: [ app_end ] --START--
INFO: Run Behavior\ShowPageTraceBehavior [ RunTime:0.000375s ]
INFO: [ app_end ] --END-- [ RunTime:0.000415s ]

[ 2016-05-31T01:16:14+08:00 ] 101.226.33.203 /api.php
INFO: [ app_init ] --START--
INFO: Run Behavior\BuildLiteBehavior [ RunTime:0.000013s ]
INFO: [ app_init ] --END-- [ RunTime:0.000269s ]
INFO: [ app_begin ] --START--
INFO: Run Behavior\ReadHtmlCacheBehavior [ RunTime:0.000356s ]
INFO: [ app_begin ] --END-- [ RunTime:0.000396s ]
SQL: SHOW COLUMNS FROM `api_category` [ RunTime:0.0005s ]
SQL: SELECT * FROM `api_category` WHERE `status` = 1 ORDER BY rank desc  [ RunTime:0.0001s ]
SQL: SHOW COLUMNS FROM `api_interface` [ RunTime:0.0004s ]
SQL: SELECT * FROM `api_interface` WHERE `cid` = 1 AND `status` = 1 ORDER BY create_time  [ RunTime:0.0001s ]
INFO: [ view_parse ] --START--
INFO: [ template_filter ] --START--
INFO: Run Behavior\ContentReplaceBehavior [ RunTime:0.000076s ]
INFO: [ template_filter ] --END-- [ RunTime:0.000122s ]
NOTIC: [8] Undefined index: isLogin /www/web/qiuxx/public_html/Application/Runtime/Cache/Api/51b31191c7d9f8df7ef9291eadae4e42.php 第 36 行.
NOTIC: [8] Undefined variable: like /www/web/qiuxx/public_html/Application/Runtime/Cache/Api/51b31191c7d9f8df7ef9291eadae4e42.php 第 57 行.
NOTIC: [8] Undefined index: isLogin /www/web/qiuxx/public_html/Application/Runtime/Cache/Api/51b31191c7d9f8df7ef9291eadae4e42.php 第 62 行.
NOTIC: [8] Undefined index: isLogin /www/web/qiuxx/public_html/Application/Runtime/Cache/Api/51b31191c7d9f8df7ef9291eadae4e42.php 第 76 行.
NOTIC: [8] Undefined index: cid /www/web/qiuxx/public_html/Application/Runtime/Cache/Api/51b31191c7d9f8df7ef9291eadae4e42.php 第 80 行.
NOTIC: [8] Undefined index: cid /www/web/qiuxx/public_html/Application/Runtime/Cache/Api/51b31191c7d9f8df7ef9291eadae4e42.php 第 86 行.
NOTIC: [8] Undefined index: isLogin /www/web/qiuxx/public_html/Application/Runtime/Cache/Api/51b31191c7d9f8df7ef9291eadae4e42.php 第 108 行.
INFO: Run Behavior\ParseTemplateBehavior [ RunTime:0.009295s ]
INFO: [ view_parse ] --END-- [ RunTime:0.009333s ]
INFO: [ view_filter ] --START--
INFO: Run Behavior\WriteHtmlCacheBehavior [ RunTime:0.000156s ]
INFO: [ view_filter ] --END-- [ RunTime:0.000189s ]
INFO: [ app_end ] --START--
INFO: Run Behavior\ShowPageTraceBehavior [ RunTime:0.000473s ]
INFO: [ app_end ] --END-- [ RunTime:0.000510s ]

[ 2016-05-31T01:16:18+08:00 ] 183.38.69.122 /api.php/Login/loginAction.html
INFO: [ app_init ] --START--
INFO: Run Behavior\BuildLiteBehavior [ RunTime:0.000013s ]
INFO: [ app_init ] --END-- [ RunTime:0.000322s ]
INFO: [ app_begin ] --START--
INFO: Run Behavior\ReadHtmlCacheBehavior [ RunTime:0.000506s ]
INFO: [ app_begin ] --END-- [ RunTime:0.000581s ]
SQL: SHOW COLUMNS FROM `api_category` [ RunTime:0.0005s ]
SQL: SELECT * FROM `api_category` WHERE `status` = 1 ORDER BY rank desc  [ RunTime:0.0001s ]
SQL: SHOW COLUMNS FROM `api_interface` [ RunTime:0.0004s ]
SQL: SELECT * FROM `api_interface` WHERE `cid` = 1 AND `status` = 1 ORDER BY create_time  [ RunTime:0.0001s ]
NOTIC: [2] Missing argument 3 for encryptDecrypt(), called in /www/web/qiuxx/public_html/Application/Api/Controller/LoginController.class.php on line 43 and defined /www/web/qiuxx/public_html/Application/Api/Common/function.php 第 56 行.
NOTIC: [8] Undefined variable: decrypt /www/web/qiuxx/public_html/Application/Api/Common/function.php 第 57 行.
SQL: SHOW COLUMNS FROM `api_account` [ RunTime:0.0003s ]
SQL: SELECT * FROM `api_account` WHERE `account` = 'admin' AND `password` = '9UklK9vps3Bv3JHguCaFp7jXhUcrlZeCaMjWGcXj69M=' LIMIT 1   [ RunTime:0.0001s ]

[ 2016-05-31T01:16:18+08:00 ] 183.38.69.122 /api.php/Index/index.html
INFO: [ app_init ] --START--
INFO: Run Behavior\BuildLiteBehavior [ RunTime:0.000013s ]
INFO: [ app_init ] --END-- [ RunTime:0.000268s ]
INFO: [ app_begin ] --START--
INFO: Run Behavior\ReadHtmlCacheBehavior [ RunTime:0.000349s ]
INFO: [ app_begin ] --END-- [ RunTime:0.000390s ]
SQL: SHOW COLUMNS FROM `api_category` [ RunTime:0.0006s ]
SQL: SELECT * FROM `api_category` WHERE `status` = 1 ORDER BY rank desc  [ RunTime:0.0001s ]
SQL: SHOW COLUMNS FROM `api_interface` [ RunTime:0.0004s ]
SQL: SELECT * FROM `api_interface` WHERE `cid` = 1 AND `status` = 1 ORDER BY create_time  [ RunTime:0.0001s ]
INFO: [ view_parse ] --START--
INFO: [ template_filter ] --START--
INFO: Run Behavior\ContentReplaceBehavior [ RunTime:0.000071s ]
INFO: [ template_filter ] --END-- [ RunTime:0.000129s ]
NOTIC: [8] Undefined variable: like /www/web/qiuxx/public_html/Application/Runtime/Cache/Api/51b31191c7d9f8df7ef9291eadae4e42.php 第 57 行.
NOTIC: [8] Undefined index: cid /www/web/qiuxx/public_html/Application/Runtime/Cache/Api/51b31191c7d9f8df7ef9291eadae4e42.php 第 80 行.
NOTIC: [8] Undefined index: cid /www/web/qiuxx/public_html/Application/Runtime/Cache/Api/51b31191c7d9f8df7ef9291eadae4e42.php 第 86 行.
INFO: Run Behavior\ParseTemplateBehavior [ RunTime:0.009985s ]
INFO: [ view_parse ] --END-- [ RunTime:0.010023s ]
INFO: [ view_filter ] --START--
INFO: Run Behavior\WriteHtmlCacheBehavior [ RunTime:0.000170s ]
INFO: [ view_filter ] --END-- [ RunTime:0.000336s ]
INFO: [ app_end ] --START--
INFO: Run Behavior\ShowPageTraceBehavior [ RunTime:0.000451s ]
INFO: [ app_end ] --END-- [ RunTime:0.000502s ]

[ 2016-05-31T01:16:20+08:00 ] 183.38.69.122 /api.php/Interface/addInterface/cid/1.html
INFO: [ app_init ] --START--
INFO: Run Behavior\BuildLiteBehavior [ RunTime:0.000011s ]
INFO: [ app_init ] --END-- [ RunTime:0.000262s ]
INFO: [ app_begin ] --START--
INFO: Run Behavior\ReadHtmlCacheBehavior [ RunTime:0.000401s ]
INFO: [ app_begin ] --END-- [ RunTime:0.000465s ]
SQL: SHOW COLUMNS FROM `api_category` [ RunTime:0.0006s ]
SQL: SELECT * FROM `api_category` WHERE `status` = 1 ORDER BY rank desc  [ RunTime:0.0001s ]
SQL: SHOW COLUMNS FROM `api_interface` [ RunTime:0.0004s ]
SQL: SELECT * FROM `api_interface` WHERE `cid` = 1 AND `status` = 1 ORDER BY create_time  [ RunTime:0.0001s ]
SQL: SELECT `title` FROM `api_category` WHERE `id` = 1 LIMIT 1   [ RunTime:0.0001s ]
SQL: SELECT `interface_code` FROM `api_interface` ORDER BY id desc LIMIT 1   [ RunTime:0.0001s ]
INFO: [ view_parse ] --START--
INFO: [ template_filter ] --START--
INFO: Run Behavior\ContentReplaceBehavior [ RunTime:0.000086s ]
INFO: [ template_filter ] --END-- [ RunTime:0.000128s ]
NOTIC: [8] Undefined variable: like /www/web/qiuxx/public_html/Application/Runtime/Cache/Api/efedd96428e903bf709e684d07e9ee9a.php 第 57 行.
INFO: Run Behavior\ParseTemplateBehavior [ RunTime:0.011893s ]
INFO: [ view_parse ] --END-- [ RunTime:0.011932s ]
INFO: [ view_filter ] --START--
INFO: Run Behavior\WriteHtmlCacheBehavior [ RunTime:0.000169s ]
INFO: [ view_filter ] --END-- [ RunTime:0.000217s ]
INFO: [ app_end ] --START--
INFO: Run Behavior\ShowPageTraceBehavior [ RunTime:0.000383s ]
INFO: [ app_end ] --END-- [ RunTime:0.000433s ]

[ 2016-05-31T01:48:31+08:00 ] 183.38.69.122 /api.php
INFO: [ app_init ] --START--
INFO: Run Behavior\BuildLiteBehavior [ RunTime:0.000015s ]
INFO: [ app_init ] --END-- [ RunTime:0.000293s ]
INFO: [ app_begin ] --START--
INFO: Run Behavior\ReadHtmlCacheBehavior [ RunTime:0.000351s ]
INFO: [ app_begin ] --END-- [ RunTime:0.000391s ]
SQL: SHOW COLUMNS FROM `api_category` [ RunTime:0.0005s ]
SQL: SELECT * FROM `api_category` WHERE `status` = 1 ORDER BY rank desc  [ RunTime:0.0001s ]
SQL: SHOW COLUMNS FROM `api_interface` [ RunTime:0.0004s ]
SQL: SELECT * FROM `api_interface` WHERE `cid` = 1 AND `status` = 1 ORDER BY create_time  [ RunTime:0.0001s ]
INFO: [ view_parse ] --START--
INFO: [ template_filter ] --START--
INFO: Run Behavior\ContentReplaceBehavior [ RunTime:0.000071s ]
INFO: [ template_filter ] --END-- [ RunTime:0.000115s ]
NOTIC: [8] Undefined index: isLogin /www/web/qiuxx/public_html/Application/Runtime/Cache/Api/51b31191c7d9f8df7ef9291eadae4e42.php 第 36 行.
NOTIC: [8] Undefined variable: like /www/web/qiuxx/public_html/Application/Runtime/Cache/Api/51b31191c7d9f8df7ef9291eadae4e42.php 第 57 行.
NOTIC: [8] Undefined index: isLogin /www/web/qiuxx/public_html/Application/Runtime/Cache/Api/51b31191c7d9f8df7ef9291eadae4e42.php 第 62 行.
NOTIC: [8] Undefined index: isLogin /www/web/qiuxx/public_html/Application/Runtime/Cache/Api/51b31191c7d9f8df7ef9291eadae4e42.php 第 76 行.
NOTIC: [8] Undefined index: cid /www/web/qiuxx/public_html/Application/Runtime/Cache/Api/51b31191c7d9f8df7ef9291eadae4e42.php 第 80 行.
NOTIC: [8] Undefined index: cid /www/web/qiuxx/public_html/Application/Runtime/Cache/Api/51b31191c7d9f8df7ef9291eadae4e42.php 第 86 行.
NOTIC: [8] Undefined index: isLogin /www/web/qiuxx/public_html/Application/Runtime/Cache/Api/51b31191c7d9f8df7ef9291eadae4e42.php 第 108 行.
INFO: Run Behavior\ParseTemplateBehavior [ RunTime:0.009277s ]
INFO: [ view_parse ] --END-- [ RunTime:0.009314s ]
INFO: [ view_filter ] --START--
INFO: Run Behavior\WriteHtmlCacheBehavior [ RunTime:0.000155s ]
INFO: [ view_filter ] --END-- [ RunTime:0.000189s ]
INFO: [ app_end ] --START--
INFO: Run Behavior\ShowPageTraceBehavior [ RunTime:0.000372s ]
INFO: [ app_end ] --END-- [ RunTime:0.000409s ]

[ 2016-05-31T01:48:34+08:00 ] 183.38.69.122 /api.php/Login/login.html
INFO: [ app_init ] --START--
INFO: Run Behavior\BuildLiteBehavior [ RunTime:0.000013s ]
INFO: [ app_init ] --END-- [ RunTime:0.000286s ]
INFO: [ app_begin ] --START--
INFO: Run Behavior\ReadHtmlCacheBehavior [ RunTime:0.000334s ]
INFO: [ app_begin ] --END-- [ RunTime:0.000374s ]
SQL: SHOW COLUMNS FROM `api_category` [ RunTime:0.0006s ]
SQL: SELECT * FROM `api_category` WHERE `status` = 1 ORDER BY rank desc  [ RunTime:0.0001s ]
SQL: SHOW COLUMNS FROM `api_interface` [ RunTime:0.0004s ]
SQL: SELECT * FROM `api_interface` WHERE `cid` = 1 AND `status` = 1 ORDER BY create_time  [ RunTime:0.0001s ]
NOTIC: [2] Missing argument 3 for encryptDecrypt(), called in /www/web/qiuxx/public_html/Application/Api/Controller/LoginController.class.php on line 18 and defined /www/web/qiuxx/public_html/Application/Api/Common/function.php 第 56 行.
NOTIC: [8] Undefined variable: decrypt /www/web/qiuxx/public_html/Application/Api/Common/function.php 第 57 行.
SQL: SHOW COLUMNS FROM `api_account` [ RunTime:0.0004s ]
SQL: SELECT * FROM `api_account` WHERE `account` = 'admin' AND `password` = '9UklK9vps3Bv3JHguCaFp7jXhUcrlZeCaMjWGcXj69M=' LIMIT 1   [ RunTime:0.0001s ]

[ 2016-05-31T01:48:35+08:00 ] 183.38.69.122 /api.php/Index/index.html
INFO: [ app_init ] --START--
INFO: Run Behavior\BuildLiteBehavior [ RunTime:0.000015s ]
INFO: [ app_init ] --END-- [ RunTime:0.000291s ]
INFO: [ app_begin ] --START--
INFO: Run Behavior\ReadHtmlCacheBehavior [ RunTime:0.000445s ]
INFO: [ app_begin ] --END-- [ RunTime:0.000485s ]
SQL: SHOW COLUMNS FROM `api_category` [ RunTime:0.0006s ]
SQL: SELECT * FROM `api_category` WHERE `status` = 1 ORDER BY rank desc  [ RunTime:0.0001s ]
SQL: SHOW COLUMNS FROM `api_interface` [ RunTime:0.0004s ]
SQL: SELECT * FROM `api_interface` WHERE `cid` = 1 AND `status` = 1 ORDER BY create_time  [ RunTime:0.0001s ]
INFO: [ view_parse ] --START--
INFO: [ template_filter ] --START--
INFO: Run Behavior\ContentReplaceBehavior [ RunTime:0.000070s ]
INFO: [ template_filter ] --END-- [ RunTime:0.000119s ]
NOTIC: [8] Undefined variable: like /www/web/qiuxx/public_html/Application/Runtime/Cache/Api/51b31191c7d9f8df7ef9291eadae4e42.php 第 57 行.
NOTIC: [8] Undefined index: cid /www/web/qiuxx/public_html/Application/Runtime/Cache/Api/51b31191c7d9f8df7ef9291eadae4e42.php 第 80 行.
NOTIC: [8] Undefined index: cid /www/web/qiuxx/public_html/Application/Runtime/Cache/Api/51b31191c7d9f8df7ef9291eadae4e42.php 第 86 行.
INFO: Run Behavior\ParseTemplateBehavior [ RunTime:0.009670s ]
INFO: [ view_parse ] --END-- [ RunTime:0.009708s ]
INFO: [ view_filter ] --START--
INFO: Run Behavior\WriteHtmlCacheBehavior [ RunTime:0.000167s ]
INFO: [ view_filter ] --END-- [ RunTime:0.000198s ]
INFO: [ app_end ] --START--
INFO: Run Behavior\ShowPageTraceBehavior [ RunTime:0.000516s ]
INFO: [ app_end ] --END-- [ RunTime:0.000555s ]

[ 2016-05-31T01:48:37+08:00 ] 183.38.69.122 /api.php/Interface/addInterface/cid/1.html
INFO: [ app_init ] --START--
INFO: Run Behavior\BuildLiteBehavior [ RunTime:0.000013s ]
INFO: [ app_init ] --END-- [ RunTime:0.000266s ]
INFO: [ app_begin ] --START--
INFO: Run Behavior\ReadHtmlCacheBehavior [ RunTime:0.000440s ]
INFO: [ app_begin ] --END-- [ RunTime:0.000479s ]
SQL: SHOW COLUMNS FROM `api_category` [ RunTime:0.0007s ]
SQL: SELECT * FROM `api_category` WHERE `status` = 1 ORDER BY rank desc  [ RunTime:0.0001s ]
SQL: SHOW COLUMNS FROM `api_interface` [ RunTime:0.0407s ]
SQL: SELECT * FROM `api_interface` WHERE `cid` = 1 AND `status` = 1 ORDER BY create_time  [ RunTime:0.0001s ]
SQL: SELECT `title` FROM `api_category` WHERE `id` = 1 LIMIT 1   [ RunTime:0.0001s ]
SQL: SELECT `interface_code` FROM `api_interface` ORDER BY id desc LIMIT 1   [ RunTime:0.0001s ]
INFO: [ view_parse ] --START--
INFO: [ template_filter ] --START--
INFO: Run Behavior\ContentReplaceBehavior [ RunTime:0.000087s ]
INFO: [ template_filter ] --END-- [ RunTime:0.000128s ]
NOTIC: [8] Undefined variable: like /www/web/qiuxx/public_html/Application/Runtime/Cache/Api/efedd96428e903bf709e684d07e9ee9a.php 第 57 行.
INFO: Run Behavior\ParseTemplateBehavior [ RunTime:0.012215s ]
INFO: [ view_parse ] --END-- [ RunTime:0.012253s ]
INFO: [ view_filter ] --START--
INFO: Run Behavior\WriteHtmlCacheBehavior [ RunTime:0.000149s ]
INFO: [ view_filter ] --END-- [ RunTime:0.000182s ]
INFO: [ app_end ] --START--
INFO: Run Behavior\ShowPageTraceBehavior [ RunTime:0.000407s ]
INFO: [ app_end ] --END-- [ RunTime:0.000446s ]

[ 2016-05-31T01:50:16+08:00 ] 183.38.69.122 /api.php/Interface/addInterfaceAction.html
INFO: [ app_init ] --START--
INFO: Run Behavior\BuildLiteBehavior [ RunTime:0.000020s ]
INFO: [ app_init ] --END-- [ RunTime:0.000434s ]
INFO: [ app_begin ] --START--
INFO: Run Behavior\ReadHtmlCacheBehavior [ RunTime:0.000384s ]
INFO: [ app_begin ] --END-- [ RunTime:0.000428s ]
SQL: SHOW COLUMNS FROM `api_category` [ RunTime:0.0006s ]
SQL: SELECT * FROM `api_category` WHERE `status` = 1 ORDER BY rank desc  [ RunTime:0.0001s ]
SQL: SHOW COLUMNS FROM `api_interface` [ RunTime:0.0004s ]
SQL: SELECT * FROM `api_interface` WHERE `cid` = 1 AND `status` = 1 ORDER BY create_time  [ RunTime:0.0001s ]
SQL: SHOW COLUMNS FROM `api_interface` [ RunTime:0.0004s ]
NOTIC: [8] Undefined index: validate /www/web/qiuxx/public_html/ThinkPHP/Library/Think/Model.class.php 第 1185 行.
SQL: INSERT INTO `api_interface` (`cid`,`interface_code`,`interface_name`,`interface_detail`,`return_value`,`interface_url`,`ext`,`create_time`) VALUES ('1','00002','短信验证码请求','','﻿{
    &quot;code&quot;: 1,
    &quot;msg&quot;: &quot;短信发送成功&quot;
}','http://qiuxx.com/qzApi.php/Currency/verify','','2016-05-31 01:50:16') [ RunTime:0.0076s ]
SQL: SHOW COLUMNS FROM `api_parameter` [ RunTime:0.0005s ]
NOTIC: [8] Undefined index: validate /www/web/qiuxx/public_html/ThinkPHP/Library/Think/Model.class.php 第 1185 行.
NOTIC: [8] Undefined index: auto /www/web/qiuxx/public_html/ThinkPHP/Library/Think/Model.class.php 第 1128 行.
SQL: INSERT INTO `api_parameter` (`iid`,`param_name`,`param_detail`,`param_needs`,`param_type`,`param_rank`,`create_time`) VALUES ('2','phone','手机号码（请求时候麻烦验证下）','1','1','0','2016-05-31 01:50:16') [ RunTime:0.0005s ]
SQL: SHOW COLUMNS FROM `api_return` [ RunTime:0.0003s ]
NOTIC: [8] Undefined index: validate /www/web/qiuxx/public_html/ThinkPHP/Library/Think/Model.class.php 第 1185 行.
NOTIC: [8] Undefined index: auto /www/web/qiuxx/public_html/ThinkPHP/Library/Think/Model.class.php 第 1128 行.
SQL: INSERT INTO `api_return` (`iid`,`return_name`,`return_detail`,`return_rank`,`create_time`) VALUES ('2','code','1成功  2失败','0','2016-05-31 01:50:16') [ RunTime:0.0005s ]
NOTIC: [8] Undefined index: validate /www/web/qiuxx/public_html/ThinkPHP/Library/Think/Model.class.php 第 1185 行.
NOTIC: [8] Undefined index: auto /www/web/qiuxx/public_html/ThinkPHP/Library/Think/Model.class.php 第 1128 行.
SQL: INSERT INTO `api_return` (`iid`,`return_name`,`return_detail`,`return_rank`,`create_time`) VALUES ('2','msg','操作消息','0','2016-05-31 01:50:16') [ RunTime:0.0001s ]

[ 2016-05-31T01:50:16+08:00 ] 183.38.69.122 /api.php/Index/index.html
INFO: [ app_init ] --START--
INFO: Run Behavior\BuildLiteBehavior [ RunTime:0.000014s ]
INFO: [ app_init ] --END-- [ RunTime:0.000280s ]
INFO: [ app_begin ] --START--
INFO: Run Behavior\ReadHtmlCacheBehavior [ RunTime:0.000380s ]
INFO: [ app_begin ] --END-- [ RunTime:0.000420s ]
SQL: SHOW COLUMNS FROM `api_category` [ RunTime:0.0006s ]
SQL: SELECT * FROM `api_category` WHERE `status` = 1 ORDER BY rank desc  [ RunTime:0.0001s ]
SQL: SHOW COLUMNS FROM `api_interface` [ RunTime:0.0004s ]
SQL: SELECT * FROM `api_interface` WHERE `cid` = 1 AND `status` = 1 ORDER BY create_time  [ RunTime:0.0002s ]
INFO: [ view_parse ] --START--
INFO: [ template_filter ] --START--
INFO: Run Behavior\ContentReplaceBehavior [ RunTime:0.000069s ]
INFO: [ template_filter ] --END-- [ RunTime:0.000128s ]
NOTIC: [8] Undefined variable: like /www/web/qiuxx/public_html/Application/Runtime/Cache/Api/51b31191c7d9f8df7ef9291eadae4e42.php 第 57 行.
NOTIC: [8] Undefined index: cid /www/web/qiuxx/public_html/Application/Runtime/Cache/Api/51b31191c7d9f8df7ef9291eadae4e42.php 第 80 行.
NOTIC: [8] Undefined index: cid /www/web/qiuxx/public_html/Application/Runtime/Cache/Api/51b31191c7d9f8df7ef9291eadae4e42.php 第 86 行.
INFO: Run Behavior\ParseTemplateBehavior [ RunTime:0.009835s ]
INFO: [ view_parse ] --END-- [ RunTime:0.009874s ]
INFO: [ view_filter ] --START--
INFO: Run Behavior\WriteHtmlCacheBehavior [ RunTime:0.000175s ]
INFO: [ view_filter ] --END-- [ RunTime:0.000207s ]
INFO: [ app_end ] --START--
INFO: Run Behavior\ShowPageTraceBehavior [ RunTime:0.000380s ]
INFO: [ app_end ] --END-- [ RunTime:0.000422s ]

[ 2016-05-31T01:50:21+08:00 ] 183.38.69.122 /api.php/Interface/interfaceInfo/id/2/cid/1.html
INFO: [ app_init ] --START--
INFO: Run Behavior\BuildLiteBehavior [ RunTime:0.000012s ]
INFO: [ app_init ] --END-- [ RunTime:0.000282s ]
INFO: [ app_begin ] --START--
INFO: Run Behavior\ReadHtmlCacheBehavior [ RunTime:0.000338s ]
INFO: [ app_begin ] --END-- [ RunTime:0.000377s ]
SQL: SHOW COLUMNS FROM `api_category` [ RunTime:0.0005s ]
SQL: SELECT * FROM `api_category` WHERE `status` = 1 ORDER BY rank desc  [ RunTime:0.0001s ]
SQL: SHOW COLUMNS FROM `api_interface` [ RunTime:0.0004s ]
SQL: SELECT * FROM `api_interface` WHERE `cid` = 1 AND `status` = 1 ORDER BY create_time  [ RunTime:0.0001s ]
SQL: SELECT * FROM `api_interface` WHERE `id` = 2 LIMIT 1   [ RunTime:0.0002s ]
SQL: SELECT `title` FROM `api_category` WHERE `id` = 1 LIMIT 1   [ RunTime:0.0001s ]
SQL: SHOW COLUMNS FROM `api_parameter` [ RunTime:0.0003s ]
SQL: SELECT * FROM `api_parameter` WHERE `iid` = 2 ORDER BY param_rank desc  [ RunTime:0.0002s ]
SQL: SHOW COLUMNS FROM `api_return` [ RunTime:0.0003s ]
SQL: SELECT * FROM `api_return` WHERE `iid` IN ('0','2') ORDER BY return_rank desc  [ RunTime:0.0002s ]
ERR: 模板不存在:./Application/Api/View/Interface/interfaceInfo.html

[ 2016-05-31T01:51:00+08:00 ] 183.38.69.122 /api.php/Login/logout.html
INFO: [ app_init ] --START--
INFO: Run Behavior\BuildLiteBehavior [ RunTime:0.000012s ]
INFO: [ app_init ] --END-- [ RunTime:0.000282s ]
INFO: [ app_begin ] --START--
INFO: Run Behavior\ReadHtmlCacheBehavior [ RunTime:0.000361s ]
INFO: [ app_begin ] --END-- [ RunTime:0.000402s ]
SQL: SHOW COLUMNS FROM `api_category` [ RunTime:0.0005s ]
SQL: SELECT * FROM `api_category` WHERE `status` = 1 ORDER BY rank desc  [ RunTime:0.0001s ]
SQL: SHOW COLUMNS FROM `api_interface` [ RunTime:0.0004s ]
SQL: SELECT * FROM `api_interface` WHERE `cid` = 1 AND `status` = 1 ORDER BY create_time  [ RunTime:0.0001s ]

[ 2016-05-31T01:51:01+08:00 ] 183.38.69.122 /api.php/Index/index.html
INFO: [ app_init ] --START--
INFO: Run Behavior\BuildLiteBehavior [ RunTime:0.000013s ]
INFO: [ app_init ] --END-- [ RunTime:0.000279s ]
INFO: [ app_begin ] --START--
INFO: Run Behavior\ReadHtmlCacheBehavior [ RunTime:0.000443s ]
INFO: [ app_begin ] --END-- [ RunTime:0.000483s ]
SQL: SHOW COLUMNS FROM `api_category` [ RunTime:0.0006s ]
SQL: SELECT * FROM `api_category` WHERE `status` = 1 ORDER BY rank desc  [ RunTime:0.0001s ]
SQL: SHOW COLUMNS FROM `api_interface` [ RunTime:0.0004s ]
SQL: SELECT * FROM `api_interface` WHERE `cid` = 1 AND `status` = 1 ORDER BY create_time  [ RunTime:0.0001s ]
INFO: [ view_parse ] --START--
INFO: [ template_filter ] --START--
INFO: Run Behavior\ContentReplaceBehavior [ RunTime:0.000071s ]
INFO: [ template_filter ] --END-- [ RunTime:0.000117s ]
NOTIC: [8] Undefined index: isLogin /www/web/qiuxx/public_html/Application/Runtime/Cache/Api/51b31191c7d9f8df7ef9291eadae4e42.php 第 36 行.
NOTIC: [8] Undefined variable: like /www/web/qiuxx/public_html/Application/Runtime/Cache/Api/51b31191c7d9f8df7ef9291eadae4e42.php 第 57 行.
NOTIC: [8] Undefined index: isLogin /www/web/qiuxx/public_html/Application/Runtime/Cache/Api/51b31191c7d9f8df7ef9291eadae4e42.php 第 62 行.
NOTIC: [8] Undefined index: isLogin /www/web/qiuxx/public_html/Application/Runtime/Cache/Api/51b31191c7d9f8df7ef9291eadae4e42.php 第 76 行.
NOTIC: [8] Undefined index: cid /www/web/qiuxx/public_html/Application/Runtime/Cache/Api/51b31191c7d9f8df7ef9291eadae4e42.php 第 80 行.
NOTIC: [8] Undefined index: cid /www/web/qiuxx/public_html/Application/Runtime/Cache/Api/51b31191c7d9f8df7ef9291eadae4e42.php 第 86 行.
NOTIC: [8] Undefined index: isLogin /www/web/qiuxx/public_html/Application/Runtime/Cache/Api/51b31191c7d9f8df7ef9291eadae4e42.php 第 108 行.
INFO: Run Behavior\ParseTemplateBehavior [ RunTime:0.009639s ]
INFO: [ view_parse ] --END-- [ RunTime:0.009677s ]
INFO: [ view_filter ] --START--
INFO: Run Behavior\WriteHtmlCacheBehavior [ RunTime:0.000157s ]
INFO: [ view_filter ] --END-- [ RunTime:0.000190s ]
INFO: [ app_end ] --START--
INFO: Run Behavior\ShowPageTraceBehavior [ RunTime:0.000371s ]
INFO: [ app_end ] --END-- [ RunTime:0.000407s ]

[ 2016-05-31T01:51:03+08:00 ] 183.38.69.122 /api.php/Interface/interfaceInfo/id/2/cid/1.html
INFO: [ app_init ] --START--
INFO: Run Behavior\BuildLiteBehavior [ RunTime:0.000012s ]
INFO: [ app_init ] --END-- [ RunTime:0.000301s ]
INFO: [ app_begin ] --START--
INFO: Run Behavior\ReadHtmlCacheBehavior [ RunTime:0.000371s ]
INFO: [ app_begin ] --END-- [ RunTime:0.000411s ]
SQL: SHOW COLUMNS FROM `api_category` [ RunTime:0.0006s ]
SQL: SELECT * FROM `api_category` WHERE `status` = 1 ORDER BY rank desc  [ RunTime:0.0001s ]
SQL: SHOW COLUMNS FROM `api_interface` [ RunTime:0.0004s ]
SQL: SELECT * FROM `api_interface` WHERE `cid` = 1 AND `status` = 1 ORDER BY create_time  [ RunTime:0.0001s ]
SQL: SELECT * FROM `api_interface` WHERE `id` = 2 LIMIT 1   [ RunTime:0.0001s ]
SQL: SELECT `title` FROM `api_category` WHERE `id` = 1 LIMIT 1   [ RunTime:0.0001s ]
SQL: SHOW COLUMNS FROM `api_parameter` [ RunTime:0.0004s ]
SQL: SELECT * FROM `api_parameter` WHERE `iid` = 2 ORDER BY param_rank desc  [ RunTime:0.0001s ]
SQL: SHOW COLUMNS FROM `api_return` [ RunTime:0.0003s ]
SQL: SELECT * FROM `api_return` WHERE `iid` IN ('0','2') ORDER BY return_rank desc  [ RunTime:0.0001s ]
ERR: 模板不存在:./Application/Api/View/Interface/interfaceInfo.html

[ 2016-05-31T01:51:08+08:00 ] 183.38.69.122 /api.php/Interface/interfaceInfo/id/1/cid/1.html
INFO: [ app_init ] --START--
INFO: Run Behavior\BuildLiteBehavior [ RunTime:0.000017s ]
INFO: [ app_init ] --END-- [ RunTime:0.000305s ]
INFO: [ app_begin ] --START--
INFO: Run Behavior\ReadHtmlCacheBehavior [ RunTime:0.000332s ]
INFO: [ app_begin ] --END-- [ RunTime:0.000373s ]
SQL: SHOW COLUMNS FROM `api_category` [ RunTime:0.0006s ]
SQL: SELECT * FROM `api_category` WHERE `status` = 1 ORDER BY rank desc  [ RunTime:0.0001s ]
SQL: SHOW COLUMNS FROM `api_interface` [ RunTime:0.0004s ]
SQL: SELECT * FROM `api_interface` WHERE `cid` = 1 AND `status` = 1 ORDER BY create_time  [ RunTime:0.0001s ]
SQL: SELECT * FROM `api_interface` WHERE `id` = 1 LIMIT 1   [ RunTime:0.0003s ]
SQL: SELECT `title` FROM `api_category` WHERE `id` = 1 LIMIT 1   [ RunTime:0.0001s ]
SQL: SHOW COLUMNS FROM `api_parameter` [ RunTime:0.0004s ]
SQL: SELECT * FROM `api_parameter` WHERE `iid` = 1 ORDER BY param_rank desc  [ RunTime:0.0002s ]
SQL: SHOW COLUMNS FROM `api_return` [ RunTime:0.0004s ]
SQL: SELECT * FROM `api_return` WHERE `iid` IN ('0','1') ORDER BY return_rank desc  [ RunTime:0.0002s ]
ERR: 模板不存在:./Application/Api/View/Interface/interfaceInfo.html

[ 2016-05-31T01:52:39+08:00 ] 183.38.69.122 /api.php/Index/index.html
INFO: [ app_init ] --START--
INFO: Run Behavior\BuildLiteBehavior [ RunTime:0.000013s ]
INFO: [ app_init ] --END-- [ RunTime:0.000294s ]
INFO: [ app_begin ] --START--
INFO: Run Behavior\ReadHtmlCacheBehavior [ RunTime:0.000359s ]
INFO: [ app_begin ] --END-- [ RunTime:0.000403s ]
SQL: SHOW COLUMNS FROM `api_category` [ RunTime:0.0006s ]
SQL: SELECT * FROM `api_category` WHERE `status` = 1 ORDER BY rank desc  [ RunTime:0.0001s ]
SQL: SHOW COLUMNS FROM `api_interface` [ RunTime:0.0004s ]
SQL: SELECT * FROM `api_interface` WHERE `cid` = 1 AND `status` = 1 ORDER BY create_time  [ RunTime:0.0001s ]
INFO: [ view_parse ] --START--
INFO: [ template_filter ] --START--
INFO: Run Behavior\ContentReplaceBehavior [ RunTime:0.000070s ]
INFO: [ template_filter ] --END-- [ RunTime:0.000120s ]
NOTIC: [8] Undefined index: isLogin /www/web/qiuxx/public_html/Application/Runtime/Cache/Api/51b31191c7d9f8df7ef9291eadae4e42.php 第 36 行.
NOTIC: [8] Undefined variable: like /www/web/qiuxx/public_html/Application/Runtime/Cache/Api/51b31191c7d9f8df7ef9291eadae4e42.php 第 57 行.
NOTIC: [8] Undefined index: isLogin /www/web/qiuxx/public_html/Application/Runtime/Cache/Api/51b31191c7d9f8df7ef9291eadae4e42.php 第 62 行.
NOTIC: [8] Undefined index: isLogin /www/web/qiuxx/public_html/Application/Runtime/Cache/Api/51b31191c7d9f8df7ef9291eadae4e42.php 第 76 行.
NOTIC: [8] Undefined index: cid /www/web/qiuxx/public_html/Application/Runtime/Cache/Api/51b31191c7d9f8df7ef9291eadae4e42.php 第 80 行.
NOTIC: [8] Undefined index: cid /www/web/qiuxx/public_html/Application/Runtime/Cache/Api/51b31191c7d9f8df7ef9291eadae4e42.php 第 86 行.
NOTIC: [8] Undefined index: isLogin /www/web/qiuxx/public_html/Application/Runtime/Cache/Api/51b31191c7d9f8df7ef9291eadae4e42.php 第 108 行.
INFO: Run Behavior\ParseTemplateBehavior [ RunTime:0.009748s ]
INFO: [ view_parse ] --END-- [ RunTime:0.009785s ]
INFO: [ view_filter ] --START--
INFO: Run Behavior\WriteHtmlCacheBehavior [ RunTime:0.000262s ]
INFO: [ view_filter ] --END-- [ RunTime:0.000304s ]
INFO: [ app_end ] --START--
INFO: Run Behavior\ShowPageTraceBehavior [ RunTime:0.000393s ]
INFO: [ app_end ] --END-- [ RunTime:0.000430s ]

[ 2016-05-31T01:52:41+08:00 ] 183.38.69.122 /api.php/Interface/interfaceInfo/id/2/cid/1.html
INFO: [ app_init ] --START--
INFO: Run Behavior\BuildLiteBehavior [ RunTime:0.000015s ]
INFO: [ app_init ] --END-- [ RunTime:0.000418s ]
INFO: [ app_begin ] --START--
INFO: Run Behavior\ReadHtmlCacheBehavior [ RunTime:0.000396s ]
INFO: [ app_begin ] --END-- [ RunTime:0.000436s ]
SQL: SHOW COLUMNS FROM `api_category` [ RunTime:0.0006s ]
SQL: SELECT * FROM `api_category` WHERE `status` = 1 ORDER BY rank desc  [ RunTime:0.0001s ]
SQL: SHOW COLUMNS FROM `api_interface` [ RunTime:0.0005s ]
SQL: SELECT * FROM `api_interface` WHERE `cid` = 1 AND `status` = 1 ORDER BY create_time  [ RunTime:0.0001s ]
SQL: SELECT * FROM `api_interface` WHERE `id` = 2 LIMIT 1   [ RunTime:0.0001s ]
SQL: SELECT `title` FROM `api_category` WHERE `id` = 1 LIMIT 1   [ RunTime:0.0001s ]
SQL: SHOW COLUMNS FROM `api_parameter` [ RunTime:0.0004s ]
SQL: SELECT * FROM `api_parameter` WHERE `iid` = 2 ORDER BY param_rank desc  [ RunTime:0.0001s ]
SQL: SHOW COLUMNS FROM `api_return` [ RunTime:0.0004s ]
SQL: SELECT * FROM `api_return` WHERE `iid` IN ('0','2') ORDER BY return_rank desc  [ RunTime:0.0001s ]
INFO: [ view_parse ] --START--
INFO: [ template_filter ] --START--
INFO: Run Behavior\ContentReplaceBehavior [ RunTime:0.000084s ]
INFO: [ template_filter ] --END-- [ RunTime:0.000129s ]
NOTIC: [8] Undefined index: isLogin /www/web/qiuxx/public_html/Application/Runtime/Cache/Api/976ac8c36f4a7bda0f4bb816ad2dfdac.php 第 36 行.
NOTIC: [8] Undefined variable: like /www/web/qiuxx/public_html/Application/Runtime/Cache/Api/976ac8c36f4a7bda0f4bb816ad2dfdac.php 第 57 行.
NOTIC: [8] Undefined index: isLogin /www/web/qiuxx/public_html/Application/Runtime/Cache/Api/976ac8c36f4a7bda0f4bb816ad2dfdac.php 第 62 行.
NOTIC: [8] Undefined index: isLogin /www/web/qiuxx/public_html/Application/Runtime/Cache/Api/976ac8c36f4a7bda0f4bb816ad2dfdac.php 第 76 行.
NOTIC: [8] Undefined index: isLogin /www/web/qiuxx/public_html/Application/Runtime/Cache/Api/976ac8c36f4a7bda0f4bb816ad2dfdac.php 第 108 行.
NOTIC: [8] Undefined index: isLogin /www/web/qiuxx/public_html/Application/Runtime/Cache/Api/976ac8c36f4a7bda0f4bb816ad2dfdac.php 第 121 行.
INFO: Run Behavior\ParseTemplateBehavior [ RunTime:0.013435s ]
INFO: [ view_parse ] --END-- [ RunTime:0.013475s ]
INFO: [ view_filter ] --START--
INFO: Run Behavior\WriteHtmlCacheBehavior [ RunTime:0.000160s ]
INFO: [ view_filter ] --END-- [ RunTime:0.000201s ]
INFO: [ app_end ] --START--
INFO: Run Behavior\ShowPageTraceBehavior [ RunTime:0.000403s ]
INFO: [ app_end ] --END-- [ RunTime:0.000446s ]

[ 2016-05-31T01:52:45+08:00 ] 183.38.69.122 /api.php/Interface/interfaceInfo/id/1/cid/1.html
INFO: [ app_init ] --START--
INFO: Run Behavior\BuildLiteBehavior [ RunTime:0.000011s ]
INFO: [ app_init ] --END-- [ RunTime:0.000268s ]
INFO: [ app_begin ] --START--
INFO: Run Behavior\ReadHtmlCacheBehavior [ RunTime:0.000345s ]
INFO: [ app_begin ] --END-- [ RunTime:0.000386s ]
SQL: SHOW COLUMNS FROM `api_category` [ RunTime:0.0005s ]
SQL: SELECT * FROM `api_category` WHERE `status` = 1 ORDER BY rank desc  [ RunTime:0.0001s ]
SQL: SHOW COLUMNS FROM `api_interface` [ RunTime:0.0004s ]
SQL: SELECT * FROM `api_interface` WHERE `cid` = 1 AND `status` = 1 ORDER BY create_time  [ RunTime:0.0001s ]
SQL: SELECT * FROM `api_interface` WHERE `id` = 1 LIMIT 1   [ RunTime:0.0001s ]
SQL: SELECT `title` FROM `api_category` WHERE `id` = 1 LIMIT 1   [ RunTime:0.0001s ]
SQL: SHOW COLUMNS FROM `api_parameter` [ RunTime:0.0004s ]
SQL: SELECT * FROM `api_parameter` WHERE `iid` = 1 ORDER BY param_rank desc  [ RunTime:0.0001s ]
SQL: SHOW COLUMNS FROM `api_return` [ RunTime:0.0004s ]
SQL: SELECT * FROM `api_return` WHERE `iid` IN ('0','1') ORDER BY return_rank desc  [ RunTime:0.0001s ]
INFO: [ view_parse ] --START--
INFO: [ template_filter ] --START--
INFO: Run Behavior\ContentReplaceBehavior [ RunTime:0.000084s ]
INFO: [ template_filter ] --END-- [ RunTime:0.000126s ]
NOTIC: [8] Undefined index: isLogin /www/web/qiuxx/public_html/Application/Runtime/Cache/Api/976ac8c36f4a7bda0f4bb816ad2dfdac.php 第 36 行.
NOTIC: [8] Undefined variable: like /www/web/qiuxx/public_html/Application/Runtime/Cache/Api/976ac8c36f4a7bda0f4bb816ad2dfdac.php 第 57 行.
NOTIC: [8] Undefined index: isLogin /www/web/qiuxx/public_html/Application/Runtime/Cache/Api/976ac8c36f4a7bda0f4bb816ad2dfdac.php 第 62 行.
NOTIC: [8] Undefined index: isLogin /www/web/qiuxx/public_html/Application/Runtime/Cache/Api/976ac8c36f4a7bda0f4bb816ad2dfdac.php 第 76 行.
NOTIC: [8] Undefined index: isLogin /www/web/qiuxx/public_html/Application/Runtime/Cache/Api/976ac8c36f4a7bda0f4bb816ad2dfdac.php 第 108 行.
NOTIC: [8] Undefined index: isLogin /www/web/qiuxx/public_html/Application/Runtime/Cache/Api/976ac8c36f4a7bda0f4bb816ad2dfdac.php 第 121 行.
INFO: Run Behavior\ParseTemplateBehavior [ RunTime:0.012291s ]
INFO: [ view_parse ] --END-- [ RunTime:0.012328s ]
INFO: [ view_filter ] --START--
INFO: Run Behavior\WriteHtmlCacheBehavior [ RunTime:0.000170s ]
INFO: [ view_filter ] --END-- [ RunTime:0.000203s ]
INFO: [ app_end ] --START--
INFO: Run Behavior\ShowPageTraceBehavior [ RunTime:0.000358s ]
INFO: [ app_end ] --END-- [ RunTime:0.000397s ]

[ 2016-05-31T01:52:52+08:00 ] 183.38.69.122 /api.php/Interface/interfaceInfo/id/2/cid/1.html
INFO: [ app_init ] --START--
INFO: Run Behavior\BuildLiteBehavior [ RunTime:0.000013s ]
INFO: [ app_init ] --END-- [ RunTime:0.000270s ]
INFO: [ app_begin ] --START--
INFO: Run Behavior\ReadHtmlCacheBehavior [ RunTime:0.000350s ]
INFO: [ app_begin ] --END-- [ RunTime:0.000400s ]
SQL: SHOW COLUMNS FROM `api_category` [ RunTime:0.0005s ]
SQL: SELECT * FROM `api_category` WHERE `status` = 1 ORDER BY rank desc  [ RunTime:0.0001s ]
SQL: SHOW COLUMNS FROM `api_interface` [ RunTime:0.0004s ]
SQL: SELECT * FROM `api_interface` WHERE `cid` = 1 AND `status` = 1 ORDER BY create_time  [ RunTime:0.0001s ]
SQL: SELECT * FROM `api_interface` WHERE `id` = 2 LIMIT 1   [ RunTime:0.0001s ]
SQL: SELECT `title` FROM `api_category` WHERE `id` = 1 LIMIT 1   [ RunTime:0.0001s ]
SQL: SHOW COLUMNS FROM `api_parameter` [ RunTime:0.0004s ]
SQL: SELECT * FROM `api_parameter` WHERE `iid` = 2 ORDER BY param_rank desc  [ RunTime:0.0001s ]
SQL: SHOW COLUMNS FROM `api_return` [ RunTime:0.0004s ]
SQL: SELECT * FROM `api_return` WHERE `iid` IN ('0','2') ORDER BY return_rank desc  [ RunTime:0.0001s ]
INFO: [ view_parse ] --START--
INFO: [ template_filter ] --START--
INFO: Run Behavior\ContentReplaceBehavior [ RunTime:0.000080s ]
INFO: [ template_filter ] --END-- [ RunTime:0.000120s ]
NOTIC: [8] Undefined index: isLogin /www/web/qiuxx/public_html/Application/Runtime/Cache/Api/976ac8c36f4a7bda0f4bb816ad2dfdac.php 第 36 行.
NOTIC: [8] Undefined variable: like /www/web/qiuxx/public_html/Application/Runtime/Cache/Api/976ac8c36f4a7bda0f4bb816ad2dfdac.php 第 57 行.
NOTIC: [8] Undefined index: isLogin /www/web/qiuxx/public_html/Application/Runtime/Cache/Api/976ac8c36f4a7bda0f4bb816ad2dfdac.php 第 62 行.
NOTIC: [8] Undefined index: isLogin /www/web/qiuxx/public_html/Application/Runtime/Cache/Api/976ac8c36f4a7bda0f4bb816ad2dfdac.php 第 76 行.
NOTIC: [8] Undefined index: isLogin /www/web/qiuxx/public_html/Application/Runtime/Cache/Api/976ac8c36f4a7bda0f4bb816ad2dfdac.php 第 108 行.
NOTIC: [8] Undefined index: isLogin /www/web/qiuxx/public_html/Application/Runtime/Cache/Api/976ac8c36f4a7bda0f4bb816ad2dfdac.php 第 121 行.
INFO: Run Behavior\ParseTemplateBehavior [ RunTime:0.012567s ]
INFO: [ view_parse ] --END-- [ RunTime:0.012604s ]
INFO: [ view_filter ] --START--
INFO: Run Behavior\WriteHtmlCacheBehavior [ RunTime:0.000156s ]
INFO: [ view_filter ] --END-- [ RunTime:0.000188s ]
INFO: [ app_end ] --START--
INFO: Run Behavior\ShowPageTraceBehavior [ RunTime:0.000427s ]
INFO: [ app_end ] --END-- [ RunTime:0.000466s ]

[ 2016-05-31T10:25:20+08:00 ] 112.90.82.218 /api.php/Interface/interfaceInfo/id/2/cid/1.html
INFO: [ app_init ] --START--
INFO: Run Behavior\BuildLiteBehavior [ RunTime:0.000019s ]
INFO: [ app_init ] --END-- [ RunTime:0.000298s ]
INFO: [ app_begin ] --START--
INFO: Run Behavior\ReadHtmlCacheBehavior [ RunTime:0.000367s ]
INFO: [ app_begin ] --END-- [ RunTime:0.000406s ]
SQL: SHOW COLUMNS FROM `api_category` [ RunTime:0.0005s ]
SQL: SELECT * FROM `api_category` WHERE `status` = 1 ORDER BY rank desc  [ RunTime:0.0001s ]
SQL: SHOW COLUMNS FROM `api_interface` [ RunTime:0.0004s ]
SQL: SELECT * FROM `api_interface` WHERE `cid` = 1 AND `status` = 1 ORDER BY create_time  [ RunTime:0.0001s ]
SQL: SELECT * FROM `api_interface` WHERE `id` = 2 LIMIT 1   [ RunTime:0.0001s ]
SQL: SELECT `title` FROM `api_category` WHERE `id` = 1 LIMIT 1   [ RunTime:0.0001s ]
SQL: SHOW COLUMNS FROM `api_parameter` [ RunTime:0.0004s ]
SQL: SELECT * FROM `api_parameter` WHERE `iid` = 2 ORDER BY param_rank desc  [ RunTime:0.0001s ]
SQL: SHOW COLUMNS FROM `api_return` [ RunTime:0.0004s ]
SQL: SELECT * FROM `api_return` WHERE `iid` IN ('0','2') ORDER BY return_rank desc  [ RunTime:0.0001s ]
INFO: [ view_parse ] --START--
INFO: [ template_filter ] --START--
INFO: Run Behavior\ContentReplaceBehavior [ RunTime:0.000094s ]
INFO: [ template_filter ] --END-- [ RunTime:0.000146s ]
NOTIC: [8] Undefined index: isLogin /www/web/qiuxx/public_html/Application/Runtime/Cache/Api/976ac8c36f4a7bda0f4bb816ad2dfdac.php 第 36 行.
NOTIC: [8] Undefined variable: like /www/web/qiuxx/public_html/Application/Runtime/Cache/Api/976ac8c36f4a7bda0f4bb816ad2dfdac.php 第 57 行.
NOTIC: [8] Undefined index: isLogin /www/web/qiuxx/public_html/Application/Runtime/Cache/Api/976ac8c36f4a7bda0f4bb816ad2dfdac.php 第 62 行.
NOTIC: [8] Undefined index: isLogin /www/web/qiuxx/public_html/Application/Runtime/Cache/Api/976ac8c36f4a7bda0f4bb816ad2dfdac.php 第 76 行.
NOTIC: [8] Undefined index: isLogin /www/web/qiuxx/public_html/Application/Runtime/Cache/Api/976ac8c36f4a7bda0f4bb816ad2dfdac.php 第 108 行.
NOTIC: [8] Undefined index: isLogin /www/web/qiuxx/public_html/Application/Runtime/Cache/Api/976ac8c36f4a7bda0f4bb816ad2dfdac.php 第 121 行.
INFO: Run Behavior\ParseTemplateBehavior [ RunTime:0.013298s ]
INFO: [ view_parse ] --END-- [ RunTime:0.013337s ]
INFO: [ view_filter ] --START--
INFO: Run Behavior\WriteHtmlCacheBehavior [ RunTime:0.000163s ]
INFO: [ view_filter ] --END-- [ RunTime:0.000204s ]
INFO: [ app_end ] --START--
INFO: Run Behavior\ShowPageTraceBehavior [ RunTime:0.000386s ]
INFO: [ app_end ] --END-- [ RunTime:0.000428s ]

[ 2016-05-31T10:25:21+08:00 ] 163.177.69.37 /api.php/Interface/interfaceInfo/id/2/cid/1.html
INFO: [ app_init ] --START--
INFO: Run Behavior\BuildLiteBehavior [ RunTime:0.000014s ]
INFO: [ app_init ] --END-- [ RunTime:0.000293s ]
INFO: [ app_begin ] --START--
INFO: Run Behavior\ReadHtmlCacheBehavior [ RunTime:0.000354s ]
INFO: [ app_begin ] --END-- [ RunTime:0.000395s ]
SQL: SHOW COLUMNS FROM `api_category` [ RunTime:0.0006s ]
SQL: SELECT * FROM `api_category` WHERE `status` = 1 ORDER BY rank desc  [ RunTime:0.0001s ]
SQL: SHOW COLUMNS FROM `api_interface` [ RunTime:0.0004s ]
SQL: SELECT * FROM `api_interface` WHERE `cid` = 1 AND `status` = 1 ORDER BY create_time  [ RunTime:0.0001s ]
SQL: SELECT * FROM `api_interface` WHERE `id` = 2 LIMIT 1   [ RunTime:0.0001s ]
SQL: SELECT `title` FROM `api_category` WHERE `id` = 1 LIMIT 1   [ RunTime:0.0001s ]
SQL: SHOW COLUMNS FROM `api_parameter` [ RunTime:0.0004s ]
SQL: SELECT * FROM `api_parameter` WHERE `iid` = 2 ORDER BY param_rank desc  [ RunTime:0.0001s ]
SQL: SHOW COLUMNS FROM `api_return` [ RunTime:0.0004s ]
SQL: SELECT * FROM `api_return` WHERE `iid` IN ('0','2') ORDER BY return_rank desc  [ RunTime:0.0001s ]
INFO: [ view_parse ] --START--
INFO: [ template_filter ] --START--
INFO: Run Behavior\ContentReplaceBehavior [ RunTime:0.000165s ]
INFO: [ template_filter ] --END-- [ RunTime:0.000241s ]
NOTIC: [8] Undefined index: isLogin /www/web/qiuxx/public_html/Application/Runtime/Cache/Api/976ac8c36f4a7bda0f4bb816ad2dfdac.php 第 36 行.
NOTIC: [8] Undefined variable: like /www/web/qiuxx/public_html/Application/Runtime/Cache/Api/976ac8c36f4a7bda0f4bb816ad2dfdac.php 第 57 行.
NOTIC: [8] Undefined index: isLogin /www/web/qiuxx/public_html/Application/Runtime/Cache/Api/976ac8c36f4a7bda0f4bb816ad2dfdac.php 第 62 行.
NOTIC: [8] Undefined index: isLogin /www/web/qiuxx/public_html/Application/Runtime/Cache/Api/976ac8c36f4a7bda0f4bb816ad2dfdac.php 第 76 行.
NOTIC: [8] Undefined index: isLogin /www/web/qiuxx/public_html/Application/Runtime/Cache/Api/976ac8c36f4a7bda0f4bb816ad2dfdac.php 第 108 行.
NOTIC: [8] Undefined index: isLogin /www/web/qiuxx/public_html/Application/Runtime/Cache/Api/976ac8c36f4a7bda0f4bb816ad2dfdac.php 第 121 行.
INFO: Run Behavior\ParseTemplateBehavior [ RunTime:0.013829s ]
INFO: [ view_parse ] --END-- [ RunTime:0.013869s ]
INFO: [ view_filter ] --START--
INFO: Run Behavior\WriteHtmlCacheBehavior [ RunTime:0.000172s ]
INFO: [ view_filter ] --END-- [ RunTime:0.000217s ]
INFO: [ app_end ] --START--
INFO: Run Behavior\ShowPageTraceBehavior [ RunTime:0.000477s ]
INFO: [ app_end ] --END-- [ RunTime:0.000519s ]

[ 2016-05-31T10:25:21+08:00 ] 101.226.89.123 /api.php/Interface/interfaceInfo/id/2/cid/1.html
INFO: [ app_init ] --START--
INFO: Run Behavior\BuildLiteBehavior [ RunTime:0.000013s ]
INFO: [ app_init ] --END-- [ RunTime:0.000266s ]
INFO: [ app_begin ] --START--
INFO: Run Behavior\ReadHtmlCacheBehavior [ RunTime:0.000346s ]
INFO: [ app_begin ] --END-- [ RunTime:0.000386s ]
SQL: SHOW COLUMNS FROM `api_category` [ RunTime:0.0005s ]
SQL: SELECT * FROM `api_category` WHERE `status` = 1 ORDER BY rank desc  [ RunTime:0.0001s ]
SQL: SHOW COLUMNS FROM `api_interface` [ RunTime:0.0004s ]
SQL: SELECT * FROM `api_interface` WHERE `cid` = 1 AND `status` = 1 ORDER BY create_time  [ RunTime:0.0001s ]
SQL: SELECT * FROM `api_interface` WHERE `id` = 2 LIMIT 1   [ RunTime:0.0001s ]
SQL: SELECT `title` FROM `api_category` WHERE `id` = 1 LIMIT 1   [ RunTime:0.0001s ]
SQL: SHOW COLUMNS FROM `api_parameter` [ RunTime:0.0004s ]
SQL: SELECT * FROM `api_parameter` WHERE `iid` = 2 ORDER BY param_rank desc  [ RunTime:0.0001s ]
SQL: SHOW COLUMNS FROM `api_return` [ RunTime:0.0003s ]
SQL: SELECT * FROM `api_return` WHERE `iid` IN ('0','2') ORDER BY return_rank desc  [ RunTime:0.0001s ]
INFO: [ view_parse ] --START--
INFO: [ template_filter ] --START--
INFO: Run Behavior\ContentReplaceBehavior [ RunTime:0.000107s ]
INFO: [ template_filter ] --END-- [ RunTime:0.000181s ]
NOTIC: [8] Undefined index: isLogin /www/web/qiuxx/public_html/Application/Runtime/Cache/Api/976ac8c36f4a7bda0f4bb816ad2dfdac.php 第 36 行.
NOTIC: [8] Undefined variable: like /www/web/qiuxx/public_html/Application/Runtime/Cache/Api/976ac8c36f4a7bda0f4bb816ad2dfdac.php 第 57 行.
NOTIC: [8] Undefined index: isLogin /www/web/qiuxx/public_html/Application/Runtime/Cache/Api/976ac8c36f4a7bda0f4bb816ad2dfdac.php 第 62 行.
NOTIC: [8] Undefined index: isLogin /www/web/qiuxx/public_html/Application/Runtime/Cache/Api/976ac8c36f4a7bda0f4bb816ad2dfdac.php 第 76 行.
NOTIC: [8] Undefined index: isLogin /www/web/qiuxx/public_html/Application/Runtime/Cache/Api/976ac8c36f4a7bda0f4bb816ad2dfdac.php 第 108 行.
NOTIC: [8] Undefined index: isLogin /www/web/qiuxx/public_html/Application/Runtime/Cache/Api/976ac8c36f4a7bda0f4bb816ad2dfdac.php 第 121 行.
INFO: Run Behavior\ParseTemplateBehavior [ RunTime:0.013724s ]
INFO: [ view_parse ] --END-- [ RunTime:0.013763s ]
INFO: [ view_filter ] --START--
INFO: Run Behavior\WriteHtmlCacheBehavior [ RunTime:0.000222s ]
INFO: [ view_filter ] --END-- [ RunTime:0.000255s ]
INFO: [ app_end ] --START--
INFO: Run Behavior\ShowPageTraceBehavior [ RunTime:0.000388s ]
INFO: [ app_end ] --END-- [ RunTime:0.000431s ]

[ 2016-05-31T10:25:35+08:00 ] 183.60.62.44 /api.php/Interface/interfaceInfo/id/1/cid/1.html
INFO: [ app_init ] --START--
INFO: Run Behavior\BuildLiteBehavior [ RunTime:0.000014s ]
INFO: [ app_init ] --END-- [ RunTime:0.000275s ]
INFO: [ app_begin ] --START--
INFO: Run Behavior\ReadHtmlCacheBehavior [ RunTime:0.000388s ]
INFO: [ app_begin ] --END-- [ RunTime:0.000428s ]
SQL: SHOW COLUMNS FROM `api_category` [ RunTime:0.0005s ]
SQL: SELECT * FROM `api_category` WHERE `status` = 1 ORDER BY rank desc  [ RunTime:0.0001s ]
SQL: SHOW COLUMNS FROM `api_interface` [ RunTime:0.0004s ]
SQL: SELECT * FROM `api_interface` WHERE `cid` = 1 AND `status` = 1 ORDER BY create_time  [ RunTime:0.0001s ]
SQL: SELECT * FROM `api_interface` WHERE `id` = 1 LIMIT 1   [ RunTime:0.0001s ]
SQL: SELECT `title` FROM `api_category` WHERE `id` = 1 LIMIT 1   [ RunTime:0.0001s ]
SQL: SHOW COLUMNS FROM `api_parameter` [ RunTime:0.0004s ]
SQL: SELECT * FROM `api_parameter` WHERE `iid` = 1 ORDER BY param_rank desc  [ RunTime:0.0001s ]
SQL: SHOW COLUMNS FROM `api_return` [ RunTime:0.0004s ]
SQL: SELECT * FROM `api_return` WHERE `iid` IN ('0','1') ORDER BY return_rank desc  [ RunTime:0.0001s ]
INFO: [ view_parse ] --START--
INFO: [ template_filter ] --START--
INFO: Run Behavior\ContentReplaceBehavior [ RunTime:0.000091s ]
INFO: [ template_filter ] --END-- [ RunTime:0.000148s ]
NOTIC: [8] Undefined index: isLogin /www/web/qiuxx/public_html/Application/Runtime/Cache/Api/976ac8c36f4a7bda0f4bb816ad2dfdac.php 第 36 行.
NOTIC: [8] Undefined variable: like /www/web/qiuxx/public_html/Application/Runtime/Cache/Api/976ac8c36f4a7bda0f4bb816ad2dfdac.php 第 57 行.
NOTIC: [8] Undefined index: isLogin /www/web/qiuxx/public_html/Application/Runtime/Cache/Api/976ac8c36f4a7bda0f4bb816ad2dfdac.php 第 62 行.
NOTIC: [8] Undefined index: isLogin /www/web/qiuxx/public_html/Application/Runtime/Cache/Api/976ac8c36f4a7bda0f4bb816ad2dfdac.php 第 76 行.
NOTIC: [8] Undefined index: isLogin /www/web/qiuxx/public_html/Application/Runtime/Cache/Api/976ac8c36f4a7bda0f4bb816ad2dfdac.php 第 108 行.
NOTIC: [8] Undefined index: isLogin /www/web/qiuxx/public_html/Application/Runtime/Cache/Api/976ac8c36f4a7bda0f4bb816ad2dfdac.php 第 121 行.
INFO: Run Behavior\ParseTemplateBehavior [ RunTime:0.012589s ]
INFO: [ view_parse ] --END-- [ RunTime:0.012628s ]
INFO: [ view_filter ] --START--
INFO: Run Behavior\WriteHtmlCacheBehavior [ RunTime:0.000166s ]
INFO: [ view_filter ] --END-- [ RunTime:0.000198s ]
INFO: [ app_end ] --START--
INFO: Run Behavior\ShowPageTraceBehavior [ RunTime:0.000383s ]
INFO: [ app_end ] --END-- [ RunTime:0.000425s ]

[ 2016-05-31T10:27:30+08:00 ] 101.226.68.215 /api.php
INFO: [ app_init ] --START--
INFO: Run Behavior\BuildLiteBehavior [ RunTime:0.000014s ]
INFO: [ app_init ] --END-- [ RunTime:0.000304s ]
INFO: [ app_begin ] --START--
INFO: Run Behavior\ReadHtmlCacheBehavior [ RunTime:0.000366s ]
INFO: [ app_begin ] --END-- [ RunTime:0.000417s ]
SQL: SHOW COLUMNS FROM `api_category` [ RunTime:0.0006s ]
SQL: SELECT * FROM `api_category` WHERE `status` = 1 ORDER BY rank desc  [ RunTime:0.0001s ]
SQL: SHOW COLUMNS FROM `api_interface` [ RunTime:0.0004s ]
SQL: SELECT * FROM `api_interface` WHERE `cid` = 1 AND `status` = 1 ORDER BY create_time  [ RunTime:0.0001s ]
INFO: [ view_parse ] --START--
INFO: [ template_filter ] --START--
INFO: Run Behavior\ContentReplaceBehavior [ RunTime:0.000065s ]
INFO: [ template_filter ] --END-- [ RunTime:0.000105s ]
NOTIC: [8] Undefined index: isLogin /www/web/qiuxx/public_html/Application/Runtime/Cache/Api/51b31191c7d9f8df7ef9291eadae4e42.php 第 36 行.
NOTIC: [8] Undefined variable: like /www/web/qiuxx/public_html/Application/Runtime/Cache/Api/51b31191c7d9f8df7ef9291eadae4e42.php 第 57 行.
NOTIC: [8] Undefined index: isLogin /www/web/qiuxx/public_html/Application/Runtime/Cache/Api/51b31191c7d9f8df7ef9291eadae4e42.php 第 62 行.
NOTIC: [8] Undefined index: isLogin /www/web/qiuxx/public_html/Application/Runtime/Cache/Api/51b31191c7d9f8df7ef9291eadae4e42.php 第 76 行.
NOTIC: [8] Undefined index: cid /www/web/qiuxx/public_html/Application/Runtime/Cache/Api/51b31191c7d9f8df7ef9291eadae4e42.php 第 80 行.
NOTIC: [8] Undefined index: cid /www/web/qiuxx/public_html/Application/Runtime/Cache/Api/51b31191c7d9f8df7ef9291eadae4e42.php 第 86 行.
NOTIC: [8] Undefined index: isLogin /www/web/qiuxx/public_html/Application/Runtime/Cache/Api/51b31191c7d9f8df7ef9291eadae4e42.php 第 108 行.
INFO: Run Behavior\ParseTemplateBehavior [ RunTime:0.009688s ]
INFO: [ view_parse ] --END-- [ RunTime:0.009724s ]
INFO: [ view_filter ] --START--
INFO: Run Behavior\WriteHtmlCacheBehavior [ RunTime:0.000240s ]
INFO: [ view_filter ] --END-- [ RunTime:0.000273s ]
INFO: [ app_end ] --START--
INFO: Run Behavior\ShowPageTraceBehavior [ RunTime:0.000403s ]
INFO: [ app_end ] --END-- [ RunTime:0.000439s ]

[ 2016-05-31T10:27:33+08:00 ] 14.17.34.191 /api.php
INFO: [ app_init ] --START--
INFO: Run Behavior\BuildLiteBehavior [ RunTime:0.000012s ]
INFO: [ app_init ] --END-- [ RunTime:0.000262s ]
INFO: [ app_begin ] --START--
INFO: Run Behavior\ReadHtmlCacheBehavior [ RunTime:0.000342s ]
INFO: [ app_begin ] --END-- [ RunTime:0.000382s ]
SQL: SHOW COLUMNS FROM `api_category` [ RunTime:0.0005s ]
SQL: SELECT * FROM `api_category` WHERE `status` = 1 ORDER BY rank desc  [ RunTime:0.0001s ]
SQL: SHOW COLUMNS FROM `api_interface` [ RunTime:0.0004s ]
SQL: SELECT * FROM `api_interface` WHERE `cid` = 1 AND `status` = 1 ORDER BY create_time  [ RunTime:0.0001s ]
INFO: [ view_parse ] --START--
INFO: [ template_filter ] --START--
INFO: Run Behavior\ContentReplaceBehavior [ RunTime:0.000084s ]
INFO: [ template_filter ] --END-- [ RunTime:0.000136s ]
NOTIC: [8] Undefined index: isLogin /www/web/qiuxx/public_html/Application/Runtime/Cache/Api/51b31191c7d9f8df7ef9291eadae4e42.php 第 36 行.
NOTIC: [8] Undefined variable: like /www/web/qiuxx/public_html/Application/Runtime/Cache/Api/51b31191c7d9f8df7ef9291eadae4e42.php 第 57 行.
NOTIC: [8] Undefined index: isLogin /www/web/qiuxx/public_html/Application/Runtime/Cache/Api/51b31191c7d9f8df7ef9291eadae4e42.php 第 62 行.
NOTIC: [8] Undefined index: isLogin /www/web/qiuxx/public_html/Application/Runtime/Cache/Api/51b31191c7d9f8df7ef9291eadae4e42.php 第 76 行.
NOTIC: [8] Undefined index: cid /www/web/qiuxx/public_html/Application/Runtime/Cache/Api/51b31191c7d9f8df7ef9291eadae4e42.php 第 80 行.
NOTIC: [8] Undefined index: cid /www/web/qiuxx/public_html/Application/Runtime/Cache/Api/51b31191c7d9f8df7ef9291eadae4e42.php 第 86 行.
NOTIC: [8] Undefined index: isLogin /www/web/qiuxx/public_html/Application/Runtime/Cache/Api/51b31191c7d9f8df7ef9291eadae4e42.php 第 108 行.
INFO: Run Behavior\ParseTemplateBehavior [ RunTime:0.009459s ]
INFO: [ view_parse ] --END-- [ RunTime:0.009496s ]
INFO: [ view_filter ] --START--
INFO: Run Behavior\WriteHtmlCacheBehavior [ RunTime:0.000155s ]
INFO: [ view_filter ] --END-- [ RunTime:0.000188s ]
INFO: [ app_end ] --START--
INFO: Run Behavior\ShowPageTraceBehavior [ RunTime:0.000502s ]
INFO: [ app_end ] --END-- [ RunTime:0.000549s ]

[ 2016-05-31T12:30:43+08:00 ] 14.17.34.182 /api.php/Login/login.html
INFO: [ app_init ] --START--
INFO: Run Behavior\BuildLiteBehavior [ RunTime:0.000013s ]
INFO: [ app_init ] --END-- [ RunTime:0.000281s ]
INFO: [ app_begin ] --START--
INFO: Run Behavior\ReadHtmlCacheBehavior [ RunTime:0.000381s ]
INFO: [ app_begin ] --END-- [ RunTime:0.000423s ]
SQL: SHOW COLUMNS FROM `api_category` [ RunTime:0.0005s ]
SQL: SELECT * FROM `api_category` WHERE `status` = 1 ORDER BY rank desc  [ RunTime:0.0001s ]
SQL: SHOW COLUMNS FROM `api_interface` [ RunTime:0.0004s ]
SQL: SELECT * FROM `api_interface` WHERE `cid` = 1 AND `status` = 1 ORDER BY create_time  [ RunTime:0.0001s ]
INFO: [ view_parse ] --START--
INFO: [ template_filter ] --START--
INFO: Run Behavior\ContentReplaceBehavior [ RunTime:0.000138s ]
INFO: [ template_filter ] --END-- [ RunTime:0.000182s ]
NOTIC: [8] Undefined index: isLogin /www/web/qiuxx/public_html/Application/Runtime/Cache/Api/30aa4fd9eca93d9bd1eea70634211bd0.php 第 36 行.
NOTIC: [8] Undefined variable: like /www/web/qiuxx/public_html/Application/Runtime/Cache/Api/30aa4fd9eca93d9bd1eea70634211bd0.php 第 57 行.
NOTIC: [8] Undefined index: isLogin /www/web/qiuxx/public_html/Application/Runtime/Cache/Api/30aa4fd9eca93d9bd1eea70634211bd0.php 第 62 行.
NOTIC: [8] Undefined index: isLogin /www/web/qiuxx/public_html/Application/Runtime/Cache/Api/30aa4fd9eca93d9bd1eea70634211bd0.php 第 76 行.
NOTIC: [8] Undefined index: cid /www/web/qiuxx/public_html/Application/Runtime/Cache/Api/30aa4fd9eca93d9bd1eea70634211bd0.php 第 80 行.
NOTIC: [8] Undefined index: cid /www/web/qiuxx/public_html/Application/Runtime/Cache/Api/30aa4fd9eca93d9bd1eea70634211bd0.php 第 86 行.
NOTIC: [8] Undefined index: isLogin /www/web/qiuxx/public_html/Application/Runtime/Cache/Api/30aa4fd9eca93d9bd1eea70634211bd0.php 第 108 行.
INFO: Run Behavior\ParseTemplateBehavior [ RunTime:0.010813s ]
INFO: [ view_parse ] --END-- [ RunTime:0.010852s ]
INFO: [ view_filter ] --START--
INFO: Run Behavior\WriteHtmlCacheBehavior [ RunTime:0.000160s ]
INFO: [ view_filter ] --END-- [ RunTime:0.000193s ]
INFO: [ app_end ] --START--
INFO: Run Behavior\ShowPageTraceBehavior [ RunTime:0.000386s ]
INFO: [ app_end ] --END-- [ RunTime:0.000427s ]

[ 2016-05-31T12:31:06+08:00 ] 112.90.78.25 /api.php/Index/index.html
INFO: [ app_init ] --START--
INFO: Run Behavior\BuildLiteBehavior [ RunTime:0.000012s ]
INFO: [ app_init ] --END-- [ RunTime:0.000273s ]
INFO: [ app_begin ] --START--
INFO: Run Behavior\ReadHtmlCacheBehavior [ RunTime:0.000333s ]
INFO: [ app_begin ] --END-- [ RunTime:0.000392s ]
SQL: SHOW COLUMNS FROM `api_category` [ RunTime:0.0089s ]
SQL: SELECT * FROM `api_category` WHERE `status` = 1 ORDER BY rank desc  [ RunTime:0.0001s ]
SQL: SHOW COLUMNS FROM `api_interface` [ RunTime:0.0004s ]
SQL: SELECT * FROM `api_interface` WHERE `cid` = 1 AND `status` = 1 ORDER BY create_time  [ RunTime:0.0001s ]
INFO: [ view_parse ] --START--
INFO: [ template_filter ] --START--
INFO: Run Behavior\ContentReplaceBehavior [ RunTime:0.000073s ]
INFO: [ template_filter ] --END-- [ RunTime:0.000118s ]
NOTIC: [8] Undefined index: isLogin /www/web/qiuxx/public_html/Application/Runtime/Cache/Api/51b31191c7d9f8df7ef9291eadae4e42.php 第 36 行.
NOTIC: [8] Undefined variable: like /www/web/qiuxx/public_html/Application/Runtime/Cache/Api/51b31191c7d9f8df7ef9291eadae4e42.php 第 57 行.
NOTIC: [8] Undefined index: isLogin /www/web/qiuxx/public_html/Application/Runtime/Cache/Api/51b31191c7d9f8df7ef9291eadae4e42.php 第 62 行.
NOTIC: [8] Undefined index: isLogin /www/web/qiuxx/public_html/Application/Runtime/Cache/Api/51b31191c7d9f8df7ef9291eadae4e42.php 第 76 行.
NOTIC: [8] Undefined index: cid /www/web/qiuxx/public_html/Application/Runtime/Cache/Api/51b31191c7d9f8df7ef9291eadae4e42.php 第 80 行.
NOTIC: [8] Undefined index: cid /www/web/qiuxx/public_html/Application/Runtime/Cache/Api/51b31191c7d9f8df7ef9291eadae4e42.php 第 86 行.
NOTIC: [8] Undefined index: isLogin /www/web/qiuxx/public_html/Application/Runtime/Cache/Api/51b31191c7d9f8df7ef9291eadae4e42.php 第 108 行.
INFO: Run Behavior\ParseTemplateBehavior [ RunTime:0.010840s ]
INFO: [ view_parse ] --END-- [ RunTime:0.010877s ]
INFO: [ view_filter ] --START--
INFO: Run Behavior\WriteHtmlCacheBehavior [ RunTime:0.000172s ]
INFO: [ view_filter ] --END-- [ RunTime:0.000205s ]
INFO: [ app_end ] --START--
INFO: Run Behavior\ShowPageTraceBehavior [ RunTime:0.000452s ]
INFO: [ app_end ] --END-- [ RunTime:0.000488s ]

