[ 2016-06-18T12:56:49+08:00 ] 60.212.58.54 /api.php
INFO: [ app_init ] --START--
INFO: Run Behavior\BuildLiteBehavior [ RunTime:0.000014s ]
INFO: [ app_init ] --END-- [ RunTime:0.000273s ]
INFO: [ app_begin ] --START--
INFO: Run Behavior\ReadHtmlCacheBehavior [ RunTime:0.000480s ]
INFO: [ app_begin ] --END-- [ RunTime:0.000532s ]
SQL: SHOW COLUMNS FROM `api_category` [ RunTime:0.0008s ]
SQL: SELECT * FROM `api_category` WHERE `status` = 1 ORDER BY rank desc  [ RunTime:0.0001s ]
SQL: SHOW COLUMNS FROM `api_interface` [ RunTime:0.0006s ]
SQL: SELECT * FROM `api_interface` WHERE `cid` = 1 AND `status` = 1 ORDER BY create_time  [ RunTime:0.0002s ]
SQL: SELECT * FROM `api_interface` WHERE `cid` = 2 AND `status` = 1 ORDER BY create_time  [ RunTime:0.0001s ]
INFO: [ view_parse ] --START--
INFO: [ template_filter ] --START--
INFO: Run Behavior\ContentReplaceBehavior [ RunTime:0.000092s ]
INFO: [ template_filter ] --END-- [ RunTime:0.000151s ]
NOTIC: [8] Undefined index: isLogin /www/web/qiuxx/public_html/Application/Runtime/Cache/Api/51b31191c7d9f8df7ef9291eadae4e42.php 第 36 行.
NOTIC: [8] Undefined variable: like /www/web/qiuxx/public_html/Application/Runtime/Cache/Api/51b31191c7d9f8df7ef9291eadae4e42.php 第 57 行.
NOTIC: [8] Undefined index: isLogin /www/web/qiuxx/public_html/Application/Runtime/Cache/Api/51b31191c7d9f8df7ef9291eadae4e42.php 第 62 行.
NOTIC: [8] Undefined index: isLogin /www/web/qiuxx/public_html/Application/Runtime/Cache/Api/51b31191c7d9f8df7ef9291eadae4e42.php 第 76 行.
NOTIC: [8] Undefined index: cid /www/web/qiuxx/public_html/Application/Runtime/Cache/Api/51b31191c7d9f8df7ef9291eadae4e42.php 第 80 行.
NOTIC: [8] Undefined index: cid /www/web/qiuxx/public_html/Application/Runtime/Cache/Api/51b31191c7d9f8df7ef9291eadae4e42.php 第 86 行.
NOTIC: [8] Undefined index: isLogin /www/web/qiuxx/public_html/Application/Runtime/Cache/Api/51b31191c7d9f8df7ef9291eadae4e42.php 第 76 行.
NOTIC: [8] Undefined index: cid /www/web/qiuxx/public_html/Application/Runtime/Cache/Api/51b31191c7d9f8df7ef9291eadae4e42.php 第 80 行.
NOTIC: [8] Undefined index: cid /www/web/qiuxx/public_html/Application/Runtime/Cache/Api/51b31191c7d9f8df7ef9291eadae4e42.php 第 86 行.
NOTIC: [8] Undefined index: isLogin /www/web/qiuxx/public_html/Application/Runtime/Cache/Api/51b31191c7d9f8df7ef9291eadae4e42.php 第 108 行.
INFO: Run Behavior\ParseTemplateBehavior [ RunTime:0.011145s ]
INFO: [ view_parse ] --END-- [ RunTime:0.011208s ]
INFO: [ view_filter ] --START--
INFO: Run Behavior\WriteHtmlCacheBehavior [ RunTime:0.000229s ]
INFO: [ view_filter ] --END-- [ RunTime:0.000279s ]
INFO: [ app_end ] --START--
INFO: Run Behavior\ShowPageTraceBehavior [ RunTime:0.000573s ]
INFO: [ app_end ] --END-- [ RunTime:0.000632s ]

[ 2016-06-18T12:56:57+08:00 ] 101.226.64.174 /api.php
INFO: [ app_init ] --START--
INFO: Run Behavior\BuildLiteBehavior [ RunTime:0.000015s ]
INFO: [ app_init ] --END-- [ RunTime:0.000301s ]
INFO: [ app_begin ] --START--
INFO: Run Behavior\ReadHtmlCacheBehavior [ RunTime:0.000384s ]
INFO: [ app_begin ] --END-- [ RunTime:0.000429s ]
SQL: SHOW COLUMNS FROM `api_category` [ RunTime:0.0005s ]
SQL: SELECT * FROM `api_category` WHERE `status` = 1 ORDER BY rank desc  [ RunTime:0.0001s ]
SQL: SHOW COLUMNS FROM `api_interface` [ RunTime:0.0004s ]
SQL: SELECT * FROM `api_interface` WHERE `cid` = 1 AND `status` = 1 ORDER BY create_time  [ RunTime:0.0001s ]
SQL: SELECT * FROM `api_interface` WHERE `cid` = 2 AND `status` = 1 ORDER BY create_time  [ RunTime:0.0001s ]
INFO: [ view_parse ] --START--
INFO: [ template_filter ] --START--
INFO: Run Behavior\ContentReplaceBehavior [ RunTime:0.000078s ]
INFO: [ template_filter ] --END-- [ RunTime:0.000119s ]
NOTIC: [8] Undefined index: isLogin /www/web/qiuxx/public_html/Application/Runtime/Cache/Api/51b31191c7d9f8df7ef9291eadae4e42.php 第 36 行.
NOTIC: [8] Undefined variable: like /www/web/qiuxx/public_html/Application/Runtime/Cache/Api/51b31191c7d9f8df7ef9291eadae4e42.php 第 57 行.
NOTIC: [8] Undefined index: isLogin /www/web/qiuxx/public_html/Application/Runtime/Cache/Api/51b31191c7d9f8df7ef9291eadae4e42.php 第 62 行.
NOTIC: [8] Undefined index: isLogin /www/web/qiuxx/public_html/Application/Runtime/Cache/Api/51b31191c7d9f8df7ef9291eadae4e42.php 第 76 行.
NOTIC: [8] Undefined index: cid /www/web/qiuxx/public_html/Application/Runtime/Cache/Api/51b31191c7d9f8df7ef9291eadae4e42.php 第 80 行.
NOTIC: [8] Undefined index: cid /www/web/qiuxx/public_html/Application/Runtime/Cache/Api/51b31191c7d9f8df7ef9291eadae4e42.php 第 86 行.
NOTIC: [8] Undefined index: isLogin /www/web/qiuxx/public_html/Application/Runtime/Cache/Api/51b31191c7d9f8df7ef9291eadae4e42.php 第 76 行.
NOTIC: [8] Undefined index: cid /www/web/qiuxx/public_html/Application/Runtime/Cache/Api/51b31191c7d9f8df7ef9291eadae4e42.php 第 80 行.
NOTIC: [8] Undefined index: cid /www/web/qiuxx/public_html/Application/Runtime/Cache/Api/51b31191c7d9f8df7ef9291eadae4e42.php 第 86 行.
NOTIC: [8] Undefined index: isLogin /www/web/qiuxx/public_html/Application/Runtime/Cache/Api/51b31191c7d9f8df7ef9291eadae4e42.php 第 108 行.
INFO: Run Behavior\ParseTemplateBehavior [ RunTime:0.010828s ]
INFO: [ view_parse ] --END-- [ RunTime:0.010867s ]
INFO: [ view_filter ] --START--
INFO: Run Behavior\WriteHtmlCacheBehavior [ RunTime:0.000162s ]
INFO: [ view_filter ] --END-- [ RunTime:0.000194s ]
INFO: [ app_end ] --START--
INFO: Run Behavior\ShowPageTraceBehavior [ RunTime:0.000388s ]
INFO: [ app_end ] --END-- [ RunTime:0.000427s ]

[ 2016-06-18T12:56:59+08:00 ] 113.108.80.206 /api.php
INFO: [ app_init ] --START--
INFO: Run Behavior\BuildLiteBehavior [ RunTime:0.000013s ]
INFO: [ app_init ] --END-- [ RunTime:0.000277s ]
INFO: [ app_begin ] --START--
INFO: Run Behavior\ReadHtmlCacheBehavior [ RunTime:0.000349s ]
INFO: [ app_begin ] --END-- [ RunTime:0.000396s ]
SQL: SHOW COLUMNS FROM `api_category` [ RunTime:0.0005s ]
SQL: SELECT * FROM `api_category` WHERE `status` = 1 ORDER BY rank desc  [ RunTime:0.0001s ]
SQL: SHOW COLUMNS FROM `api_interface` [ RunTime:0.0004s ]
SQL: SELECT * FROM `api_interface` WHERE `cid` = 1 AND `status` = 1 ORDER BY create_time  [ RunTime:0.0001s ]
SQL: SELECT * FROM `api_interface` WHERE `cid` = 2 AND `status` = 1 ORDER BY create_time  [ RunTime:0.0001s ]
INFO: [ view_parse ] --START--
INFO: [ template_filter ] --START--
INFO: Run Behavior\ContentReplaceBehavior [ RunTime:0.000069s ]
INFO: [ template_filter ] --END-- [ RunTime:0.000111s ]
NOTIC: [8] Undefined index: isLogin /www/web/qiuxx/public_html/Application/Runtime/Cache/Api/51b31191c7d9f8df7ef9291eadae4e42.php 第 36 行.
NOTIC: [8] Undefined variable: like /www/web/qiuxx/public_html/Application/Runtime/Cache/Api/51b31191c7d9f8df7ef9291eadae4e42.php 第 57 行.
NOTIC: [8] Undefined index: isLogin /www/web/qiuxx/public_html/Application/Runtime/Cache/Api/51b31191c7d9f8df7ef9291eadae4e42.php 第 62 行.
NOTIC: [8] Undefined index: isLogin /www/web/qiuxx/public_html/Application/Runtime/Cache/Api/51b31191c7d9f8df7ef9291eadae4e42.php 第 76 行.
NOTIC: [8] Undefined index: cid /www/web/qiuxx/public_html/Application/Runtime/Cache/Api/51b31191c7d9f8df7ef9291eadae4e42.php 第 80 行.
NOTIC: [8] Undefined index: cid /www/web/qiuxx/public_html/Application/Runtime/Cache/Api/51b31191c7d9f8df7ef9291eadae4e42.php 第 86 行.
NOTIC: [8] Undefined index: isLogin /www/web/qiuxx/public_html/Application/Runtime/Cache/Api/51b31191c7d9f8df7ef9291eadae4e42.php 第 76 行.
NOTIC: [8] Undefined index: cid /www/web/qiuxx/public_html/Application/Runtime/Cache/Api/51b31191c7d9f8df7ef9291eadae4e42.php 第 80 行.
NOTIC: [8] Undefined index: cid /www/web/qiuxx/public_html/Application/Runtime/Cache/Api/51b31191c7d9f8df7ef9291eadae4e42.php 第 86 行.
NOTIC: [8] Undefined index: isLogin /www/web/qiuxx/public_html/Application/Runtime/Cache/Api/51b31191c7d9f8df7ef9291eadae4e42.php 第 108 行.
INFO: Run Behavior\ParseTemplateBehavior [ RunTime:0.027399s ]
INFO: [ view_parse ] --END-- [ RunTime:0.027441s ]
INFO: [ view_filter ] --START--
INFO: Run Behavior\WriteHtmlCacheBehavior [ RunTime:0.000163s ]
INFO: [ view_filter ] --END-- [ RunTime:0.000197s ]
INFO: [ app_end ] --START--
INFO: Run Behavior\ShowPageTraceBehavior [ RunTime:0.000396s ]
INFO: [ app_end ] --END-- [ RunTime:0.000435s ]

[ 2016-06-18T12:56:59+08:00 ] 101.226.227.139 /api.php
INFO: [ app_init ] --START--
INFO: Run Behavior\BuildLiteBehavior [ RunTime:0.000013s ]
INFO: [ app_init ] --END-- [ RunTime:0.000258s ]
INFO: [ app_begin ] --START--
INFO: Run Behavior\ReadHtmlCacheBehavior [ RunTime:0.000331s ]
INFO: [ app_begin ] --END-- [ RunTime:0.000370s ]
SQL: SHOW COLUMNS FROM `api_category` [ RunTime:0.0005s ]
SQL: SELECT * FROM `api_category` WHERE `status` = 1 ORDER BY rank desc  [ RunTime:0.0001s ]
SQL: SHOW COLUMNS FROM `api_interface` [ RunTime:0.0004s ]
SQL: SELECT * FROM `api_interface` WHERE `cid` = 1 AND `status` = 1 ORDER BY create_time  [ RunTime:0.0001s ]
SQL: SELECT * FROM `api_interface` WHERE `cid` = 2 AND `status` = 1 ORDER BY create_time  [ RunTime:0.0001s ]
INFO: [ view_parse ] --START--
INFO: [ template_filter ] --START--
INFO: Run Behavior\ContentReplaceBehavior [ RunTime:0.000066s ]
INFO: [ template_filter ] --END-- [ RunTime:0.000107s ]
NOTIC: [8] Undefined index: isLogin /www/web/qiuxx/public_html/Application/Runtime/Cache/Api/51b31191c7d9f8df7ef9291eadae4e42.php 第 36 行.
NOTIC: [8] Undefined variable: like /www/web/qiuxx/public_html/Application/Runtime/Cache/Api/51b31191c7d9f8df7ef9291eadae4e42.php 第 57 行.
NOTIC: [8] Undefined index: isLogin /www/web/qiuxx/public_html/Application/Runtime/Cache/Api/51b31191c7d9f8df7ef9291eadae4e42.php 第 62 行.
NOTIC: [8] Undefined index: isLogin /www/web/qiuxx/public_html/Application/Runtime/Cache/Api/51b31191c7d9f8df7ef9291eadae4e42.php 第 76 行.
NOTIC: [8] Undefined index: cid /www/web/qiuxx/public_html/Application/Runtime/Cache/Api/51b31191c7d9f8df7ef9291eadae4e42.php 第 80 行.
NOTIC: [8] Undefined index: cid /www/web/qiuxx/public_html/Application/Runtime/Cache/Api/51b31191c7d9f8df7ef9291eadae4e42.php 第 86 行.
NOTIC: [8] Undefined index: isLogin /www/web/qiuxx/public_html/Application/Runtime/Cache/Api/51b31191c7d9f8df7ef9291eadae4e42.php 第 76 行.
NOTIC: [8] Undefined index: cid /www/web/qiuxx/public_html/Application/Runtime/Cache/Api/51b31191c7d9f8df7ef9291eadae4e42.php 第 80 行.
NOTIC: [8] Undefined index: cid /www/web/qiuxx/public_html/Application/Runtime/Cache/Api/51b31191c7d9f8df7ef9291eadae4e42.php 第 86 行.
NOTIC: [8] Undefined index: isLogin /www/web/qiuxx/public_html/Application/Runtime/Cache/Api/51b31191c7d9f8df7ef9291eadae4e42.php 第 108 行.
INFO: Run Behavior\ParseTemplateBehavior [ RunTime:0.010127s ]
INFO: [ view_parse ] --END-- [ RunTime:0.010164s ]
INFO: [ view_filter ] --START--
INFO: Run Behavior\WriteHtmlCacheBehavior [ RunTime:0.000152s ]
INFO: [ view_filter ] --END-- [ RunTime:0.000194s ]
INFO: [ app_end ] --START--
INFO: Run Behavior\ShowPageTraceBehavior [ RunTime:0.000460s ]
INFO: [ app_end ] --END-- [ RunTime:0.000498s ]

[ 2016-06-18T12:57:07+08:00 ] 125.39.112.8 /api.php
INFO: [ app_init ] --START--
INFO: Run Behavior\BuildLiteBehavior [ RunTime:0.000015s ]
INFO: [ app_init ] --END-- [ RunTime:0.000272s ]
INFO: [ app_begin ] --START--
INFO: Run Behavior\ReadHtmlCacheBehavior [ RunTime:0.000421s ]
INFO: [ app_begin ] --END-- [ RunTime:0.000461s ]
SQL: SHOW COLUMNS FROM `api_category` [ RunTime:0.0005s ]
SQL: SELECT * FROM `api_category` WHERE `status` = 1 ORDER BY rank desc  [ RunTime:0.0001s ]
SQL: SHOW COLUMNS FROM `api_interface` [ RunTime:0.0004s ]
SQL: SELECT * FROM `api_interface` WHERE `cid` = 1 AND `status` = 1 ORDER BY create_time  [ RunTime:0.0001s ]
SQL: SELECT * FROM `api_interface` WHERE `cid` = 2 AND `status` = 1 ORDER BY create_time  [ RunTime:0.0001s ]
INFO: [ view_parse ] --START--
INFO: [ template_filter ] --START--
INFO: Run Behavior\ContentReplaceBehavior [ RunTime:0.000065s ]
INFO: [ template_filter ] --END-- [ RunTime:0.000113s ]
NOTIC: [8] Undefined index: isLogin /www/web/qiuxx/public_html/Application/Runtime/Cache/Api/51b31191c7d9f8df7ef9291eadae4e42.php 第 36 行.
NOTIC: [8] Undefined variable: like /www/web/qiuxx/public_html/Application/Runtime/Cache/Api/51b31191c7d9f8df7ef9291eadae4e42.php 第 57 行.
NOTIC: [8] Undefined index: isLogin /www/web/qiuxx/public_html/Application/Runtime/Cache/Api/51b31191c7d9f8df7ef9291eadae4e42.php 第 62 行.
NOTIC: [8] Undefined index: isLogin /www/web/qiuxx/public_html/Application/Runtime/Cache/Api/51b31191c7d9f8df7ef9291eadae4e42.php 第 76 行.
NOTIC: [8] Undefined index: cid /www/web/qiuxx/public_html/Application/Runtime/Cache/Api/51b31191c7d9f8df7ef9291eadae4e42.php 第 80 行.
NOTIC: [8] Undefined index: cid /www/web/qiuxx/public_html/Application/Runtime/Cache/Api/51b31191c7d9f8df7ef9291eadae4e42.php 第 86 行.
NOTIC: [8] Undefined index: isLogin /www/web/qiuxx/public_html/Application/Runtime/Cache/Api/51b31191c7d9f8df7ef9291eadae4e42.php 第 76 行.
NOTIC: [8] Undefined index: cid /www/web/qiuxx/public_html/Application/Runtime/Cache/Api/51b31191c7d9f8df7ef9291eadae4e42.php 第 80 行.
NOTIC: [8] Undefined index: cid /www/web/qiuxx/public_html/Application/Runtime/Cache/Api/51b31191c7d9f8df7ef9291eadae4e42.php 第 86 行.
NOTIC: [8] Undefined index: isLogin /www/web/qiuxx/public_html/Application/Runtime/Cache/Api/51b31191c7d9f8df7ef9291eadae4e42.php 第 108 行.
INFO: Run Behavior\ParseTemplateBehavior [ RunTime:0.009778s ]
INFO: [ view_parse ] --END-- [ RunTime:0.009822s ]
INFO: [ view_filter ] --START--
INFO: Run Behavior\WriteHtmlCacheBehavior [ RunTime:0.000150s ]
INFO: [ view_filter ] --END-- [ RunTime:0.000182s ]
INFO: [ app_end ] --START--
INFO: Run Behavior\ShowPageTraceBehavior [ RunTime:0.000366s ]
INFO: [ app_end ] --END-- [ RunTime:0.000487s ]

[ 2016-06-18T12:57:16+08:00 ] 125.39.112.8 /api.php/Interface/returnCode.html
INFO: [ app_init ] --START--
INFO: Run Behavior\BuildLiteBehavior [ RunTime:0.000012s ]
INFO: [ app_init ] --END-- [ RunTime:0.000320s ]
INFO: [ app_begin ] --START--
INFO: Run Behavior\ReadHtmlCacheBehavior [ RunTime:0.000343s ]
INFO: [ app_begin ] --END-- [ RunTime:0.000385s ]
SQL: SHOW COLUMNS FROM `api_category` [ RunTime:0.0005s ]
SQL: SELECT * FROM `api_category` WHERE `status` = 1 ORDER BY rank desc  [ RunTime:0.0001s ]
SQL: SHOW COLUMNS FROM `api_interface` [ RunTime:0.0004s ]
SQL: SELECT * FROM `api_interface` WHERE `cid` = 1 AND `status` = 1 ORDER BY create_time  [ RunTime:0.0002s ]
SQL: SELECT * FROM `api_interface` WHERE `cid` = 2 AND `status` = 1 ORDER BY create_time  [ RunTime:0.0001s ]
ERR: 模板不存在:./Application/Api/View/Interface/returnCode.html

[ 2016-06-18T12:57:16+08:00 ] 180.153.163.190 /api.php
INFO: [ app_init ] --START--
INFO: Run Behavior\BuildLiteBehavior [ RunTime:0.000011s ]
INFO: [ app_init ] --END-- [ RunTime:0.000263s ]
INFO: [ app_begin ] --START--
INFO: Run Behavior\ReadHtmlCacheBehavior [ RunTime:0.000342s ]
INFO: [ app_begin ] --END-- [ RunTime:0.000381s ]
SQL: SHOW COLUMNS FROM `api_category` [ RunTime:0.0005s ]
SQL: SELECT * FROM `api_category` WHERE `status` = 1 ORDER BY rank desc  [ RunTime:0.0001s ]
SQL: SHOW COLUMNS FROM `api_interface` [ RunTime:0.0004s ]
SQL: SELECT * FROM `api_interface` WHERE `cid` = 1 AND `status` = 1 ORDER BY create_time  [ RunTime:0.0001s ]
SQL: SELECT * FROM `api_interface` WHERE `cid` = 2 AND `status` = 1 ORDER BY create_time  [ RunTime:0.0001s ]
INFO: [ view_parse ] --START--
INFO: [ template_filter ] --START--
INFO: Run Behavior\ContentReplaceBehavior [ RunTime:0.000072s ]
INFO: [ template_filter ] --END-- [ RunTime:0.000111s ]
NOTIC: [8] Undefined index: isLogin /www/web/qiuxx/public_html/Application/Runtime/Cache/Api/51b31191c7d9f8df7ef9291eadae4e42.php 第 36 行.
NOTIC: [8] Undefined variable: like /www/web/qiuxx/public_html/Application/Runtime/Cache/Api/51b31191c7d9f8df7ef9291eadae4e42.php 第 57 行.
NOTIC: [8] Undefined index: isLogin /www/web/qiuxx/public_html/Application/Runtime/Cache/Api/51b31191c7d9f8df7ef9291eadae4e42.php 第 62 行.
NOTIC: [8] Undefined index: isLogin /www/web/qiuxx/public_html/Application/Runtime/Cache/Api/51b31191c7d9f8df7ef9291eadae4e42.php 第 76 行.
NOTIC: [8] Undefined index: cid /www/web/qiuxx/public_html/Application/Runtime/Cache/Api/51b31191c7d9f8df7ef9291eadae4e42.php 第 80 行.
NOTIC: [8] Undefined index: cid /www/web/qiuxx/public_html/Application/Runtime/Cache/Api/51b31191c7d9f8df7ef9291eadae4e42.php 第 86 行.
NOTIC: [8] Undefined index: isLogin /www/web/qiuxx/public_html/Application/Runtime/Cache/Api/51b31191c7d9f8df7ef9291eadae4e42.php 第 76 行.
NOTIC: [8] Undefined index: cid /www/web/qiuxx/public_html/Application/Runtime/Cache/Api/51b31191c7d9f8df7ef9291eadae4e42.php 第 80 行.
NOTIC: [8] Undefined index: cid /www/web/qiuxx/public_html/Application/Runtime/Cache/Api/51b31191c7d9f8df7ef9291eadae4e42.php 第 86 行.
NOTIC: [8] Undefined index: isLogin /www/web/qiuxx/public_html/Application/Runtime/Cache/Api/51b31191c7d9f8df7ef9291eadae4e42.php 第 108 行.
INFO: Run Behavior\ParseTemplateBehavior [ RunTime:0.009575s ]
INFO: [ view_parse ] --END-- [ RunTime:0.009610s ]
INFO: [ view_filter ] --START--
INFO: Run Behavior\WriteHtmlCacheBehavior [ RunTime:0.000148s ]
INFO: [ view_filter ] --END-- [ RunTime:0.000181s ]
INFO: [ app_end ] --START--
INFO: Run Behavior\ShowPageTraceBehavior [ RunTime:0.000430s ]
INFO: [ app_end ] --END-- [ RunTime:0.000468s ]

[ 2016-06-18T12:57:34+08:00 ] 180.153.206.13 /api.php
INFO: [ app_init ] --START--
INFO: Run Behavior\BuildLiteBehavior [ RunTime:0.000012s ]
INFO: [ app_init ] --END-- [ RunTime:0.000274s ]
INFO: [ app_begin ] --START--
INFO: Run Behavior\ReadHtmlCacheBehavior [ RunTime:0.000439s ]
INFO: [ app_begin ] --END-- [ RunTime:0.000481s ]
SQL: SHOW COLUMNS FROM `api_category` [ RunTime:0.0005s ]
SQL: SELECT * FROM `api_category` WHERE `status` = 1 ORDER BY rank desc  [ RunTime:0.0001s ]
SQL: SHOW COLUMNS FROM `api_interface` [ RunTime:0.0004s ]
SQL: SELECT * FROM `api_interface` WHERE `cid` = 1 AND `status` = 1 ORDER BY create_time  [ RunTime:0.0001s ]
SQL: SELECT * FROM `api_interface` WHERE `cid` = 2 AND `status` = 1 ORDER BY create_time  [ RunTime:0.0001s ]
INFO: [ view_parse ] --START--
INFO: [ template_filter ] --START--
INFO: Run Behavior\ContentReplaceBehavior [ RunTime:0.000062s ]
INFO: [ template_filter ] --END-- [ RunTime:0.000101s ]
NOTIC: [8] Undefined index: isLogin /www/web/qiuxx/public_html/Application/Runtime/Cache/Api/51b31191c7d9f8df7ef9291eadae4e42.php 第 36 行.
NOTIC: [8] Undefined variable: like /www/web/qiuxx/public_html/Application/Runtime/Cache/Api/51b31191c7d9f8df7ef9291eadae4e42.php 第 57 行.
NOTIC: [8] Undefined index: isLogin /www/web/qiuxx/public_html/Application/Runtime/Cache/Api/51b31191c7d9f8df7ef9291eadae4e42.php 第 62 行.
NOTIC: [8] Undefined index: isLogin /www/web/qiuxx/public_html/Application/Runtime/Cache/Api/51b31191c7d9f8df7ef9291eadae4e42.php 第 76 行.
NOTIC: [8] Undefined index: cid /www/web/qiuxx/public_html/Application/Runtime/Cache/Api/51b31191c7d9f8df7ef9291eadae4e42.php 第 80 行.
NOTIC: [8] Undefined index: cid /www/web/qiuxx/public_html/Application/Runtime/Cache/Api/51b31191c7d9f8df7ef9291eadae4e42.php 第 86 行.
NOTIC: [8] Undefined index: isLogin /www/web/qiuxx/public_html/Application/Runtime/Cache/Api/51b31191c7d9f8df7ef9291eadae4e42.php 第 76 行.
NOTIC: [8] Undefined index: cid /www/web/qiuxx/public_html/Application/Runtime/Cache/Api/51b31191c7d9f8df7ef9291eadae4e42.php 第 80 行.
NOTIC: [8] Undefined index: cid /www/web/qiuxx/public_html/Application/Runtime/Cache/Api/51b31191c7d9f8df7ef9291eadae4e42.php 第 86 行.
NOTIC: [8] Undefined index: isLogin /www/web/qiuxx/public_html/Application/Runtime/Cache/Api/51b31191c7d9f8df7ef9291eadae4e42.php 第 108 行.
INFO: Run Behavior\ParseTemplateBehavior [ RunTime:0.010101s ]
INFO: [ view_parse ] --END-- [ RunTime:0.010136s ]
INFO: [ view_filter ] --START--
INFO: Run Behavior\WriteHtmlCacheBehavior [ RunTime:0.000293s ]
INFO: [ view_filter ] --END-- [ RunTime:0.000325s ]
INFO: [ app_end ] --START--
INFO: Run Behavior\ShowPageTraceBehavior [ RunTime:0.000380s ]
INFO: [ app_end ] --END-- [ RunTime:0.000419s ]

[ 2016-06-18T12:58:29+08:00 ] 60.212.58.54 /api.php
INFO: [ app_init ] --START--
INFO: Run Behavior\BuildLiteBehavior [ RunTime:0.000013s ]
INFO: [ app_init ] --END-- [ RunTime:0.000266s ]
INFO: [ app_begin ] --START--
INFO: Run Behavior\ReadHtmlCacheBehavior [ RunTime:0.000331s ]
INFO: [ app_begin ] --END-- [ RunTime:0.000370s ]
SQL: SHOW COLUMNS FROM `api_category` [ RunTime:0.0005s ]
SQL: SELECT * FROM `api_category` WHERE `status` = 1 ORDER BY rank desc  [ RunTime:0.0001s ]
SQL: SHOW COLUMNS FROM `api_interface` [ RunTime:0.0004s ]
SQL: SELECT * FROM `api_interface` WHERE `cid` = 1 AND `status` = 1 ORDER BY create_time  [ RunTime:0.0001s ]
SQL: SELECT * FROM `api_interface` WHERE `cid` = 2 AND `status` = 1 ORDER BY create_time  [ RunTime:0.0001s ]
INFO: [ view_parse ] --START--
INFO: [ template_filter ] --START--
INFO: Run Behavior\ContentReplaceBehavior [ RunTime:0.000064s ]
INFO: [ template_filter ] --END-- [ RunTime:0.000102s ]
NOTIC: [8] Undefined index: isLogin /www/web/qiuxx/public_html/Application/Runtime/Cache/Api/51b31191c7d9f8df7ef9291eadae4e42.php 第 36 行.
NOTIC: [8] Undefined variable: like /www/web/qiuxx/public_html/Application/Runtime/Cache/Api/51b31191c7d9f8df7ef9291eadae4e42.php 第 57 行.
NOTIC: [8] Undefined index: isLogin /www/web/qiuxx/public_html/Application/Runtime/Cache/Api/51b31191c7d9f8df7ef9291eadae4e42.php 第 62 行.
NOTIC: [8] Undefined index: isLogin /www/web/qiuxx/public_html/Application/Runtime/Cache/Api/51b31191c7d9f8df7ef9291eadae4e42.php 第 76 行.
NOTIC: [8] Undefined index: cid /www/web/qiuxx/public_html/Application/Runtime/Cache/Api/51b31191c7d9f8df7ef9291eadae4e42.php 第 80 行.
NOTIC: [8] Undefined index: cid /www/web/qiuxx/public_html/Application/Runtime/Cache/Api/51b31191c7d9f8df7ef9291eadae4e42.php 第 86 行.
NOTIC: [8] Undefined index: isLogin /www/web/qiuxx/public_html/Application/Runtime/Cache/Api/51b31191c7d9f8df7ef9291eadae4e42.php 第 76 行.
NOTIC: [8] Undefined index: cid /www/web/qiuxx/public_html/Application/Runtime/Cache/Api/51b31191c7d9f8df7ef9291eadae4e42.php 第 80 行.
NOTIC: [8] Undefined index: cid /www/web/qiuxx/public_html/Application/Runtime/Cache/Api/51b31191c7d9f8df7ef9291eadae4e42.php 第 86 行.
NOTIC: [8] Undefined index: isLogin /www/web/qiuxx/public_html/Application/Runtime/Cache/Api/51b31191c7d9f8df7ef9291eadae4e42.php 第 108 行.
INFO: Run Behavior\ParseTemplateBehavior [ RunTime:0.009452s ]
INFO: [ view_parse ] --END-- [ RunTime:0.009487s ]
INFO: [ view_filter ] --START--
INFO: Run Behavior\WriteHtmlCacheBehavior [ RunTime:0.000149s ]
INFO: [ view_filter ] --END-- [ RunTime:0.000181s ]
INFO: [ app_end ] --START--
INFO: Run Behavior\ShowPageTraceBehavior [ RunTime:0.000345s ]
INFO: [ app_end ] --END-- [ RunTime:0.000381s ]

[ 2016-06-18T12:58:30+08:00 ] 60.212.58.54 /api.php
INFO: [ app_init ] --START--
INFO: Run Behavior\BuildLiteBehavior [ RunTime:0.000012s ]
INFO: [ app_init ] --END-- [ RunTime:0.000293s ]
INFO: [ app_begin ] --START--
INFO: Run Behavior\ReadHtmlCacheBehavior [ RunTime:0.000358s ]
INFO: [ app_begin ] --END-- [ RunTime:0.000403s ]
SQL: SHOW COLUMNS FROM `api_category` [ RunTime:0.0007s ]
SQL: SELECT * FROM `api_category` WHERE `status` = 1 ORDER BY rank desc  [ RunTime:0.0001s ]
SQL: SHOW COLUMNS FROM `api_interface` [ RunTime:0.0006s ]
SQL: SELECT * FROM `api_interface` WHERE `cid` = 1 AND `status` = 1 ORDER BY create_time  [ RunTime:0.0001s ]
SQL: SELECT * FROM `api_interface` WHERE `cid` = 2 AND `status` = 1 ORDER BY create_time  [ RunTime:0.0001s ]
INFO: [ view_parse ] --START--
INFO: [ template_filter ] --START--
INFO: Run Behavior\ContentReplaceBehavior [ RunTime:0.000060s ]
INFO: [ template_filter ] --END-- [ RunTime:0.000107s ]
NOTIC: [8] Undefined index: isLogin /www/web/qiuxx/public_html/Application/Runtime/Cache/Api/51b31191c7d9f8df7ef9291eadae4e42.php 第 36 行.
NOTIC: [8] Undefined variable: like /www/web/qiuxx/public_html/Application/Runtime/Cache/Api/51b31191c7d9f8df7ef9291eadae4e42.php 第 57 行.
NOTIC: [8] Undefined index: isLogin /www/web/qiuxx/public_html/Application/Runtime/Cache/Api/51b31191c7d9f8df7ef9291eadae4e42.php 第 62 行.
NOTIC: [8] Undefined index: isLogin /www/web/qiuxx/public_html/Application/Runtime/Cache/Api/51b31191c7d9f8df7ef9291eadae4e42.php 第 76 行.
NOTIC: [8] Undefined index: cid /www/web/qiuxx/public_html/Application/Runtime/Cache/Api/51b31191c7d9f8df7ef9291eadae4e42.php 第 80 行.
NOTIC: [8] Undefined index: cid /www/web/qiuxx/public_html/Application/Runtime/Cache/Api/51b31191c7d9f8df7ef9291eadae4e42.php 第 86 行.
NOTIC: [8] Undefined index: isLogin /www/web/qiuxx/public_html/Application/Runtime/Cache/Api/51b31191c7d9f8df7ef9291eadae4e42.php 第 76 行.
NOTIC: [8] Undefined index: cid /www/web/qiuxx/public_html/Application/Runtime/Cache/Api/51b31191c7d9f8df7ef9291eadae4e42.php 第 80 行.
NOTIC: [8] Undefined index: cid /www/web/qiuxx/public_html/Application/Runtime/Cache/Api/51b31191c7d9f8df7ef9291eadae4e42.php 第 86 行.
NOTIC: [8] Undefined index: isLogin /www/web/qiuxx/public_html/Application/Runtime/Cache/Api/51b31191c7d9f8df7ef9291eadae4e42.php 第 108 行.
INFO: Run Behavior\ParseTemplateBehavior [ RunTime:0.010461s ]
INFO: [ view_parse ] --END-- [ RunTime:0.010511s ]
INFO: [ view_filter ] --START--
INFO: Run Behavior\WriteHtmlCacheBehavior [ RunTime:0.000166s ]
INFO: [ view_filter ] --END-- [ RunTime:0.022266s ]
INFO: [ app_end ] --START--
INFO: Run Behavior\ShowPageTraceBehavior [ RunTime:0.000410s ]
INFO: [ app_end ] --END-- [ RunTime:0.000449s ]

[ 2016-06-18T12:58:31+08:00 ] 125.39.112.8 /api.php
INFO: [ app_init ] --START--
INFO: Run Behavior\BuildLiteBehavior [ RunTime:0.000012s ]
INFO: [ app_init ] --END-- [ RunTime:0.000268s ]
INFO: [ app_begin ] --START--
INFO: Run Behavior\ReadHtmlCacheBehavior [ RunTime:0.000490s ]
INFO: [ app_begin ] --END-- [ RunTime:0.000531s ]
SQL: SHOW COLUMNS FROM `api_category` [ RunTime:0.0006s ]
SQL: SELECT * FROM `api_category` WHERE `status` = 1 ORDER BY rank desc  [ RunTime:0.0001s ]
SQL: SHOW COLUMNS FROM `api_interface` [ RunTime:0.0004s ]
SQL: SELECT * FROM `api_interface` WHERE `cid` = 1 AND `status` = 1 ORDER BY create_time  [ RunTime:0.0001s ]
SQL: SELECT * FROM `api_interface` WHERE `cid` = 2 AND `status` = 1 ORDER BY create_time  [ RunTime:0.0001s ]
INFO: [ view_parse ] --START--
INFO: [ template_filter ] --START--
INFO: Run Behavior\ContentReplaceBehavior [ RunTime:0.000063s ]
INFO: [ template_filter ] --END-- [ RunTime:0.000101s ]
NOTIC: [8] Undefined index: isLogin /www/web/qiuxx/public_html/Application/Runtime/Cache/Api/51b31191c7d9f8df7ef9291eadae4e42.php 第 36 行.
NOTIC: [8] Undefined variable: like /www/web/qiuxx/public_html/Application/Runtime/Cache/Api/51b31191c7d9f8df7ef9291eadae4e42.php 第 57 行.
NOTIC: [8] Undefined index: isLogin /www/web/qiuxx/public_html/Application/Runtime/Cache/Api/51b31191c7d9f8df7ef9291eadae4e42.php 第 62 行.
NOTIC: [8] Undefined index: isLogin /www/web/qiuxx/public_html/Application/Runtime/Cache/Api/51b31191c7d9f8df7ef9291eadae4e42.php 第 76 行.
NOTIC: [8] Undefined index: cid /www/web/qiuxx/public_html/Application/Runtime/Cache/Api/51b31191c7d9f8df7ef9291eadae4e42.php 第 80 行.
NOTIC: [8] Undefined index: cid /www/web/qiuxx/public_html/Application/Runtime/Cache/Api/51b31191c7d9f8df7ef9291eadae4e42.php 第 86 行.
NOTIC: [8] Undefined index: isLogin /www/web/qiuxx/public_html/Application/Runtime/Cache/Api/51b31191c7d9f8df7ef9291eadae4e42.php 第 76 行.
NOTIC: [8] Undefined index: cid /www/web/qiuxx/public_html/Application/Runtime/Cache/Api/51b31191c7d9f8df7ef9291eadae4e42.php 第 80 行.
NOTIC: [8] Undefined index: cid /www/web/qiuxx/public_html/Application/Runtime/Cache/Api/51b31191c7d9f8df7ef9291eadae4e42.php 第 86 行.
NOTIC: [8] Undefined index: isLogin /www/web/qiuxx/public_html/Application/Runtime/Cache/Api/51b31191c7d9f8df7ef9291eadae4e42.php 第 108 行.
INFO: Run Behavior\ParseTemplateBehavior [ RunTime:0.009882s ]
INFO: [ view_parse ] --END-- [ RunTime:0.009918s ]
INFO: [ view_filter ] --START--
INFO: Run Behavior\WriteHtmlCacheBehavior [ RunTime:0.000159s ]
INFO: [ view_filter ] --END-- [ RunTime:0.000192s ]
INFO: [ app_end ] --START--
INFO: Run Behavior\ShowPageTraceBehavior [ RunTime:0.000366s ]
INFO: [ app_end ] --END-- [ RunTime:0.000406s ]

[ 2016-06-18T12:58:39+08:00 ] 60.212.58.54 /api.php/Interface/returnCode.html
INFO: [ app_init ] --START--
INFO: Run Behavior\BuildLiteBehavior [ RunTime:0.000012s ]
INFO: [ app_init ] --END-- [ RunTime:0.000320s ]
INFO: [ app_begin ] --START--
INFO: Run Behavior\ReadHtmlCacheBehavior [ RunTime:0.000430s ]
INFO: [ app_begin ] --END-- [ RunTime:0.000476s ]
SQL: SHOW COLUMNS FROM `api_category` [ RunTime:0.0006s ]
SQL: SELECT * FROM `api_category` WHERE `status` = 1 ORDER BY rank desc  [ RunTime:0.0001s ]
SQL: SHOW COLUMNS FROM `api_interface` [ RunTime:0.0004s ]
SQL: SELECT * FROM `api_interface` WHERE `cid` = 1 AND `status` = 1 ORDER BY create_time  [ RunTime:0.0001s ]
SQL: SELECT * FROM `api_interface` WHERE `cid` = 2 AND `status` = 1 ORDER BY create_time  [ RunTime:0.0001s ]
ERR: 模板不存在:./Application/Api/View/Interface/returnCode.html

[ 2016-06-18T12:58:55+08:00 ] 60.212.58.54 /api.php/Interface/interfaceInfo/id/10/cid/1.html
INFO: [ app_init ] --START--
INFO: Run Behavior\BuildLiteBehavior [ RunTime:0.000012s ]
INFO: [ app_init ] --END-- [ RunTime:0.000309s ]
INFO: [ app_begin ] --START--
INFO: Run Behavior\ReadHtmlCacheBehavior [ RunTime:0.000334s ]
INFO: [ app_begin ] --END-- [ RunTime:0.000373s ]
SQL: SHOW COLUMNS FROM `api_category` [ RunTime:0.0005s ]
SQL: SELECT * FROM `api_category` WHERE `status` = 1 ORDER BY rank desc  [ RunTime:0.0001s ]
SQL: SHOW COLUMNS FROM `api_interface` [ RunTime:0.0004s ]
SQL: SELECT * FROM `api_interface` WHERE `cid` = 1 AND `status` = 1 ORDER BY create_time  [ RunTime:0.0001s ]
SQL: SELECT * FROM `api_interface` WHERE `cid` = 2 AND `status` = 1 ORDER BY create_time  [ RunTime:0.0001s ]
SQL: SELECT * FROM `api_interface` WHERE `id` = 10 LIMIT 1   [ RunTime:0.0002s ]
SQL: SELECT `title` FROM `api_category` WHERE `id` = 1 LIMIT 1   [ RunTime:0.0001s ]
SQL: SHOW COLUMNS FROM `api_parameter` [ RunTime:0.0004s ]
SQL: SELECT * FROM `api_parameter` WHERE `iid` = 10 ORDER BY param_rank desc  [ RunTime:0.0002s ]
SQL: SHOW COLUMNS FROM `api_return` [ RunTime:0.0003s ]
SQL: SELECT * FROM `api_return` WHERE `iid` IN ('0','10') ORDER BY return_rank desc  [ RunTime:0.0002s ]
INFO: [ view_parse ] --START--
INFO: [ template_filter ] --START--
INFO: Run Behavior\ContentReplaceBehavior [ RunTime:0.000085s ]
INFO: [ template_filter ] --END-- [ RunTime:0.000125s ]
NOTIC: [8] Undefined index: isLogin /www/web/qiuxx/public_html/Application/Runtime/Cache/Api/976ac8c36f4a7bda0f4bb816ad2dfdac.php 第 36 行.
NOTIC: [8] Undefined variable: like /www/web/qiuxx/public_html/Application/Runtime/Cache/Api/976ac8c36f4a7bda0f4bb816ad2dfdac.php 第 57 行.
NOTIC: [8] Undefined index: isLogin /www/web/qiuxx/public_html/Application/Runtime/Cache/Api/976ac8c36f4a7bda0f4bb816ad2dfdac.php 第 62 行.
NOTIC: [8] Undefined index: isLogin /www/web/qiuxx/public_html/Application/Runtime/Cache/Api/976ac8c36f4a7bda0f4bb816ad2dfdac.php 第 76 行.
NOTIC: [8] Undefined index: isLogin /www/web/qiuxx/public_html/Application/Runtime/Cache/Api/976ac8c36f4a7bda0f4bb816ad2dfdac.php 第 76 行.
NOTIC: [8] Undefined index: isLogin /www/web/qiuxx/public_html/Application/Runtime/Cache/Api/976ac8c36f4a7bda0f4bb816ad2dfdac.php 第 108 行.
NOTIC: [8] Undefined index: isLogin /www/web/qiuxx/public_html/Application/Runtime/Cache/Api/976ac8c36f4a7bda0f4bb816ad2dfdac.php 第 121 行.
INFO: Run Behavior\ParseTemplateBehavior [ RunTime:0.013028s ]
INFO: [ view_parse ] --END-- [ RunTime:0.013065s ]
INFO: [ view_filter ] --START--
INFO: Run Behavior\WriteHtmlCacheBehavior [ RunTime:0.000155s ]
INFO: [ view_filter ] --END-- [ RunTime:0.000187s ]
INFO: [ app_end ] --START--
INFO: Run Behavior\ShowPageTraceBehavior [ RunTime:0.000374s ]
INFO: [ app_end ] --END-- [ RunTime:0.000412s ]

[ 2016-06-18T12:58:58+08:00 ] 60.212.58.54 /api.php/Interface/interfaceInfo/id/1/cid/1.html
INFO: [ app_init ] --START--
INFO: Run Behavior\BuildLiteBehavior [ RunTime:0.000012s ]
INFO: [ app_init ] --END-- [ RunTime:0.000271s ]
INFO: [ app_begin ] --START--
INFO: Run Behavior\ReadHtmlCacheBehavior [ RunTime:0.000332s ]
INFO: [ app_begin ] --END-- [ RunTime:0.000372s ]
SQL: SHOW COLUMNS FROM `api_category` [ RunTime:0.0007s ]
SQL: SELECT * FROM `api_category` WHERE `status` = 1 ORDER BY rank desc  [ RunTime:0.0001s ]
SQL: SHOW COLUMNS FROM `api_interface` [ RunTime:0.0088s ]
SQL: SELECT * FROM `api_interface` WHERE `cid` = 1 AND `status` = 1 ORDER BY create_time  [ RunTime:0.0001s ]
SQL: SELECT * FROM `api_interface` WHERE `cid` = 2 AND `status` = 1 ORDER BY create_time  [ RunTime:0.0001s ]
SQL: SELECT * FROM `api_interface` WHERE `id` = 1 LIMIT 1   [ RunTime:0.0001s ]
SQL: SELECT `title` FROM `api_category` WHERE `id` = 1 LIMIT 1   [ RunTime:0.0001s ]
SQL: SHOW COLUMNS FROM `api_parameter` [ RunTime:0.0006s ]
SQL: SELECT * FROM `api_parameter` WHERE `iid` = 1 ORDER BY param_rank desc  [ RunTime:0.0001s ]
SQL: SHOW COLUMNS FROM `api_return` [ RunTime:0.0005s ]
SQL: SELECT * FROM `api_return` WHERE `iid` IN ('0','1') ORDER BY return_rank desc  [ RunTime:0.0001s ]
INFO: [ view_parse ] --START--
INFO: [ template_filter ] --START--
INFO: Run Behavior\ContentReplaceBehavior [ RunTime:0.000089s ]
INFO: [ template_filter ] --END-- [ RunTime:0.000144s ]
NOTIC: [8] Undefined index: isLogin /www/web/qiuxx/public_html/Application/Runtime/Cache/Api/976ac8c36f4a7bda0f4bb816ad2dfdac.php 第 36 行.
NOTIC: [8] Undefined variable: like /www/web/qiuxx/public_html/Application/Runtime/Cache/Api/976ac8c36f4a7bda0f4bb816ad2dfdac.php 第 57 行.
NOTIC: [8] Undefined index: isLogin /www/web/qiuxx/public_html/Application/Runtime/Cache/Api/976ac8c36f4a7bda0f4bb816ad2dfdac.php 第 62 行.
NOTIC: [8] Undefined index: isLogin /www/web/qiuxx/public_html/Application/Runtime/Cache/Api/976ac8c36f4a7bda0f4bb816ad2dfdac.php 第 76 行.
NOTIC: [8] Undefined index: isLogin /www/web/qiuxx/public_html/Application/Runtime/Cache/Api/976ac8c36f4a7bda0f4bb816ad2dfdac.php 第 76 行.
NOTIC: [8] Undefined index: isLogin /www/web/qiuxx/public_html/Application/Runtime/Cache/Api/976ac8c36f4a7bda0f4bb816ad2dfdac.php 第 108 行.
NOTIC: [8] Undefined index: isLogin /www/web/qiuxx/public_html/Application/Runtime/Cache/Api/976ac8c36f4a7bda0f4bb816ad2dfdac.php 第 121 行.
INFO: Run Behavior\ParseTemplateBehavior [ RunTime:0.020559s ]
INFO: [ view_parse ] --END-- [ RunTime:0.020609s ]
INFO: [ view_filter ] --START--
INFO: Run Behavior\WriteHtmlCacheBehavior [ RunTime:0.000165s ]
INFO: [ view_filter ] --END-- [ RunTime:0.000199s ]
INFO: [ app_end ] --START--
INFO: Run Behavior\ShowPageTraceBehavior [ RunTime:0.000394s ]
INFO: [ app_end ] --END-- [ RunTime:0.000434s ]

[ 2016-06-18T12:59:31+08:00 ] 60.212.58.54 /api.php/Interface/returnCode.html
INFO: [ app_init ] --START--
INFO: Run Behavior\BuildLiteBehavior [ RunTime:0.000012s ]
INFO: [ app_init ] --END-- [ RunTime:0.000300s ]
INFO: [ app_begin ] --START--
INFO: Run Behavior\ReadHtmlCacheBehavior [ RunTime:0.000331s ]
INFO: [ app_begin ] --END-- [ RunTime:0.000371s ]
SQL: SHOW COLUMNS FROM `api_category` [ RunTime:0.0006s ]
SQL: SELECT * FROM `api_category` WHERE `status` = 1 ORDER BY rank desc  [ RunTime:0.0001s ]
SQL: SHOW COLUMNS FROM `api_interface` [ RunTime:0.0243s ]
SQL: SELECT * FROM `api_interface` WHERE `cid` = 1 AND `status` = 1 ORDER BY create_time  [ RunTime:0.0001s ]
SQL: SELECT * FROM `api_interface` WHERE `cid` = 2 AND `status` = 1 ORDER BY create_time  [ RunTime:0.0001s ]
ERR: 模板不存在:./Application/Api/View/Interface/returnCode.html

[ 2016-06-18T13:00:06+08:00 ] 60.212.58.54 /api.php/Interface/interfaceInfo/id/2/cid/1.html
INFO: [ app_init ] --START--
INFO: Run Behavior\BuildLiteBehavior [ RunTime:0.000012s ]
INFO: [ app_init ] --END-- [ RunTime:0.000293s ]
INFO: [ app_begin ] --START--
INFO: Run Behavior\ReadHtmlCacheBehavior [ RunTime:0.000355s ]
INFO: [ app_begin ] --END-- [ RunTime:0.000400s ]
SQL: SHOW COLUMNS FROM `api_category` [ RunTime:0.0006s ]
SQL: SELECT * FROM `api_category` WHERE `status` = 1 ORDER BY rank desc  [ RunTime:0.0001s ]
SQL: SHOW COLUMNS FROM `api_interface` [ RunTime:0.0004s ]
SQL: SELECT * FROM `api_interface` WHERE `cid` = 1 AND `status` = 1 ORDER BY create_time  [ RunTime:0.0002s ]
SQL: SELECT * FROM `api_interface` WHERE `cid` = 2 AND `status` = 1 ORDER BY create_time  [ RunTime:0.0001s ]
SQL: SELECT * FROM `api_interface` WHERE `id` = 2 LIMIT 1   [ RunTime:0.0001s ]
SQL: SELECT `title` FROM `api_category` WHERE `id` = 1 LIMIT 1   [ RunTime:0.0001s ]
SQL: SHOW COLUMNS FROM `api_parameter` [ RunTime:0.0003s ]
SQL: SELECT * FROM `api_parameter` WHERE `iid` = 2 ORDER BY param_rank desc  [ RunTime:0.0001s ]
SQL: SHOW COLUMNS FROM `api_return` [ RunTime:0.0004s ]
SQL: SELECT * FROM `api_return` WHERE `iid` IN ('0','2') ORDER BY return_rank desc  [ RunTime:0.0001s ]
INFO: [ view_parse ] --START--
INFO: [ template_filter ] --START--
INFO: Run Behavior\ContentReplaceBehavior [ RunTime:0.000085s ]
INFO: [ template_filter ] --END-- [ RunTime:0.000124s ]
NOTIC: [8] Undefined index: isLogin /www/web/qiuxx/public_html/Application/Runtime/Cache/Api/976ac8c36f4a7bda0f4bb816ad2dfdac.php 第 36 行.
NOTIC: [8] Undefined variable: like /www/web/qiuxx/public_html/Application/Runtime/Cache/Api/976ac8c36f4a7bda0f4bb816ad2dfdac.php 第 57 行.
NOTIC: [8] Undefined index: isLogin /www/web/qiuxx/public_html/Application/Runtime/Cache/Api/976ac8c36f4a7bda0f4bb816ad2dfdac.php 第 62 行.
NOTIC: [8] Undefined index: isLogin /www/web/qiuxx/public_html/Application/Runtime/Cache/Api/976ac8c36f4a7bda0f4bb816ad2dfdac.php 第 76 行.
NOTIC: [8] Undefined index: isLogin /www/web/qiuxx/public_html/Application/Runtime/Cache/Api/976ac8c36f4a7bda0f4bb816ad2dfdac.php 第 76 行.
NOTIC: [8] Undefined index: isLogin /www/web/qiuxx/public_html/Application/Runtime/Cache/Api/976ac8c36f4a7bda0f4bb816ad2dfdac.php 第 108 行.
NOTIC: [8] Undefined index: isLogin /www/web/qiuxx/public_html/Application/Runtime/Cache/Api/976ac8c36f4a7bda0f4bb816ad2dfdac.php 第 121 行.
INFO: Run Behavior\ParseTemplateBehavior [ RunTime:0.012986s ]
INFO: [ view_parse ] --END-- [ RunTime:0.013025s ]
INFO: [ view_filter ] --START--
INFO: Run Behavior\WriteHtmlCacheBehavior [ RunTime:0.000168s ]
INFO: [ view_filter ] --END-- [ RunTime:0.000201s ]
INFO: [ app_end ] --START--
INFO: Run Behavior\ShowPageTraceBehavior [ RunTime:0.000365s ]
INFO: [ app_end ] --END-- [ RunTime:0.000413s ]

[ 2016-06-18T13:00:09+08:00 ] 119.147.146.189 /api.php
INFO: [ app_init ] --START--
INFO: Run Behavior\BuildLiteBehavior [ RunTime:0.000012s ]
INFO: [ app_init ] --END-- [ RunTime:0.000263s ]
INFO: [ app_begin ] --START--
INFO: Run Behavior\ReadHtmlCacheBehavior [ RunTime:0.000460s ]
INFO: [ app_begin ] --END-- [ RunTime:0.000503s ]
SQL: SHOW COLUMNS FROM `api_category` [ RunTime:0.0005s ]
SQL: SELECT * FROM `api_category` WHERE `status` = 1 ORDER BY rank desc  [ RunTime:0.0001s ]
SQL: SHOW COLUMNS FROM `api_interface` [ RunTime:0.0015s ]
SQL: SELECT * FROM `api_interface` WHERE `cid` = 1 AND `status` = 1 ORDER BY create_time  [ RunTime:0.0001s ]
SQL: SELECT * FROM `api_interface` WHERE `cid` = 2 AND `status` = 1 ORDER BY create_time  [ RunTime:0.0001s ]
INFO: [ view_parse ] --START--
INFO: [ template_filter ] --START--
INFO: Run Behavior\ContentReplaceBehavior [ RunTime:0.000072s ]
INFO: [ template_filter ] --END-- [ RunTime:0.000116s ]
NOTIC: [8] Undefined index: isLogin /www/web/qiuxx/public_html/Application/Runtime/Cache/Api/51b31191c7d9f8df7ef9291eadae4e42.php 第 36 行.
NOTIC: [8] Undefined variable: like /www/web/qiuxx/public_html/Application/Runtime/Cache/Api/51b31191c7d9f8df7ef9291eadae4e42.php 第 57 行.
NOTIC: [8] Undefined index: isLogin /www/web/qiuxx/public_html/Application/Runtime/Cache/Api/51b31191c7d9f8df7ef9291eadae4e42.php 第 62 行.
NOTIC: [8] Undefined index: isLogin /www/web/qiuxx/public_html/Application/Runtime/Cache/Api/51b31191c7d9f8df7ef9291eadae4e42.php 第 76 行.
NOTIC: [8] Undefined index: cid /www/web/qiuxx/public_html/Application/Runtime/Cache/Api/51b31191c7d9f8df7ef9291eadae4e42.php 第 80 行.
NOTIC: [8] Undefined index: cid /www/web/qiuxx/public_html/Application/Runtime/Cache/Api/51b31191c7d9f8df7ef9291eadae4e42.php 第 86 行.
NOTIC: [8] Undefined index: isLogin /www/web/qiuxx/public_html/Application/Runtime/Cache/Api/51b31191c7d9f8df7ef9291eadae4e42.php 第 76 行.
NOTIC: [8] Undefined index: cid /www/web/qiuxx/public_html/Application/Runtime/Cache/Api/51b31191c7d9f8df7ef9291eadae4e42.php 第 80 行.
NOTIC: [8] Undefined index: cid /www/web/qiuxx/public_html/Application/Runtime/Cache/Api/51b31191c7d9f8df7ef9291eadae4e42.php 第 86 行.
NOTIC: [8] Undefined index: isLogin /www/web/qiuxx/public_html/Application/Runtime/Cache/Api/51b31191c7d9f8df7ef9291eadae4e42.php 第 108 行.
INFO: Run Behavior\ParseTemplateBehavior [ RunTime:0.010645s ]
INFO: [ view_parse ] --END-- [ RunTime:0.010681s ]
INFO: [ view_filter ] --START--
INFO: Run Behavior\WriteHtmlCacheBehavior [ RunTime:0.000152s ]
INFO: [ view_filter ] --END-- [ RunTime:0.000184s ]
INFO: [ app_end ] --START--
INFO: Run Behavior\ShowPageTraceBehavior [ RunTime:0.000367s ]
INFO: [ app_end ] --END-- [ RunTime:0.000405s ]

[ 2016-06-18T13:01:44+08:00 ] 60.212.58.54 /api.php/Interface/interfaceInfo/id/9/cid/1.html
INFO: [ app_init ] --START--
INFO: Run Behavior\BuildLiteBehavior [ RunTime:0.000016s ]
INFO: [ app_init ] --END-- [ RunTime:0.000284s ]
INFO: [ app_begin ] --START--
INFO: Run Behavior\ReadHtmlCacheBehavior [ RunTime:0.000359s ]
INFO: [ app_begin ] --END-- [ RunTime:0.000402s ]
SQL: SHOW COLUMNS FROM `api_category` [ RunTime:0.0006s ]
SQL: SELECT * FROM `api_category` WHERE `status` = 1 ORDER BY rank desc  [ RunTime:0.0001s ]
SQL: SHOW COLUMNS FROM `api_interface` [ RunTime:0.0004s ]
SQL: SELECT * FROM `api_interface` WHERE `cid` = 1 AND `status` = 1 ORDER BY create_time  [ RunTime:0.0001s ]
SQL: SELECT * FROM `api_interface` WHERE `cid` = 2 AND `status` = 1 ORDER BY create_time  [ RunTime:0.0001s ]
SQL: SELECT * FROM `api_interface` WHERE `id` = 9 LIMIT 1   [ RunTime:0.0002s ]
SQL: SELECT `title` FROM `api_category` WHERE `id` = 1 LIMIT 1   [ RunTime:0.0001s ]
SQL: SHOW COLUMNS FROM `api_parameter` [ RunTime:0.0004s ]
SQL: SELECT * FROM `api_parameter` WHERE `iid` = 9 ORDER BY param_rank desc  [ RunTime:0.0002s ]
SQL: SHOW COLUMNS FROM `api_return` [ RunTime:0.0003s ]
SQL: SELECT * FROM `api_return` WHERE `iid` IN ('0','9') ORDER BY return_rank desc  [ RunTime:0.0002s ]
INFO: [ view_parse ] --START--
INFO: [ template_filter ] --START--
INFO: Run Behavior\ContentReplaceBehavior [ RunTime:0.000130s ]
INFO: [ template_filter ] --END-- [ RunTime:0.000216s ]
NOTIC: [8] Undefined index: isLogin /www/web/qiuxx/public_html/Application/Runtime/Cache/Api/976ac8c36f4a7bda0f4bb816ad2dfdac.php 第 36 行.
NOTIC: [8] Undefined variable: like /www/web/qiuxx/public_html/Application/Runtime/Cache/Api/976ac8c36f4a7bda0f4bb816ad2dfdac.php 第 57 行.
NOTIC: [8] Undefined index: isLogin /www/web/qiuxx/public_html/Application/Runtime/Cache/Api/976ac8c36f4a7bda0f4bb816ad2dfdac.php 第 62 行.
NOTIC: [8] Undefined index: isLogin /www/web/qiuxx/public_html/Application/Runtime/Cache/Api/976ac8c36f4a7bda0f4bb816ad2dfdac.php 第 76 行.
NOTIC: [8] Undefined index: isLogin /www/web/qiuxx/public_html/Application/Runtime/Cache/Api/976ac8c36f4a7bda0f4bb816ad2dfdac.php 第 76 行.
NOTIC: [8] Undefined index: isLogin /www/web/qiuxx/public_html/Application/Runtime/Cache/Api/976ac8c36f4a7bda0f4bb816ad2dfdac.php 第 108 行.
NOTIC: [8] Undefined index: isLogin /www/web/qiuxx/public_html/Application/Runtime/Cache/Api/976ac8c36f4a7bda0f4bb816ad2dfdac.php 第 121 行.
INFO: Run Behavior\ParseTemplateBehavior [ RunTime:0.014156s ]
INFO: [ view_parse ] --END-- [ RunTime:0.014200s ]
INFO: [ view_filter ] --START--
INFO: Run Behavior\WriteHtmlCacheBehavior [ RunTime:0.000176s ]
INFO: [ view_filter ] --END-- [ RunTime:0.000211s ]
INFO: [ app_end ] --START--
INFO: Run Behavior\ShowPageTraceBehavior [ RunTime:0.000419s ]
INFO: [ app_end ] --END-- [ RunTime:0.000474s ]

[ 2016-06-18T13:01:53+08:00 ] 60.212.58.54 /api.php/Interface/interfaceInfo/id/9/cid/1.html
INFO: [ app_init ] --START--
INFO: Run Behavior\BuildLiteBehavior [ RunTime:0.000015s ]
INFO: [ app_init ] --END-- [ RunTime:0.000291s ]
INFO: [ app_begin ] --START--
INFO: Run Behavior\ReadHtmlCacheBehavior [ RunTime:0.000376s ]
INFO: [ app_begin ] --END-- [ RunTime:0.000421s ]
SQL: SHOW COLUMNS FROM `api_category` [ RunTime:0.0006s ]
SQL: SELECT * FROM `api_category` WHERE `status` = 1 ORDER BY rank desc  [ RunTime:0.0001s ]
SQL: SHOW COLUMNS FROM `api_interface` [ RunTime:0.0004s ]
SQL: SELECT * FROM `api_interface` WHERE `cid` = 1 AND `status` = 1 ORDER BY create_time  [ RunTime:0.0001s ]
SQL: SELECT * FROM `api_interface` WHERE `cid` = 2 AND `status` = 1 ORDER BY create_time  [ RunTime:0.0001s ]
SQL: SELECT * FROM `api_interface` WHERE `id` = 9 LIMIT 1   [ RunTime:0.0001s ]
SQL: SELECT `title` FROM `api_category` WHERE `id` = 1 LIMIT 1   [ RunTime:0.0001s ]
SQL: SHOW COLUMNS FROM `api_parameter` [ RunTime:0.0003s ]
SQL: SELECT * FROM `api_parameter` WHERE `iid` = 9 ORDER BY param_rank desc  [ RunTime:0.0001s ]
SQL: SHOW COLUMNS FROM `api_return` [ RunTime:0.0003s ]
SQL: SELECT * FROM `api_return` WHERE `iid` IN ('0','9') ORDER BY return_rank desc  [ RunTime:0.0001s ]
INFO: [ view_parse ] --START--
INFO: [ template_filter ] --START--
INFO: Run Behavior\ContentReplaceBehavior [ RunTime:0.000088s ]
INFO: [ template_filter ] --END-- [ RunTime:0.000128s ]
NOTIC: [8] Undefined index: isLogin /www/web/qiuxx/public_html/Application/Runtime/Cache/Api/976ac8c36f4a7bda0f4bb816ad2dfdac.php 第 36 行.
NOTIC: [8] Undefined variable: like /www/web/qiuxx/public_html/Application/Runtime/Cache/Api/976ac8c36f4a7bda0f4bb816ad2dfdac.php 第 57 行.
NOTIC: [8] Undefined index: isLogin /www/web/qiuxx/public_html/Application/Runtime/Cache/Api/976ac8c36f4a7bda0f4bb816ad2dfdac.php 第 62 行.
NOTIC: [8] Undefined index: isLogin /www/web/qiuxx/public_html/Application/Runtime/Cache/Api/976ac8c36f4a7bda0f4bb816ad2dfdac.php 第 76 行.
NOTIC: [8] Undefined index: isLogin /www/web/qiuxx/public_html/Application/Runtime/Cache/Api/976ac8c36f4a7bda0f4bb816ad2dfdac.php 第 76 行.
NOTIC: [8] Undefined index: isLogin /www/web/qiuxx/public_html/Application/Runtime/Cache/Api/976ac8c36f4a7bda0f4bb816ad2dfdac.php 第 108 行.
NOTIC: [8] Undefined index: isLogin /www/web/qiuxx/public_html/Application/Runtime/Cache/Api/976ac8c36f4a7bda0f4bb816ad2dfdac.php 第 121 行.
INFO: Run Behavior\ParseTemplateBehavior [ RunTime:0.013441s ]
INFO: [ view_parse ] --END-- [ RunTime:0.013481s ]
INFO: [ view_filter ] --START--
INFO: Run Behavior\WriteHtmlCacheBehavior [ RunTime:0.000154s ]
INFO: [ view_filter ] --END-- [ RunTime:0.000186s ]
INFO: [ app_end ] --START--
INFO: Run Behavior\ShowPageTraceBehavior [ RunTime:0.000373s ]
INFO: [ app_end ] --END-- [ RunTime:0.000412s ]

[ 2016-06-18T13:01:54+08:00 ] 60.212.58.54 /api.php/Interface/interfaceInfo/id/5/cid/1.html
INFO: [ app_init ] --START--
INFO: Run Behavior\BuildLiteBehavior [ RunTime:0.000012s ]
INFO: [ app_init ] --END-- [ RunTime:0.000287s ]
INFO: [ app_begin ] --START--
INFO: Run Behavior\ReadHtmlCacheBehavior [ RunTime:0.011398s ]
INFO: [ app_begin ] --END-- [ RunTime:0.011440s ]
SQL: SHOW COLUMNS FROM `api_category` [ RunTime:0.0005s ]
SQL: SELECT * FROM `api_category` WHERE `status` = 1 ORDER BY rank desc  [ RunTime:0.0001s ]
SQL: SHOW COLUMNS FROM `api_interface` [ RunTime:0.0004s ]
SQL: SELECT * FROM `api_interface` WHERE `cid` = 1 AND `status` = 1 ORDER BY create_time  [ RunTime:0.0001s ]
SQL: SELECT * FROM `api_interface` WHERE `cid` = 2 AND `status` = 1 ORDER BY create_time  [ RunTime:0.0001s ]
SQL: SELECT * FROM `api_interface` WHERE `id` = 5 LIMIT 1   [ RunTime:0.0002s ]
SQL: SELECT `title` FROM `api_category` WHERE `id` = 1 LIMIT 1   [ RunTime:0.0001s ]
SQL: SHOW COLUMNS FROM `api_parameter` [ RunTime:0.0004s ]
SQL: SELECT * FROM `api_parameter` WHERE `iid` = 5 ORDER BY param_rank desc  [ RunTime:0.0002s ]
SQL: SHOW COLUMNS FROM `api_return` [ RunTime:0.0003s ]
SQL: SELECT * FROM `api_return` WHERE `iid` IN ('0','5') ORDER BY return_rank desc  [ RunTime:0.0002s ]
INFO: [ view_parse ] --START--
INFO: [ template_filter ] --START--
INFO: Run Behavior\ContentReplaceBehavior [ RunTime:0.000086s ]
INFO: [ template_filter ] --END-- [ RunTime:0.000126s ]
NOTIC: [8] Undefined index: isLogin /www/web/qiuxx/public_html/Application/Runtime/Cache/Api/976ac8c36f4a7bda0f4bb816ad2dfdac.php 第 36 行.
NOTIC: [8] Undefined variable: like /www/web/qiuxx/public_html/Application/Runtime/Cache/Api/976ac8c36f4a7bda0f4bb816ad2dfdac.php 第 57 行.
NOTIC: [8] Undefined index: isLogin /www/web/qiuxx/public_html/Application/Runtime/Cache/Api/976ac8c36f4a7bda0f4bb816ad2dfdac.php 第 62 行.
NOTIC: [8] Undefined index: isLogin /www/web/qiuxx/public_html/Application/Runtime/Cache/Api/976ac8c36f4a7bda0f4bb816ad2dfdac.php 第 76 行.
NOTIC: [8] Undefined index: isLogin /www/web/qiuxx/public_html/Application/Runtime/Cache/Api/976ac8c36f4a7bda0f4bb816ad2dfdac.php 第 76 行.
NOTIC: [8] Undefined index: isLogin /www/web/qiuxx/public_html/Application/Runtime/Cache/Api/976ac8c36f4a7bda0f4bb816ad2dfdac.php 第 108 行.
NOTIC: [8] Undefined index: isLogin /www/web/qiuxx/public_html/Application/Runtime/Cache/Api/976ac8c36f4a7bda0f4bb816ad2dfdac.php 第 121 行.
INFO: Run Behavior\ParseTemplateBehavior [ RunTime:0.024203s ]
INFO: [ view_parse ] --END-- [ RunTime:0.024240s ]
INFO: [ view_filter ] --START--
INFO: Run Behavior\WriteHtmlCacheBehavior [ RunTime:0.000153s ]
INFO: [ view_filter ] --END-- [ RunTime:0.000184s ]
INFO: [ app_end ] --START--
INFO: Run Behavior\ShowPageTraceBehavior [ RunTime:0.000369s ]
INFO: [ app_end ] --END-- [ RunTime:0.000408s ]

[ 2016-06-18T13:01:56+08:00 ] 60.212.58.54 /api.php/Interface/interfaceInfo/id/4/cid/1.html
INFO: [ app_init ] --START--
INFO: Run Behavior\BuildLiteBehavior [ RunTime:0.000012s ]
INFO: [ app_init ] --END-- [ RunTime:0.000268s ]
INFO: [ app_begin ] --START--
INFO: Run Behavior\ReadHtmlCacheBehavior [ RunTime:0.000339s ]
INFO: [ app_begin ] --END-- [ RunTime:0.000379s ]
SQL: SHOW COLUMNS FROM `api_category` [ RunTime:0.0007s ]
SQL: SELECT * FROM `api_category` WHERE `status` = 1 ORDER BY rank desc  [ RunTime:0.0001s ]
SQL: SHOW COLUMNS FROM `api_interface` [ RunTime:0.0006s ]
SQL: SELECT * FROM `api_interface` WHERE `cid` = 1 AND `status` = 1 ORDER BY create_time  [ RunTime:0.0002s ]
SQL: SELECT * FROM `api_interface` WHERE `cid` = 2 AND `status` = 1 ORDER BY create_time  [ RunTime:0.0001s ]
SQL: SELECT * FROM `api_interface` WHERE `id` = 4 LIMIT 1   [ RunTime:0.0001s ]
SQL: SELECT `title` FROM `api_category` WHERE `id` = 1 LIMIT 1   [ RunTime:0.0001s ]
SQL: SHOW COLUMNS FROM `api_parameter` [ RunTime:0.0004s ]
SQL: SELECT * FROM `api_parameter` WHERE `iid` = 4 ORDER BY param_rank desc  [ RunTime:0.0001s ]
SQL: SHOW COLUMNS FROM `api_return` [ RunTime:0.0003s ]
SQL: SELECT * FROM `api_return` WHERE `iid` IN ('0','4') ORDER BY return_rank desc  [ RunTime:0.0001s ]
INFO: [ view_parse ] --START--
INFO: [ template_filter ] --START--
INFO: Run Behavior\ContentReplaceBehavior [ RunTime:0.000089s ]
INFO: [ template_filter ] --END-- [ RunTime:0.000145s ]
NOTIC: [8] Undefined index: isLogin /www/web/qiuxx/public_html/Application/Runtime/Cache/Api/976ac8c36f4a7bda0f4bb816ad2dfdac.php 第 36 行.
NOTIC: [8] Undefined variable: like /www/web/qiuxx/public_html/Application/Runtime/Cache/Api/976ac8c36f4a7bda0f4bb816ad2dfdac.php 第 57 行.
NOTIC: [8] Undefined index: isLogin /www/web/qiuxx/public_html/Application/Runtime/Cache/Api/976ac8c36f4a7bda0f4bb816ad2dfdac.php 第 62 行.
NOTIC: [8] Undefined index: isLogin /www/web/qiuxx/public_html/Application/Runtime/Cache/Api/976ac8c36f4a7bda0f4bb816ad2dfdac.php 第 76 行.
NOTIC: [8] Undefined index: isLogin /www/web/qiuxx/public_html/Application/Runtime/Cache/Api/976ac8c36f4a7bda0f4bb816ad2dfdac.php 第 76 行.
NOTIC: [8] Undefined index: isLogin /www/web/qiuxx/public_html/Application/Runtime/Cache/Api/976ac8c36f4a7bda0f4bb816ad2dfdac.php 第 108 行.
NOTIC: [8] Undefined index: isLogin /www/web/qiuxx/public_html/Application/Runtime/Cache/Api/976ac8c36f4a7bda0f4bb816ad2dfdac.php 第 121 行.
INFO: Run Behavior\ParseTemplateBehavior [ RunTime:0.016891s ]
INFO: [ view_parse ] --END-- [ RunTime:0.016930s ]
INFO: [ view_filter ] --START--
INFO: Run Behavior\WriteHtmlCacheBehavior [ RunTime:0.000167s ]
INFO: [ view_filter ] --END-- [ RunTime:0.000200s ]
INFO: [ app_end ] --START--
INFO: Run Behavior\ShowPageTraceBehavior [ RunTime:0.000382s ]
INFO: [ app_end ] --END-- [ RunTime:0.000429s ]

[ 2016-06-18T13:13:54+08:00 ] 60.212.58.54 /api.php/Interface/interfaceInfo/id/10/cid/1.html
INFO: [ app_init ] --START--
INFO: Run Behavior\BuildLiteBehavior [ RunTime:0.000023s ]
INFO: [ app_init ] --END-- [ RunTime:0.000377s ]
INFO: [ app_begin ] --START--
INFO: Run Behavior\ReadHtmlCacheBehavior [ RunTime:0.000346s ]
INFO: [ app_begin ] --END-- [ RunTime:0.000387s ]
SQL: SHOW COLUMNS FROM `api_category` [ RunTime:0.0006s ]
SQL: SELECT * FROM `api_category` WHERE `status` = 1 ORDER BY rank desc  [ RunTime:0.0001s ]
SQL: SHOW COLUMNS FROM `api_interface` [ RunTime:0.0004s ]
SQL: SELECT * FROM `api_interface` WHERE `cid` = 1 AND `status` = 1 ORDER BY create_time  [ RunTime:0.0001s ]
SQL: SELECT * FROM `api_interface` WHERE `cid` = 2 AND `status` = 1 ORDER BY create_time  [ RunTime:0.0001s ]
SQL: SELECT * FROM `api_interface` WHERE `id` = 10 LIMIT 1   [ RunTime:0.0001s ]
SQL: SELECT `title` FROM `api_category` WHERE `id` = 1 LIMIT 1   [ RunTime:0.0001s ]
SQL: SHOW COLUMNS FROM `api_parameter` [ RunTime:0.0004s ]
SQL: SELECT * FROM `api_parameter` WHERE `iid` = 10 ORDER BY param_rank desc  [ RunTime:0.0001s ]
SQL: SHOW COLUMNS FROM `api_return` [ RunTime:0.0003s ]
SQL: SELECT * FROM `api_return` WHERE `iid` IN ('0','10') ORDER BY return_rank desc  [ RunTime:0.0001s ]
INFO: [ view_parse ] --START--
INFO: [ template_filter ] --START--
INFO: Run Behavior\ContentReplaceBehavior [ RunTime:0.000098s ]
INFO: [ template_filter ] --END-- [ RunTime:0.000161s ]
NOTIC: [8] Undefined index: isLogin /www/web/qiuxx/public_html/Application/Runtime/Cache/Api/976ac8c36f4a7bda0f4bb816ad2dfdac.php 第 36 行.
NOTIC: [8] Undefined variable: like /www/web/qiuxx/public_html/Application/Runtime/Cache/Api/976ac8c36f4a7bda0f4bb816ad2dfdac.php 第 57 行.
NOTIC: [8] Undefined index: isLogin /www/web/qiuxx/public_html/Application/Runtime/Cache/Api/976ac8c36f4a7bda0f4bb816ad2dfdac.php 第 62 行.
NOTIC: [8] Undefined index: isLogin /www/web/qiuxx/public_html/Application/Runtime/Cache/Api/976ac8c36f4a7bda0f4bb816ad2dfdac.php 第 76 行.
NOTIC: [8] Undefined index: isLogin /www/web/qiuxx/public_html/Application/Runtime/Cache/Api/976ac8c36f4a7bda0f4bb816ad2dfdac.php 第 76 行.
NOTIC: [8] Undefined index: isLogin /www/web/qiuxx/public_html/Application/Runtime/Cache/Api/976ac8c36f4a7bda0f4bb816ad2dfdac.php 第 108 行.
NOTIC: [8] Undefined index: isLogin /www/web/qiuxx/public_html/Application/Runtime/Cache/Api/976ac8c36f4a7bda0f4bb816ad2dfdac.php 第 121 行.
INFO: Run Behavior\ParseTemplateBehavior [ RunTime:0.014162s ]
INFO: [ view_parse ] --END-- [ RunTime:0.014205s ]
INFO: [ view_filter ] --START--
INFO: Run Behavior\WriteHtmlCacheBehavior [ RunTime:0.000175s ]
INFO: [ view_filter ] --END-- [ RunTime:0.000209s ]
INFO: [ app_end ] --START--
INFO: Run Behavior\ShowPageTraceBehavior [ RunTime:0.000418s ]
INFO: [ app_end ] --END-- [ RunTime:0.000459s ]

[ 2016-06-18T13:14:09+08:00 ] 60.212.58.54 /api.php/Login/login.html
INFO: [ app_init ] --START--
INFO: Run Behavior\BuildLiteBehavior [ RunTime:0.000012s ]
INFO: [ app_init ] --END-- [ RunTime:0.000261s ]
INFO: [ app_begin ] --START--
INFO: Run Behavior\ReadHtmlCacheBehavior [ RunTime:0.000335s ]
INFO: [ app_begin ] --END-- [ RunTime:0.000375s ]
SQL: SHOW COLUMNS FROM `api_category` [ RunTime:0.0006s ]
SQL: SELECT * FROM `api_category` WHERE `status` = 1 ORDER BY rank desc  [ RunTime:0.0001s ]
SQL: SHOW COLUMNS FROM `api_interface` [ RunTime:0.0004s ]
SQL: SELECT * FROM `api_interface` WHERE `cid` = 1 AND `status` = 1 ORDER BY create_time  [ RunTime:0.0001s ]
SQL: SELECT * FROM `api_interface` WHERE `cid` = 2 AND `status` = 1 ORDER BY create_time  [ RunTime:0.0001s ]
INFO: [ view_parse ] --START--
INFO: [ template_filter ] --START--
INFO: Run Behavior\ContentReplaceBehavior [ RunTime:0.000071s ]
INFO: [ template_filter ] --END-- [ RunTime:0.000112s ]
NOTIC: [8] Undefined index: isLogin /www/web/qiuxx/public_html/Application/Runtime/Cache/Api/30aa4fd9eca93d9bd1eea70634211bd0.php 第 36 行.
NOTIC: [8] Undefined variable: like /www/web/qiuxx/public_html/Application/Runtime/Cache/Api/30aa4fd9eca93d9bd1eea70634211bd0.php 第 57 行.
NOTIC: [8] Undefined index: isLogin /www/web/qiuxx/public_html/Application/Runtime/Cache/Api/30aa4fd9eca93d9bd1eea70634211bd0.php 第 62 行.
NOTIC: [8] Undefined index: isLogin /www/web/qiuxx/public_html/Application/Runtime/Cache/Api/30aa4fd9eca93d9bd1eea70634211bd0.php 第 76 行.
NOTIC: [8] Undefined index: cid /www/web/qiuxx/public_html/Application/Runtime/Cache/Api/30aa4fd9eca93d9bd1eea70634211bd0.php 第 80 行.
NOTIC: [8] Undefined index: cid /www/web/qiuxx/public_html/Application/Runtime/Cache/Api/30aa4fd9eca93d9bd1eea70634211bd0.php 第 86 行.
NOTIC: [8] Undefined index: isLogin /www/web/qiuxx/public_html/Application/Runtime/Cache/Api/30aa4fd9eca93d9bd1eea70634211bd0.php 第 76 行.
NOTIC: [8] Undefined index: cid /www/web/qiuxx/public_html/Application/Runtime/Cache/Api/30aa4fd9eca93d9bd1eea70634211bd0.php 第 80 行.
NOTIC: [8] Undefined index: cid /www/web/qiuxx/public_html/Application/Runtime/Cache/Api/30aa4fd9eca93d9bd1eea70634211bd0.php 第 86 行.
NOTIC: [8] Undefined index: isLogin /www/web/qiuxx/public_html/Application/Runtime/Cache/Api/30aa4fd9eca93d9bd1eea70634211bd0.php 第 108 行.
INFO: Run Behavior\ParseTemplateBehavior [ RunTime:0.009936s ]
INFO: [ view_parse ] --END-- [ RunTime:0.009983s ]
INFO: [ view_filter ] --START--
INFO: Run Behavior\WriteHtmlCacheBehavior [ RunTime:0.000151s ]
INFO: [ view_filter ] --END-- [ RunTime:0.000185s ]
INFO: [ app_end ] --START--
INFO: Run Behavior\ShowPageTraceBehavior [ RunTime:0.000398s ]
INFO: [ app_end ] --END-- [ RunTime:0.000440s ]

[ 2016-06-18T13:14:52+08:00 ] 60.212.58.54 /api.php/Interface/interfaceInfo/id/6/cid/2.html
INFO: [ app_init ] --START--
INFO: Run Behavior\BuildLiteBehavior [ RunTime:0.000013s ]
INFO: [ app_init ] --END-- [ RunTime:0.000303s ]
INFO: [ app_begin ] --START--
INFO: Run Behavior\ReadHtmlCacheBehavior [ RunTime:0.000391s ]
INFO: [ app_begin ] --END-- [ RunTime:0.000437s ]
SQL: SHOW COLUMNS FROM `api_category` [ RunTime:0.0006s ]
SQL: SELECT * FROM `api_category` WHERE `status` = 1 ORDER BY rank desc  [ RunTime:0.0001s ]
SQL: SHOW COLUMNS FROM `api_interface` [ RunTime:0.0004s ]
SQL: SELECT * FROM `api_interface` WHERE `cid` = 1 AND `status` = 1 ORDER BY create_time  [ RunTime:0.0001s ]
SQL: SELECT * FROM `api_interface` WHERE `cid` = 2 AND `status` = 1 ORDER BY create_time  [ RunTime:0.0001s ]
SQL: SELECT * FROM `api_interface` WHERE `id` = 6 LIMIT 1   [ RunTime:0.0002s ]
SQL: SELECT `title` FROM `api_category` WHERE `id` = 2 LIMIT 1   [ RunTime:0.0001s ]
SQL: SHOW COLUMNS FROM `api_parameter` [ RunTime:0.0004s ]
SQL: SELECT * FROM `api_parameter` WHERE `iid` = 6 ORDER BY param_rank desc  [ RunTime:0.0002s ]
SQL: SHOW COLUMNS FROM `api_return` [ RunTime:0.0004s ]
SQL: SELECT * FROM `api_return` WHERE `iid` IN ('0','6') ORDER BY return_rank desc  [ RunTime:0.0002s ]
INFO: [ view_parse ] --START--
INFO: [ template_filter ] --START--
INFO: Run Behavior\ContentReplaceBehavior [ RunTime:0.000089s ]
INFO: [ template_filter ] --END-- [ RunTime:0.000135s ]
NOTIC: [8] Undefined index: isLogin /www/web/qiuxx/public_html/Application/Runtime/Cache/Api/976ac8c36f4a7bda0f4bb816ad2dfdac.php 第 36 行.
NOTIC: [8] Undefined variable: like /www/web/qiuxx/public_html/Application/Runtime/Cache/Api/976ac8c36f4a7bda0f4bb816ad2dfdac.php 第 57 行.
NOTIC: [8] Undefined index: isLogin /www/web/qiuxx/public_html/Application/Runtime/Cache/Api/976ac8c36f4a7bda0f4bb816ad2dfdac.php 第 62 行.
NOTIC: [8] Undefined index: isLogin /www/web/qiuxx/public_html/Application/Runtime/Cache/Api/976ac8c36f4a7bda0f4bb816ad2dfdac.php 第 76 行.
NOTIC: [8] Undefined index: isLogin /www/web/qiuxx/public_html/Application/Runtime/Cache/Api/976ac8c36f4a7bda0f4bb816ad2dfdac.php 第 76 行.
NOTIC: [8] Undefined index: isLogin /www/web/qiuxx/public_html/Application/Runtime/Cache/Api/976ac8c36f4a7bda0f4bb816ad2dfdac.php 第 108 行.
NOTIC: [8] Undefined index: isLogin /www/web/qiuxx/public_html/Application/Runtime/Cache/Api/976ac8c36f4a7bda0f4bb816ad2dfdac.php 第 121 行.
INFO: Run Behavior\ParseTemplateBehavior [ RunTime:0.013734s ]
INFO: [ view_parse ] --END-- [ RunTime:0.013773s ]
INFO: [ view_filter ] --START--
INFO: Run Behavior\WriteHtmlCacheBehavior [ RunTime:0.000160s ]
INFO: [ view_filter ] --END-- [ RunTime:0.000193s ]
INFO: [ app_end ] --START--
INFO: Run Behavior\ShowPageTraceBehavior [ RunTime:0.000360s ]
INFO: [ app_end ] --END-- [ RunTime:0.000403s ]

[ 2016-06-18T13:14:55+08:00 ] 60.212.58.54 /api.php/Interface/interfaceInfo/id/7/cid/2.html
INFO: [ app_init ] --START--
INFO: Run Behavior\BuildLiteBehavior [ RunTime:0.000012s ]
INFO: [ app_init ] --END-- [ RunTime:0.000321s ]
INFO: [ app_begin ] --START--
INFO: Run Behavior\ReadHtmlCacheBehavior [ RunTime:0.000329s ]
INFO: [ app_begin ] --END-- [ RunTime:0.000368s ]
SQL: SHOW COLUMNS FROM `api_category` [ RunTime:0.0006s ]
SQL: SELECT * FROM `api_category` WHERE `status` = 1 ORDER BY rank desc  [ RunTime:0.0001s ]
SQL: SHOW COLUMNS FROM `api_interface` [ RunTime:0.0004s ]
SQL: SELECT * FROM `api_interface` WHERE `cid` = 1 AND `status` = 1 ORDER BY create_time  [ RunTime:0.0001s ]
SQL: SELECT * FROM `api_interface` WHERE `cid` = 2 AND `status` = 1 ORDER BY create_time  [ RunTime:0.0001s ]
SQL: SELECT * FROM `api_interface` WHERE `id` = 7 LIMIT 1   [ RunTime:0.0002s ]
SQL: SELECT `title` FROM `api_category` WHERE `id` = 2 LIMIT 1   [ RunTime:0.0001s ]
SQL: SHOW COLUMNS FROM `api_parameter` [ RunTime:0.0004s ]
SQL: SELECT * FROM `api_parameter` WHERE `iid` = 7 ORDER BY param_rank desc  [ RunTime:0.0002s ]
SQL: SHOW COLUMNS FROM `api_return` [ RunTime:0.0003s ]
SQL: SELECT * FROM `api_return` WHERE `iid` IN ('0','7') ORDER BY return_rank desc  [ RunTime:0.0002s ]
INFO: [ view_parse ] --START--
INFO: [ template_filter ] --START--
INFO: Run Behavior\ContentReplaceBehavior [ RunTime:0.000092s ]
INFO: [ template_filter ] --END-- [ RunTime:0.000135s ]
NOTIC: [8] Undefined index: isLogin /www/web/qiuxx/public_html/Application/Runtime/Cache/Api/976ac8c36f4a7bda0f4bb816ad2dfdac.php 第 36 行.
NOTIC: [8] Undefined variable: like /www/web/qiuxx/public_html/Application/Runtime/Cache/Api/976ac8c36f4a7bda0f4bb816ad2dfdac.php 第 57 行.
NOTIC: [8] Undefined index: isLogin /www/web/qiuxx/public_html/Application/Runtime/Cache/Api/976ac8c36f4a7bda0f4bb816ad2dfdac.php 第 62 行.
NOTIC: [8] Undefined index: isLogin /www/web/qiuxx/public_html/Application/Runtime/Cache/Api/976ac8c36f4a7bda0f4bb816ad2dfdac.php 第 76 行.
NOTIC: [8] Undefined index: isLogin /www/web/qiuxx/public_html/Application/Runtime/Cache/Api/976ac8c36f4a7bda0f4bb816ad2dfdac.php 第 76 行.
NOTIC: [8] Undefined index: isLogin /www/web/qiuxx/public_html/Application/Runtime/Cache/Api/976ac8c36f4a7bda0f4bb816ad2dfdac.php 第 108 行.
NOTIC: [8] Undefined index: isLogin /www/web/qiuxx/public_html/Application/Runtime/Cache/Api/976ac8c36f4a7bda0f4bb816ad2dfdac.php 第 121 行.
INFO: Run Behavior\ParseTemplateBehavior [ RunTime:0.013036s ]
INFO: [ view_parse ] --END-- [ RunTime:0.013087s ]
INFO: [ view_filter ] --START--
INFO: Run Behavior\WriteHtmlCacheBehavior [ RunTime:0.000163s ]
INFO: [ view_filter ] --END-- [ RunTime:0.000195s ]
INFO: [ app_end ] --START--
INFO: Run Behavior\ShowPageTraceBehavior [ RunTime:0.000373s ]
INFO: [ app_end ] --END-- [ RunTime:0.000419s ]

[ 2016-06-18T13:14:58+08:00 ] 60.212.58.54 /api.php/Interface/interfaceInfo/id/6/cid/2.html
INFO: [ app_init ] --START--
INFO: Run Behavior\BuildLiteBehavior [ RunTime:0.000012s ]
INFO: [ app_init ] --END-- [ RunTime:0.000265s ]
INFO: [ app_begin ] --START--
INFO: Run Behavior\ReadHtmlCacheBehavior [ RunTime:0.000524s ]
INFO: [ app_begin ] --END-- [ RunTime:0.000564s ]
SQL: SHOW COLUMNS FROM `api_category` [ RunTime:0.0005s ]
SQL: SELECT * FROM `api_category` WHERE `status` = 1 ORDER BY rank desc  [ RunTime:0.0001s ]
SQL: SHOW COLUMNS FROM `api_interface` [ RunTime:0.0004s ]
SQL: SELECT * FROM `api_interface` WHERE `cid` = 1 AND `status` = 1 ORDER BY create_time  [ RunTime:0.0001s ]
SQL: SELECT * FROM `api_interface` WHERE `cid` = 2 AND `status` = 1 ORDER BY create_time  [ RunTime:0.0001s ]
SQL: SELECT * FROM `api_interface` WHERE `id` = 6 LIMIT 1   [ RunTime:0.0001s ]
SQL: SELECT `title` FROM `api_category` WHERE `id` = 2 LIMIT 1   [ RunTime:0.0001s ]
SQL: SHOW COLUMNS FROM `api_parameter` [ RunTime:0.0004s ]
SQL: SELECT * FROM `api_parameter` WHERE `iid` = 6 ORDER BY param_rank desc  [ RunTime:0.0001s ]
SQL: SHOW COLUMNS FROM `api_return` [ RunTime:0.0003s ]
SQL: SELECT * FROM `api_return` WHERE `iid` IN ('0','6') ORDER BY return_rank desc  [ RunTime:0.0001s ]
INFO: [ view_parse ] --START--
INFO: [ template_filter ] --START--
INFO: Run Behavior\ContentReplaceBehavior [ RunTime:0.000077s ]
INFO: [ template_filter ] --END-- [ RunTime:0.000118s ]
NOTIC: [8] Undefined index: isLogin /www/web/qiuxx/public_html/Application/Runtime/Cache/Api/976ac8c36f4a7bda0f4bb816ad2dfdac.php 第 36 行.
NOTIC: [8] Undefined variable: like /www/web/qiuxx/public_html/Application/Runtime/Cache/Api/976ac8c36f4a7bda0f4bb816ad2dfdac.php 第 57 行.
NOTIC: [8] Undefined index: isLogin /www/web/qiuxx/public_html/Application/Runtime/Cache/Api/976ac8c36f4a7bda0f4bb816ad2dfdac.php 第 62 行.
NOTIC: [8] Undefined index: isLogin /www/web/qiuxx/public_html/Application/Runtime/Cache/Api/976ac8c36f4a7bda0f4bb816ad2dfdac.php 第 76 行.
NOTIC: [8] Undefined index: isLogin /www/web/qiuxx/public_html/Application/Runtime/Cache/Api/976ac8c36f4a7bda0f4bb816ad2dfdac.php 第 76 行.
NOTIC: [8] Undefined index: isLogin /www/web/qiuxx/public_html/Application/Runtime/Cache/Api/976ac8c36f4a7bda0f4bb816ad2dfdac.php 第 108 行.
NOTIC: [8] Undefined index: isLogin /www/web/qiuxx/public_html/Application/Runtime/Cache/Api/976ac8c36f4a7bda0f4bb816ad2dfdac.php 第 121 行.
INFO: Run Behavior\ParseTemplateBehavior [ RunTime:0.013226s ]
INFO: [ view_parse ] --END-- [ RunTime:0.013278s ]
INFO: [ view_filter ] --START--
INFO: Run Behavior\WriteHtmlCacheBehavior [ RunTime:0.000150s ]
INFO: [ view_filter ] --END-- [ RunTime:0.000182s ]
INFO: [ app_end ] --START--
INFO: Run Behavior\ShowPageTraceBehavior [ RunTime:0.000372s ]
INFO: [ app_end ] --END-- [ RunTime:0.000410s ]

[ 2016-06-18T13:21:53+08:00 ] 60.212.58.54 /api.php/Interface/returnCode.html
INFO: [ app_init ] --START--
INFO: Run Behavior\BuildLiteBehavior [ RunTime:0.000012s ]
INFO: [ app_init ] --END-- [ RunTime:0.000268s ]
INFO: [ app_begin ] --START--
INFO: Run Behavior\ReadHtmlCacheBehavior [ RunTime:0.000343s ]
INFO: [ app_begin ] --END-- [ RunTime:0.000383s ]
SQL: SHOW COLUMNS FROM `api_category` [ RunTime:0.0005s ]
SQL: SELECT * FROM `api_category` WHERE `status` = 1 ORDER BY rank desc  [ RunTime:0.0001s ]
SQL: SHOW COLUMNS FROM `api_interface` [ RunTime:0.0004s ]
SQL: SELECT * FROM `api_interface` WHERE `cid` = 1 AND `status` = 1 ORDER BY create_time  [ RunTime:0.0001s ]
SQL: SELECT * FROM `api_interface` WHERE `cid` = 2 AND `status` = 1 ORDER BY create_time  [ RunTime:0.0001s ]
ERR: 模板不存在:./Application/Api/View/Interface/returnCode.html

[ 2016-06-18T13:21:56+08:00 ] 60.212.58.54 /api.php/Interface/interfaceInfo/id/6/cid/2.html
INFO: [ app_init ] --START--
INFO: Run Behavior\BuildLiteBehavior [ RunTime:0.000012s ]
INFO: [ app_init ] --END-- [ RunTime:0.000272s ]
INFO: [ app_begin ] --START--
INFO: Run Behavior\ReadHtmlCacheBehavior [ RunTime:0.000368s ]
INFO: [ app_begin ] --END-- [ RunTime:0.000424s ]
SQL: SHOW COLUMNS FROM `api_category` [ RunTime:0.0006s ]
SQL: SELECT * FROM `api_category` WHERE `status` = 1 ORDER BY rank desc  [ RunTime:0.0001s ]
SQL: SHOW COLUMNS FROM `api_interface` [ RunTime:0.0004s ]
SQL: SELECT * FROM `api_interface` WHERE `cid` = 1 AND `status` = 1 ORDER BY create_time  [ RunTime:0.0001s ]
SQL: SELECT * FROM `api_interface` WHERE `cid` = 2 AND `status` = 1 ORDER BY create_time  [ RunTime:0.0001s ]
SQL: SELECT * FROM `api_interface` WHERE `id` = 6 LIMIT 1   [ RunTime:0.0001s ]
SQL: SELECT `title` FROM `api_category` WHERE `id` = 2 LIMIT 1   [ RunTime:0.0001s ]
SQL: SHOW COLUMNS FROM `api_parameter` [ RunTime:0.0004s ]
SQL: SELECT * FROM `api_parameter` WHERE `iid` = 6 ORDER BY param_rank desc  [ RunTime:0.0001s ]
SQL: SHOW COLUMNS FROM `api_return` [ RunTime:0.0004s ]
SQL: SELECT * FROM `api_return` WHERE `iid` IN ('0','6') ORDER BY return_rank desc  [ RunTime:0.0001s ]
INFO: [ view_parse ] --START--
INFO: [ template_filter ] --START--
INFO: Run Behavior\ContentReplaceBehavior [ RunTime:0.000085s ]
INFO: [ template_filter ] --END-- [ RunTime:0.000125s ]
NOTIC: [8] Undefined index: isLogin /www/web/qiuxx/public_html/Application/Runtime/Cache/Api/976ac8c36f4a7bda0f4bb816ad2dfdac.php 第 36 行.
NOTIC: [8] Undefined variable: like /www/web/qiuxx/public_html/Application/Runtime/Cache/Api/976ac8c36f4a7bda0f4bb816ad2dfdac.php 第 57 行.
NOTIC: [8] Undefined index: isLogin /www/web/qiuxx/public_html/Application/Runtime/Cache/Api/976ac8c36f4a7bda0f4bb816ad2dfdac.php 第 62 行.
NOTIC: [8] Undefined index: isLogin /www/web/qiuxx/public_html/Application/Runtime/Cache/Api/976ac8c36f4a7bda0f4bb816ad2dfdac.php 第 76 行.
NOTIC: [8] Undefined index: isLogin /www/web/qiuxx/public_html/Application/Runtime/Cache/Api/976ac8c36f4a7bda0f4bb816ad2dfdac.php 第 76 行.
NOTIC: [8] Undefined index: isLogin /www/web/qiuxx/public_html/Application/Runtime/Cache/Api/976ac8c36f4a7bda0f4bb816ad2dfdac.php 第 108 行.
NOTIC: [8] Undefined index: isLogin /www/web/qiuxx/public_html/Application/Runtime/Cache/Api/976ac8c36f4a7bda0f4bb816ad2dfdac.php 第 121 行.
INFO: Run Behavior\ParseTemplateBehavior [ RunTime:0.013973s ]
INFO: [ view_parse ] --END-- [ RunTime:0.014011s ]
INFO: [ view_filter ] --START--
INFO: Run Behavior\WriteHtmlCacheBehavior [ RunTime:0.000153s ]
INFO: [ view_filter ] --END-- [ RunTime:0.000186s ]
INFO: [ app_end ] --START--
INFO: Run Behavior\ShowPageTraceBehavior [ RunTime:0.000358s ]
INFO: [ app_end ] --END-- [ RunTime:0.000397s ]

[ 2016-06-18T13:21:58+08:00 ] 60.212.58.54 /api.php/Interface/interfaceInfo/id/7/cid/2.html
INFO: [ app_init ] --START--
INFO: Run Behavior\BuildLiteBehavior [ RunTime:0.000018s ]
INFO: [ app_init ] --END-- [ RunTime:0.000388s ]
INFO: [ app_begin ] --START--
INFO: Run Behavior\ReadHtmlCacheBehavior [ RunTime:0.000343s ]
INFO: [ app_begin ] --END-- [ RunTime:0.000405s ]
SQL: SHOW COLUMNS FROM `api_category` [ RunTime:0.0005s ]
SQL: SELECT * FROM `api_category` WHERE `status` = 1 ORDER BY rank desc  [ RunTime:0.0001s ]
SQL: SHOW COLUMNS FROM `api_interface` [ RunTime:0.0004s ]
SQL: SELECT * FROM `api_interface` WHERE `cid` = 1 AND `status` = 1 ORDER BY create_time  [ RunTime:0.0001s ]
SQL: SELECT * FROM `api_interface` WHERE `cid` = 2 AND `status` = 1 ORDER BY create_time  [ RunTime:0.0001s ]
SQL: SELECT * FROM `api_interface` WHERE `id` = 7 LIMIT 1   [ RunTime:0.0001s ]
SQL: SELECT `title` FROM `api_category` WHERE `id` = 2 LIMIT 1   [ RunTime:0.0001s ]
SQL: SHOW COLUMNS FROM `api_parameter` [ RunTime:0.0004s ]
SQL: SELECT * FROM `api_parameter` WHERE `iid` = 7 ORDER BY param_rank desc  [ RunTime:0.0001s ]
SQL: SHOW COLUMNS FROM `api_return` [ RunTime:0.0004s ]
SQL: SELECT * FROM `api_return` WHERE `iid` IN ('0','7') ORDER BY return_rank desc  [ RunTime:0.0001s ]
INFO: [ view_parse ] --START--
INFO: [ template_filter ] --START--
INFO: Run Behavior\ContentReplaceBehavior [ RunTime:0.000093s ]
INFO: [ template_filter ] --END-- [ RunTime:0.000134s ]
NOTIC: [8] Undefined index: isLogin /www/web/qiuxx/public_html/Application/Runtime/Cache/Api/976ac8c36f4a7bda0f4bb816ad2dfdac.php 第 36 行.
NOTIC: [8] Undefined variable: like /www/web/qiuxx/public_html/Application/Runtime/Cache/Api/976ac8c36f4a7bda0f4bb816ad2dfdac.php 第 57 行.
NOTIC: [8] Undefined index: isLogin /www/web/qiuxx/public_html/Application/Runtime/Cache/Api/976ac8c36f4a7bda0f4bb816ad2dfdac.php 第 62 行.
NOTIC: [8] Undefined index: isLogin /www/web/qiuxx/public_html/Application/Runtime/Cache/Api/976ac8c36f4a7bda0f4bb816ad2dfdac.php 第 76 行.
NOTIC: [8] Undefined index: isLogin /www/web/qiuxx/public_html/Application/Runtime/Cache/Api/976ac8c36f4a7bda0f4bb816ad2dfdac.php 第 76 行.
NOTIC: [8] Undefined index: isLogin /www/web/qiuxx/public_html/Application/Runtime/Cache/Api/976ac8c36f4a7bda0f4bb816ad2dfdac.php 第 108 行.
NOTIC: [8] Undefined index: isLogin /www/web/qiuxx/public_html/Application/Runtime/Cache/Api/976ac8c36f4a7bda0f4bb816ad2dfdac.php 第 121 行.
INFO: Run Behavior\ParseTemplateBehavior [ RunTime:0.015056s ]
INFO: [ view_parse ] --END-- [ RunTime:0.015116s ]
INFO: [ view_filter ] --START--
INFO: Run Behavior\WriteHtmlCacheBehavior [ RunTime:0.000221s ]
INFO: [ view_filter ] --END-- [ RunTime:0.000281s ]
INFO: [ app_end ] --START--
INFO: Run Behavior\ShowPageTraceBehavior [ RunTime:0.000582s ]
INFO: [ app_end ] --END-- [ RunTime:0.000650s ]

[ 2016-06-18T13:21:59+08:00 ] 60.212.58.54 /api.php/Interface/interfaceInfo/id/6/cid/2.html
INFO: [ app_init ] --START--
INFO: Run Behavior\BuildLiteBehavior [ RunTime:0.000020s ]
INFO: [ app_init ] --END-- [ RunTime:0.000400s ]
INFO: [ app_begin ] --START--
INFO: Run Behavior\ReadHtmlCacheBehavior [ RunTime:0.000603s ]
INFO: [ app_begin ] --END-- [ RunTime:0.000671s ]
SQL: SHOW COLUMNS FROM `api_category` [ RunTime:0.0007s ]
SQL: SELECT * FROM `api_category` WHERE `status` = 1 ORDER BY rank desc  [ RunTime:0.0001s ]
SQL: SHOW COLUMNS FROM `api_interface` [ RunTime:0.0005s ]
SQL: SELECT * FROM `api_interface` WHERE `cid` = 1 AND `status` = 1 ORDER BY create_time  [ RunTime:0.0001s ]
SQL: SELECT * FROM `api_interface` WHERE `cid` = 2 AND `status` = 1 ORDER BY create_time  [ RunTime:0.0001s ]
SQL: SELECT * FROM `api_interface` WHERE `id` = 6 LIMIT 1   [ RunTime:0.0001s ]
SQL: SELECT `title` FROM `api_category` WHERE `id` = 2 LIMIT 1   [ RunTime:0.0001s ]
SQL: SHOW COLUMNS FROM `api_parameter` [ RunTime:0.0005s ]
SQL: SELECT * FROM `api_parameter` WHERE `iid` = 6 ORDER BY param_rank desc  [ RunTime:0.0001s ]
SQL: SHOW COLUMNS FROM `api_return` [ RunTime:0.0005s ]
SQL: SELECT * FROM `api_return` WHERE `iid` IN ('0','6') ORDER BY return_rank desc  [ RunTime:0.0001s ]
INFO: [ view_parse ] --START--
INFO: [ template_filter ] --START--
INFO: Run Behavior\ContentReplaceBehavior [ RunTime:0.000141s ]
INFO: [ template_filter ] --END-- [ RunTime:0.000234s ]
NOTIC: [8] Undefined index: isLogin /www/web/qiuxx/public_html/Application/Runtime/Cache/Api/976ac8c36f4a7bda0f4bb816ad2dfdac.php 第 36 行.
NOTIC: [8] Undefined variable: like /www/web/qiuxx/public_html/Application/Runtime/Cache/Api/976ac8c36f4a7bda0f4bb816ad2dfdac.php 第 57 行.
NOTIC: [8] Undefined index: isLogin /www/web/qiuxx/public_html/Application/Runtime/Cache/Api/976ac8c36f4a7bda0f4bb816ad2dfdac.php 第 62 行.
NOTIC: [8] Undefined index: isLogin /www/web/qiuxx/public_html/Application/Runtime/Cache/Api/976ac8c36f4a7bda0f4bb816ad2dfdac.php 第 76 行.
NOTIC: [8] Undefined index: isLogin /www/web/qiuxx/public_html/Application/Runtime/Cache/Api/976ac8c36f4a7bda0f4bb816ad2dfdac.php 第 76 行.
NOTIC: [8] Undefined index: isLogin /www/web/qiuxx/public_html/Application/Runtime/Cache/Api/976ac8c36f4a7bda0f4bb816ad2dfdac.php 第 108 行.
NOTIC: [8] Undefined index: isLogin /www/web/qiuxx/public_html/Application/Runtime/Cache/Api/976ac8c36f4a7bda0f4bb816ad2dfdac.php 第 121 行.
INFO: Run Behavior\ParseTemplateBehavior [ RunTime:0.020988s ]
INFO: [ view_parse ] --END-- [ RunTime:0.021053s ]
INFO: [ view_filter ] --START--
INFO: Run Behavior\WriteHtmlCacheBehavior [ RunTime:0.000357s ]
INFO: [ view_filter ] --END-- [ RunTime:0.000408s ]
INFO: [ app_end ] --START--
INFO: Run Behavior\ShowPageTraceBehavior [ RunTime:0.000572s ]
INFO: [ app_end ] --END-- [ RunTime:0.000630s ]

[ 2016-06-18T13:22:16+08:00 ] 60.212.58.54 /api.php/Interface/interfaceInfo/id/2/cid/1.html
INFO: [ app_init ] --START--
INFO: Run Behavior\BuildLiteBehavior [ RunTime:0.000012s ]
INFO: [ app_init ] --END-- [ RunTime:0.000261s ]
INFO: [ app_begin ] --START--
INFO: Run Behavior\ReadHtmlCacheBehavior [ RunTime:0.000330s ]
INFO: [ app_begin ] --END-- [ RunTime:0.000370s ]
SQL: SHOW COLUMNS FROM `api_category` [ RunTime:0.0005s ]
SQL: SELECT * FROM `api_category` WHERE `status` = 1 ORDER BY rank desc  [ RunTime:0.0001s ]
SQL: SHOW COLUMNS FROM `api_interface` [ RunTime:0.0004s ]
SQL: SELECT * FROM `api_interface` WHERE `cid` = 1 AND `status` = 1 ORDER BY create_time  [ RunTime:0.0001s ]
SQL: SELECT * FROM `api_interface` WHERE `cid` = 2 AND `status` = 1 ORDER BY create_time  [ RunTime:0.0001s ]
SQL: SELECT * FROM `api_interface` WHERE `id` = 2 LIMIT 1   [ RunTime:0.0001s ]
SQL: SELECT `title` FROM `api_category` WHERE `id` = 1 LIMIT 1   [ RunTime:0.0001s ]
SQL: SHOW COLUMNS FROM `api_parameter` [ RunTime:0.0003s ]
SQL: SELECT * FROM `api_parameter` WHERE `iid` = 2 ORDER BY param_rank desc  [ RunTime:0.0001s ]
SQL: SHOW COLUMNS FROM `api_return` [ RunTime:0.0003s ]
SQL: SELECT * FROM `api_return` WHERE `iid` IN ('0','2') ORDER BY return_rank desc  [ RunTime:0.0001s ]
INFO: [ view_parse ] --START--
INFO: [ template_filter ] --START--
INFO: Run Behavior\ContentReplaceBehavior [ RunTime:0.000083s ]
INFO: [ template_filter ] --END-- [ RunTime:0.000122s ]
NOTIC: [8] Undefined index: isLogin /www/web/qiuxx/public_html/Application/Runtime/Cache/Api/976ac8c36f4a7bda0f4bb816ad2dfdac.php 第 36 行.
NOTIC: [8] Undefined variable: like /www/web/qiuxx/public_html/Application/Runtime/Cache/Api/976ac8c36f4a7bda0f4bb816ad2dfdac.php 第 57 行.
NOTIC: [8] Undefined index: isLogin /www/web/qiuxx/public_html/Application/Runtime/Cache/Api/976ac8c36f4a7bda0f4bb816ad2dfdac.php 第 62 行.
NOTIC: [8] Undefined index: isLogin /www/web/qiuxx/public_html/Application/Runtime/Cache/Api/976ac8c36f4a7bda0f4bb816ad2dfdac.php 第 76 行.
NOTIC: [8] Undefined index: isLogin /www/web/qiuxx/public_html/Application/Runtime/Cache/Api/976ac8c36f4a7bda0f4bb816ad2dfdac.php 第 76 行.
NOTIC: [8] Undefined index: isLogin /www/web/qiuxx/public_html/Application/Runtime/Cache/Api/976ac8c36f4a7bda0f4bb816ad2dfdac.php 第 108 行.
NOTIC: [8] Undefined index: isLogin /www/web/qiuxx/public_html/Application/Runtime/Cache/Api/976ac8c36f4a7bda0f4bb816ad2dfdac.php 第 121 行.
INFO: Run Behavior\ParseTemplateBehavior [ RunTime:0.013320s ]
INFO: [ view_parse ] --END-- [ RunTime:0.013358s ]
INFO: [ view_filter ] --START--
INFO: Run Behavior\WriteHtmlCacheBehavior [ RunTime:0.000154s ]
INFO: [ view_filter ] --END-- [ RunTime:0.000187s ]
INFO: [ app_end ] --START--
INFO: Run Behavior\ShowPageTraceBehavior [ RunTime:0.000382s ]
INFO: [ app_end ] --END-- [ RunTime:0.000421s ]

[ 2016-06-18T14:57:42+08:00 ] 183.16.200.105 /api.php
INFO: [ app_init ] --START--
INFO: Run Behavior\BuildLiteBehavior [ RunTime:0.000014s ]
INFO: [ app_init ] --END-- [ RunTime:0.000319s ]
INFO: [ app_begin ] --START--
INFO: Run Behavior\ReadHtmlCacheBehavior [ RunTime:0.000372s ]
INFO: [ app_begin ] --END-- [ RunTime:0.000412s ]
SQL: SHOW COLUMNS FROM `api_category` [ RunTime:0.0006s ]
SQL: SELECT * FROM `api_category` WHERE `status` = 1 ORDER BY rank desc  [ RunTime:0.0001s ]
SQL: SHOW COLUMNS FROM `api_interface` [ RunTime:0.0004s ]
SQL: SELECT * FROM `api_interface` WHERE `cid` = 1 AND `status` = 1 ORDER BY create_time  [ RunTime:0.0001s ]
SQL: SELECT * FROM `api_interface` WHERE `cid` = 2 AND `status` = 1 ORDER BY create_time  [ RunTime:0.0001s ]
INFO: [ view_parse ] --START--
INFO: [ template_filter ] --START--
INFO: Run Behavior\ContentReplaceBehavior [ RunTime:0.000090s ]
INFO: [ template_filter ] --END-- [ RunTime:0.000148s ]
NOTIC: [8] Undefined index: isLogin /www/web/qiuxx/public_html/Application/Runtime/Cache/Api/51b31191c7d9f8df7ef9291eadae4e42.php 第 36 行.
NOTIC: [8] Undefined variable: like /www/web/qiuxx/public_html/Application/Runtime/Cache/Api/51b31191c7d9f8df7ef9291eadae4e42.php 第 57 行.
NOTIC: [8] Undefined index: isLogin /www/web/qiuxx/public_html/Application/Runtime/Cache/Api/51b31191c7d9f8df7ef9291eadae4e42.php 第 62 行.
NOTIC: [8] Undefined index: isLogin /www/web/qiuxx/public_html/Application/Runtime/Cache/Api/51b31191c7d9f8df7ef9291eadae4e42.php 第 76 行.
NOTIC: [8] Undefined index: cid /www/web/qiuxx/public_html/Application/Runtime/Cache/Api/51b31191c7d9f8df7ef9291eadae4e42.php 第 80 行.
NOTIC: [8] Undefined index: cid /www/web/qiuxx/public_html/Application/Runtime/Cache/Api/51b31191c7d9f8df7ef9291eadae4e42.php 第 86 行.
NOTIC: [8] Undefined index: isLogin /www/web/qiuxx/public_html/Application/Runtime/Cache/Api/51b31191c7d9f8df7ef9291eadae4e42.php 第 76 行.
NOTIC: [8] Undefined index: cid /www/web/qiuxx/public_html/Application/Runtime/Cache/Api/51b31191c7d9f8df7ef9291eadae4e42.php 第 80 行.
NOTIC: [8] Undefined index: cid /www/web/qiuxx/public_html/Application/Runtime/Cache/Api/51b31191c7d9f8df7ef9291eadae4e42.php 第 86 行.
NOTIC: [8] Undefined index: isLogin /www/web/qiuxx/public_html/Application/Runtime/Cache/Api/51b31191c7d9f8df7ef9291eadae4e42.php 第 108 行.
INFO: Run Behavior\ParseTemplateBehavior [ RunTime:0.010053s ]
INFO: [ view_parse ] --END-- [ RunTime:0.010090s ]
INFO: [ view_filter ] --START--
INFO: Run Behavior\WriteHtmlCacheBehavior [ RunTime:0.000178s ]
INFO: [ view_filter ] --END-- [ RunTime:0.000223s ]
INFO: [ app_end ] --START--
INFO: Run Behavior\ShowPageTraceBehavior [ RunTime:0.000526s ]
INFO: [ app_end ] --END-- [ RunTime:0.000566s ]

[ 2016-06-18T16:04:51+08:00 ] 125.39.112.8 /api.php/Interface/interfaceInfo/id/1/cid/1.html
INFO: [ app_init ] --START--
INFO: Run Behavior\BuildLiteBehavior [ RunTime:0.000012s ]
INFO: [ app_init ] --END-- [ RunTime:0.000274s ]
INFO: [ app_begin ] --START--
INFO: Run Behavior\ReadHtmlCacheBehavior [ RunTime:0.000347s ]
INFO: [ app_begin ] --END-- [ RunTime:0.000386s ]
SQL: SHOW COLUMNS FROM `api_category` [ RunTime:0.0005s ]
SQL: SELECT * FROM `api_category` WHERE `status` = 1 ORDER BY rank desc  [ RunTime:0.0001s ]
SQL: SHOW COLUMNS FROM `api_interface` [ RunTime:0.0004s ]
SQL: SELECT * FROM `api_interface` WHERE `cid` = 1 AND `status` = 1 ORDER BY create_time  [ RunTime:0.0001s ]
SQL: SELECT * FROM `api_interface` WHERE `cid` = 2 AND `status` = 1 ORDER BY create_time  [ RunTime:0.0001s ]
SQL: SELECT * FROM `api_interface` WHERE `id` = 1 LIMIT 1   [ RunTime:0.0001s ]
SQL: SELECT `title` FROM `api_category` WHERE `id` = 1 LIMIT 1   [ RunTime:0.0001s ]
SQL: SHOW COLUMNS FROM `api_parameter` [ RunTime:0.0003s ]
SQL: SELECT * FROM `api_parameter` WHERE `iid` = 1 ORDER BY param_rank desc  [ RunTime:0.0001s ]
SQL: SHOW COLUMNS FROM `api_return` [ RunTime:0.0003s ]
SQL: SELECT * FROM `api_return` WHERE `iid` IN ('0','1') ORDER BY return_rank desc  [ RunTime:0.0001s ]
INFO: [ view_parse ] --START--
INFO: [ template_filter ] --START--
INFO: Run Behavior\ContentReplaceBehavior [ RunTime:0.000163s ]
INFO: [ template_filter ] --END-- [ RunTime:0.000204s ]
NOTIC: [8] Undefined index: isLogin /www/web/qiuxx/public_html/Application/Runtime/Cache/Api/976ac8c36f4a7bda0f4bb816ad2dfdac.php 第 36 行.
NOTIC: [8] Undefined variable: like /www/web/qiuxx/public_html/Application/Runtime/Cache/Api/976ac8c36f4a7bda0f4bb816ad2dfdac.php 第 57 行.
NOTIC: [8] Undefined index: isLogin /www/web/qiuxx/public_html/Application/Runtime/Cache/Api/976ac8c36f4a7bda0f4bb816ad2dfdac.php 第 62 行.
NOTIC: [8] Undefined index: isLogin /www/web/qiuxx/public_html/Application/Runtime/Cache/Api/976ac8c36f4a7bda0f4bb816ad2dfdac.php 第 76 行.
NOTIC: [8] Undefined index: isLogin /www/web/qiuxx/public_html/Application/Runtime/Cache/Api/976ac8c36f4a7bda0f4bb816ad2dfdac.php 第 76 行.
NOTIC: [8] Undefined index: isLogin /www/web/qiuxx/public_html/Application/Runtime/Cache/Api/976ac8c36f4a7bda0f4bb816ad2dfdac.php 第 108 行.
NOTIC: [8] Undefined index: isLogin /www/web/qiuxx/public_html/Application/Runtime/Cache/Api/976ac8c36f4a7bda0f4bb816ad2dfdac.php 第 121 行.
INFO: Run Behavior\ParseTemplateBehavior [ RunTime:0.013013s ]
INFO: [ view_parse ] --END-- [ RunTime:0.013050s ]
INFO: [ view_filter ] --START--
INFO: Run Behavior\WriteHtmlCacheBehavior [ RunTime:0.000167s ]
INFO: [ view_filter ] --END-- [ RunTime:0.000200s ]
INFO: [ app_end ] --START--
INFO: Run Behavior\ShowPageTraceBehavior [ RunTime:0.000366s ]
INFO: [ app_end ] --END-- [ RunTime:0.000404s ]

